[2022-09-21T21:18:33.023+0000] {taskinstance.py:1171} INFO - Dependencies all met for <TaskInstance: match_assembler.telegram_post_task manual__2022-09-21T21:18:26.727783+00:00 [queued]>
[2022-09-21T21:18:33.030+0000] {taskinstance.py:1171} INFO - Dependencies all met for <TaskInstance: match_assembler.telegram_post_task manual__2022-09-21T21:18:26.727783+00:00 [queued]>
[2022-09-21T21:18:33.030+0000] {taskinstance.py:1368} INFO - 
--------------------------------------------------------------------------------
[2022-09-21T21:18:33.030+0000] {taskinstance.py:1369} INFO - Starting attempt 1 of 1
[2022-09-21T21:18:33.030+0000] {taskinstance.py:1370} INFO - 
--------------------------------------------------------------------------------
[2022-09-21T21:18:33.041+0000] {taskinstance.py:1389} INFO - Executing <Task(TelegramPostOperator): telegram_post_task> on 2022-09-21 21:18:26.727783+00:00
[2022-09-21T21:18:33.047+0000] {standard_task_runner.py:52} INFO - Started process 97 to run task
[2022-09-21T21:18:33.049+0000] {standard_task_runner.py:79} INFO - Running: ['***', 'tasks', 'run', 'match_assembler', 'telegram_post_task', 'manual__2022-09-21T21:18:26.727783+00:00', '--job-id', '364', '--raw', '--subdir', 'DAGS_FOLDER/snitch/dag_builder.py', '--cfg-path', '/tmp/tmp1itf5cj6', '--error-file', '/tmp/tmpw38www2a']
[2022-09-21T21:18:33.049+0000] {standard_task_runner.py:80} INFO - Job 364: Subtask telegram_post_task
[2022-09-21T21:18:33.093+0000] {task_command.py:371} INFO - Running <TaskInstance: match_assembler.telegram_post_task manual__2022-09-21T21:18:26.727783+00:00 [running]> on host b54a50e1bd9a
[2022-09-21T21:18:33.151+0000] {taskinstance.py:1583} INFO - Exporting the following env vars:
AIRFLOW_CTX_DAG_EMAIL=bookly.beekly@gmail.com
AIRFLOW_CTX_DAG_OWNER=bookly
AIRFLOW_CTX_DAG_ID=match_assembler
AIRFLOW_CTX_TASK_ID=telegram_post_task
AIRFLOW_CTX_EXECUTION_DATE=2022-09-21T21:18:26.727783+00:00
AIRFLOW_CTX_TRY_NUMBER=1
AIRFLOW_CTX_DAG_RUN_ID=manual__2022-09-21T21:18:26.727783+00:00
[2022-09-21T21:18:33.151+0000] {operators.py:88} INFO - Opening matches file at vars/final_data.yml
[2022-09-21T21:18:33.152+0000] {operators.py:91} INFO - {}
[2022-09-21T21:18:33.152+0000] {python.py:173} INFO - Done. Returned value was: None
[2022-09-21T21:18:33.161+0000] {taskinstance.py:1412} INFO - Marking task as SUCCESS. dag_id=match_assembler, task_id=telegram_post_task, execution_date=20220921T211826, start_date=20220921T211833, end_date=20220921T211833
[2022-09-21T21:18:33.180+0000] {local_task_job.py:156} INFO - Task exited with return code 0
[2022-09-21T21:18:33.205+0000] {local_task_job.py:279} INFO - 0 downstream tasks scheduled from follow-on schedule check
