[2022-09-17T09:12:22.365+0000] {taskinstance.py:1171} INFO - Dependencies all met for <TaskInstance: match_collector.collector_task manual__2022-09-17T09:12:21.176661+00:00 [queued]>
[2022-09-17T09:12:22.372+0000] {taskinstance.py:1171} INFO - Dependencies all met for <TaskInstance: match_collector.collector_task manual__2022-09-17T09:12:21.176661+00:00 [queued]>
[2022-09-17T09:12:22.372+0000] {taskinstance.py:1368} INFO - 
--------------------------------------------------------------------------------
[2022-09-17T09:12:22.372+0000] {taskinstance.py:1369} INFO - Starting attempt 1 of 1
[2022-09-17T09:12:22.372+0000] {taskinstance.py:1370} INFO - 
--------------------------------------------------------------------------------
[2022-09-17T09:12:22.384+0000] {taskinstance.py:1389} INFO - Executing <Task(MatchCollectorOperator): collector_task> on 2022-09-17 09:12:21.176661+00:00
[2022-09-17T09:12:22.390+0000] {standard_task_runner.py:52} INFO - Started process 389 to run task
[2022-09-17T09:12:22.391+0000] {standard_task_runner.py:79} INFO - Running: ['***', 'tasks', 'run', 'match_collector', 'collector_task', 'manual__2022-09-17T09:12:21.176661+00:00', '--job-id', '313', '--raw', '--subdir', 'DAGS_FOLDER/snitch/dag_builder.py', '--cfg-path', '/tmp/tmpsjeiyhde', '--error-file', '/tmp/tmp__j5mq5m']
[2022-09-17T09:12:22.392+0000] {standard_task_runner.py:80} INFO - Job 313: Subtask collector_task
[2022-09-17T09:12:22.435+0000] {task_command.py:371} INFO - Running <TaskInstance: match_collector.collector_task manual__2022-09-17T09:12:21.176661+00:00 [running]> on host e3d693691eb3
[2022-09-17T09:12:22.493+0000] {taskinstance.py:1583} INFO - Exporting the following env vars:
AIRFLOW_CTX_DAG_EMAIL=bookly.beekly@gmail.com
AIRFLOW_CTX_DAG_OWNER=bookly
AIRFLOW_CTX_DAG_ID=match_collector
AIRFLOW_CTX_TASK_ID=collector_task
AIRFLOW_CTX_EXECUTION_DATE=2022-09-17T09:12:21.176661+00:00
AIRFLOW_CTX_TRY_NUMBER=1
AIRFLOW_CTX_DAG_RUN_ID=manual__2022-09-17T09:12:21.176661+00:00
[2022-09-17T09:12:22.499+0000] {log.py:148} INFO - Scrapy 2.6.2 started (bot: scrapybot)
[2022-09-17T09:12:22.500+0000] {logging_mixin.py:115} WARNING - 2022-09-17 09:12:22 [scrapy.utils.log] INFO: Scrapy 2.6.2 started (bot: scrapybot)
[2022-09-17T09:12:22.500+0000] {log.py:154} INFO - Versions: lxml 4.9.1.0, libxml2 2.9.14, cssselect 1.1.0, parsel 1.6.0, w3lib 2.0.1, Twisted 22.8.0, Python 3.7.13 (default, Aug 23 2022, 10:09:20) - [GCC 10.2.1 20210110], pyOpenSSL 22.0.0 (OpenSSL 1.1.1n  15 Mar 2022), cryptography 36.0.2, Platform Linux-5.15.0-47-generic-x86_64-with-debian-11.4
[2022-09-17T09:12:22.500+0000] {logging_mixin.py:115} WARNING - 2022-09-17 09:12:22 [scrapy.utils.log] INFO: Versions: lxml 4.9.1.0, libxml2 2.9.14, cssselect 1.1.0, parsel 1.6.0, w3lib 2.0.1, Twisted 22.8.0, Python 3.7.13 (default, Aug 23 2022, 10:09:20) - [GCC 10.2.1 20210110], pyOpenSSL 22.0.0 (OpenSSL 1.1.1n  15 Mar 2022), cryptography 36.0.2, Platform Linux-5.15.0-47-generic-x86_64-with-debian-11.4
[2022-09-17T09:12:22.503+0000] {crawler.py:61} INFO - Overridden settings:
{}
[2022-09-17T09:12:22.503+0000] {logging_mixin.py:115} WARNING - 2022-09-17 09:12:22 [scrapy.crawler] INFO: Overridden settings:
{}
[2022-09-17T09:12:22.506+0000] {log.py:159} DEBUG - Using reactor: twisted.internet.epollreactor.EPollReactor
[2022-09-17T09:12:22.506+0000] {logging_mixin.py:115} WARNING - 2022-09-17 09:12:22 [scrapy.utils.log] DEBUG: Using reactor: twisted.internet.epollreactor.EPollReactor
[2022-09-17T09:12:22.519+0000] {telnet.py:55} INFO - Telnet Password: 229758f469029a9d
[2022-09-17T09:12:22.519+0000] {logging_mixin.py:115} WARNING - 2022-09-17 09:12:22 [scrapy.extensions.telnet] INFO: Telnet Password: 229758f469029a9d
[2022-09-17T09:12:22.529+0000] {middleware.py:54} INFO - Enabled extensions:
['scrapy.extensions.corestats.CoreStats',
 'scrapy.extensions.telnet.TelnetConsole',
 'scrapy.extensions.memusage.MemoryUsage',
 'scrapy.extensions.logstats.LogStats']
[2022-09-17T09:12:22.529+0000] {logging_mixin.py:115} WARNING - 2022-09-17 09:12:22 [scrapy.middleware] INFO: Enabled extensions:
['scrapy.extensions.corestats.CoreStats',
 'scrapy.extensions.telnet.TelnetConsole',
 'scrapy.extensions.memusage.MemoryUsage',
 'scrapy.extensions.logstats.LogStats']
[2022-09-17T09:12:22.573+0000] {middleware.py:54} INFO - Enabled downloader middlewares:
['scrapy.downloadermiddlewares.httpauth.HttpAuthMiddleware',
 'scrapy.downloadermiddlewares.downloadtimeout.DownloadTimeoutMiddleware',
 'scrapy.downloadermiddlewares.defaultheaders.DefaultHeadersMiddleware',
 'scrapy.downloadermiddlewares.useragent.UserAgentMiddleware',
 'scrapy.downloadermiddlewares.retry.RetryMiddleware',
 'scrapy.downloadermiddlewares.redirect.MetaRefreshMiddleware',
 'scrapy.downloadermiddlewares.httpcompression.HttpCompressionMiddleware',
 'scrapy.downloadermiddlewares.redirect.RedirectMiddleware',
 'scrapy.downloadermiddlewares.cookies.CookiesMiddleware',
 'scrapy.downloadermiddlewares.httpproxy.HttpProxyMiddleware',
 'scrapy.downloadermiddlewares.stats.DownloaderStats']
[2022-09-17T09:12:22.573+0000] {logging_mixin.py:115} WARNING - 2022-09-17 09:12:22 [scrapy.middleware] INFO: Enabled downloader middlewares:
['scrapy.downloadermiddlewares.httpauth.HttpAuthMiddleware',
 'scrapy.downloadermiddlewares.downloadtimeout.DownloadTimeoutMiddleware',
 'scrapy.downloadermiddlewares.defaultheaders.DefaultHeadersMiddleware',
 'scrapy.downloadermiddlewares.useragent.UserAgentMiddleware',
 'scrapy.downloadermiddlewares.retry.RetryMiddleware',
 'scrapy.downloadermiddlewares.redirect.MetaRefreshMiddleware',
 'scrapy.downloadermiddlewares.httpcompression.HttpCompressionMiddleware',
 'scrapy.downloadermiddlewares.redirect.RedirectMiddleware',
 'scrapy.downloadermiddlewares.cookies.CookiesMiddleware',
 'scrapy.downloadermiddlewares.httpproxy.HttpProxyMiddleware',
 'scrapy.downloadermiddlewares.stats.DownloaderStats']
[2022-09-17T09:12:22.576+0000] {middleware.py:54} INFO - Enabled spider middlewares:
['scrapy.spidermiddlewares.httperror.HttpErrorMiddleware',
 'scrapy.spidermiddlewares.offsite.OffsiteMiddleware',
 'scrapy.spidermiddlewares.referer.RefererMiddleware',
 'scrapy.spidermiddlewares.urllength.UrlLengthMiddleware',
 'scrapy.spidermiddlewares.depth.DepthMiddleware']
[2022-09-17T09:12:22.576+0000] {logging_mixin.py:115} WARNING - 2022-09-17 09:12:22 [scrapy.middleware] INFO: Enabled spider middlewares:
['scrapy.spidermiddlewares.httperror.HttpErrorMiddleware',
 'scrapy.spidermiddlewares.offsite.OffsiteMiddleware',
 'scrapy.spidermiddlewares.referer.RefererMiddleware',
 'scrapy.spidermiddlewares.urllength.UrlLengthMiddleware',
 'scrapy.spidermiddlewares.depth.DepthMiddleware']
[2022-09-17T09:12:22.577+0000] {middleware.py:54} INFO - Enabled item pipelines:
[]
[2022-09-17T09:12:22.577+0000] {logging_mixin.py:115} WARNING - 2022-09-17 09:12:22 [scrapy.middleware] INFO: Enabled item pipelines:
[]
[2022-09-17T09:12:22.577+0000] {engine.py:316} INFO - Spider opened
[2022-09-17T09:12:22.577+0000] {logging_mixin.py:115} WARNING - 2022-09-17 09:12:22 [scrapy.core.engine] INFO: Spider opened
[2022-09-17T09:12:22.783+0000] {logstats.py:48} INFO - Crawled 0 pages (at 0 pages/min), scraped 0 items (at 0 items/min)
[2022-09-17T09:12:22.784+0000] {logging_mixin.py:115} WARNING - 2022-09-17 09:12:22 [scrapy.extensions.logstats] INFO: Crawled 0 pages (at 0 pages/min), scraped 0 items (at 0 items/min)
[2022-09-17T09:12:22.784+0000] {telnet.py:69} INFO - Telnet console listening on 127.0.0.1:6023
[2022-09-17T09:12:22.785+0000] {logging_mixin.py:115} WARNING - 2022-09-17 09:12:22 [scrapy.extensions.telnet] INFO: Telnet console listening on 127.0.0.1:6023
[2022-09-17T09:12:23.110+0000] {engine.py:294} DEBUG - Crawled (200) <GET http://www.flashscore.mobi/?d=1&s=5> (referer: None)
[2022-09-17T09:12:23.110+0000] {logging_mixin.py:115} WARNING - 2022-09-17 09:12:23 [scrapy.core.engine] DEBUG: Crawled (200) <GET http://www.flashscore.mobi/?d=1&s=5> (referer: None)
[2022-09-17T09:12:28.901+0000] {scraper.py:176} ERROR - Spider error processing <GET http://www.flashscore.mobi/?d=1&s=5> (referer: None)
Traceback (most recent call last):
  File "/home/airflow/.local/lib/python3.7/site-packages/twisted/internet/defer.py", line 892, in _runCallbacks
    current.result, *args, **kwargs
  File "/home/airflow/.local/lib/python3.7/site-packages/scrapy/spiders/__init__.py", line 67, in _parse
    return self.parse(response, **kwargs)
  File "/opt/airflow/dags/snitch/scrapers/match_collector.py", line 50, in parse
    new_match_coefs = self.fill_coefs_list(match_coefs, match_statuses)
  File "/opt/airflow/dags/snitch/scrapers/match_collector.py", line 98, in fill_coefs_list
    final_coefs_list[ind] = match_coefs.pop(0)
IndexError: pop from empty list
[2022-09-17T09:12:28.901+0000] {logging_mixin.py:115} WARNING - 2022-09-17 09:12:28 [scrapy.core.scraper] ERROR: Spider error processing <GET http://www.flashscore.mobi/?d=1&s=5> (referer: None)
Traceback (most recent call last):
  File "/home/***/.local/lib/python3.7/site-packages/twisted/internet/defer.py", line 892, in _runCallbacks
    current.result, *args, **kwargs
  File "/home/***/.local/lib/python3.7/site-packages/scrapy/spiders/__init__.py", line 67, in _parse
    return self.parse(response, **kwargs)
  File "/opt/***/dags/snitch/scrapers/match_collector.py", line 50, in parse
    new_match_coefs = self.fill_coefs_list(match_coefs, match_statuses)
  File "/opt/***/dags/snitch/scrapers/match_collector.py", line 98, in fill_coefs_list
    final_coefs_list[ind] = match_coefs.pop(0)
IndexError: pop from empty list
[2022-09-17T09:12:29.003+0000] {engine.py:361} INFO - Closing spider (finished)
[2022-09-17T09:12:29.004+0000] {logging_mixin.py:115} WARNING - 2022-09-17 09:12:29 [scrapy.core.engine] INFO: Closing spider (finished)
[2022-09-17T09:12:29.007+0000] {statscollectors.py:47} INFO - Dumping Scrapy stats:
{'downloader/request_bytes': 227,
 'downloader/request_count': 1,
 'downloader/request_method_count/GET': 1,
 'downloader/response_bytes': 55466,
 'downloader/response_count': 1,
 'downloader/response_status_count/200': 1,
 'elapsed_time_seconds': 6.221345,
 'finish_reason': 'finished',
 'finish_time': datetime.datetime(2022, 9, 17, 9, 12, 29, 5173),
 'httpcompression/response_bytes': 594600,
 'httpcompression/response_count': 1,
 'log_count/DEBUG': 2,
 'log_count/ERROR': 1,
 'log_count/INFO': 10,
 'memusage/max': 265461760,
 'memusage/startup': 265461760,
 'response_received_count': 1,
 'scheduler/dequeued': 1,
 'scheduler/dequeued/memory': 1,
 'scheduler/enqueued': 1,
 'scheduler/enqueued/memory': 1,
 'spider_exceptions/IndexError': 1,
 'start_time': datetime.datetime(2022, 9, 17, 9, 12, 22, 783828)}
[2022-09-17T09:12:29.007+0000] {logging_mixin.py:115} WARNING - 2022-09-17 09:12:29 [scrapy.statscollectors] INFO: Dumping Scrapy stats:
{'downloader/request_bytes': 227,
 'downloader/request_count': 1,
 'downloader/request_method_count/GET': 1,
 'downloader/response_bytes': 55466,
 'downloader/response_count': 1,
 'downloader/response_status_count/200': 1,
 'elapsed_time_seconds': 6.221345,
 'finish_reason': 'finished',
 'finish_time': datetime.datetime(2022, 9, 17, 9, 12, 29, 5173),
 'httpcompression/response_bytes': 594600,
 'httpcompression/response_count': 1,
 'log_count/DEBUG': 2,
 'log_count/ERROR': 1,
 'log_count/INFO': 10,
 'memusage/max': 265461760,
 'memusage/startup': 265461760,
 'response_received_count': 1,
 'scheduler/dequeued': 1,
 'scheduler/dequeued/memory': 1,
 'scheduler/enqueued': 1,
 'scheduler/enqueued/memory': 1,
 'spider_exceptions/IndexError': 1,
 'start_time': datetime.datetime(2022, 9, 17, 9, 12, 22, 783828)}
[2022-09-17T09:12:29.008+0000] {engine.py:388} INFO - Spider closed (finished)
[2022-09-17T09:12:29.008+0000] {logging_mixin.py:115} WARNING - 2022-09-17 09:12:29 [scrapy.core.engine] INFO: Spider closed (finished)
[2022-09-17T09:12:29.013+0000] {python.py:173} INFO - Done. Returned value was: None
[2022-09-17T09:12:29.033+0000] {taskinstance.py:1412} INFO - Marking task as SUCCESS. dag_id=match_collector, task_id=collector_task, execution_date=20220917T091221, start_date=20220917T091222, end_date=20220917T091229
[2022-09-17T09:12:29.090+0000] {local_task_job.py:156} INFO - Task exited with return code 0
[2022-09-17T09:12:29.114+0000] {local_task_job.py:279} INFO - 1 downstream tasks scheduled from follow-on schedule check
