[2022-09-16T07:52:52.494+0000] {processor.py:153} INFO - Started process (PID=58) to work on /home/airflow/.local/lib/python3.7/site-packages/airflow/example_dags/example_nested_branch_dag.py
[2022-09-16T07:52:52.495+0000] {processor.py:640} INFO - Processing file /home/airflow/.local/lib/python3.7/site-packages/airflow/example_dags/example_nested_branch_dag.py for tasks to queue
[2022-09-16T07:52:52.495+0000] {logging_mixin.py:115} INFO - [2022-09-16T07:52:52.495+0000] {dagbag.py:508} INFO - Filling up the DagBag from /home/airflow/.local/lib/python3.7/site-packages/airflow/example_dags/example_nested_branch_dag.py
[2022-09-16T07:52:52.504+0000] {processor.py:650} INFO - DAG(s) dict_keys(['example_nested_branch_dag']) retrieved from /home/airflow/.local/lib/python3.7/site-packages/airflow/example_dags/example_nested_branch_dag.py
[2022-09-16T07:52:52.524+0000] {logging_mixin.py:115} INFO - [2022-09-16T07:52:52.524+0000] {dag.py:2429} INFO - Sync 1 DAGs
[2022-09-16T07:52:52.543+0000] {logging_mixin.py:115} INFO - [2022-09-16T07:52:52.543+0000] {dag.py:2981} INFO - Setting next_dagrun for example_nested_branch_dag to 2022-09-15T00:00:00+00:00, run_after=2022-09-16T00:00:00+00:00
[2022-09-16T07:52:52.554+0000] {processor.py:161} INFO - Processing /home/airflow/.local/lib/python3.7/site-packages/airflow/example_dags/example_nested_branch_dag.py took 0.061 seconds
[2022-09-16T07:53:23.367+0000] {processor.py:153} INFO - Started process (PID=119) to work on /home/airflow/.local/lib/python3.7/site-packages/airflow/example_dags/example_nested_branch_dag.py
[2022-09-16T07:53:23.368+0000] {processor.py:640} INFO - Processing file /home/airflow/.local/lib/python3.7/site-packages/airflow/example_dags/example_nested_branch_dag.py for tasks to queue
[2022-09-16T07:53:23.368+0000] {logging_mixin.py:115} INFO - [2022-09-16T07:53:23.368+0000] {dagbag.py:508} INFO - Filling up the DagBag from /home/airflow/.local/lib/python3.7/site-packages/airflow/example_dags/example_nested_branch_dag.py
[2022-09-16T07:53:23.375+0000] {processor.py:650} INFO - DAG(s) dict_keys(['example_nested_branch_dag']) retrieved from /home/airflow/.local/lib/python3.7/site-packages/airflow/example_dags/example_nested_branch_dag.py
[2022-09-16T07:53:23.394+0000] {logging_mixin.py:115} INFO - [2022-09-16T07:53:23.394+0000] {dag.py:2429} INFO - Sync 1 DAGs
[2022-09-16T07:53:23.411+0000] {logging_mixin.py:115} INFO - [2022-09-16T07:53:23.411+0000] {dag.py:2981} INFO - Setting next_dagrun for example_nested_branch_dag to 2022-09-15T00:00:00+00:00, run_after=2022-09-16T00:00:00+00:00
[2022-09-16T07:53:23.421+0000] {processor.py:161} INFO - Processing /home/airflow/.local/lib/python3.7/site-packages/airflow/example_dags/example_nested_branch_dag.py took 0.056 seconds
[2022-09-16T07:53:53.993+0000] {processor.py:153} INFO - Started process (PID=181) to work on /home/airflow/.local/lib/python3.7/site-packages/airflow/example_dags/example_nested_branch_dag.py
[2022-09-16T07:53:53.993+0000] {processor.py:640} INFO - Processing file /home/airflow/.local/lib/python3.7/site-packages/airflow/example_dags/example_nested_branch_dag.py for tasks to queue
[2022-09-16T07:53:53.994+0000] {logging_mixin.py:115} INFO - [2022-09-16T07:53:53.993+0000] {dagbag.py:508} INFO - Filling up the DagBag from /home/airflow/.local/lib/python3.7/site-packages/airflow/example_dags/example_nested_branch_dag.py
[2022-09-16T07:53:54.001+0000] {processor.py:650} INFO - DAG(s) dict_keys(['example_nested_branch_dag']) retrieved from /home/airflow/.local/lib/python3.7/site-packages/airflow/example_dags/example_nested_branch_dag.py
[2022-09-16T07:53:54.021+0000] {logging_mixin.py:115} INFO - [2022-09-16T07:53:54.021+0000] {dag.py:2429} INFO - Sync 1 DAGs
[2022-09-16T07:53:54.040+0000] {logging_mixin.py:115} INFO - [2022-09-16T07:53:54.039+0000] {dag.py:2981} INFO - Setting next_dagrun for example_nested_branch_dag to 2022-09-15T00:00:00+00:00, run_after=2022-09-16T00:00:00+00:00
[2022-09-16T07:53:54.049+0000] {processor.py:161} INFO - Processing /home/airflow/.local/lib/python3.7/site-packages/airflow/example_dags/example_nested_branch_dag.py took 0.059 seconds
[2022-09-16T07:54:24.837+0000] {processor.py:153} INFO - Started process (PID=243) to work on /home/airflow/.local/lib/python3.7/site-packages/airflow/example_dags/example_nested_branch_dag.py
[2022-09-16T07:54:24.838+0000] {processor.py:640} INFO - Processing file /home/airflow/.local/lib/python3.7/site-packages/airflow/example_dags/example_nested_branch_dag.py for tasks to queue
[2022-09-16T07:54:24.838+0000] {logging_mixin.py:115} INFO - [2022-09-16T07:54:24.838+0000] {dagbag.py:508} INFO - Filling up the DagBag from /home/airflow/.local/lib/python3.7/site-packages/airflow/example_dags/example_nested_branch_dag.py
[2022-09-16T07:54:24.848+0000] {processor.py:650} INFO - DAG(s) dict_keys(['example_nested_branch_dag']) retrieved from /home/airflow/.local/lib/python3.7/site-packages/airflow/example_dags/example_nested_branch_dag.py
[2022-09-16T07:54:24.879+0000] {logging_mixin.py:115} INFO - [2022-09-16T07:54:24.879+0000] {dag.py:2429} INFO - Sync 1 DAGs
[2022-09-16T07:54:24.905+0000] {logging_mixin.py:115} INFO - [2022-09-16T07:54:24.905+0000] {dag.py:2981} INFO - Setting next_dagrun for example_nested_branch_dag to 2022-09-15T00:00:00+00:00, run_after=2022-09-16T00:00:00+00:00
[2022-09-16T07:54:24.920+0000] {processor.py:161} INFO - Processing /home/airflow/.local/lib/python3.7/site-packages/airflow/example_dags/example_nested_branch_dag.py took 0.086 seconds
[2022-09-16T07:54:55.729+0000] {processor.py:153} INFO - Started process (PID=296) to work on /home/airflow/.local/lib/python3.7/site-packages/airflow/example_dags/example_nested_branch_dag.py
[2022-09-16T07:54:55.729+0000] {processor.py:640} INFO - Processing file /home/airflow/.local/lib/python3.7/site-packages/airflow/example_dags/example_nested_branch_dag.py for tasks to queue
[2022-09-16T07:54:55.729+0000] {logging_mixin.py:115} INFO - [2022-09-16T07:54:55.729+0000] {dagbag.py:508} INFO - Filling up the DagBag from /home/airflow/.local/lib/python3.7/site-packages/airflow/example_dags/example_nested_branch_dag.py
[2022-09-16T07:54:55.737+0000] {processor.py:650} INFO - DAG(s) dict_keys(['example_nested_branch_dag']) retrieved from /home/airflow/.local/lib/python3.7/site-packages/airflow/example_dags/example_nested_branch_dag.py
[2022-09-16T07:54:55.756+0000] {logging_mixin.py:115} INFO - [2022-09-16T07:54:55.756+0000] {dag.py:2429} INFO - Sync 1 DAGs
[2022-09-16T07:54:55.774+0000] {logging_mixin.py:115} INFO - [2022-09-16T07:54:55.774+0000] {dag.py:2981} INFO - Setting next_dagrun for example_nested_branch_dag to 2022-09-15T00:00:00+00:00, run_after=2022-09-16T00:00:00+00:00
[2022-09-16T07:54:55.784+0000] {processor.py:161} INFO - Processing /home/airflow/.local/lib/python3.7/site-packages/airflow/example_dags/example_nested_branch_dag.py took 0.058 seconds
[2022-09-16T07:55:26.504+0000] {processor.py:153} INFO - Started process (PID=358) to work on /home/airflow/.local/lib/python3.7/site-packages/airflow/example_dags/example_nested_branch_dag.py
[2022-09-16T07:55:26.505+0000] {processor.py:640} INFO - Processing file /home/airflow/.local/lib/python3.7/site-packages/airflow/example_dags/example_nested_branch_dag.py for tasks to queue
[2022-09-16T07:55:26.505+0000] {logging_mixin.py:115} INFO - [2022-09-16T07:55:26.505+0000] {dagbag.py:508} INFO - Filling up the DagBag from /home/airflow/.local/lib/python3.7/site-packages/airflow/example_dags/example_nested_branch_dag.py
[2022-09-16T07:55:26.513+0000] {processor.py:650} INFO - DAG(s) dict_keys(['example_nested_branch_dag']) retrieved from /home/airflow/.local/lib/python3.7/site-packages/airflow/example_dags/example_nested_branch_dag.py
[2022-09-16T07:55:26.532+0000] {logging_mixin.py:115} INFO - [2022-09-16T07:55:26.531+0000] {dag.py:2429} INFO - Sync 1 DAGs
[2022-09-16T07:55:26.550+0000] {logging_mixin.py:115} INFO - [2022-09-16T07:55:26.550+0000] {dag.py:2981} INFO - Setting next_dagrun for example_nested_branch_dag to 2022-09-15T00:00:00+00:00, run_after=2022-09-16T00:00:00+00:00
[2022-09-16T07:55:26.560+0000] {processor.py:161} INFO - Processing /home/airflow/.local/lib/python3.7/site-packages/airflow/example_dags/example_nested_branch_dag.py took 0.058 seconds
[2022-09-16T07:55:57.137+0000] {processor.py:153} INFO - Started process (PID=420) to work on /home/airflow/.local/lib/python3.7/site-packages/airflow/example_dags/example_nested_branch_dag.py
[2022-09-16T07:55:57.138+0000] {processor.py:640} INFO - Processing file /home/airflow/.local/lib/python3.7/site-packages/airflow/example_dags/example_nested_branch_dag.py for tasks to queue
[2022-09-16T07:55:57.138+0000] {logging_mixin.py:115} INFO - [2022-09-16T07:55:57.138+0000] {dagbag.py:508} INFO - Filling up the DagBag from /home/airflow/.local/lib/python3.7/site-packages/airflow/example_dags/example_nested_branch_dag.py
[2022-09-16T07:55:57.145+0000] {processor.py:650} INFO - DAG(s) dict_keys(['example_nested_branch_dag']) retrieved from /home/airflow/.local/lib/python3.7/site-packages/airflow/example_dags/example_nested_branch_dag.py
[2022-09-16T07:55:57.164+0000] {logging_mixin.py:115} INFO - [2022-09-16T07:55:57.163+0000] {dag.py:2429} INFO - Sync 1 DAGs
[2022-09-16T07:55:57.182+0000] {logging_mixin.py:115} INFO - [2022-09-16T07:55:57.182+0000] {dag.py:2981} INFO - Setting next_dagrun for example_nested_branch_dag to 2022-09-15T00:00:00+00:00, run_after=2022-09-16T00:00:00+00:00
[2022-09-16T07:55:57.192+0000] {processor.py:161} INFO - Processing /home/airflow/.local/lib/python3.7/site-packages/airflow/example_dags/example_nested_branch_dag.py took 0.057 seconds
[2022-09-16T07:56:27.722+0000] {processor.py:153} INFO - Started process (PID=479) to work on /home/airflow/.local/lib/python3.7/site-packages/airflow/example_dags/example_nested_branch_dag.py
[2022-09-16T07:56:27.722+0000] {processor.py:640} INFO - Processing file /home/airflow/.local/lib/python3.7/site-packages/airflow/example_dags/example_nested_branch_dag.py for tasks to queue
[2022-09-16T07:56:27.723+0000] {logging_mixin.py:115} INFO - [2022-09-16T07:56:27.723+0000] {dagbag.py:508} INFO - Filling up the DagBag from /home/airflow/.local/lib/python3.7/site-packages/airflow/example_dags/example_nested_branch_dag.py
[2022-09-16T07:56:27.730+0000] {processor.py:650} INFO - DAG(s) dict_keys(['example_nested_branch_dag']) retrieved from /home/airflow/.local/lib/python3.7/site-packages/airflow/example_dags/example_nested_branch_dag.py
[2022-09-16T07:56:27.751+0000] {logging_mixin.py:115} INFO - [2022-09-16T07:56:27.751+0000] {dag.py:2429} INFO - Sync 1 DAGs
[2022-09-16T07:56:27.777+0000] {logging_mixin.py:115} INFO - [2022-09-16T07:56:27.776+0000] {dag.py:2981} INFO - Setting next_dagrun for example_nested_branch_dag to 2022-09-15T00:00:00+00:00, run_after=2022-09-16T00:00:00+00:00
[2022-09-16T07:56:27.790+0000] {processor.py:161} INFO - Processing /home/airflow/.local/lib/python3.7/site-packages/airflow/example_dags/example_nested_branch_dag.py took 0.071 seconds
[2022-09-16T07:56:58.420+0000] {processor.py:153} INFO - Started process (PID=534) to work on /home/airflow/.local/lib/python3.7/site-packages/airflow/example_dags/example_nested_branch_dag.py
[2022-09-16T07:56:58.421+0000] {processor.py:640} INFO - Processing file /home/airflow/.local/lib/python3.7/site-packages/airflow/example_dags/example_nested_branch_dag.py for tasks to queue
[2022-09-16T07:56:58.421+0000] {logging_mixin.py:115} INFO - [2022-09-16T07:56:58.421+0000] {dagbag.py:508} INFO - Filling up the DagBag from /home/airflow/.local/lib/python3.7/site-packages/airflow/example_dags/example_nested_branch_dag.py
[2022-09-16T07:56:58.428+0000] {processor.py:650} INFO - DAG(s) dict_keys(['example_nested_branch_dag']) retrieved from /home/airflow/.local/lib/python3.7/site-packages/airflow/example_dags/example_nested_branch_dag.py
[2022-09-16T07:56:58.448+0000] {logging_mixin.py:115} INFO - [2022-09-16T07:56:58.448+0000] {dag.py:2429} INFO - Sync 1 DAGs
[2022-09-16T07:56:58.466+0000] {logging_mixin.py:115} INFO - [2022-09-16T07:56:58.466+0000] {dag.py:2981} INFO - Setting next_dagrun for example_nested_branch_dag to 2022-09-15T00:00:00+00:00, run_after=2022-09-16T00:00:00+00:00
[2022-09-16T07:56:58.476+0000] {processor.py:161} INFO - Processing /home/airflow/.local/lib/python3.7/site-packages/airflow/example_dags/example_nested_branch_dag.py took 0.058 seconds
[2022-09-16T07:57:28.905+0000] {processor.py:153} INFO - Started process (PID=596) to work on /home/airflow/.local/lib/python3.7/site-packages/airflow/example_dags/example_nested_branch_dag.py
[2022-09-16T07:57:28.906+0000] {processor.py:640} INFO - Processing file /home/airflow/.local/lib/python3.7/site-packages/airflow/example_dags/example_nested_branch_dag.py for tasks to queue
[2022-09-16T07:57:28.906+0000] {logging_mixin.py:115} INFO - [2022-09-16T07:57:28.906+0000] {dagbag.py:508} INFO - Filling up the DagBag from /home/airflow/.local/lib/python3.7/site-packages/airflow/example_dags/example_nested_branch_dag.py
[2022-09-16T07:57:28.913+0000] {processor.py:650} INFO - DAG(s) dict_keys(['example_nested_branch_dag']) retrieved from /home/airflow/.local/lib/python3.7/site-packages/airflow/example_dags/example_nested_branch_dag.py
[2022-09-16T07:57:28.931+0000] {logging_mixin.py:115} INFO - [2022-09-16T07:57:28.930+0000] {dag.py:2429} INFO - Sync 1 DAGs
[2022-09-16T07:57:28.948+0000] {logging_mixin.py:115} INFO - [2022-09-16T07:57:28.948+0000] {dag.py:2981} INFO - Setting next_dagrun for example_nested_branch_dag to 2022-09-15T00:00:00+00:00, run_after=2022-09-16T00:00:00+00:00
[2022-09-16T07:57:28.958+0000] {processor.py:161} INFO - Processing /home/airflow/.local/lib/python3.7/site-packages/airflow/example_dags/example_nested_branch_dag.py took 0.054 seconds
[2022-09-16T07:58:44.089+0000] {processor.py:153} INFO - Started process (PID=90) to work on /home/airflow/.local/lib/python3.7/site-packages/airflow/example_dags/example_nested_branch_dag.py
[2022-09-16T07:58:44.090+0000] {processor.py:640} INFO - Processing file /home/airflow/.local/lib/python3.7/site-packages/airflow/example_dags/example_nested_branch_dag.py for tasks to queue
[2022-09-16T07:58:44.091+0000] {logging_mixin.py:115} INFO - [2022-09-16T07:58:44.091+0000] {dagbag.py:508} INFO - Filling up the DagBag from /home/airflow/.local/lib/python3.7/site-packages/airflow/example_dags/example_nested_branch_dag.py
[2022-09-16T07:58:44.101+0000] {processor.py:650} INFO - DAG(s) dict_keys(['example_nested_branch_dag']) retrieved from /home/airflow/.local/lib/python3.7/site-packages/airflow/example_dags/example_nested_branch_dag.py
[2022-09-16T07:58:44.120+0000] {logging_mixin.py:115} INFO - [2022-09-16T07:58:44.120+0000] {dag.py:2429} INFO - Sync 1 DAGs
[2022-09-16T07:58:44.138+0000] {logging_mixin.py:115} INFO - [2022-09-16T07:58:44.137+0000] {dag.py:2981} INFO - Setting next_dagrun for example_nested_branch_dag to 2022-09-15T00:00:00+00:00, run_after=2022-09-16T00:00:00+00:00
[2022-09-16T07:58:44.147+0000] {processor.py:161} INFO - Processing /home/airflow/.local/lib/python3.7/site-packages/airflow/example_dags/example_nested_branch_dag.py took 0.060 seconds
[2022-09-16T07:59:15.180+0000] {processor.py:153} INFO - Started process (PID=152) to work on /home/airflow/.local/lib/python3.7/site-packages/airflow/example_dags/example_nested_branch_dag.py
[2022-09-16T07:59:15.181+0000] {processor.py:640} INFO - Processing file /home/airflow/.local/lib/python3.7/site-packages/airflow/example_dags/example_nested_branch_dag.py for tasks to queue
[2022-09-16T07:59:15.182+0000] {logging_mixin.py:115} INFO - [2022-09-16T07:59:15.181+0000] {dagbag.py:508} INFO - Filling up the DagBag from /home/airflow/.local/lib/python3.7/site-packages/airflow/example_dags/example_nested_branch_dag.py
[2022-09-16T07:59:15.190+0000] {processor.py:650} INFO - DAG(s) dict_keys(['example_nested_branch_dag']) retrieved from /home/airflow/.local/lib/python3.7/site-packages/airflow/example_dags/example_nested_branch_dag.py
[2022-09-16T07:59:15.215+0000] {logging_mixin.py:115} INFO - [2022-09-16T07:59:15.215+0000] {dag.py:2429} INFO - Sync 1 DAGs
[2022-09-16T07:59:15.240+0000] {logging_mixin.py:115} INFO - [2022-09-16T07:59:15.239+0000] {dag.py:2981} INFO - Setting next_dagrun for example_nested_branch_dag to 2022-09-15T00:00:00+00:00, run_after=2022-09-16T00:00:00+00:00
[2022-09-16T07:59:15.250+0000] {processor.py:161} INFO - Processing /home/airflow/.local/lib/python3.7/site-packages/airflow/example_dags/example_nested_branch_dag.py took 0.072 seconds
[2022-09-16T07:59:46.040+0000] {processor.py:153} INFO - Started process (PID=205) to work on /home/airflow/.local/lib/python3.7/site-packages/airflow/example_dags/example_nested_branch_dag.py
[2022-09-16T07:59:46.041+0000] {processor.py:640} INFO - Processing file /home/airflow/.local/lib/python3.7/site-packages/airflow/example_dags/example_nested_branch_dag.py for tasks to queue
[2022-09-16T07:59:46.041+0000] {logging_mixin.py:115} INFO - [2022-09-16T07:59:46.041+0000] {dagbag.py:508} INFO - Filling up the DagBag from /home/airflow/.local/lib/python3.7/site-packages/airflow/example_dags/example_nested_branch_dag.py
[2022-09-16T07:59:46.048+0000] {processor.py:650} INFO - DAG(s) dict_keys(['example_nested_branch_dag']) retrieved from /home/airflow/.local/lib/python3.7/site-packages/airflow/example_dags/example_nested_branch_dag.py
[2022-09-16T07:59:46.068+0000] {logging_mixin.py:115} INFO - [2022-09-16T07:59:46.068+0000] {dag.py:2429} INFO - Sync 1 DAGs
[2022-09-16T07:59:46.085+0000] {logging_mixin.py:115} INFO - [2022-09-16T07:59:46.085+0000] {dag.py:2981} INFO - Setting next_dagrun for example_nested_branch_dag to 2022-09-15T00:00:00+00:00, run_after=2022-09-16T00:00:00+00:00
[2022-09-16T07:59:46.094+0000] {processor.py:161} INFO - Processing /home/airflow/.local/lib/python3.7/site-packages/airflow/example_dags/example_nested_branch_dag.py took 0.056 seconds
[2022-09-16T08:00:16.881+0000] {processor.py:153} INFO - Started process (PID=267) to work on /home/airflow/.local/lib/python3.7/site-packages/airflow/example_dags/example_nested_branch_dag.py
[2022-09-16T08:00:16.882+0000] {processor.py:640} INFO - Processing file /home/airflow/.local/lib/python3.7/site-packages/airflow/example_dags/example_nested_branch_dag.py for tasks to queue
[2022-09-16T08:00:16.882+0000] {logging_mixin.py:115} INFO - [2022-09-16T08:00:16.882+0000] {dagbag.py:508} INFO - Filling up the DagBag from /home/airflow/.local/lib/python3.7/site-packages/airflow/example_dags/example_nested_branch_dag.py
[2022-09-16T08:00:16.889+0000] {processor.py:650} INFO - DAG(s) dict_keys(['example_nested_branch_dag']) retrieved from /home/airflow/.local/lib/python3.7/site-packages/airflow/example_dags/example_nested_branch_dag.py
[2022-09-16T08:00:16.907+0000] {logging_mixin.py:115} INFO - [2022-09-16T08:00:16.907+0000] {dag.py:2429} INFO - Sync 1 DAGs
[2022-09-16T08:00:16.924+0000] {logging_mixin.py:115} INFO - [2022-09-16T08:00:16.924+0000] {dag.py:2981} INFO - Setting next_dagrun for example_nested_branch_dag to 2022-09-15T00:00:00+00:00, run_after=2022-09-16T00:00:00+00:00
[2022-09-16T08:00:16.933+0000] {processor.py:161} INFO - Processing /home/airflow/.local/lib/python3.7/site-packages/airflow/example_dags/example_nested_branch_dag.py took 0.054 seconds
[2022-09-16T08:00:47.835+0000] {processor.py:153} INFO - Started process (PID=329) to work on /home/airflow/.local/lib/python3.7/site-packages/airflow/example_dags/example_nested_branch_dag.py
[2022-09-16T08:00:47.836+0000] {processor.py:640} INFO - Processing file /home/airflow/.local/lib/python3.7/site-packages/airflow/example_dags/example_nested_branch_dag.py for tasks to queue
[2022-09-16T08:00:47.836+0000] {logging_mixin.py:115} INFO - [2022-09-16T08:00:47.836+0000] {dagbag.py:508} INFO - Filling up the DagBag from /home/airflow/.local/lib/python3.7/site-packages/airflow/example_dags/example_nested_branch_dag.py
[2022-09-16T08:00:47.845+0000] {processor.py:650} INFO - DAG(s) dict_keys(['example_nested_branch_dag']) retrieved from /home/airflow/.local/lib/python3.7/site-packages/airflow/example_dags/example_nested_branch_dag.py
[2022-09-16T08:00:47.864+0000] {logging_mixin.py:115} INFO - [2022-09-16T08:00:47.864+0000] {dag.py:2429} INFO - Sync 1 DAGs
[2022-09-16T08:00:47.882+0000] {logging_mixin.py:115} INFO - [2022-09-16T08:00:47.882+0000] {dag.py:2981} INFO - Setting next_dagrun for example_nested_branch_dag to 2022-09-15T00:00:00+00:00, run_after=2022-09-16T00:00:00+00:00
[2022-09-16T08:00:47.892+0000] {processor.py:161} INFO - Processing /home/airflow/.local/lib/python3.7/site-packages/airflow/example_dags/example_nested_branch_dag.py took 0.059 seconds
[2022-09-16T08:01:18.796+0000] {processor.py:153} INFO - Started process (PID=391) to work on /home/airflow/.local/lib/python3.7/site-packages/airflow/example_dags/example_nested_branch_dag.py
[2022-09-16T08:01:18.797+0000] {processor.py:640} INFO - Processing file /home/airflow/.local/lib/python3.7/site-packages/airflow/example_dags/example_nested_branch_dag.py for tasks to queue
[2022-09-16T08:01:18.797+0000] {logging_mixin.py:115} INFO - [2022-09-16T08:01:18.797+0000] {dagbag.py:508} INFO - Filling up the DagBag from /home/airflow/.local/lib/python3.7/site-packages/airflow/example_dags/example_nested_branch_dag.py
[2022-09-16T08:01:18.805+0000] {processor.py:650} INFO - DAG(s) dict_keys(['example_nested_branch_dag']) retrieved from /home/airflow/.local/lib/python3.7/site-packages/airflow/example_dags/example_nested_branch_dag.py
[2022-09-16T08:01:18.824+0000] {logging_mixin.py:115} INFO - [2022-09-16T08:01:18.824+0000] {dag.py:2429} INFO - Sync 1 DAGs
[2022-09-16T08:01:18.841+0000] {logging_mixin.py:115} INFO - [2022-09-16T08:01:18.841+0000] {dag.py:2981} INFO - Setting next_dagrun for example_nested_branch_dag to 2022-09-15T00:00:00+00:00, run_after=2022-09-16T00:00:00+00:00
[2022-09-16T08:01:18.852+0000] {processor.py:161} INFO - Processing /home/airflow/.local/lib/python3.7/site-packages/airflow/example_dags/example_nested_branch_dag.py took 0.058 seconds
[2022-09-16T08:01:48.934+0000] {processor.py:153} INFO - Started process (PID=444) to work on /home/airflow/.local/lib/python3.7/site-packages/airflow/example_dags/example_nested_branch_dag.py
[2022-09-16T08:01:48.935+0000] {processor.py:640} INFO - Processing file /home/airflow/.local/lib/python3.7/site-packages/airflow/example_dags/example_nested_branch_dag.py for tasks to queue
[2022-09-16T08:01:48.935+0000] {logging_mixin.py:115} INFO - [2022-09-16T08:01:48.935+0000] {dagbag.py:508} INFO - Filling up the DagBag from /home/airflow/.local/lib/python3.7/site-packages/airflow/example_dags/example_nested_branch_dag.py
[2022-09-16T08:01:48.943+0000] {processor.py:650} INFO - DAG(s) dict_keys(['example_nested_branch_dag']) retrieved from /home/airflow/.local/lib/python3.7/site-packages/airflow/example_dags/example_nested_branch_dag.py
[2022-09-16T08:01:48.962+0000] {logging_mixin.py:115} INFO - [2022-09-16T08:01:48.962+0000] {dag.py:2429} INFO - Sync 1 DAGs
[2022-09-16T08:01:48.981+0000] {logging_mixin.py:115} INFO - [2022-09-16T08:01:48.981+0000] {dag.py:2981} INFO - Setting next_dagrun for example_nested_branch_dag to 2022-09-15T00:00:00+00:00, run_after=2022-09-16T00:00:00+00:00
[2022-09-16T08:01:48.991+0000] {processor.py:161} INFO - Processing /home/airflow/.local/lib/python3.7/site-packages/airflow/example_dags/example_nested_branch_dag.py took 0.059 seconds
[2022-09-16T08:02:19.134+0000] {processor.py:153} INFO - Started process (PID=508) to work on /home/airflow/.local/lib/python3.7/site-packages/airflow/example_dags/example_nested_branch_dag.py
[2022-09-16T08:02:19.134+0000] {processor.py:640} INFO - Processing file /home/airflow/.local/lib/python3.7/site-packages/airflow/example_dags/example_nested_branch_dag.py for tasks to queue
[2022-09-16T08:02:19.135+0000] {logging_mixin.py:115} INFO - [2022-09-16T08:02:19.135+0000] {dagbag.py:508} INFO - Filling up the DagBag from /home/airflow/.local/lib/python3.7/site-packages/airflow/example_dags/example_nested_branch_dag.py
[2022-09-16T08:02:19.143+0000] {processor.py:650} INFO - DAG(s) dict_keys(['example_nested_branch_dag']) retrieved from /home/airflow/.local/lib/python3.7/site-packages/airflow/example_dags/example_nested_branch_dag.py
[2022-09-16T08:02:19.162+0000] {logging_mixin.py:115} INFO - [2022-09-16T08:02:19.161+0000] {dag.py:2429} INFO - Sync 1 DAGs
[2022-09-16T08:02:19.179+0000] {logging_mixin.py:115} INFO - [2022-09-16T08:02:19.179+0000] {dag.py:2981} INFO - Setting next_dagrun for example_nested_branch_dag to 2022-09-15T00:00:00+00:00, run_after=2022-09-16T00:00:00+00:00
[2022-09-16T08:02:19.188+0000] {processor.py:161} INFO - Processing /home/airflow/.local/lib/python3.7/site-packages/airflow/example_dags/example_nested_branch_dag.py took 0.056 seconds
[2022-09-16T08:02:49.397+0000] {processor.py:153} INFO - Started process (PID=570) to work on /home/airflow/.local/lib/python3.7/site-packages/airflow/example_dags/example_nested_branch_dag.py
[2022-09-16T08:02:49.397+0000] {processor.py:640} INFO - Processing file /home/airflow/.local/lib/python3.7/site-packages/airflow/example_dags/example_nested_branch_dag.py for tasks to queue
[2022-09-16T08:02:49.398+0000] {logging_mixin.py:115} INFO - [2022-09-16T08:02:49.398+0000] {dagbag.py:508} INFO - Filling up the DagBag from /home/airflow/.local/lib/python3.7/site-packages/airflow/example_dags/example_nested_branch_dag.py
[2022-09-16T08:02:49.404+0000] {processor.py:650} INFO - DAG(s) dict_keys(['example_nested_branch_dag']) retrieved from /home/airflow/.local/lib/python3.7/site-packages/airflow/example_dags/example_nested_branch_dag.py
[2022-09-16T08:02:49.422+0000] {logging_mixin.py:115} INFO - [2022-09-16T08:02:49.422+0000] {dag.py:2429} INFO - Sync 1 DAGs
[2022-09-16T08:02:49.440+0000] {logging_mixin.py:115} INFO - [2022-09-16T08:02:49.440+0000] {dag.py:2981} INFO - Setting next_dagrun for example_nested_branch_dag to 2022-09-15T00:00:00+00:00, run_after=2022-09-16T00:00:00+00:00
[2022-09-16T08:02:49.450+0000] {processor.py:161} INFO - Processing /home/airflow/.local/lib/python3.7/site-packages/airflow/example_dags/example_nested_branch_dag.py took 0.055 seconds
[2022-09-16T08:03:19.627+0000] {processor.py:153} INFO - Started process (PID=623) to work on /home/airflow/.local/lib/python3.7/site-packages/airflow/example_dags/example_nested_branch_dag.py
[2022-09-16T08:03:19.627+0000] {processor.py:640} INFO - Processing file /home/airflow/.local/lib/python3.7/site-packages/airflow/example_dags/example_nested_branch_dag.py for tasks to queue
[2022-09-16T08:03:19.628+0000] {logging_mixin.py:115} INFO - [2022-09-16T08:03:19.628+0000] {dagbag.py:508} INFO - Filling up the DagBag from /home/airflow/.local/lib/python3.7/site-packages/airflow/example_dags/example_nested_branch_dag.py
[2022-09-16T08:03:19.635+0000] {processor.py:650} INFO - DAG(s) dict_keys(['example_nested_branch_dag']) retrieved from /home/airflow/.local/lib/python3.7/site-packages/airflow/example_dags/example_nested_branch_dag.py
[2022-09-16T08:03:19.653+0000] {logging_mixin.py:115} INFO - [2022-09-16T08:03:19.653+0000] {dag.py:2429} INFO - Sync 1 DAGs
[2022-09-16T08:03:19.670+0000] {logging_mixin.py:115} INFO - [2022-09-16T08:03:19.670+0000] {dag.py:2981} INFO - Setting next_dagrun for example_nested_branch_dag to 2022-09-15T00:00:00+00:00, run_after=2022-09-16T00:00:00+00:00
[2022-09-16T08:03:19.680+0000] {processor.py:161} INFO - Processing /home/airflow/.local/lib/python3.7/site-packages/airflow/example_dags/example_nested_branch_dag.py took 0.056 seconds
[2022-09-16T08:04:02.922+0000] {processor.py:153} INFO - Started process (PID=72) to work on /home/airflow/.local/lib/python3.7/site-packages/airflow/example_dags/example_nested_branch_dag.py
[2022-09-16T08:04:02.923+0000] {processor.py:640} INFO - Processing file /home/airflow/.local/lib/python3.7/site-packages/airflow/example_dags/example_nested_branch_dag.py for tasks to queue
[2022-09-16T08:04:02.924+0000] {logging_mixin.py:115} INFO - [2022-09-16T08:04:02.923+0000] {dagbag.py:508} INFO - Filling up the DagBag from /home/airflow/.local/lib/python3.7/site-packages/airflow/example_dags/example_nested_branch_dag.py
[2022-09-16T08:04:02.933+0000] {processor.py:650} INFO - DAG(s) dict_keys(['example_nested_branch_dag']) retrieved from /home/airflow/.local/lib/python3.7/site-packages/airflow/example_dags/example_nested_branch_dag.py
[2022-09-16T08:04:02.953+0000] {logging_mixin.py:115} INFO - [2022-09-16T08:04:02.953+0000] {dag.py:2429} INFO - Sync 1 DAGs
[2022-09-16T08:04:02.971+0000] {logging_mixin.py:115} INFO - [2022-09-16T08:04:02.971+0000] {dag.py:2981} INFO - Setting next_dagrun for example_nested_branch_dag to 2022-09-15T00:00:00+00:00, run_after=2022-09-16T00:00:00+00:00
[2022-09-16T08:04:02.983+0000] {processor.py:161} INFO - Processing /home/airflow/.local/lib/python3.7/site-packages/airflow/example_dags/example_nested_branch_dag.py took 0.062 seconds
[2022-09-16T08:04:33.394+0000] {processor.py:153} INFO - Started process (PID=134) to work on /home/airflow/.local/lib/python3.7/site-packages/airflow/example_dags/example_nested_branch_dag.py
[2022-09-16T08:04:33.395+0000] {processor.py:640} INFO - Processing file /home/airflow/.local/lib/python3.7/site-packages/airflow/example_dags/example_nested_branch_dag.py for tasks to queue
[2022-09-16T08:04:33.395+0000] {logging_mixin.py:115} INFO - [2022-09-16T08:04:33.395+0000] {dagbag.py:508} INFO - Filling up the DagBag from /home/airflow/.local/lib/python3.7/site-packages/airflow/example_dags/example_nested_branch_dag.py
[2022-09-16T08:04:33.404+0000] {processor.py:650} INFO - DAG(s) dict_keys(['example_nested_branch_dag']) retrieved from /home/airflow/.local/lib/python3.7/site-packages/airflow/example_dags/example_nested_branch_dag.py
[2022-09-16T08:04:33.421+0000] {logging_mixin.py:115} INFO - [2022-09-16T08:04:33.421+0000] {dag.py:2429} INFO - Sync 1 DAGs
[2022-09-16T08:04:33.440+0000] {logging_mixin.py:115} INFO - [2022-09-16T08:04:33.440+0000] {dag.py:2981} INFO - Setting next_dagrun for example_nested_branch_dag to 2022-09-15T00:00:00+00:00, run_after=2022-09-16T00:00:00+00:00
[2022-09-16T08:04:33.451+0000] {processor.py:161} INFO - Processing /home/airflow/.local/lib/python3.7/site-packages/airflow/example_dags/example_nested_branch_dag.py took 0.059 seconds
[2022-09-16T08:06:40.729+0000] {processor.py:153} INFO - Started process (PID=72) to work on /home/airflow/.local/lib/python3.7/site-packages/airflow/example_dags/example_nested_branch_dag.py
[2022-09-16T08:06:40.730+0000] {processor.py:640} INFO - Processing file /home/airflow/.local/lib/python3.7/site-packages/airflow/example_dags/example_nested_branch_dag.py for tasks to queue
[2022-09-16T08:06:40.730+0000] {logging_mixin.py:115} INFO - [2022-09-16T08:06:40.730+0000] {dagbag.py:508} INFO - Filling up the DagBag from /home/airflow/.local/lib/python3.7/site-packages/airflow/example_dags/example_nested_branch_dag.py
[2022-09-16T08:06:40.742+0000] {processor.py:650} INFO - DAG(s) dict_keys(['example_nested_branch_dag']) retrieved from /home/airflow/.local/lib/python3.7/site-packages/airflow/example_dags/example_nested_branch_dag.py
[2022-09-16T08:06:40.762+0000] {logging_mixin.py:115} INFO - [2022-09-16T08:06:40.761+0000] {dag.py:2429} INFO - Sync 1 DAGs
[2022-09-16T08:06:40.784+0000] {logging_mixin.py:115} INFO - [2022-09-16T08:06:40.784+0000] {dag.py:2981} INFO - Setting next_dagrun for example_nested_branch_dag to 2022-09-15T00:00:00+00:00, run_after=2022-09-16T00:00:00+00:00
[2022-09-16T08:06:40.796+0000] {processor.py:161} INFO - Processing /home/airflow/.local/lib/python3.7/site-packages/airflow/example_dags/example_nested_branch_dag.py took 0.070 seconds
[2022-09-16T08:08:04.262+0000] {processor.py:153} INFO - Started process (PID=71) to work on /home/airflow/.local/lib/python3.7/site-packages/airflow/example_dags/example_nested_branch_dag.py
[2022-09-16T08:08:04.263+0000] {processor.py:640} INFO - Processing file /home/airflow/.local/lib/python3.7/site-packages/airflow/example_dags/example_nested_branch_dag.py for tasks to queue
[2022-09-16T08:08:04.263+0000] {logging_mixin.py:115} INFO - [2022-09-16T08:08:04.263+0000] {dagbag.py:508} INFO - Filling up the DagBag from /home/airflow/.local/lib/python3.7/site-packages/airflow/example_dags/example_nested_branch_dag.py
[2022-09-16T08:08:04.273+0000] {processor.py:650} INFO - DAG(s) dict_keys(['example_nested_branch_dag']) retrieved from /home/airflow/.local/lib/python3.7/site-packages/airflow/example_dags/example_nested_branch_dag.py
[2022-09-16T08:08:04.291+0000] {logging_mixin.py:115} INFO - [2022-09-16T08:08:04.291+0000] {dag.py:2429} INFO - Sync 1 DAGs
[2022-09-16T08:08:04.315+0000] {logging_mixin.py:115} INFO - [2022-09-16T08:08:04.315+0000] {dag.py:2981} INFO - Setting next_dagrun for example_nested_branch_dag to 2022-09-15T00:00:00+00:00, run_after=2022-09-16T00:00:00+00:00
[2022-09-16T08:08:04.327+0000] {processor.py:161} INFO - Processing /home/airflow/.local/lib/python3.7/site-packages/airflow/example_dags/example_nested_branch_dag.py took 0.067 seconds
[2022-09-16T08:10:13.835+0000] {processor.py:153} INFO - Started process (PID=72) to work on /home/airflow/.local/lib/python3.7/site-packages/airflow/example_dags/example_nested_branch_dag.py
[2022-09-16T08:10:13.836+0000] {processor.py:640} INFO - Processing file /home/airflow/.local/lib/python3.7/site-packages/airflow/example_dags/example_nested_branch_dag.py for tasks to queue
[2022-09-16T08:10:13.837+0000] {logging_mixin.py:115} INFO - [2022-09-16T08:10:13.837+0000] {dagbag.py:508} INFO - Filling up the DagBag from /home/airflow/.local/lib/python3.7/site-packages/airflow/example_dags/example_nested_branch_dag.py
[2022-09-16T08:10:13.848+0000] {processor.py:650} INFO - DAG(s) dict_keys(['example_nested_branch_dag']) retrieved from /home/airflow/.local/lib/python3.7/site-packages/airflow/example_dags/example_nested_branch_dag.py
[2022-09-16T08:10:13.870+0000] {logging_mixin.py:115} INFO - [2022-09-16T08:10:13.869+0000] {dag.py:2429} INFO - Sync 1 DAGs
[2022-09-16T08:10:13.890+0000] {logging_mixin.py:115} INFO - [2022-09-16T08:10:13.889+0000] {dag.py:2981} INFO - Setting next_dagrun for example_nested_branch_dag to 2022-09-15T00:00:00+00:00, run_after=2022-09-16T00:00:00+00:00
[2022-09-16T08:10:13.900+0000] {processor.py:161} INFO - Processing /home/airflow/.local/lib/python3.7/site-packages/airflow/example_dags/example_nested_branch_dag.py took 0.067 seconds
[2022-09-16T08:10:45.008+0000] {processor.py:153} INFO - Started process (PID=134) to work on /home/airflow/.local/lib/python3.7/site-packages/airflow/example_dags/example_nested_branch_dag.py
[2022-09-16T08:10:45.009+0000] {processor.py:640} INFO - Processing file /home/airflow/.local/lib/python3.7/site-packages/airflow/example_dags/example_nested_branch_dag.py for tasks to queue
[2022-09-16T08:10:45.009+0000] {logging_mixin.py:115} INFO - [2022-09-16T08:10:45.009+0000] {dagbag.py:508} INFO - Filling up the DagBag from /home/airflow/.local/lib/python3.7/site-packages/airflow/example_dags/example_nested_branch_dag.py
[2022-09-16T08:10:45.018+0000] {processor.py:650} INFO - DAG(s) dict_keys(['example_nested_branch_dag']) retrieved from /home/airflow/.local/lib/python3.7/site-packages/airflow/example_dags/example_nested_branch_dag.py
[2022-09-16T08:10:45.037+0000] {logging_mixin.py:115} INFO - [2022-09-16T08:10:45.037+0000] {dag.py:2429} INFO - Sync 1 DAGs
[2022-09-16T08:10:45.056+0000] {logging_mixin.py:115} INFO - [2022-09-16T08:10:45.056+0000] {dag.py:2981} INFO - Setting next_dagrun for example_nested_branch_dag to 2022-09-15T00:00:00+00:00, run_after=2022-09-16T00:00:00+00:00
[2022-09-16T08:10:45.066+0000] {processor.py:161} INFO - Processing /home/airflow/.local/lib/python3.7/site-packages/airflow/example_dags/example_nested_branch_dag.py took 0.060 seconds
[2022-09-16T08:13:51.977+0000] {processor.py:153} INFO - Started process (PID=104) to work on /home/airflow/.local/lib/python3.7/site-packages/airflow/example_dags/example_nested_branch_dag.py
[2022-09-16T08:13:51.978+0000] {processor.py:640} INFO - Processing file /home/airflow/.local/lib/python3.7/site-packages/airflow/example_dags/example_nested_branch_dag.py for tasks to queue
[2022-09-16T08:13:51.978+0000] {logging_mixin.py:115} INFO - [2022-09-16T08:13:51.978+0000] {dagbag.py:508} INFO - Filling up the DagBag from /home/airflow/.local/lib/python3.7/site-packages/airflow/example_dags/example_nested_branch_dag.py
[2022-09-16T08:13:51.989+0000] {processor.py:650} INFO - DAG(s) dict_keys(['example_nested_branch_dag']) retrieved from /home/airflow/.local/lib/python3.7/site-packages/airflow/example_dags/example_nested_branch_dag.py
[2022-09-16T08:13:52.010+0000] {logging_mixin.py:115} INFO - [2022-09-16T08:13:52.010+0000] {dag.py:2429} INFO - Sync 1 DAGs
[2022-09-16T08:13:52.028+0000] {logging_mixin.py:115} INFO - [2022-09-16T08:13:52.028+0000] {dag.py:2981} INFO - Setting next_dagrun for example_nested_branch_dag to 2022-09-15T00:00:00+00:00, run_after=2022-09-16T00:00:00+00:00
[2022-09-16T08:13:52.039+0000] {processor.py:161} INFO - Processing /home/airflow/.local/lib/python3.7/site-packages/airflow/example_dags/example_nested_branch_dag.py took 0.064 seconds
[2022-09-16T08:15:36.702+0000] {processor.py:153} INFO - Started process (PID=72) to work on /home/airflow/.local/lib/python3.7/site-packages/airflow/example_dags/example_nested_branch_dag.py
[2022-09-16T08:15:36.703+0000] {processor.py:640} INFO - Processing file /home/airflow/.local/lib/python3.7/site-packages/airflow/example_dags/example_nested_branch_dag.py for tasks to queue
[2022-09-16T08:15:36.704+0000] {logging_mixin.py:115} INFO - [2022-09-16T08:15:36.704+0000] {dagbag.py:508} INFO - Filling up the DagBag from /home/airflow/.local/lib/python3.7/site-packages/airflow/example_dags/example_nested_branch_dag.py
[2022-09-16T08:15:36.713+0000] {processor.py:650} INFO - DAG(s) dict_keys(['example_nested_branch_dag']) retrieved from /home/airflow/.local/lib/python3.7/site-packages/airflow/example_dags/example_nested_branch_dag.py
[2022-09-16T08:15:36.737+0000] {logging_mixin.py:115} INFO - [2022-09-16T08:15:36.737+0000] {dag.py:2429} INFO - Sync 1 DAGs
[2022-09-16T08:15:36.756+0000] {logging_mixin.py:115} INFO - [2022-09-16T08:15:36.756+0000] {dag.py:2981} INFO - Setting next_dagrun for example_nested_branch_dag to 2022-09-15T00:00:00+00:00, run_after=2022-09-16T00:00:00+00:00
[2022-09-16T08:15:36.768+0000] {processor.py:161} INFO - Processing /home/airflow/.local/lib/python3.7/site-packages/airflow/example_dags/example_nested_branch_dag.py took 0.068 seconds
[2022-09-16T08:18:34.605+0000] {processor.py:153} INFO - Started process (PID=122) to work on /home/airflow/.local/lib/python3.7/site-packages/airflow/example_dags/example_nested_branch_dag.py
[2022-09-16T08:18:34.605+0000] {processor.py:640} INFO - Processing file /home/airflow/.local/lib/python3.7/site-packages/airflow/example_dags/example_nested_branch_dag.py for tasks to queue
[2022-09-16T08:18:34.606+0000] {logging_mixin.py:115} INFO - [2022-09-16T08:18:34.606+0000] {dagbag.py:508} INFO - Filling up the DagBag from /home/airflow/.local/lib/python3.7/site-packages/airflow/example_dags/example_nested_branch_dag.py
[2022-09-16T08:18:34.614+0000] {processor.py:650} INFO - DAG(s) dict_keys(['example_nested_branch_dag']) retrieved from /home/airflow/.local/lib/python3.7/site-packages/airflow/example_dags/example_nested_branch_dag.py
[2022-09-16T08:18:34.634+0000] {logging_mixin.py:115} INFO - [2022-09-16T08:18:34.634+0000] {dag.py:2429} INFO - Sync 1 DAGs
[2022-09-16T08:18:34.656+0000] {logging_mixin.py:115} INFO - [2022-09-16T08:18:34.656+0000] {dag.py:2981} INFO - Setting next_dagrun for example_nested_branch_dag to 2022-09-15T00:00:00+00:00, run_after=2022-09-16T00:00:00+00:00
[2022-09-16T08:18:34.667+0000] {processor.py:161} INFO - Processing /home/airflow/.local/lib/python3.7/site-packages/airflow/example_dags/example_nested_branch_dag.py took 0.064 seconds
[2022-09-16T08:19:05.855+0000] {processor.py:153} INFO - Started process (PID=177) to work on /home/airflow/.local/lib/python3.7/site-packages/airflow/example_dags/example_nested_branch_dag.py
[2022-09-16T08:19:05.857+0000] {processor.py:640} INFO - Processing file /home/airflow/.local/lib/python3.7/site-packages/airflow/example_dags/example_nested_branch_dag.py for tasks to queue
[2022-09-16T08:19:05.858+0000] {logging_mixin.py:115} INFO - [2022-09-16T08:19:05.858+0000] {dagbag.py:508} INFO - Filling up the DagBag from /home/airflow/.local/lib/python3.7/site-packages/airflow/example_dags/example_nested_branch_dag.py
[2022-09-16T08:19:05.867+0000] {processor.py:650} INFO - DAG(s) dict_keys(['example_nested_branch_dag']) retrieved from /home/airflow/.local/lib/python3.7/site-packages/airflow/example_dags/example_nested_branch_dag.py
[2022-09-16T08:19:05.888+0000] {logging_mixin.py:115} INFO - [2022-09-16T08:19:05.888+0000] {dag.py:2429} INFO - Sync 1 DAGs
[2022-09-16T08:19:05.907+0000] {logging_mixin.py:115} INFO - [2022-09-16T08:19:05.907+0000] {dag.py:2981} INFO - Setting next_dagrun for example_nested_branch_dag to 2022-09-15T00:00:00+00:00, run_after=2022-09-16T00:00:00+00:00
[2022-09-16T08:19:05.917+0000] {processor.py:161} INFO - Processing /home/airflow/.local/lib/python3.7/site-packages/airflow/example_dags/example_nested_branch_dag.py took 0.064 seconds
