[2022-09-16T07:52:52.374+0000] {processor.py:153} INFO - Started process (PID=56) to work on /home/airflow/.local/lib/python3.7/site-packages/airflow/example_dags/example_xcomargs.py
[2022-09-16T07:52:52.374+0000] {processor.py:640} INFO - Processing file /home/airflow/.local/lib/python3.7/site-packages/airflow/example_dags/example_xcomargs.py for tasks to queue
[2022-09-16T07:52:52.374+0000] {logging_mixin.py:115} INFO - [2022-09-16T07:52:52.374+0000] {dagbag.py:508} INFO - Filling up the DagBag from /home/airflow/.local/lib/python3.7/site-packages/airflow/example_dags/example_xcomargs.py
[2022-09-16T07:52:52.390+0000] {processor.py:650} INFO - DAG(s) dict_keys(['example_xcom_args', 'example_xcom_args_with_operators']) retrieved from /home/airflow/.local/lib/python3.7/site-packages/airflow/example_dags/example_xcomargs.py
[2022-09-16T07:52:52.452+0000] {logging_mixin.py:115} INFO - [2022-09-16T07:52:52.452+0000] {dag.py:2429} INFO - Sync 2 DAGs
[2022-09-16T07:52:52.469+0000] {logging_mixin.py:115} INFO - [2022-09-16T07:52:52.469+0000] {dag.py:2981} INFO - Setting next_dagrun for example_xcom_args to None, run_after=None
[2022-09-16T07:52:52.469+0000] {logging_mixin.py:115} INFO - [2022-09-16T07:52:52.469+0000] {dag.py:2981} INFO - Setting next_dagrun for example_xcom_args_with_operators to None, run_after=None
[2022-09-16T07:52:52.482+0000] {processor.py:161} INFO - Processing /home/airflow/.local/lib/python3.7/site-packages/airflow/example_dags/example_xcomargs.py took 0.110 seconds
[2022-09-16T07:53:23.252+0000] {processor.py:153} INFO - Started process (PID=117) to work on /home/airflow/.local/lib/python3.7/site-packages/airflow/example_dags/example_xcomargs.py
[2022-09-16T07:53:23.253+0000] {processor.py:640} INFO - Processing file /home/airflow/.local/lib/python3.7/site-packages/airflow/example_dags/example_xcomargs.py for tasks to queue
[2022-09-16T07:53:23.253+0000] {logging_mixin.py:115} INFO - [2022-09-16T07:53:23.253+0000] {dagbag.py:508} INFO - Filling up the DagBag from /home/airflow/.local/lib/python3.7/site-packages/airflow/example_dags/example_xcomargs.py
[2022-09-16T07:53:23.270+0000] {processor.py:650} INFO - DAG(s) dict_keys(['example_xcom_args', 'example_xcom_args_with_operators']) retrieved from /home/airflow/.local/lib/python3.7/site-packages/airflow/example_dags/example_xcomargs.py
[2022-09-16T07:53:23.326+0000] {logging_mixin.py:115} INFO - [2022-09-16T07:53:23.326+0000] {dag.py:2429} INFO - Sync 2 DAGs
[2022-09-16T07:53:23.342+0000] {logging_mixin.py:115} INFO - [2022-09-16T07:53:23.342+0000] {dag.py:2981} INFO - Setting next_dagrun for example_xcom_args to None, run_after=None
[2022-09-16T07:53:23.342+0000] {logging_mixin.py:115} INFO - [2022-09-16T07:53:23.342+0000] {dag.py:2981} INFO - Setting next_dagrun for example_xcom_args_with_operators to None, run_after=None
[2022-09-16T07:53:23.355+0000] {processor.py:161} INFO - Processing /home/airflow/.local/lib/python3.7/site-packages/airflow/example_dags/example_xcomargs.py took 0.105 seconds
[2022-09-16T07:53:53.888+0000] {processor.py:153} INFO - Started process (PID=179) to work on /home/airflow/.local/lib/python3.7/site-packages/airflow/example_dags/example_xcomargs.py
[2022-09-16T07:53:53.889+0000] {processor.py:640} INFO - Processing file /home/airflow/.local/lib/python3.7/site-packages/airflow/example_dags/example_xcomargs.py for tasks to queue
[2022-09-16T07:53:53.889+0000] {logging_mixin.py:115} INFO - [2022-09-16T07:53:53.889+0000] {dagbag.py:508} INFO - Filling up the DagBag from /home/airflow/.local/lib/python3.7/site-packages/airflow/example_dags/example_xcomargs.py
[2022-09-16T07:53:53.903+0000] {processor.py:650} INFO - DAG(s) dict_keys(['example_xcom_args', 'example_xcom_args_with_operators']) retrieved from /home/airflow/.local/lib/python3.7/site-packages/airflow/example_dags/example_xcomargs.py
[2022-09-16T07:53:53.953+0000] {logging_mixin.py:115} INFO - [2022-09-16T07:53:53.953+0000] {dag.py:2429} INFO - Sync 2 DAGs
[2022-09-16T07:53:53.968+0000] {logging_mixin.py:115} INFO - [2022-09-16T07:53:53.968+0000] {dag.py:2981} INFO - Setting next_dagrun for example_xcom_args to None, run_after=None
[2022-09-16T07:53:53.968+0000] {logging_mixin.py:115} INFO - [2022-09-16T07:53:53.968+0000] {dag.py:2981} INFO - Setting next_dagrun for example_xcom_args_with_operators to None, run_after=None
[2022-09-16T07:53:53.980+0000] {processor.py:161} INFO - Processing /home/airflow/.local/lib/python3.7/site-packages/airflow/example_dags/example_xcomargs.py took 0.093 seconds
[2022-09-16T07:54:24.715+0000] {processor.py:153} INFO - Started process (PID=241) to work on /home/airflow/.local/lib/python3.7/site-packages/airflow/example_dags/example_xcomargs.py
[2022-09-16T07:54:24.716+0000] {processor.py:640} INFO - Processing file /home/airflow/.local/lib/python3.7/site-packages/airflow/example_dags/example_xcomargs.py for tasks to queue
[2022-09-16T07:54:24.716+0000] {logging_mixin.py:115} INFO - [2022-09-16T07:54:24.716+0000] {dagbag.py:508} INFO - Filling up the DagBag from /home/airflow/.local/lib/python3.7/site-packages/airflow/example_dags/example_xcomargs.py
[2022-09-16T07:54:24.731+0000] {processor.py:650} INFO - DAG(s) dict_keys(['example_xcom_args', 'example_xcom_args_with_operators']) retrieved from /home/airflow/.local/lib/python3.7/site-packages/airflow/example_dags/example_xcomargs.py
[2022-09-16T07:54:24.786+0000] {logging_mixin.py:115} INFO - [2022-09-16T07:54:24.786+0000] {dag.py:2429} INFO - Sync 2 DAGs
[2022-09-16T07:54:24.804+0000] {logging_mixin.py:115} INFO - [2022-09-16T07:54:24.804+0000] {dag.py:2981} INFO - Setting next_dagrun for example_xcom_args to None, run_after=None
[2022-09-16T07:54:24.804+0000] {logging_mixin.py:115} INFO - [2022-09-16T07:54:24.804+0000] {dag.py:2981} INFO - Setting next_dagrun for example_xcom_args_with_operators to None, run_after=None
[2022-09-16T07:54:24.820+0000] {processor.py:161} INFO - Processing /home/airflow/.local/lib/python3.7/site-packages/airflow/example_dags/example_xcomargs.py took 0.107 seconds
[2022-09-16T07:54:55.623+0000] {processor.py:153} INFO - Started process (PID=294) to work on /home/airflow/.local/lib/python3.7/site-packages/airflow/example_dags/example_xcomargs.py
[2022-09-16T07:54:55.623+0000] {processor.py:640} INFO - Processing file /home/airflow/.local/lib/python3.7/site-packages/airflow/example_dags/example_xcomargs.py for tasks to queue
[2022-09-16T07:54:55.624+0000] {logging_mixin.py:115} INFO - [2022-09-16T07:54:55.624+0000] {dagbag.py:508} INFO - Filling up the DagBag from /home/airflow/.local/lib/python3.7/site-packages/airflow/example_dags/example_xcomargs.py
[2022-09-16T07:54:55.644+0000] {processor.py:650} INFO - DAG(s) dict_keys(['example_xcom_args', 'example_xcom_args_with_operators']) retrieved from /home/airflow/.local/lib/python3.7/site-packages/airflow/example_dags/example_xcomargs.py
[2022-09-16T07:54:55.670+0000] {logging_mixin.py:115} INFO - [2022-09-16T07:54:55.670+0000] {dag.py:2429} INFO - Sync 2 DAGs
[2022-09-16T07:54:55.692+0000] {logging_mixin.py:115} INFO - [2022-09-16T07:54:55.692+0000] {dag.py:2981} INFO - Setting next_dagrun for example_xcom_args to None, run_after=None
[2022-09-16T07:54:55.692+0000] {logging_mixin.py:115} INFO - [2022-09-16T07:54:55.692+0000] {dag.py:2981} INFO - Setting next_dagrun for example_xcom_args_with_operators to None, run_after=None
[2022-09-16T07:54:55.705+0000] {processor.py:161} INFO - Processing /home/airflow/.local/lib/python3.7/site-packages/airflow/example_dags/example_xcomargs.py took 0.084 seconds
[2022-09-16T07:55:26.411+0000] {processor.py:153} INFO - Started process (PID=356) to work on /home/airflow/.local/lib/python3.7/site-packages/airflow/example_dags/example_xcomargs.py
[2022-09-16T07:55:26.412+0000] {processor.py:640} INFO - Processing file /home/airflow/.local/lib/python3.7/site-packages/airflow/example_dags/example_xcomargs.py for tasks to queue
[2022-09-16T07:55:26.412+0000] {logging_mixin.py:115} INFO - [2022-09-16T07:55:26.412+0000] {dagbag.py:508} INFO - Filling up the DagBag from /home/airflow/.local/lib/python3.7/site-packages/airflow/example_dags/example_xcomargs.py
[2022-09-16T07:55:26.427+0000] {processor.py:650} INFO - DAG(s) dict_keys(['example_xcom_args', 'example_xcom_args_with_operators']) retrieved from /home/airflow/.local/lib/python3.7/site-packages/airflow/example_dags/example_xcomargs.py
[2022-09-16T07:55:26.452+0000] {logging_mixin.py:115} INFO - [2022-09-16T07:55:26.452+0000] {dag.py:2429} INFO - Sync 2 DAGs
[2022-09-16T07:55:26.477+0000] {logging_mixin.py:115} INFO - [2022-09-16T07:55:26.477+0000] {dag.py:2981} INFO - Setting next_dagrun for example_xcom_args to None, run_after=None
[2022-09-16T07:55:26.477+0000] {logging_mixin.py:115} INFO - [2022-09-16T07:55:26.477+0000] {dag.py:2981} INFO - Setting next_dagrun for example_xcom_args_with_operators to None, run_after=None
[2022-09-16T07:55:26.490+0000] {processor.py:161} INFO - Processing /home/airflow/.local/lib/python3.7/site-packages/airflow/example_dags/example_xcomargs.py took 0.081 seconds
[2022-09-16T07:55:57.041+0000] {processor.py:153} INFO - Started process (PID=418) to work on /home/airflow/.local/lib/python3.7/site-packages/airflow/example_dags/example_xcomargs.py
[2022-09-16T07:55:57.041+0000] {processor.py:640} INFO - Processing file /home/airflow/.local/lib/python3.7/site-packages/airflow/example_dags/example_xcomargs.py for tasks to queue
[2022-09-16T07:55:57.041+0000] {logging_mixin.py:115} INFO - [2022-09-16T07:55:57.041+0000] {dagbag.py:508} INFO - Filling up the DagBag from /home/airflow/.local/lib/python3.7/site-packages/airflow/example_dags/example_xcomargs.py
[2022-09-16T07:55:57.056+0000] {processor.py:650} INFO - DAG(s) dict_keys(['example_xcom_args', 'example_xcom_args_with_operators']) retrieved from /home/airflow/.local/lib/python3.7/site-packages/airflow/example_dags/example_xcomargs.py
[2022-09-16T07:55:57.075+0000] {logging_mixin.py:115} INFO - [2022-09-16T07:55:57.075+0000] {dag.py:2429} INFO - Sync 2 DAGs
[2022-09-16T07:55:57.090+0000] {logging_mixin.py:115} INFO - [2022-09-16T07:55:57.090+0000] {dag.py:2981} INFO - Setting next_dagrun for example_xcom_args to None, run_after=None
[2022-09-16T07:55:57.091+0000] {logging_mixin.py:115} INFO - [2022-09-16T07:55:57.091+0000] {dag.py:2981} INFO - Setting next_dagrun for example_xcom_args_with_operators to None, run_after=None
[2022-09-16T07:55:57.101+0000] {processor.py:161} INFO - Processing /home/airflow/.local/lib/python3.7/site-packages/airflow/example_dags/example_xcomargs.py took 0.062 seconds
[2022-09-16T07:56:27.562+0000] {processor.py:153} INFO - Started process (PID=470) to work on /home/airflow/.local/lib/python3.7/site-packages/airflow/example_dags/example_xcomargs.py
[2022-09-16T07:56:27.562+0000] {processor.py:640} INFO - Processing file /home/airflow/.local/lib/python3.7/site-packages/airflow/example_dags/example_xcomargs.py for tasks to queue
[2022-09-16T07:56:27.563+0000] {logging_mixin.py:115} INFO - [2022-09-16T07:56:27.563+0000] {dagbag.py:508} INFO - Filling up the DagBag from /home/airflow/.local/lib/python3.7/site-packages/airflow/example_dags/example_xcomargs.py
[2022-09-16T07:56:27.579+0000] {processor.py:650} INFO - DAG(s) dict_keys(['example_xcom_args', 'example_xcom_args_with_operators']) retrieved from /home/airflow/.local/lib/python3.7/site-packages/airflow/example_dags/example_xcomargs.py
[2022-09-16T07:56:27.680+0000] {logging_mixin.py:115} INFO - [2022-09-16T07:56:27.680+0000] {dag.py:2429} INFO - Sync 2 DAGs
[2022-09-16T07:56:27.697+0000] {logging_mixin.py:115} INFO - [2022-09-16T07:56:27.696+0000] {dag.py:2981} INFO - Setting next_dagrun for example_xcom_args to None, run_after=None
[2022-09-16T07:56:27.697+0000] {logging_mixin.py:115} INFO - [2022-09-16T07:56:27.697+0000] {dag.py:2981} INFO - Setting next_dagrun for example_xcom_args_with_operators to None, run_after=None
[2022-09-16T07:56:27.709+0000] {processor.py:161} INFO - Processing /home/airflow/.local/lib/python3.7/site-packages/airflow/example_dags/example_xcomargs.py took 0.149 seconds
[2022-09-16T07:56:58.310+0000] {processor.py:153} INFO - Started process (PID=532) to work on /home/airflow/.local/lib/python3.7/site-packages/airflow/example_dags/example_xcomargs.py
[2022-09-16T07:56:58.310+0000] {processor.py:640} INFO - Processing file /home/airflow/.local/lib/python3.7/site-packages/airflow/example_dags/example_xcomargs.py for tasks to queue
[2022-09-16T07:56:58.311+0000] {logging_mixin.py:115} INFO - [2022-09-16T07:56:58.311+0000] {dagbag.py:508} INFO - Filling up the DagBag from /home/airflow/.local/lib/python3.7/site-packages/airflow/example_dags/example_xcomargs.py
[2022-09-16T07:56:58.326+0000] {processor.py:650} INFO - DAG(s) dict_keys(['example_xcom_args', 'example_xcom_args_with_operators']) retrieved from /home/airflow/.local/lib/python3.7/site-packages/airflow/example_dags/example_xcomargs.py
[2022-09-16T07:56:58.378+0000] {logging_mixin.py:115} INFO - [2022-09-16T07:56:58.378+0000] {dag.py:2429} INFO - Sync 2 DAGs
[2022-09-16T07:56:58.394+0000] {logging_mixin.py:115} INFO - [2022-09-16T07:56:58.394+0000] {dag.py:2981} INFO - Setting next_dagrun for example_xcom_args to None, run_after=None
[2022-09-16T07:56:58.395+0000] {logging_mixin.py:115} INFO - [2022-09-16T07:56:58.395+0000] {dag.py:2981} INFO - Setting next_dagrun for example_xcom_args_with_operators to None, run_after=None
[2022-09-16T07:56:58.407+0000] {processor.py:161} INFO - Processing /home/airflow/.local/lib/python3.7/site-packages/airflow/example_dags/example_xcomargs.py took 0.099 seconds
[2022-09-16T07:57:28.799+0000] {processor.py:153} INFO - Started process (PID=594) to work on /home/airflow/.local/lib/python3.7/site-packages/airflow/example_dags/example_xcomargs.py
[2022-09-16T07:57:28.800+0000] {processor.py:640} INFO - Processing file /home/airflow/.local/lib/python3.7/site-packages/airflow/example_dags/example_xcomargs.py for tasks to queue
[2022-09-16T07:57:28.800+0000] {logging_mixin.py:115} INFO - [2022-09-16T07:57:28.800+0000] {dagbag.py:508} INFO - Filling up the DagBag from /home/airflow/.local/lib/python3.7/site-packages/airflow/example_dags/example_xcomargs.py
[2022-09-16T07:57:28.815+0000] {processor.py:650} INFO - DAG(s) dict_keys(['example_xcom_args', 'example_xcom_args_with_operators']) retrieved from /home/airflow/.local/lib/python3.7/site-packages/airflow/example_dags/example_xcomargs.py
[2022-09-16T07:57:28.863+0000] {logging_mixin.py:115} INFO - [2022-09-16T07:57:28.863+0000] {dag.py:2429} INFO - Sync 2 DAGs
[2022-09-16T07:57:28.881+0000] {logging_mixin.py:115} INFO - [2022-09-16T07:57:28.881+0000] {dag.py:2981} INFO - Setting next_dagrun for example_xcom_args to None, run_after=None
[2022-09-16T07:57:28.881+0000] {logging_mixin.py:115} INFO - [2022-09-16T07:57:28.881+0000] {dag.py:2981} INFO - Setting next_dagrun for example_xcom_args_with_operators to None, run_after=None
[2022-09-16T07:57:28.893+0000] {processor.py:161} INFO - Processing /home/airflow/.local/lib/python3.7/site-packages/airflow/example_dags/example_xcomargs.py took 0.095 seconds
[2022-09-16T07:58:43.978+0000] {processor.py:153} INFO - Started process (PID=88) to work on /home/airflow/.local/lib/python3.7/site-packages/airflow/example_dags/example_xcomargs.py
[2022-09-16T07:58:43.978+0000] {processor.py:640} INFO - Processing file /home/airflow/.local/lib/python3.7/site-packages/airflow/example_dags/example_xcomargs.py for tasks to queue
[2022-09-16T07:58:43.979+0000] {logging_mixin.py:115} INFO - [2022-09-16T07:58:43.979+0000] {dagbag.py:508} INFO - Filling up the DagBag from /home/airflow/.local/lib/python3.7/site-packages/airflow/example_dags/example_xcomargs.py
[2022-09-16T07:58:43.993+0000] {processor.py:650} INFO - DAG(s) dict_keys(['example_xcom_args', 'example_xcom_args_with_operators']) retrieved from /home/airflow/.local/lib/python3.7/site-packages/airflow/example_dags/example_xcomargs.py
[2022-09-16T07:58:44.047+0000] {logging_mixin.py:115} INFO - [2022-09-16T07:58:44.047+0000] {dag.py:2429} INFO - Sync 2 DAGs
[2022-09-16T07:58:44.063+0000] {logging_mixin.py:115} INFO - [2022-09-16T07:58:44.063+0000] {dag.py:2981} INFO - Setting next_dagrun for example_xcom_args to None, run_after=None
[2022-09-16T07:58:44.063+0000] {logging_mixin.py:115} INFO - [2022-09-16T07:58:44.063+0000] {dag.py:2981} INFO - Setting next_dagrun for example_xcom_args_with_operators to None, run_after=None
[2022-09-16T07:58:44.075+0000] {processor.py:161} INFO - Processing /home/airflow/.local/lib/python3.7/site-packages/airflow/example_dags/example_xcomargs.py took 0.099 seconds
[2022-09-16T07:59:15.065+0000] {processor.py:153} INFO - Started process (PID=150) to work on /home/airflow/.local/lib/python3.7/site-packages/airflow/example_dags/example_xcomargs.py
[2022-09-16T07:59:15.066+0000] {processor.py:640} INFO - Processing file /home/airflow/.local/lib/python3.7/site-packages/airflow/example_dags/example_xcomargs.py for tasks to queue
[2022-09-16T07:59:15.066+0000] {logging_mixin.py:115} INFO - [2022-09-16T07:59:15.066+0000] {dagbag.py:508} INFO - Filling up the DagBag from /home/airflow/.local/lib/python3.7/site-packages/airflow/example_dags/example_xcomargs.py
[2022-09-16T07:59:15.083+0000] {processor.py:650} INFO - DAG(s) dict_keys(['example_xcom_args', 'example_xcom_args_with_operators']) retrieved from /home/airflow/.local/lib/python3.7/site-packages/airflow/example_dags/example_xcomargs.py
[2022-09-16T07:59:15.135+0000] {logging_mixin.py:115} INFO - [2022-09-16T07:59:15.135+0000] {dag.py:2429} INFO - Sync 2 DAGs
[2022-09-16T07:59:15.152+0000] {logging_mixin.py:115} INFO - [2022-09-16T07:59:15.152+0000] {dag.py:2981} INFO - Setting next_dagrun for example_xcom_args to None, run_after=None
[2022-09-16T07:59:15.152+0000] {logging_mixin.py:115} INFO - [2022-09-16T07:59:15.152+0000] {dag.py:2981} INFO - Setting next_dagrun for example_xcom_args_with_operators to None, run_after=None
[2022-09-16T07:59:15.165+0000] {processor.py:161} INFO - Processing /home/airflow/.local/lib/python3.7/site-packages/airflow/example_dags/example_xcomargs.py took 0.102 seconds
[2022-09-16T07:59:45.932+0000] {processor.py:153} INFO - Started process (PID=203) to work on /home/airflow/.local/lib/python3.7/site-packages/airflow/example_dags/example_xcomargs.py
[2022-09-16T07:59:45.933+0000] {processor.py:640} INFO - Processing file /home/airflow/.local/lib/python3.7/site-packages/airflow/example_dags/example_xcomargs.py for tasks to queue
[2022-09-16T07:59:45.933+0000] {logging_mixin.py:115} INFO - [2022-09-16T07:59:45.933+0000] {dagbag.py:508} INFO - Filling up the DagBag from /home/airflow/.local/lib/python3.7/site-packages/airflow/example_dags/example_xcomargs.py
[2022-09-16T07:59:45.948+0000] {processor.py:650} INFO - DAG(s) dict_keys(['example_xcom_args', 'example_xcom_args_with_operators']) retrieved from /home/airflow/.local/lib/python3.7/site-packages/airflow/example_dags/example_xcomargs.py
[2022-09-16T07:59:45.998+0000] {logging_mixin.py:115} INFO - [2022-09-16T07:59:45.998+0000] {dag.py:2429} INFO - Sync 2 DAGs
[2022-09-16T07:59:46.013+0000] {logging_mixin.py:115} INFO - [2022-09-16T07:59:46.013+0000] {dag.py:2981} INFO - Setting next_dagrun for example_xcom_args to None, run_after=None
[2022-09-16T07:59:46.014+0000] {logging_mixin.py:115} INFO - [2022-09-16T07:59:46.013+0000] {dag.py:2981} INFO - Setting next_dagrun for example_xcom_args_with_operators to None, run_after=None
[2022-09-16T07:59:46.025+0000] {processor.py:161} INFO - Processing /home/airflow/.local/lib/python3.7/site-packages/airflow/example_dags/example_xcomargs.py took 0.095 seconds
[2022-09-16T08:00:16.774+0000] {processor.py:153} INFO - Started process (PID=265) to work on /home/airflow/.local/lib/python3.7/site-packages/airflow/example_dags/example_xcomargs.py
[2022-09-16T08:00:16.775+0000] {processor.py:640} INFO - Processing file /home/airflow/.local/lib/python3.7/site-packages/airflow/example_dags/example_xcomargs.py for tasks to queue
[2022-09-16T08:00:16.775+0000] {logging_mixin.py:115} INFO - [2022-09-16T08:00:16.775+0000] {dagbag.py:508} INFO - Filling up the DagBag from /home/airflow/.local/lib/python3.7/site-packages/airflow/example_dags/example_xcomargs.py
[2022-09-16T08:00:16.789+0000] {processor.py:650} INFO - DAG(s) dict_keys(['example_xcom_args', 'example_xcom_args_with_operators']) retrieved from /home/airflow/.local/lib/python3.7/site-packages/airflow/example_dags/example_xcomargs.py
[2022-09-16T08:00:16.840+0000] {logging_mixin.py:115} INFO - [2022-09-16T08:00:16.840+0000] {dag.py:2429} INFO - Sync 2 DAGs
[2022-09-16T08:00:16.855+0000] {logging_mixin.py:115} INFO - [2022-09-16T08:00:16.855+0000] {dag.py:2981} INFO - Setting next_dagrun for example_xcom_args to None, run_after=None
[2022-09-16T08:00:16.855+0000] {logging_mixin.py:115} INFO - [2022-09-16T08:00:16.855+0000] {dag.py:2981} INFO - Setting next_dagrun for example_xcom_args_with_operators to None, run_after=None
[2022-09-16T08:00:16.867+0000] {processor.py:161} INFO - Processing /home/airflow/.local/lib/python3.7/site-packages/airflow/example_dags/example_xcomargs.py took 0.095 seconds
[2022-09-16T08:00:47.725+0000] {processor.py:153} INFO - Started process (PID=327) to work on /home/airflow/.local/lib/python3.7/site-packages/airflow/example_dags/example_xcomargs.py
[2022-09-16T08:00:47.725+0000] {processor.py:640} INFO - Processing file /home/airflow/.local/lib/python3.7/site-packages/airflow/example_dags/example_xcomargs.py for tasks to queue
[2022-09-16T08:00:47.726+0000] {logging_mixin.py:115} INFO - [2022-09-16T08:00:47.726+0000] {dagbag.py:508} INFO - Filling up the DagBag from /home/airflow/.local/lib/python3.7/site-packages/airflow/example_dags/example_xcomargs.py
[2022-09-16T08:00:47.741+0000] {processor.py:650} INFO - DAG(s) dict_keys(['example_xcom_args', 'example_xcom_args_with_operators']) retrieved from /home/airflow/.local/lib/python3.7/site-packages/airflow/example_dags/example_xcomargs.py
[2022-09-16T08:00:47.794+0000] {logging_mixin.py:115} INFO - [2022-09-16T08:00:47.793+0000] {dag.py:2429} INFO - Sync 2 DAGs
[2022-09-16T08:00:47.809+0000] {logging_mixin.py:115} INFO - [2022-09-16T08:00:47.808+0000] {dag.py:2981} INFO - Setting next_dagrun for example_xcom_args to None, run_after=None
[2022-09-16T08:00:47.809+0000] {logging_mixin.py:115} INFO - [2022-09-16T08:00:47.809+0000] {dag.py:2981} INFO - Setting next_dagrun for example_xcom_args_with_operators to None, run_after=None
[2022-09-16T08:00:47.820+0000] {processor.py:161} INFO - Processing /home/airflow/.local/lib/python3.7/site-packages/airflow/example_dags/example_xcomargs.py took 0.098 seconds
[2022-09-16T08:01:18.714+0000] {processor.py:153} INFO - Started process (PID=389) to work on /home/airflow/.local/lib/python3.7/site-packages/airflow/example_dags/example_xcomargs.py
[2022-09-16T08:01:18.715+0000] {processor.py:640} INFO - Processing file /home/airflow/.local/lib/python3.7/site-packages/airflow/example_dags/example_xcomargs.py for tasks to queue
[2022-09-16T08:01:18.715+0000] {logging_mixin.py:115} INFO - [2022-09-16T08:01:18.715+0000] {dagbag.py:508} INFO - Filling up the DagBag from /home/airflow/.local/lib/python3.7/site-packages/airflow/example_dags/example_xcomargs.py
[2022-09-16T08:01:18.731+0000] {processor.py:650} INFO - DAG(s) dict_keys(['example_xcom_args', 'example_xcom_args_with_operators']) retrieved from /home/airflow/.local/lib/python3.7/site-packages/airflow/example_dags/example_xcomargs.py
[2022-09-16T08:01:18.752+0000] {logging_mixin.py:115} INFO - [2022-09-16T08:01:18.752+0000] {dag.py:2429} INFO - Sync 2 DAGs
[2022-09-16T08:01:18.768+0000] {logging_mixin.py:115} INFO - [2022-09-16T08:01:18.768+0000] {dag.py:2981} INFO - Setting next_dagrun for example_xcom_args to None, run_after=None
[2022-09-16T08:01:18.768+0000] {logging_mixin.py:115} INFO - [2022-09-16T08:01:18.768+0000] {dag.py:2981} INFO - Setting next_dagrun for example_xcom_args_with_operators to None, run_after=None
[2022-09-16T08:01:18.777+0000] {processor.py:161} INFO - Processing /home/airflow/.local/lib/python3.7/site-packages/airflow/example_dags/example_xcomargs.py took 0.065 seconds
[2022-09-16T08:01:48.857+0000] {processor.py:153} INFO - Started process (PID=442) to work on /home/airflow/.local/lib/python3.7/site-packages/airflow/example_dags/example_xcomargs.py
[2022-09-16T08:01:48.858+0000] {processor.py:640} INFO - Processing file /home/airflow/.local/lib/python3.7/site-packages/airflow/example_dags/example_xcomargs.py for tasks to queue
[2022-09-16T08:01:48.859+0000] {logging_mixin.py:115} INFO - [2022-09-16T08:01:48.859+0000] {dagbag.py:508} INFO - Filling up the DagBag from /home/airflow/.local/lib/python3.7/site-packages/airflow/example_dags/example_xcomargs.py
[2022-09-16T08:01:48.873+0000] {processor.py:650} INFO - DAG(s) dict_keys(['example_xcom_args', 'example_xcom_args_with_operators']) retrieved from /home/airflow/.local/lib/python3.7/site-packages/airflow/example_dags/example_xcomargs.py
[2022-09-16T08:01:48.891+0000] {logging_mixin.py:115} INFO - [2022-09-16T08:01:48.891+0000] {dag.py:2429} INFO - Sync 2 DAGs
[2022-09-16T08:01:48.909+0000] {logging_mixin.py:115} INFO - [2022-09-16T08:01:48.909+0000] {dag.py:2981} INFO - Setting next_dagrun for example_xcom_args to None, run_after=None
[2022-09-16T08:01:48.909+0000] {logging_mixin.py:115} INFO - [2022-09-16T08:01:48.909+0000] {dag.py:2981} INFO - Setting next_dagrun for example_xcom_args_with_operators to None, run_after=None
[2022-09-16T08:01:48.919+0000] {processor.py:161} INFO - Processing /home/airflow/.local/lib/python3.7/site-packages/airflow/example_dags/example_xcomargs.py took 0.063 seconds
[2022-09-16T08:02:19.053+0000] {processor.py:153} INFO - Started process (PID=506) to work on /home/airflow/.local/lib/python3.7/site-packages/airflow/example_dags/example_xcomargs.py
[2022-09-16T08:02:19.054+0000] {processor.py:640} INFO - Processing file /home/airflow/.local/lib/python3.7/site-packages/airflow/example_dags/example_xcomargs.py for tasks to queue
[2022-09-16T08:02:19.055+0000] {logging_mixin.py:115} INFO - [2022-09-16T08:02:19.054+0000] {dagbag.py:508} INFO - Filling up the DagBag from /home/airflow/.local/lib/python3.7/site-packages/airflow/example_dags/example_xcomargs.py
[2022-09-16T08:02:19.069+0000] {processor.py:650} INFO - DAG(s) dict_keys(['example_xcom_args', 'example_xcom_args_with_operators']) retrieved from /home/airflow/.local/lib/python3.7/site-packages/airflow/example_dags/example_xcomargs.py
[2022-09-16T08:02:19.089+0000] {logging_mixin.py:115} INFO - [2022-09-16T08:02:19.089+0000] {dag.py:2429} INFO - Sync 2 DAGs
[2022-09-16T08:02:19.105+0000] {logging_mixin.py:115} INFO - [2022-09-16T08:02:19.105+0000] {dag.py:2981} INFO - Setting next_dagrun for example_xcom_args to None, run_after=None
[2022-09-16T08:02:19.105+0000] {logging_mixin.py:115} INFO - [2022-09-16T08:02:19.105+0000] {dag.py:2981} INFO - Setting next_dagrun for example_xcom_args_with_operators to None, run_after=None
[2022-09-16T08:02:19.114+0000] {processor.py:161} INFO - Processing /home/airflow/.local/lib/python3.7/site-packages/airflow/example_dags/example_xcomargs.py took 0.063 seconds
[2022-09-16T08:02:49.305+0000] {processor.py:153} INFO - Started process (PID=568) to work on /home/airflow/.local/lib/python3.7/site-packages/airflow/example_dags/example_xcomargs.py
[2022-09-16T08:02:49.306+0000] {processor.py:640} INFO - Processing file /home/airflow/.local/lib/python3.7/site-packages/airflow/example_dags/example_xcomargs.py for tasks to queue
[2022-09-16T08:02:49.306+0000] {logging_mixin.py:115} INFO - [2022-09-16T08:02:49.306+0000] {dagbag.py:508} INFO - Filling up the DagBag from /home/airflow/.local/lib/python3.7/site-packages/airflow/example_dags/example_xcomargs.py
[2022-09-16T08:02:49.321+0000] {processor.py:650} INFO - DAG(s) dict_keys(['example_xcom_args', 'example_xcom_args_with_operators']) retrieved from /home/airflow/.local/lib/python3.7/site-packages/airflow/example_dags/example_xcomargs.py
[2022-09-16T08:02:49.340+0000] {logging_mixin.py:115} INFO - [2022-09-16T08:02:49.339+0000] {dag.py:2429} INFO - Sync 2 DAGs
[2022-09-16T08:02:49.356+0000] {logging_mixin.py:115} INFO - [2022-09-16T08:02:49.355+0000] {dag.py:2981} INFO - Setting next_dagrun for example_xcom_args to None, run_after=None
[2022-09-16T08:02:49.356+0000] {logging_mixin.py:115} INFO - [2022-09-16T08:02:49.356+0000] {dag.py:2981} INFO - Setting next_dagrun for example_xcom_args_with_operators to None, run_after=None
[2022-09-16T08:02:49.365+0000] {processor.py:161} INFO - Processing /home/airflow/.local/lib/python3.7/site-packages/airflow/example_dags/example_xcomargs.py took 0.062 seconds
[2022-09-16T08:03:19.557+0000] {processor.py:153} INFO - Started process (PID=621) to work on /home/airflow/.local/lib/python3.7/site-packages/airflow/example_dags/example_xcomargs.py
[2022-09-16T08:03:19.557+0000] {processor.py:640} INFO - Processing file /home/airflow/.local/lib/python3.7/site-packages/airflow/example_dags/example_xcomargs.py for tasks to queue
[2022-09-16T08:03:19.558+0000] {logging_mixin.py:115} INFO - [2022-09-16T08:03:19.558+0000] {dagbag.py:508} INFO - Filling up the DagBag from /home/airflow/.local/lib/python3.7/site-packages/airflow/example_dags/example_xcomargs.py
[2022-09-16T08:03:19.572+0000] {processor.py:650} INFO - DAG(s) dict_keys(['example_xcom_args', 'example_xcom_args_with_operators']) retrieved from /home/airflow/.local/lib/python3.7/site-packages/airflow/example_dags/example_xcomargs.py
[2022-09-16T08:03:19.624+0000] {logging_mixin.py:115} INFO - [2022-09-16T08:03:19.624+0000] {dag.py:2429} INFO - Sync 2 DAGs
[2022-09-16T08:03:19.641+0000] {logging_mixin.py:115} INFO - [2022-09-16T08:03:19.641+0000] {dag.py:2981} INFO - Setting next_dagrun for example_xcom_args to None, run_after=None
[2022-09-16T08:03:19.641+0000] {logging_mixin.py:115} INFO - [2022-09-16T08:03:19.641+0000] {dag.py:2981} INFO - Setting next_dagrun for example_xcom_args_with_operators to None, run_after=None
[2022-09-16T08:03:19.653+0000] {processor.py:161} INFO - Processing /home/airflow/.local/lib/python3.7/site-packages/airflow/example_dags/example_xcomargs.py took 0.098 seconds
[2022-09-16T08:04:02.788+0000] {processor.py:153} INFO - Started process (PID=70) to work on /home/airflow/.local/lib/python3.7/site-packages/airflow/example_dags/example_xcomargs.py
[2022-09-16T08:04:02.789+0000] {processor.py:640} INFO - Processing file /home/airflow/.local/lib/python3.7/site-packages/airflow/example_dags/example_xcomargs.py for tasks to queue
[2022-09-16T08:04:02.790+0000] {logging_mixin.py:115} INFO - [2022-09-16T08:04:02.790+0000] {dagbag.py:508} INFO - Filling up the DagBag from /home/airflow/.local/lib/python3.7/site-packages/airflow/example_dags/example_xcomargs.py
[2022-09-16T08:04:02.810+0000] {processor.py:650} INFO - DAG(s) dict_keys(['example_xcom_args', 'example_xcom_args_with_operators']) retrieved from /home/airflow/.local/lib/python3.7/site-packages/airflow/example_dags/example_xcomargs.py
[2022-09-16T08:04:02.875+0000] {logging_mixin.py:115} INFO - [2022-09-16T08:04:02.875+0000] {dag.py:2429} INFO - Sync 2 DAGs
[2022-09-16T08:04:02.896+0000] {logging_mixin.py:115} INFO - [2022-09-16T08:04:02.896+0000] {dag.py:2981} INFO - Setting next_dagrun for example_xcom_args to None, run_after=None
[2022-09-16T08:04:02.896+0000] {logging_mixin.py:115} INFO - [2022-09-16T08:04:02.896+0000] {dag.py:2981} INFO - Setting next_dagrun for example_xcom_args_with_operators to None, run_after=None
[2022-09-16T08:04:02.908+0000] {processor.py:161} INFO - Processing /home/airflow/.local/lib/python3.7/site-packages/airflow/example_dags/example_xcomargs.py took 0.121 seconds
[2022-09-16T08:04:33.318+0000] {processor.py:153} INFO - Started process (PID=132) to work on /home/airflow/.local/lib/python3.7/site-packages/airflow/example_dags/example_xcomargs.py
[2022-09-16T08:04:33.319+0000] {processor.py:640} INFO - Processing file /home/airflow/.local/lib/python3.7/site-packages/airflow/example_dags/example_xcomargs.py for tasks to queue
[2022-09-16T08:04:33.320+0000] {logging_mixin.py:115} INFO - [2022-09-16T08:04:33.319+0000] {dagbag.py:508} INFO - Filling up the DagBag from /home/airflow/.local/lib/python3.7/site-packages/airflow/example_dags/example_xcomargs.py
[2022-09-16T08:04:33.336+0000] {processor.py:650} INFO - DAG(s) dict_keys(['example_xcom_args', 'example_xcom_args_with_operators']) retrieved from /home/airflow/.local/lib/python3.7/site-packages/airflow/example_dags/example_xcomargs.py
[2022-09-16T08:04:33.392+0000] {logging_mixin.py:115} INFO - [2022-09-16T08:04:33.392+0000] {dag.py:2429} INFO - Sync 2 DAGs
[2022-09-16T08:04:33.410+0000] {logging_mixin.py:115} INFO - [2022-09-16T08:04:33.410+0000] {dag.py:2981} INFO - Setting next_dagrun for example_xcom_args to None, run_after=None
[2022-09-16T08:04:33.410+0000] {logging_mixin.py:115} INFO - [2022-09-16T08:04:33.410+0000] {dag.py:2981} INFO - Setting next_dagrun for example_xcom_args_with_operators to None, run_after=None
[2022-09-16T08:04:33.422+0000] {processor.py:161} INFO - Processing /home/airflow/.local/lib/python3.7/site-packages/airflow/example_dags/example_xcomargs.py took 0.106 seconds
[2022-09-16T08:06:40.582+0000] {processor.py:153} INFO - Started process (PID=70) to work on /home/airflow/.local/lib/python3.7/site-packages/airflow/example_dags/example_xcomargs.py
[2022-09-16T08:06:40.583+0000] {processor.py:640} INFO - Processing file /home/airflow/.local/lib/python3.7/site-packages/airflow/example_dags/example_xcomargs.py for tasks to queue
[2022-09-16T08:06:40.583+0000] {logging_mixin.py:115} INFO - [2022-09-16T08:06:40.583+0000] {dagbag.py:508} INFO - Filling up the DagBag from /home/airflow/.local/lib/python3.7/site-packages/airflow/example_dags/example_xcomargs.py
[2022-09-16T08:06:40.605+0000] {processor.py:650} INFO - DAG(s) dict_keys(['example_xcom_args', 'example_xcom_args_with_operators']) retrieved from /home/airflow/.local/lib/python3.7/site-packages/airflow/example_dags/example_xcomargs.py
[2022-09-16T08:06:40.676+0000] {logging_mixin.py:115} INFO - [2022-09-16T08:06:40.676+0000] {dag.py:2429} INFO - Sync 2 DAGs
[2022-09-16T08:06:40.694+0000] {logging_mixin.py:115} INFO - [2022-09-16T08:06:40.694+0000] {dag.py:2981} INFO - Setting next_dagrun for example_xcom_args to None, run_after=None
[2022-09-16T08:06:40.694+0000] {logging_mixin.py:115} INFO - [2022-09-16T08:06:40.694+0000] {dag.py:2981} INFO - Setting next_dagrun for example_xcom_args_with_operators to None, run_after=None
[2022-09-16T08:06:40.706+0000] {processor.py:161} INFO - Processing /home/airflow/.local/lib/python3.7/site-packages/airflow/example_dags/example_xcomargs.py took 0.128 seconds
[2022-09-16T08:08:04.118+0000] {processor.py:153} INFO - Started process (PID=69) to work on /home/airflow/.local/lib/python3.7/site-packages/airflow/example_dags/example_xcomargs.py
[2022-09-16T08:08:04.119+0000] {processor.py:640} INFO - Processing file /home/airflow/.local/lib/python3.7/site-packages/airflow/example_dags/example_xcomargs.py for tasks to queue
[2022-09-16T08:08:04.120+0000] {logging_mixin.py:115} INFO - [2022-09-16T08:08:04.119+0000] {dagbag.py:508} INFO - Filling up the DagBag from /home/airflow/.local/lib/python3.7/site-packages/airflow/example_dags/example_xcomargs.py
[2022-09-16T08:08:04.139+0000] {processor.py:650} INFO - DAG(s) dict_keys(['example_xcom_args', 'example_xcom_args_with_operators']) retrieved from /home/airflow/.local/lib/python3.7/site-packages/airflow/example_dags/example_xcomargs.py
[2022-09-16T08:08:04.203+0000] {logging_mixin.py:115} INFO - [2022-09-16T08:08:04.203+0000] {dag.py:2429} INFO - Sync 2 DAGs
[2022-09-16T08:08:04.228+0000] {logging_mixin.py:115} INFO - [2022-09-16T08:08:04.228+0000] {dag.py:2981} INFO - Setting next_dagrun for example_xcom_args to None, run_after=None
[2022-09-16T08:08:04.229+0000] {logging_mixin.py:115} INFO - [2022-09-16T08:08:04.229+0000] {dag.py:2981} INFO - Setting next_dagrun for example_xcom_args_with_operators to None, run_after=None
[2022-09-16T08:08:04.246+0000] {processor.py:161} INFO - Processing /home/airflow/.local/lib/python3.7/site-packages/airflow/example_dags/example_xcomargs.py took 0.131 seconds
[2022-09-16T08:10:13.697+0000] {processor.py:153} INFO - Started process (PID=70) to work on /home/airflow/.local/lib/python3.7/site-packages/airflow/example_dags/example_xcomargs.py
[2022-09-16T08:10:13.698+0000] {processor.py:640} INFO - Processing file /home/airflow/.local/lib/python3.7/site-packages/airflow/example_dags/example_xcomargs.py for tasks to queue
[2022-09-16T08:10:13.699+0000] {logging_mixin.py:115} INFO - [2022-09-16T08:10:13.699+0000] {dagbag.py:508} INFO - Filling up the DagBag from /home/airflow/.local/lib/python3.7/site-packages/airflow/example_dags/example_xcomargs.py
[2022-09-16T08:10:13.715+0000] {processor.py:650} INFO - DAG(s) dict_keys(['example_xcom_args', 'example_xcom_args_with_operators']) retrieved from /home/airflow/.local/lib/python3.7/site-packages/airflow/example_dags/example_xcomargs.py
[2022-09-16T08:10:13.782+0000] {logging_mixin.py:115} INFO - [2022-09-16T08:10:13.782+0000] {dag.py:2429} INFO - Sync 2 DAGs
[2022-09-16T08:10:13.805+0000] {logging_mixin.py:115} INFO - [2022-09-16T08:10:13.805+0000] {dag.py:2981} INFO - Setting next_dagrun for example_xcom_args to None, run_after=None
[2022-09-16T08:10:13.805+0000] {logging_mixin.py:115} INFO - [2022-09-16T08:10:13.805+0000] {dag.py:2981} INFO - Setting next_dagrun for example_xcom_args_with_operators to None, run_after=None
[2022-09-16T08:10:13.817+0000] {processor.py:161} INFO - Processing /home/airflow/.local/lib/python3.7/site-packages/airflow/example_dags/example_xcomargs.py took 0.121 seconds
[2022-09-16T08:10:44.888+0000] {processor.py:153} INFO - Started process (PID=132) to work on /home/airflow/.local/lib/python3.7/site-packages/airflow/example_dags/example_xcomargs.py
[2022-09-16T08:10:44.889+0000] {processor.py:640} INFO - Processing file /home/airflow/.local/lib/python3.7/site-packages/airflow/example_dags/example_xcomargs.py for tasks to queue
[2022-09-16T08:10:44.890+0000] {logging_mixin.py:115} INFO - [2022-09-16T08:10:44.890+0000] {dagbag.py:508} INFO - Filling up the DagBag from /home/airflow/.local/lib/python3.7/site-packages/airflow/example_dags/example_xcomargs.py
[2022-09-16T08:10:44.906+0000] {processor.py:650} INFO - DAG(s) dict_keys(['example_xcom_args', 'example_xcom_args_with_operators']) retrieved from /home/airflow/.local/lib/python3.7/site-packages/airflow/example_dags/example_xcomargs.py
[2022-09-16T08:10:44.963+0000] {logging_mixin.py:115} INFO - [2022-09-16T08:10:44.963+0000] {dag.py:2429} INFO - Sync 2 DAGs
[2022-09-16T08:10:44.981+0000] {logging_mixin.py:115} INFO - [2022-09-16T08:10:44.981+0000] {dag.py:2981} INFO - Setting next_dagrun for example_xcom_args to None, run_after=None
[2022-09-16T08:10:44.981+0000] {logging_mixin.py:115} INFO - [2022-09-16T08:10:44.981+0000] {dag.py:2981} INFO - Setting next_dagrun for example_xcom_args_with_operators to None, run_after=None
[2022-09-16T08:10:44.992+0000] {processor.py:161} INFO - Processing /home/airflow/.local/lib/python3.7/site-packages/airflow/example_dags/example_xcomargs.py took 0.106 seconds
[2022-09-16T08:13:51.843+0000] {processor.py:153} INFO - Started process (PID=102) to work on /home/airflow/.local/lib/python3.7/site-packages/airflow/example_dags/example_xcomargs.py
[2022-09-16T08:13:51.843+0000] {processor.py:640} INFO - Processing file /home/airflow/.local/lib/python3.7/site-packages/airflow/example_dags/example_xcomargs.py for tasks to queue
[2022-09-16T08:13:51.844+0000] {logging_mixin.py:115} INFO - [2022-09-16T08:13:51.844+0000] {dagbag.py:508} INFO - Filling up the DagBag from /home/airflow/.local/lib/python3.7/site-packages/airflow/example_dags/example_xcomargs.py
[2022-09-16T08:13:51.862+0000] {processor.py:650} INFO - DAG(s) dict_keys(['example_xcom_args', 'example_xcom_args_with_operators']) retrieved from /home/airflow/.local/lib/python3.7/site-packages/airflow/example_dags/example_xcomargs.py
[2022-09-16T08:13:51.924+0000] {logging_mixin.py:115} INFO - [2022-09-16T08:13:51.924+0000] {dag.py:2429} INFO - Sync 2 DAGs
[2022-09-16T08:13:51.945+0000] {logging_mixin.py:115} INFO - [2022-09-16T08:13:51.945+0000] {dag.py:2981} INFO - Setting next_dagrun for example_xcom_args to None, run_after=None
[2022-09-16T08:13:51.946+0000] {logging_mixin.py:115} INFO - [2022-09-16T08:13:51.946+0000] {dag.py:2981} INFO - Setting next_dagrun for example_xcom_args_with_operators to None, run_after=None
[2022-09-16T08:13:51.960+0000] {processor.py:161} INFO - Processing /home/airflow/.local/lib/python3.7/site-packages/airflow/example_dags/example_xcomargs.py took 0.119 seconds
[2022-09-16T08:15:36.582+0000] {processor.py:153} INFO - Started process (PID=70) to work on /home/airflow/.local/lib/python3.7/site-packages/airflow/example_dags/example_xcomargs.py
[2022-09-16T08:15:36.583+0000] {processor.py:640} INFO - Processing file /home/airflow/.local/lib/python3.7/site-packages/airflow/example_dags/example_xcomargs.py for tasks to queue
[2022-09-16T08:15:36.584+0000] {logging_mixin.py:115} INFO - [2022-09-16T08:15:36.584+0000] {dagbag.py:508} INFO - Filling up the DagBag from /home/airflow/.local/lib/python3.7/site-packages/airflow/example_dags/example_xcomargs.py
[2022-09-16T08:15:36.599+0000] {processor.py:650} INFO - DAG(s) dict_keys(['example_xcom_args', 'example_xcom_args_with_operators']) retrieved from /home/airflow/.local/lib/python3.7/site-packages/airflow/example_dags/example_xcomargs.py
[2022-09-16T08:15:36.654+0000] {logging_mixin.py:115} INFO - [2022-09-16T08:15:36.654+0000] {dag.py:2429} INFO - Sync 2 DAGs
[2022-09-16T08:15:36.675+0000] {logging_mixin.py:115} INFO - [2022-09-16T08:15:36.674+0000] {dag.py:2981} INFO - Setting next_dagrun for example_xcom_args to None, run_after=None
[2022-09-16T08:15:36.675+0000] {logging_mixin.py:115} INFO - [2022-09-16T08:15:36.675+0000] {dag.py:2981} INFO - Setting next_dagrun for example_xcom_args_with_operators to None, run_after=None
[2022-09-16T08:15:36.686+0000] {processor.py:161} INFO - Processing /home/airflow/.local/lib/python3.7/site-packages/airflow/example_dags/example_xcomargs.py took 0.106 seconds
[2022-09-16T08:18:34.482+0000] {processor.py:153} INFO - Started process (PID=120) to work on /home/airflow/.local/lib/python3.7/site-packages/airflow/example_dags/example_xcomargs.py
[2022-09-16T08:18:34.483+0000] {processor.py:640} INFO - Processing file /home/airflow/.local/lib/python3.7/site-packages/airflow/example_dags/example_xcomargs.py for tasks to queue
[2022-09-16T08:18:34.483+0000] {logging_mixin.py:115} INFO - [2022-09-16T08:18:34.483+0000] {dagbag.py:508} INFO - Filling up the DagBag from /home/airflow/.local/lib/python3.7/site-packages/airflow/example_dags/example_xcomargs.py
[2022-09-16T08:18:34.499+0000] {processor.py:650} INFO - DAG(s) dict_keys(['example_xcom_args', 'example_xcom_args_with_operators']) retrieved from /home/airflow/.local/lib/python3.7/site-packages/airflow/example_dags/example_xcomargs.py
[2022-09-16T08:18:34.579+0000] {logging_mixin.py:115} INFO - [2022-09-16T08:18:34.579+0000] {dag.py:2429} INFO - Sync 2 DAGs
[2022-09-16T08:18:34.604+0000] {logging_mixin.py:115} INFO - [2022-09-16T08:18:34.604+0000] {dag.py:2981} INFO - Setting next_dagrun for example_xcom_args to None, run_after=None
[2022-09-16T08:18:34.604+0000] {logging_mixin.py:115} INFO - [2022-09-16T08:18:34.604+0000] {dag.py:2981} INFO - Setting next_dagrun for example_xcom_args_with_operators to None, run_after=None
[2022-09-16T08:18:34.620+0000] {processor.py:161} INFO - Processing /home/airflow/.local/lib/python3.7/site-packages/airflow/example_dags/example_xcomargs.py took 0.140 seconds
[2022-09-16T08:19:05.774+0000] {processor.py:153} INFO - Started process (PID=175) to work on /home/airflow/.local/lib/python3.7/site-packages/airflow/example_dags/example_xcomargs.py
[2022-09-16T08:19:05.774+0000] {processor.py:640} INFO - Processing file /home/airflow/.local/lib/python3.7/site-packages/airflow/example_dags/example_xcomargs.py for tasks to queue
[2022-09-16T08:19:05.775+0000] {logging_mixin.py:115} INFO - [2022-09-16T08:19:05.775+0000] {dagbag.py:508} INFO - Filling up the DagBag from /home/airflow/.local/lib/python3.7/site-packages/airflow/example_dags/example_xcomargs.py
[2022-09-16T08:19:05.789+0000] {processor.py:650} INFO - DAG(s) dict_keys(['example_xcom_args', 'example_xcom_args_with_operators']) retrieved from /home/airflow/.local/lib/python3.7/site-packages/airflow/example_dags/example_xcomargs.py
[2022-09-16T08:19:05.809+0000] {logging_mixin.py:115} INFO - [2022-09-16T08:19:05.809+0000] {dag.py:2429} INFO - Sync 2 DAGs
[2022-09-16T08:19:05.829+0000] {logging_mixin.py:115} INFO - [2022-09-16T08:19:05.828+0000] {dag.py:2981} INFO - Setting next_dagrun for example_xcom_args to None, run_after=None
[2022-09-16T08:19:05.829+0000] {logging_mixin.py:115} INFO - [2022-09-16T08:19:05.829+0000] {dag.py:2981} INFO - Setting next_dagrun for example_xcom_args_with_operators to None, run_after=None
[2022-09-16T08:19:05.840+0000] {processor.py:161} INFO - Processing /home/airflow/.local/lib/python3.7/site-packages/airflow/example_dags/example_xcomargs.py took 0.068 seconds
