[2022-09-16T07:52:53.397+0000] {processor.py:153} INFO - Started process (PID=78) to work on /home/airflow/.local/lib/python3.7/site-packages/airflow/example_dags/example_branch_operator_decorator.py
[2022-09-16T07:52:53.398+0000] {processor.py:640} INFO - Processing file /home/airflow/.local/lib/python3.7/site-packages/airflow/example_dags/example_branch_operator_decorator.py for tasks to queue
[2022-09-16T07:52:53.399+0000] {logging_mixin.py:115} INFO - [2022-09-16T07:52:53.399+0000] {dagbag.py:508} INFO - Filling up the DagBag from /home/airflow/.local/lib/python3.7/site-packages/airflow/example_dags/example_branch_operator_decorator.py
[2022-09-16T07:52:53.418+0000] {processor.py:650} INFO - DAG(s) dict_keys(['example_branch_python_operator_decorator']) retrieved from /home/airflow/.local/lib/python3.7/site-packages/airflow/example_dags/example_branch_operator_decorator.py
[2022-09-16T07:52:53.443+0000] {logging_mixin.py:115} INFO - [2022-09-16T07:52:53.443+0000] {dag.py:2429} INFO - Sync 1 DAGs
[2022-09-16T07:52:53.475+0000] {logging_mixin.py:115} INFO - [2022-09-16T07:52:53.475+0000] {dag.py:2981} INFO - Setting next_dagrun for example_branch_python_operator_decorator to 2022-09-15T00:00:00+00:00, run_after=2022-09-16T00:00:00+00:00
[2022-09-16T07:52:53.490+0000] {processor.py:161} INFO - Processing /home/airflow/.local/lib/python3.7/site-packages/airflow/example_dags/example_branch_operator_decorator.py took 0.095 seconds
[2022-09-16T07:53:24.092+0000] {processor.py:153} INFO - Started process (PID=134) to work on /home/airflow/.local/lib/python3.7/site-packages/airflow/example_dags/example_branch_operator_decorator.py
[2022-09-16T07:53:24.093+0000] {processor.py:640} INFO - Processing file /home/airflow/.local/lib/python3.7/site-packages/airflow/example_dags/example_branch_operator_decorator.py for tasks to queue
[2022-09-16T07:53:24.093+0000] {logging_mixin.py:115} INFO - [2022-09-16T07:53:24.093+0000] {dagbag.py:508} INFO - Filling up the DagBag from /home/airflow/.local/lib/python3.7/site-packages/airflow/example_dags/example_branch_operator_decorator.py
[2022-09-16T07:53:24.108+0000] {processor.py:650} INFO - DAG(s) dict_keys(['example_branch_python_operator_decorator']) retrieved from /home/airflow/.local/lib/python3.7/site-packages/airflow/example_dags/example_branch_operator_decorator.py
[2022-09-16T07:53:24.125+0000] {logging_mixin.py:115} INFO - [2022-09-16T07:53:24.125+0000] {dag.py:2429} INFO - Sync 1 DAGs
[2022-09-16T07:53:24.142+0000] {logging_mixin.py:115} INFO - [2022-09-16T07:53:24.142+0000] {dag.py:2981} INFO - Setting next_dagrun for example_branch_python_operator_decorator to 2022-09-15T00:00:00+00:00, run_after=2022-09-16T00:00:00+00:00
[2022-09-16T07:53:24.150+0000] {processor.py:161} INFO - Processing /home/airflow/.local/lib/python3.7/site-packages/airflow/example_dags/example_branch_operator_decorator.py took 0.060 seconds
[2022-09-16T07:53:54.675+0000] {processor.py:153} INFO - Started process (PID=196) to work on /home/airflow/.local/lib/python3.7/site-packages/airflow/example_dags/example_branch_operator_decorator.py
[2022-09-16T07:53:54.676+0000] {processor.py:640} INFO - Processing file /home/airflow/.local/lib/python3.7/site-packages/airflow/example_dags/example_branch_operator_decorator.py for tasks to queue
[2022-09-16T07:53:54.677+0000] {logging_mixin.py:115} INFO - [2022-09-16T07:53:54.676+0000] {dagbag.py:508} INFO - Filling up the DagBag from /home/airflow/.local/lib/python3.7/site-packages/airflow/example_dags/example_branch_operator_decorator.py
[2022-09-16T07:53:54.692+0000] {processor.py:650} INFO - DAG(s) dict_keys(['example_branch_python_operator_decorator']) retrieved from /home/airflow/.local/lib/python3.7/site-packages/airflow/example_dags/example_branch_operator_decorator.py
[2022-09-16T07:53:54.710+0000] {logging_mixin.py:115} INFO - [2022-09-16T07:53:54.709+0000] {dag.py:2429} INFO - Sync 1 DAGs
[2022-09-16T07:53:54.727+0000] {logging_mixin.py:115} INFO - [2022-09-16T07:53:54.727+0000] {dag.py:2981} INFO - Setting next_dagrun for example_branch_python_operator_decorator to 2022-09-15T00:00:00+00:00, run_after=2022-09-16T00:00:00+00:00
[2022-09-16T07:53:54.736+0000] {processor.py:161} INFO - Processing /home/airflow/.local/lib/python3.7/site-packages/airflow/example_dags/example_branch_operator_decorator.py took 0.062 seconds
[2022-09-16T07:54:25.644+0000] {processor.py:153} INFO - Started process (PID=258) to work on /home/airflow/.local/lib/python3.7/site-packages/airflow/example_dags/example_branch_operator_decorator.py
[2022-09-16T07:54:25.644+0000] {processor.py:640} INFO - Processing file /home/airflow/.local/lib/python3.7/site-packages/airflow/example_dags/example_branch_operator_decorator.py for tasks to queue
[2022-09-16T07:54:25.645+0000] {logging_mixin.py:115} INFO - [2022-09-16T07:54:25.645+0000] {dagbag.py:508} INFO - Filling up the DagBag from /home/airflow/.local/lib/python3.7/site-packages/airflow/example_dags/example_branch_operator_decorator.py
[2022-09-16T07:54:25.661+0000] {processor.py:650} INFO - DAG(s) dict_keys(['example_branch_python_operator_decorator']) retrieved from /home/airflow/.local/lib/python3.7/site-packages/airflow/example_dags/example_branch_operator_decorator.py
[2022-09-16T07:54:25.684+0000] {logging_mixin.py:115} INFO - [2022-09-16T07:54:25.683+0000] {dag.py:2429} INFO - Sync 1 DAGs
[2022-09-16T07:54:25.703+0000] {logging_mixin.py:115} INFO - [2022-09-16T07:54:25.703+0000] {dag.py:2981} INFO - Setting next_dagrun for example_branch_python_operator_decorator to 2022-09-15T00:00:00+00:00, run_after=2022-09-16T00:00:00+00:00
[2022-09-16T07:54:25.713+0000] {processor.py:161} INFO - Processing /home/airflow/.local/lib/python3.7/site-packages/airflow/example_dags/example_branch_operator_decorator.py took 0.071 seconds
[2022-09-16T07:54:56.495+0000] {processor.py:153} INFO - Started process (PID=311) to work on /home/airflow/.local/lib/python3.7/site-packages/airflow/example_dags/example_branch_operator_decorator.py
[2022-09-16T07:54:56.496+0000] {processor.py:640} INFO - Processing file /home/airflow/.local/lib/python3.7/site-packages/airflow/example_dags/example_branch_operator_decorator.py for tasks to queue
[2022-09-16T07:54:56.496+0000] {logging_mixin.py:115} INFO - [2022-09-16T07:54:56.496+0000] {dagbag.py:508} INFO - Filling up the DagBag from /home/airflow/.local/lib/python3.7/site-packages/airflow/example_dags/example_branch_operator_decorator.py
[2022-09-16T07:54:56.517+0000] {processor.py:650} INFO - DAG(s) dict_keys(['example_branch_python_operator_decorator']) retrieved from /home/airflow/.local/lib/python3.7/site-packages/airflow/example_dags/example_branch_operator_decorator.py
[2022-09-16T07:54:56.534+0000] {logging_mixin.py:115} INFO - [2022-09-16T07:54:56.534+0000] {dag.py:2429} INFO - Sync 1 DAGs
[2022-09-16T07:54:56.551+0000] {logging_mixin.py:115} INFO - [2022-09-16T07:54:56.551+0000] {dag.py:2981} INFO - Setting next_dagrun for example_branch_python_operator_decorator to 2022-09-15T00:00:00+00:00, run_after=2022-09-16T00:00:00+00:00
[2022-09-16T07:54:56.564+0000] {processor.py:161} INFO - Processing /home/airflow/.local/lib/python3.7/site-packages/airflow/example_dags/example_branch_operator_decorator.py took 0.071 seconds
[2022-09-16T07:55:27.162+0000] {processor.py:153} INFO - Started process (PID=373) to work on /home/airflow/.local/lib/python3.7/site-packages/airflow/example_dags/example_branch_operator_decorator.py
[2022-09-16T07:55:27.163+0000] {processor.py:640} INFO - Processing file /home/airflow/.local/lib/python3.7/site-packages/airflow/example_dags/example_branch_operator_decorator.py for tasks to queue
[2022-09-16T07:55:27.163+0000] {logging_mixin.py:115} INFO - [2022-09-16T07:55:27.163+0000] {dagbag.py:508} INFO - Filling up the DagBag from /home/airflow/.local/lib/python3.7/site-packages/airflow/example_dags/example_branch_operator_decorator.py
[2022-09-16T07:55:27.178+0000] {processor.py:650} INFO - DAG(s) dict_keys(['example_branch_python_operator_decorator']) retrieved from /home/airflow/.local/lib/python3.7/site-packages/airflow/example_dags/example_branch_operator_decorator.py
[2022-09-16T07:55:27.196+0000] {logging_mixin.py:115} INFO - [2022-09-16T07:55:27.196+0000] {dag.py:2429} INFO - Sync 1 DAGs
[2022-09-16T07:55:27.217+0000] {logging_mixin.py:115} INFO - [2022-09-16T07:55:27.217+0000] {dag.py:2981} INFO - Setting next_dagrun for example_branch_python_operator_decorator to 2022-09-15T00:00:00+00:00, run_after=2022-09-16T00:00:00+00:00
[2022-09-16T07:55:27.228+0000] {processor.py:161} INFO - Processing /home/airflow/.local/lib/python3.7/site-packages/airflow/example_dags/example_branch_operator_decorator.py took 0.067 seconds
[2022-09-16T07:55:57.829+0000] {processor.py:153} INFO - Started process (PID=435) to work on /home/airflow/.local/lib/python3.7/site-packages/airflow/example_dags/example_branch_operator_decorator.py
[2022-09-16T07:55:57.830+0000] {processor.py:640} INFO - Processing file /home/airflow/.local/lib/python3.7/site-packages/airflow/example_dags/example_branch_operator_decorator.py for tasks to queue
[2022-09-16T07:55:57.830+0000] {logging_mixin.py:115} INFO - [2022-09-16T07:55:57.830+0000] {dagbag.py:508} INFO - Filling up the DagBag from /home/airflow/.local/lib/python3.7/site-packages/airflow/example_dags/example_branch_operator_decorator.py
[2022-09-16T07:55:57.847+0000] {processor.py:650} INFO - DAG(s) dict_keys(['example_branch_python_operator_decorator']) retrieved from /home/airflow/.local/lib/python3.7/site-packages/airflow/example_dags/example_branch_operator_decorator.py
[2022-09-16T07:55:57.864+0000] {logging_mixin.py:115} INFO - [2022-09-16T07:55:57.864+0000] {dag.py:2429} INFO - Sync 1 DAGs
[2022-09-16T07:55:57.881+0000] {logging_mixin.py:115} INFO - [2022-09-16T07:55:57.881+0000] {dag.py:2981} INFO - Setting next_dagrun for example_branch_python_operator_decorator to 2022-09-15T00:00:00+00:00, run_after=2022-09-16T00:00:00+00:00
[2022-09-16T07:55:57.890+0000] {processor.py:161} INFO - Processing /home/airflow/.local/lib/python3.7/site-packages/airflow/example_dags/example_branch_operator_decorator.py took 0.063 seconds
[2022-09-16T07:56:28.497+0000] {processor.py:153} INFO - Started process (PID=496) to work on /home/airflow/.local/lib/python3.7/site-packages/airflow/example_dags/example_branch_operator_decorator.py
[2022-09-16T07:56:28.498+0000] {processor.py:640} INFO - Processing file /home/airflow/.local/lib/python3.7/site-packages/airflow/example_dags/example_branch_operator_decorator.py for tasks to queue
[2022-09-16T07:56:28.498+0000] {logging_mixin.py:115} INFO - [2022-09-16T07:56:28.498+0000] {dagbag.py:508} INFO - Filling up the DagBag from /home/airflow/.local/lib/python3.7/site-packages/airflow/example_dags/example_branch_operator_decorator.py
[2022-09-16T07:56:28.516+0000] {processor.py:650} INFO - DAG(s) dict_keys(['example_branch_python_operator_decorator']) retrieved from /home/airflow/.local/lib/python3.7/site-packages/airflow/example_dags/example_branch_operator_decorator.py
[2022-09-16T07:56:28.536+0000] {logging_mixin.py:115} INFO - [2022-09-16T07:56:28.536+0000] {dag.py:2429} INFO - Sync 1 DAGs
[2022-09-16T07:56:28.561+0000] {logging_mixin.py:115} INFO - [2022-09-16T07:56:28.561+0000] {dag.py:2981} INFO - Setting next_dagrun for example_branch_python_operator_decorator to 2022-09-15T00:00:00+00:00, run_after=2022-09-16T00:00:00+00:00
[2022-09-16T07:56:28.572+0000] {processor.py:161} INFO - Processing /home/airflow/.local/lib/python3.7/site-packages/airflow/example_dags/example_branch_operator_decorator.py took 0.077 seconds
[2022-09-16T07:56:59.068+0000] {processor.py:153} INFO - Started process (PID=549) to work on /home/airflow/.local/lib/python3.7/site-packages/airflow/example_dags/example_branch_operator_decorator.py
[2022-09-16T07:56:59.069+0000] {processor.py:640} INFO - Processing file /home/airflow/.local/lib/python3.7/site-packages/airflow/example_dags/example_branch_operator_decorator.py for tasks to queue
[2022-09-16T07:56:59.069+0000] {logging_mixin.py:115} INFO - [2022-09-16T07:56:59.069+0000] {dagbag.py:508} INFO - Filling up the DagBag from /home/airflow/.local/lib/python3.7/site-packages/airflow/example_dags/example_branch_operator_decorator.py
[2022-09-16T07:56:59.085+0000] {processor.py:650} INFO - DAG(s) dict_keys(['example_branch_python_operator_decorator']) retrieved from /home/airflow/.local/lib/python3.7/site-packages/airflow/example_dags/example_branch_operator_decorator.py
[2022-09-16T07:56:59.102+0000] {logging_mixin.py:115} INFO - [2022-09-16T07:56:59.102+0000] {dag.py:2429} INFO - Sync 1 DAGs
[2022-09-16T07:56:59.121+0000] {logging_mixin.py:115} INFO - [2022-09-16T07:56:59.121+0000] {dag.py:2981} INFO - Setting next_dagrun for example_branch_python_operator_decorator to 2022-09-15T00:00:00+00:00, run_after=2022-09-16T00:00:00+00:00
[2022-09-16T07:56:59.130+0000] {processor.py:161} INFO - Processing /home/airflow/.local/lib/python3.7/site-packages/airflow/example_dags/example_branch_operator_decorator.py took 0.064 seconds
[2022-09-16T07:57:29.606+0000] {processor.py:153} INFO - Started process (PID=611) to work on /home/airflow/.local/lib/python3.7/site-packages/airflow/example_dags/example_branch_operator_decorator.py
[2022-09-16T07:57:29.607+0000] {processor.py:640} INFO - Processing file /home/airflow/.local/lib/python3.7/site-packages/airflow/example_dags/example_branch_operator_decorator.py for tasks to queue
[2022-09-16T07:57:29.607+0000] {logging_mixin.py:115} INFO - [2022-09-16T07:57:29.607+0000] {dagbag.py:508} INFO - Filling up the DagBag from /home/airflow/.local/lib/python3.7/site-packages/airflow/example_dags/example_branch_operator_decorator.py
[2022-09-16T07:57:29.622+0000] {processor.py:650} INFO - DAG(s) dict_keys(['example_branch_python_operator_decorator']) retrieved from /home/airflow/.local/lib/python3.7/site-packages/airflow/example_dags/example_branch_operator_decorator.py
[2022-09-16T07:57:29.639+0000] {logging_mixin.py:115} INFO - [2022-09-16T07:57:29.639+0000] {dag.py:2429} INFO - Sync 1 DAGs
[2022-09-16T07:57:29.661+0000] {logging_mixin.py:115} INFO - [2022-09-16T07:57:29.661+0000] {dag.py:2981} INFO - Setting next_dagrun for example_branch_python_operator_decorator to 2022-09-15T00:00:00+00:00, run_after=2022-09-16T00:00:00+00:00
[2022-09-16T07:57:29.671+0000] {processor.py:161} INFO - Processing /home/airflow/.local/lib/python3.7/site-packages/airflow/example_dags/example_branch_operator_decorator.py took 0.067 seconds
[2022-09-16T07:58:44.830+0000] {processor.py:153} INFO - Started process (PID=105) to work on /home/airflow/.local/lib/python3.7/site-packages/airflow/example_dags/example_branch_operator_decorator.py
[2022-09-16T07:58:44.831+0000] {processor.py:640} INFO - Processing file /home/airflow/.local/lib/python3.7/site-packages/airflow/example_dags/example_branch_operator_decorator.py for tasks to queue
[2022-09-16T07:58:44.831+0000] {logging_mixin.py:115} INFO - [2022-09-16T07:58:44.831+0000] {dagbag.py:508} INFO - Filling up the DagBag from /home/airflow/.local/lib/python3.7/site-packages/airflow/example_dags/example_branch_operator_decorator.py
[2022-09-16T07:58:44.848+0000] {processor.py:650} INFO - DAG(s) dict_keys(['example_branch_python_operator_decorator']) retrieved from /home/airflow/.local/lib/python3.7/site-packages/airflow/example_dags/example_branch_operator_decorator.py
[2022-09-16T07:58:44.865+0000] {logging_mixin.py:115} INFO - [2022-09-16T07:58:44.865+0000] {dag.py:2429} INFO - Sync 1 DAGs
[2022-09-16T07:58:44.885+0000] {logging_mixin.py:115} INFO - [2022-09-16T07:58:44.884+0000] {dag.py:2981} INFO - Setting next_dagrun for example_branch_python_operator_decorator to 2022-09-15T00:00:00+00:00, run_after=2022-09-16T00:00:00+00:00
[2022-09-16T07:58:44.895+0000] {processor.py:161} INFO - Processing /home/airflow/.local/lib/python3.7/site-packages/airflow/example_dags/example_branch_operator_decorator.py took 0.068 seconds
[2022-09-16T07:59:15.889+0000] {processor.py:153} INFO - Started process (PID=167) to work on /home/airflow/.local/lib/python3.7/site-packages/airflow/example_dags/example_branch_operator_decorator.py
[2022-09-16T07:59:15.890+0000] {processor.py:640} INFO - Processing file /home/airflow/.local/lib/python3.7/site-packages/airflow/example_dags/example_branch_operator_decorator.py for tasks to queue
[2022-09-16T07:59:15.890+0000] {logging_mixin.py:115} INFO - [2022-09-16T07:59:15.890+0000] {dagbag.py:508} INFO - Filling up the DagBag from /home/airflow/.local/lib/python3.7/site-packages/airflow/example_dags/example_branch_operator_decorator.py
[2022-09-16T07:59:15.906+0000] {processor.py:650} INFO - DAG(s) dict_keys(['example_branch_python_operator_decorator']) retrieved from /home/airflow/.local/lib/python3.7/site-packages/airflow/example_dags/example_branch_operator_decorator.py
[2022-09-16T07:59:15.923+0000] {logging_mixin.py:115} INFO - [2022-09-16T07:59:15.923+0000] {dag.py:2429} INFO - Sync 1 DAGs
[2022-09-16T07:59:15.943+0000] {logging_mixin.py:115} INFO - [2022-09-16T07:59:15.942+0000] {dag.py:2981} INFO - Setting next_dagrun for example_branch_python_operator_decorator to 2022-09-15T00:00:00+00:00, run_after=2022-09-16T00:00:00+00:00
[2022-09-16T07:59:15.952+0000] {processor.py:161} INFO - Processing /home/airflow/.local/lib/python3.7/site-packages/airflow/example_dags/example_branch_operator_decorator.py took 0.064 seconds
[2022-09-16T07:59:46.681+0000] {processor.py:153} INFO - Started process (PID=220) to work on /home/airflow/.local/lib/python3.7/site-packages/airflow/example_dags/example_branch_operator_decorator.py
[2022-09-16T07:59:46.681+0000] {processor.py:640} INFO - Processing file /home/airflow/.local/lib/python3.7/site-packages/airflow/example_dags/example_branch_operator_decorator.py for tasks to queue
[2022-09-16T07:59:46.682+0000] {logging_mixin.py:115} INFO - [2022-09-16T07:59:46.681+0000] {dagbag.py:508} INFO - Filling up the DagBag from /home/airflow/.local/lib/python3.7/site-packages/airflow/example_dags/example_branch_operator_decorator.py
[2022-09-16T07:59:46.697+0000] {processor.py:650} INFO - DAG(s) dict_keys(['example_branch_python_operator_decorator']) retrieved from /home/airflow/.local/lib/python3.7/site-packages/airflow/example_dags/example_branch_operator_decorator.py
[2022-09-16T07:59:46.714+0000] {logging_mixin.py:115} INFO - [2022-09-16T07:59:46.714+0000] {dag.py:2429} INFO - Sync 1 DAGs
[2022-09-16T07:59:46.731+0000] {logging_mixin.py:115} INFO - [2022-09-16T07:59:46.731+0000] {dag.py:2981} INFO - Setting next_dagrun for example_branch_python_operator_decorator to 2022-09-15T00:00:00+00:00, run_after=2022-09-16T00:00:00+00:00
[2022-09-16T07:59:46.740+0000] {processor.py:161} INFO - Processing /home/airflow/.local/lib/python3.7/site-packages/airflow/example_dags/example_branch_operator_decorator.py took 0.062 seconds
[2022-09-16T08:00:17.584+0000] {processor.py:153} INFO - Started process (PID=282) to work on /home/airflow/.local/lib/python3.7/site-packages/airflow/example_dags/example_branch_operator_decorator.py
[2022-09-16T08:00:17.585+0000] {processor.py:640} INFO - Processing file /home/airflow/.local/lib/python3.7/site-packages/airflow/example_dags/example_branch_operator_decorator.py for tasks to queue
[2022-09-16T08:00:17.585+0000] {logging_mixin.py:115} INFO - [2022-09-16T08:00:17.585+0000] {dagbag.py:508} INFO - Filling up the DagBag from /home/airflow/.local/lib/python3.7/site-packages/airflow/example_dags/example_branch_operator_decorator.py
[2022-09-16T08:00:17.603+0000] {processor.py:650} INFO - DAG(s) dict_keys(['example_branch_python_operator_decorator']) retrieved from /home/airflow/.local/lib/python3.7/site-packages/airflow/example_dags/example_branch_operator_decorator.py
[2022-09-16T08:00:17.621+0000] {logging_mixin.py:115} INFO - [2022-09-16T08:00:17.621+0000] {dag.py:2429} INFO - Sync 1 DAGs
[2022-09-16T08:00:17.639+0000] {logging_mixin.py:115} INFO - [2022-09-16T08:00:17.639+0000] {dag.py:2981} INFO - Setting next_dagrun for example_branch_python_operator_decorator to 2022-09-15T00:00:00+00:00, run_after=2022-09-16T00:00:00+00:00
[2022-09-16T08:00:17.648+0000] {processor.py:161} INFO - Processing /home/airflow/.local/lib/python3.7/site-packages/airflow/example_dags/example_branch_operator_decorator.py took 0.066 seconds
[2022-09-16T08:00:48.690+0000] {processor.py:153} INFO - Started process (PID=344) to work on /home/airflow/.local/lib/python3.7/site-packages/airflow/example_dags/example_branch_operator_decorator.py
[2022-09-16T08:00:48.692+0000] {processor.py:640} INFO - Processing file /home/airflow/.local/lib/python3.7/site-packages/airflow/example_dags/example_branch_operator_decorator.py for tasks to queue
[2022-09-16T08:00:48.692+0000] {logging_mixin.py:115} INFO - [2022-09-16T08:00:48.692+0000] {dagbag.py:508} INFO - Filling up the DagBag from /home/airflow/.local/lib/python3.7/site-packages/airflow/example_dags/example_branch_operator_decorator.py
[2022-09-16T08:00:48.722+0000] {processor.py:650} INFO - DAG(s) dict_keys(['example_branch_python_operator_decorator']) retrieved from /home/airflow/.local/lib/python3.7/site-packages/airflow/example_dags/example_branch_operator_decorator.py
[2022-09-16T08:00:48.754+0000] {logging_mixin.py:115} INFO - [2022-09-16T08:00:48.753+0000] {dag.py:2429} INFO - Sync 1 DAGs
[2022-09-16T08:00:48.784+0000] {logging_mixin.py:115} INFO - [2022-09-16T08:00:48.784+0000] {dag.py:2981} INFO - Setting next_dagrun for example_branch_python_operator_decorator to 2022-09-15T00:00:00+00:00, run_after=2022-09-16T00:00:00+00:00
[2022-09-16T08:00:48.805+0000] {processor.py:161} INFO - Processing /home/airflow/.local/lib/python3.7/site-packages/airflow/example_dags/example_branch_operator_decorator.py took 0.118 seconds
[2022-09-16T08:01:19.501+0000] {processor.py:153} INFO - Started process (PID=406) to work on /home/airflow/.local/lib/python3.7/site-packages/airflow/example_dags/example_branch_operator_decorator.py
[2022-09-16T08:01:19.502+0000] {processor.py:640} INFO - Processing file /home/airflow/.local/lib/python3.7/site-packages/airflow/example_dags/example_branch_operator_decorator.py for tasks to queue
[2022-09-16T08:01:19.502+0000] {logging_mixin.py:115} INFO - [2022-09-16T08:01:19.502+0000] {dagbag.py:508} INFO - Filling up the DagBag from /home/airflow/.local/lib/python3.7/site-packages/airflow/example_dags/example_branch_operator_decorator.py
[2022-09-16T08:01:19.518+0000] {processor.py:650} INFO - DAG(s) dict_keys(['example_branch_python_operator_decorator']) retrieved from /home/airflow/.local/lib/python3.7/site-packages/airflow/example_dags/example_branch_operator_decorator.py
[2022-09-16T08:01:19.535+0000] {logging_mixin.py:115} INFO - [2022-09-16T08:01:19.535+0000] {dag.py:2429} INFO - Sync 1 DAGs
[2022-09-16T08:01:19.554+0000] {logging_mixin.py:115} INFO - [2022-09-16T08:01:19.554+0000] {dag.py:2981} INFO - Setting next_dagrun for example_branch_python_operator_decorator to 2022-09-15T00:00:00+00:00, run_after=2022-09-16T00:00:00+00:00
[2022-09-16T08:01:19.563+0000] {processor.py:161} INFO - Processing /home/airflow/.local/lib/python3.7/site-packages/airflow/example_dags/example_branch_operator_decorator.py took 0.064 seconds
[2022-09-16T08:01:50.634+0000] {processor.py:153} INFO - Started process (PID=459) to work on /home/airflow/.local/lib/python3.7/site-packages/airflow/example_dags/example_branch_operator_decorator.py
[2022-09-16T08:01:50.635+0000] {processor.py:640} INFO - Processing file /home/airflow/.local/lib/python3.7/site-packages/airflow/example_dags/example_branch_operator_decorator.py for tasks to queue
[2022-09-16T08:01:50.635+0000] {logging_mixin.py:115} INFO - [2022-09-16T08:01:50.635+0000] {dagbag.py:508} INFO - Filling up the DagBag from /home/airflow/.local/lib/python3.7/site-packages/airflow/example_dags/example_branch_operator_decorator.py
[2022-09-16T08:01:50.651+0000] {processor.py:650} INFO - DAG(s) dict_keys(['example_branch_python_operator_decorator']) retrieved from /home/airflow/.local/lib/python3.7/site-packages/airflow/example_dags/example_branch_operator_decorator.py
[2022-09-16T08:01:50.668+0000] {logging_mixin.py:115} INFO - [2022-09-16T08:01:50.668+0000] {dag.py:2429} INFO - Sync 1 DAGs
[2022-09-16T08:01:50.685+0000] {logging_mixin.py:115} INFO - [2022-09-16T08:01:50.685+0000] {dag.py:2981} INFO - Setting next_dagrun for example_branch_python_operator_decorator to 2022-09-15T00:00:00+00:00, run_after=2022-09-16T00:00:00+00:00
[2022-09-16T08:01:50.695+0000] {processor.py:161} INFO - Processing /home/airflow/.local/lib/python3.7/site-packages/airflow/example_dags/example_branch_operator_decorator.py took 0.063 seconds
[2022-09-16T08:02:20.974+0000] {processor.py:153} INFO - Started process (PID=523) to work on /home/airflow/.local/lib/python3.7/site-packages/airflow/example_dags/example_branch_operator_decorator.py
[2022-09-16T08:02:20.975+0000] {processor.py:640} INFO - Processing file /home/airflow/.local/lib/python3.7/site-packages/airflow/example_dags/example_branch_operator_decorator.py for tasks to queue
[2022-09-16T08:02:20.975+0000] {logging_mixin.py:115} INFO - [2022-09-16T08:02:20.975+0000] {dagbag.py:508} INFO - Filling up the DagBag from /home/airflow/.local/lib/python3.7/site-packages/airflow/example_dags/example_branch_operator_decorator.py
[2022-09-16T08:02:20.991+0000] {processor.py:650} INFO - DAG(s) dict_keys(['example_branch_python_operator_decorator']) retrieved from /home/airflow/.local/lib/python3.7/site-packages/airflow/example_dags/example_branch_operator_decorator.py
[2022-09-16T08:02:21.010+0000] {logging_mixin.py:115} INFO - [2022-09-16T08:02:21.010+0000] {dag.py:2429} INFO - Sync 1 DAGs
[2022-09-16T08:02:21.029+0000] {logging_mixin.py:115} INFO - [2022-09-16T08:02:21.028+0000] {dag.py:2981} INFO - Setting next_dagrun for example_branch_python_operator_decorator to 2022-09-15T00:00:00+00:00, run_after=2022-09-16T00:00:00+00:00
[2022-09-16T08:02:21.038+0000] {processor.py:161} INFO - Processing /home/airflow/.local/lib/python3.7/site-packages/airflow/example_dags/example_branch_operator_decorator.py took 0.065 seconds
[2022-09-16T08:02:51.152+0000] {processor.py:153} INFO - Started process (PID=585) to work on /home/airflow/.local/lib/python3.7/site-packages/airflow/example_dags/example_branch_operator_decorator.py
[2022-09-16T08:02:51.153+0000] {processor.py:640} INFO - Processing file /home/airflow/.local/lib/python3.7/site-packages/airflow/example_dags/example_branch_operator_decorator.py for tasks to queue
[2022-09-16T08:02:51.153+0000] {logging_mixin.py:115} INFO - [2022-09-16T08:02:51.153+0000] {dagbag.py:508} INFO - Filling up the DagBag from /home/airflow/.local/lib/python3.7/site-packages/airflow/example_dags/example_branch_operator_decorator.py
[2022-09-16T08:02:51.168+0000] {processor.py:650} INFO - DAG(s) dict_keys(['example_branch_python_operator_decorator']) retrieved from /home/airflow/.local/lib/python3.7/site-packages/airflow/example_dags/example_branch_operator_decorator.py
[2022-09-16T08:02:51.188+0000] {logging_mixin.py:115} INFO - [2022-09-16T08:02:51.188+0000] {dag.py:2429} INFO - Sync 1 DAGs
[2022-09-16T08:02:51.206+0000] {logging_mixin.py:115} INFO - [2022-09-16T08:02:51.206+0000] {dag.py:2981} INFO - Setting next_dagrun for example_branch_python_operator_decorator to 2022-09-15T00:00:00+00:00, run_after=2022-09-16T00:00:00+00:00
[2022-09-16T08:02:51.216+0000] {processor.py:161} INFO - Processing /home/airflow/.local/lib/python3.7/site-packages/airflow/example_dags/example_branch_operator_decorator.py took 0.066 seconds
[2022-09-16T08:03:21.534+0000] {processor.py:153} INFO - Started process (PID=647) to work on /home/airflow/.local/lib/python3.7/site-packages/airflow/example_dags/example_branch_operator_decorator.py
[2022-09-16T08:03:21.535+0000] {processor.py:640} INFO - Processing file /home/airflow/.local/lib/python3.7/site-packages/airflow/example_dags/example_branch_operator_decorator.py for tasks to queue
[2022-09-16T08:03:21.535+0000] {logging_mixin.py:115} INFO - [2022-09-16T08:03:21.535+0000] {dagbag.py:508} INFO - Filling up the DagBag from /home/airflow/.local/lib/python3.7/site-packages/airflow/example_dags/example_branch_operator_decorator.py
[2022-09-16T08:03:21.552+0000] {processor.py:650} INFO - DAG(s) dict_keys(['example_branch_python_operator_decorator']) retrieved from /home/airflow/.local/lib/python3.7/site-packages/airflow/example_dags/example_branch_operator_decorator.py
[2022-09-16T08:03:21.570+0000] {logging_mixin.py:115} INFO - [2022-09-16T08:03:21.570+0000] {dag.py:2429} INFO - Sync 1 DAGs
[2022-09-16T08:03:21.588+0000] {logging_mixin.py:115} INFO - [2022-09-16T08:03:21.588+0000] {dag.py:2981} INFO - Setting next_dagrun for example_branch_python_operator_decorator to 2022-09-15T00:00:00+00:00, run_after=2022-09-16T00:00:00+00:00
[2022-09-16T08:03:21.598+0000] {processor.py:161} INFO - Processing /home/airflow/.local/lib/python3.7/site-packages/airflow/example_dags/example_branch_operator_decorator.py took 0.066 seconds
[2022-09-16T08:04:03.751+0000] {processor.py:153} INFO - Started process (PID=87) to work on /home/airflow/.local/lib/python3.7/site-packages/airflow/example_dags/example_branch_operator_decorator.py
[2022-09-16T08:04:03.751+0000] {processor.py:640} INFO - Processing file /home/airflow/.local/lib/python3.7/site-packages/airflow/example_dags/example_branch_operator_decorator.py for tasks to queue
[2022-09-16T08:04:03.752+0000] {logging_mixin.py:115} INFO - [2022-09-16T08:04:03.752+0000] {dagbag.py:508} INFO - Filling up the DagBag from /home/airflow/.local/lib/python3.7/site-packages/airflow/example_dags/example_branch_operator_decorator.py
[2022-09-16T08:04:03.768+0000] {processor.py:650} INFO - DAG(s) dict_keys(['example_branch_python_operator_decorator']) retrieved from /home/airflow/.local/lib/python3.7/site-packages/airflow/example_dags/example_branch_operator_decorator.py
[2022-09-16T08:04:03.786+0000] {logging_mixin.py:115} INFO - [2022-09-16T08:04:03.786+0000] {dag.py:2429} INFO - Sync 1 DAGs
[2022-09-16T08:04:03.805+0000] {logging_mixin.py:115} INFO - [2022-09-16T08:04:03.805+0000] {dag.py:2981} INFO - Setting next_dagrun for example_branch_python_operator_decorator to 2022-09-15T00:00:00+00:00, run_after=2022-09-16T00:00:00+00:00
[2022-09-16T08:04:03.815+0000] {processor.py:161} INFO - Processing /home/airflow/.local/lib/python3.7/site-packages/airflow/example_dags/example_branch_operator_decorator.py took 0.066 seconds
[2022-09-16T08:04:34.103+0000] {processor.py:153} INFO - Started process (PID=149) to work on /home/airflow/.local/lib/python3.7/site-packages/airflow/example_dags/example_branch_operator_decorator.py
[2022-09-16T08:04:34.104+0000] {processor.py:640} INFO - Processing file /home/airflow/.local/lib/python3.7/site-packages/airflow/example_dags/example_branch_operator_decorator.py for tasks to queue
[2022-09-16T08:04:34.104+0000] {logging_mixin.py:115} INFO - [2022-09-16T08:04:34.104+0000] {dagbag.py:508} INFO - Filling up the DagBag from /home/airflow/.local/lib/python3.7/site-packages/airflow/example_dags/example_branch_operator_decorator.py
[2022-09-16T08:04:34.120+0000] {processor.py:650} INFO - DAG(s) dict_keys(['example_branch_python_operator_decorator']) retrieved from /home/airflow/.local/lib/python3.7/site-packages/airflow/example_dags/example_branch_operator_decorator.py
[2022-09-16T08:04:34.137+0000] {logging_mixin.py:115} INFO - [2022-09-16T08:04:34.137+0000] {dag.py:2429} INFO - Sync 1 DAGs
[2022-09-16T08:04:34.155+0000] {logging_mixin.py:115} INFO - [2022-09-16T08:04:34.155+0000] {dag.py:2981} INFO - Setting next_dagrun for example_branch_python_operator_decorator to 2022-09-15T00:00:00+00:00, run_after=2022-09-16T00:00:00+00:00
[2022-09-16T08:04:34.165+0000] {processor.py:161} INFO - Processing /home/airflow/.local/lib/python3.7/site-packages/airflow/example_dags/example_branch_operator_decorator.py took 0.064 seconds
[2022-09-16T08:06:41.549+0000] {processor.py:153} INFO - Started process (PID=87) to work on /home/airflow/.local/lib/python3.7/site-packages/airflow/example_dags/example_branch_operator_decorator.py
[2022-09-16T08:06:41.550+0000] {processor.py:640} INFO - Processing file /home/airflow/.local/lib/python3.7/site-packages/airflow/example_dags/example_branch_operator_decorator.py for tasks to queue
[2022-09-16T08:06:41.551+0000] {logging_mixin.py:115} INFO - [2022-09-16T08:06:41.551+0000] {dagbag.py:508} INFO - Filling up the DagBag from /home/airflow/.local/lib/python3.7/site-packages/airflow/example_dags/example_branch_operator_decorator.py
[2022-09-16T08:06:41.567+0000] {processor.py:650} INFO - DAG(s) dict_keys(['example_branch_python_operator_decorator']) retrieved from /home/airflow/.local/lib/python3.7/site-packages/airflow/example_dags/example_branch_operator_decorator.py
[2022-09-16T08:06:41.588+0000] {logging_mixin.py:115} INFO - [2022-09-16T08:06:41.588+0000] {dag.py:2429} INFO - Sync 1 DAGs
[2022-09-16T08:06:41.614+0000] {logging_mixin.py:115} INFO - [2022-09-16T08:06:41.614+0000] {dag.py:2981} INFO - Setting next_dagrun for example_branch_python_operator_decorator to 2022-09-15T00:00:00+00:00, run_after=2022-09-16T00:00:00+00:00
[2022-09-16T08:06:41.630+0000] {processor.py:161} INFO - Processing /home/airflow/.local/lib/python3.7/site-packages/airflow/example_dags/example_branch_operator_decorator.py took 0.082 seconds
[2022-09-16T08:08:05.114+0000] {processor.py:153} INFO - Started process (PID=86) to work on /home/airflow/.local/lib/python3.7/site-packages/airflow/example_dags/example_branch_operator_decorator.py
[2022-09-16T08:08:05.115+0000] {processor.py:640} INFO - Processing file /home/airflow/.local/lib/python3.7/site-packages/airflow/example_dags/example_branch_operator_decorator.py for tasks to queue
[2022-09-16T08:08:05.116+0000] {logging_mixin.py:115} INFO - [2022-09-16T08:08:05.116+0000] {dagbag.py:508} INFO - Filling up the DagBag from /home/airflow/.local/lib/python3.7/site-packages/airflow/example_dags/example_branch_operator_decorator.py
[2022-09-16T08:08:05.135+0000] {processor.py:650} INFO - DAG(s) dict_keys(['example_branch_python_operator_decorator']) retrieved from /home/airflow/.local/lib/python3.7/site-packages/airflow/example_dags/example_branch_operator_decorator.py
[2022-09-16T08:08:05.154+0000] {logging_mixin.py:115} INFO - [2022-09-16T08:08:05.154+0000] {dag.py:2429} INFO - Sync 1 DAGs
[2022-09-16T08:08:05.177+0000] {logging_mixin.py:115} INFO - [2022-09-16T08:08:05.177+0000] {dag.py:2981} INFO - Setting next_dagrun for example_branch_python_operator_decorator to 2022-09-15T00:00:00+00:00, run_after=2022-09-16T00:00:00+00:00
[2022-09-16T08:08:05.188+0000] {processor.py:161} INFO - Processing /home/airflow/.local/lib/python3.7/site-packages/airflow/example_dags/example_branch_operator_decorator.py took 0.076 seconds
[2022-09-16T08:10:14.661+0000] {processor.py:153} INFO - Started process (PID=87) to work on /home/airflow/.local/lib/python3.7/site-packages/airflow/example_dags/example_branch_operator_decorator.py
[2022-09-16T08:10:14.662+0000] {processor.py:640} INFO - Processing file /home/airflow/.local/lib/python3.7/site-packages/airflow/example_dags/example_branch_operator_decorator.py for tasks to queue
[2022-09-16T08:10:14.663+0000] {logging_mixin.py:115} INFO - [2022-09-16T08:10:14.662+0000] {dagbag.py:508} INFO - Filling up the DagBag from /home/airflow/.local/lib/python3.7/site-packages/airflow/example_dags/example_branch_operator_decorator.py
[2022-09-16T08:10:14.681+0000] {processor.py:650} INFO - DAG(s) dict_keys(['example_branch_python_operator_decorator']) retrieved from /home/airflow/.local/lib/python3.7/site-packages/airflow/example_dags/example_branch_operator_decorator.py
[2022-09-16T08:10:14.700+0000] {logging_mixin.py:115} INFO - [2022-09-16T08:10:14.700+0000] {dag.py:2429} INFO - Sync 1 DAGs
[2022-09-16T08:10:14.719+0000] {logging_mixin.py:115} INFO - [2022-09-16T08:10:14.719+0000] {dag.py:2981} INFO - Setting next_dagrun for example_branch_python_operator_decorator to 2022-09-15T00:00:00+00:00, run_after=2022-09-16T00:00:00+00:00
[2022-09-16T08:10:14.730+0000] {processor.py:161} INFO - Processing /home/airflow/.local/lib/python3.7/site-packages/airflow/example_dags/example_branch_operator_decorator.py took 0.072 seconds
[2022-09-16T08:10:45.707+0000] {processor.py:153} INFO - Started process (PID=149) to work on /home/airflow/.local/lib/python3.7/site-packages/airflow/example_dags/example_branch_operator_decorator.py
[2022-09-16T08:10:45.708+0000] {processor.py:640} INFO - Processing file /home/airflow/.local/lib/python3.7/site-packages/airflow/example_dags/example_branch_operator_decorator.py for tasks to queue
[2022-09-16T08:10:45.709+0000] {logging_mixin.py:115} INFO - [2022-09-16T08:10:45.708+0000] {dagbag.py:508} INFO - Filling up the DagBag from /home/airflow/.local/lib/python3.7/site-packages/airflow/example_dags/example_branch_operator_decorator.py
[2022-09-16T08:10:45.724+0000] {processor.py:650} INFO - DAG(s) dict_keys(['example_branch_python_operator_decorator']) retrieved from /home/airflow/.local/lib/python3.7/site-packages/airflow/example_dags/example_branch_operator_decorator.py
[2022-09-16T08:10:45.741+0000] {logging_mixin.py:115} INFO - [2022-09-16T08:10:45.741+0000] {dag.py:2429} INFO - Sync 1 DAGs
[2022-09-16T08:10:45.760+0000] {logging_mixin.py:115} INFO - [2022-09-16T08:10:45.760+0000] {dag.py:2981} INFO - Setting next_dagrun for example_branch_python_operator_decorator to 2022-09-15T00:00:00+00:00, run_after=2022-09-16T00:00:00+00:00
[2022-09-16T08:10:45.770+0000] {processor.py:161} INFO - Processing /home/airflow/.local/lib/python3.7/site-packages/airflow/example_dags/example_branch_operator_decorator.py took 0.065 seconds
[2022-09-16T08:13:52.759+0000] {processor.py:153} INFO - Started process (PID=119) to work on /home/airflow/.local/lib/python3.7/site-packages/airflow/example_dags/example_branch_operator_decorator.py
[2022-09-16T08:13:52.759+0000] {processor.py:640} INFO - Processing file /home/airflow/.local/lib/python3.7/site-packages/airflow/example_dags/example_branch_operator_decorator.py for tasks to queue
[2022-09-16T08:13:52.760+0000] {logging_mixin.py:115} INFO - [2022-09-16T08:13:52.760+0000] {dagbag.py:508} INFO - Filling up the DagBag from /home/airflow/.local/lib/python3.7/site-packages/airflow/example_dags/example_branch_operator_decorator.py
[2022-09-16T08:13:52.775+0000] {processor.py:650} INFO - DAG(s) dict_keys(['example_branch_python_operator_decorator']) retrieved from /home/airflow/.local/lib/python3.7/site-packages/airflow/example_dags/example_branch_operator_decorator.py
[2022-09-16T08:13:52.795+0000] {logging_mixin.py:115} INFO - [2022-09-16T08:13:52.795+0000] {dag.py:2429} INFO - Sync 1 DAGs
[2022-09-16T08:13:52.812+0000] {logging_mixin.py:115} INFO - [2022-09-16T08:13:52.812+0000] {dag.py:2981} INFO - Setting next_dagrun for example_branch_python_operator_decorator to 2022-09-15T00:00:00+00:00, run_after=2022-09-16T00:00:00+00:00
[2022-09-16T08:13:52.822+0000] {processor.py:161} INFO - Processing /home/airflow/.local/lib/python3.7/site-packages/airflow/example_dags/example_branch_operator_decorator.py took 0.065 seconds
[2022-09-16T08:15:37.570+0000] {processor.py:153} INFO - Started process (PID=87) to work on /home/airflow/.local/lib/python3.7/site-packages/airflow/example_dags/example_branch_operator_decorator.py
[2022-09-16T08:15:37.571+0000] {processor.py:640} INFO - Processing file /home/airflow/.local/lib/python3.7/site-packages/airflow/example_dags/example_branch_operator_decorator.py for tasks to queue
[2022-09-16T08:15:37.572+0000] {logging_mixin.py:115} INFO - [2022-09-16T08:15:37.571+0000] {dagbag.py:508} INFO - Filling up the DagBag from /home/airflow/.local/lib/python3.7/site-packages/airflow/example_dags/example_branch_operator_decorator.py
[2022-09-16T08:15:37.588+0000] {processor.py:650} INFO - DAG(s) dict_keys(['example_branch_python_operator_decorator']) retrieved from /home/airflow/.local/lib/python3.7/site-packages/airflow/example_dags/example_branch_operator_decorator.py
[2022-09-16T08:15:37.605+0000] {logging_mixin.py:115} INFO - [2022-09-16T08:15:37.604+0000] {dag.py:2429} INFO - Sync 1 DAGs
[2022-09-16T08:15:37.622+0000] {logging_mixin.py:115} INFO - [2022-09-16T08:15:37.622+0000] {dag.py:2981} INFO - Setting next_dagrun for example_branch_python_operator_decorator to 2022-09-15T00:00:00+00:00, run_after=2022-09-16T00:00:00+00:00
[2022-09-16T08:15:37.631+0000] {processor.py:161} INFO - Processing /home/airflow/.local/lib/python3.7/site-packages/airflow/example_dags/example_branch_operator_decorator.py took 0.063 seconds
[2022-09-16T08:18:35.406+0000] {processor.py:153} INFO - Started process (PID=139) to work on /home/airflow/.local/lib/python3.7/site-packages/airflow/example_dags/example_branch_operator_decorator.py
[2022-09-16T08:18:35.407+0000] {processor.py:640} INFO - Processing file /home/airflow/.local/lib/python3.7/site-packages/airflow/example_dags/example_branch_operator_decorator.py for tasks to queue
[2022-09-16T08:18:35.407+0000] {logging_mixin.py:115} INFO - [2022-09-16T08:18:35.407+0000] {dagbag.py:508} INFO - Filling up the DagBag from /home/airflow/.local/lib/python3.7/site-packages/airflow/example_dags/example_branch_operator_decorator.py
[2022-09-16T08:18:35.424+0000] {processor.py:650} INFO - DAG(s) dict_keys(['example_branch_python_operator_decorator']) retrieved from /home/airflow/.local/lib/python3.7/site-packages/airflow/example_dags/example_branch_operator_decorator.py
[2022-09-16T08:18:35.449+0000] {logging_mixin.py:115} INFO - [2022-09-16T08:18:35.448+0000] {dag.py:2429} INFO - Sync 1 DAGs
[2022-09-16T08:18:35.468+0000] {logging_mixin.py:115} INFO - [2022-09-16T08:18:35.468+0000] {dag.py:2981} INFO - Setting next_dagrun for example_branch_python_operator_decorator to 2022-09-15T00:00:00+00:00, run_after=2022-09-16T00:00:00+00:00
[2022-09-16T08:18:35.479+0000] {processor.py:161} INFO - Processing /home/airflow/.local/lib/python3.7/site-packages/airflow/example_dags/example_branch_operator_decorator.py took 0.075 seconds
[2022-09-16T08:19:06.783+0000] {processor.py:153} INFO - Started process (PID=192) to work on /home/airflow/.local/lib/python3.7/site-packages/airflow/example_dags/example_branch_operator_decorator.py
[2022-09-16T08:19:06.784+0000] {processor.py:640} INFO - Processing file /home/airflow/.local/lib/python3.7/site-packages/airflow/example_dags/example_branch_operator_decorator.py for tasks to queue
[2022-09-16T08:19:06.785+0000] {logging_mixin.py:115} INFO - [2022-09-16T08:19:06.785+0000] {dagbag.py:508} INFO - Filling up the DagBag from /home/airflow/.local/lib/python3.7/site-packages/airflow/example_dags/example_branch_operator_decorator.py
[2022-09-16T08:19:06.804+0000] {processor.py:650} INFO - DAG(s) dict_keys(['example_branch_python_operator_decorator']) retrieved from /home/airflow/.local/lib/python3.7/site-packages/airflow/example_dags/example_branch_operator_decorator.py
[2022-09-16T08:19:06.829+0000] {logging_mixin.py:115} INFO - [2022-09-16T08:19:06.829+0000] {dag.py:2429} INFO - Sync 1 DAGs
[2022-09-16T08:19:06.851+0000] {logging_mixin.py:115} INFO - [2022-09-16T08:19:06.851+0000] {dag.py:2981} INFO - Setting next_dagrun for example_branch_python_operator_decorator to 2022-09-15T00:00:00+00:00, run_after=2022-09-16T00:00:00+00:00
[2022-09-16T08:19:06.862+0000] {processor.py:161} INFO - Processing /home/airflow/.local/lib/python3.7/site-packages/airflow/example_dags/example_branch_operator_decorator.py took 0.081 seconds
