[2022-09-16T07:52:52.472+0000] {processor.py:153} INFO - Started process (PID=57) to work on /home/airflow/.local/lib/python3.7/site-packages/airflow/example_dags/example_branch_labels.py
[2022-09-16T07:52:52.472+0000] {processor.py:640} INFO - Processing file /home/airflow/.local/lib/python3.7/site-packages/airflow/example_dags/example_branch_labels.py for tasks to queue
[2022-09-16T07:52:52.473+0000] {logging_mixin.py:115} INFO - [2022-09-16T07:52:52.472+0000] {dagbag.py:508} INFO - Filling up the DagBag from /home/airflow/.local/lib/python3.7/site-packages/airflow/example_dags/example_branch_labels.py
[2022-09-16T07:52:52.480+0000] {processor.py:650} INFO - DAG(s) dict_keys(['example_branch_labels']) retrieved from /home/airflow/.local/lib/python3.7/site-packages/airflow/example_dags/example_branch_labels.py
[2022-09-16T07:52:52.506+0000] {logging_mixin.py:115} INFO - [2022-09-16T07:52:52.506+0000] {dag.py:2429} INFO - Sync 1 DAGs
[2022-09-16T07:52:52.533+0000] {logging_mixin.py:115} INFO - [2022-09-16T07:52:52.533+0000] {dag.py:2981} INFO - Setting next_dagrun for example_branch_labels to 2022-09-15T00:00:00+00:00, run_after=2022-09-16T00:00:00+00:00
[2022-09-16T07:52:52.546+0000] {processor.py:161} INFO - Processing /home/airflow/.local/lib/python3.7/site-packages/airflow/example_dags/example_branch_labels.py took 0.077 seconds
[2022-09-16T07:53:23.319+0000] {processor.py:153} INFO - Started process (PID=118) to work on /home/airflow/.local/lib/python3.7/site-packages/airflow/example_dags/example_branch_labels.py
[2022-09-16T07:53:23.320+0000] {processor.py:640} INFO - Processing file /home/airflow/.local/lib/python3.7/site-packages/airflow/example_dags/example_branch_labels.py for tasks to queue
[2022-09-16T07:53:23.320+0000] {logging_mixin.py:115} INFO - [2022-09-16T07:53:23.320+0000] {dagbag.py:508} INFO - Filling up the DagBag from /home/airflow/.local/lib/python3.7/site-packages/airflow/example_dags/example_branch_labels.py
[2022-09-16T07:53:23.326+0000] {processor.py:650} INFO - DAG(s) dict_keys(['example_branch_labels']) retrieved from /home/airflow/.local/lib/python3.7/site-packages/airflow/example_dags/example_branch_labels.py
[2022-09-16T07:53:23.346+0000] {logging_mixin.py:115} INFO - [2022-09-16T07:53:23.346+0000] {dag.py:2429} INFO - Sync 1 DAGs
[2022-09-16T07:53:23.364+0000] {logging_mixin.py:115} INFO - [2022-09-16T07:53:23.364+0000] {dag.py:2981} INFO - Setting next_dagrun for example_branch_labels to 2022-09-15T00:00:00+00:00, run_after=2022-09-16T00:00:00+00:00
[2022-09-16T07:53:23.374+0000] {processor.py:161} INFO - Processing /home/airflow/.local/lib/python3.7/site-packages/airflow/example_dags/example_branch_labels.py took 0.057 seconds
[2022-09-16T07:53:53.987+0000] {processor.py:153} INFO - Started process (PID=180) to work on /home/airflow/.local/lib/python3.7/site-packages/airflow/example_dags/example_branch_labels.py
[2022-09-16T07:53:53.988+0000] {processor.py:640} INFO - Processing file /home/airflow/.local/lib/python3.7/site-packages/airflow/example_dags/example_branch_labels.py for tasks to queue
[2022-09-16T07:53:53.988+0000] {logging_mixin.py:115} INFO - [2022-09-16T07:53:53.988+0000] {dagbag.py:508} INFO - Filling up the DagBag from /home/airflow/.local/lib/python3.7/site-packages/airflow/example_dags/example_branch_labels.py
[2022-09-16T07:53:53.993+0000] {processor.py:650} INFO - DAG(s) dict_keys(['example_branch_labels']) retrieved from /home/airflow/.local/lib/python3.7/site-packages/airflow/example_dags/example_branch_labels.py
[2022-09-16T07:53:54.013+0000] {logging_mixin.py:115} INFO - [2022-09-16T07:53:54.013+0000] {dag.py:2429} INFO - Sync 1 DAGs
[2022-09-16T07:53:54.032+0000] {logging_mixin.py:115} INFO - [2022-09-16T07:53:54.032+0000] {dag.py:2981} INFO - Setting next_dagrun for example_branch_labels to 2022-09-15T00:00:00+00:00, run_after=2022-09-16T00:00:00+00:00
[2022-09-16T07:53:54.041+0000] {processor.py:161} INFO - Processing /home/airflow/.local/lib/python3.7/site-packages/airflow/example_dags/example_branch_labels.py took 0.056 seconds
[2022-09-16T07:54:24.771+0000] {processor.py:153} INFO - Started process (PID=242) to work on /home/airflow/.local/lib/python3.7/site-packages/airflow/example_dags/example_branch_labels.py
[2022-09-16T07:54:24.772+0000] {processor.py:640} INFO - Processing file /home/airflow/.local/lib/python3.7/site-packages/airflow/example_dags/example_branch_labels.py for tasks to queue
[2022-09-16T07:54:24.772+0000] {logging_mixin.py:115} INFO - [2022-09-16T07:54:24.772+0000] {dagbag.py:508} INFO - Filling up the DagBag from /home/airflow/.local/lib/python3.7/site-packages/airflow/example_dags/example_branch_labels.py
[2022-09-16T07:54:24.777+0000] {processor.py:650} INFO - DAG(s) dict_keys(['example_branch_labels']) retrieved from /home/airflow/.local/lib/python3.7/site-packages/airflow/example_dags/example_branch_labels.py
[2022-09-16T07:54:24.797+0000] {logging_mixin.py:115} INFO - [2022-09-16T07:54:24.797+0000] {dag.py:2429} INFO - Sync 1 DAGs
[2022-09-16T07:54:24.816+0000] {logging_mixin.py:115} INFO - [2022-09-16T07:54:24.816+0000] {dag.py:2981} INFO - Setting next_dagrun for example_branch_labels to 2022-09-15T00:00:00+00:00, run_after=2022-09-16T00:00:00+00:00
[2022-09-16T07:54:24.825+0000] {processor.py:161} INFO - Processing /home/airflow/.local/lib/python3.7/site-packages/airflow/example_dags/example_branch_labels.py took 0.057 seconds
[2022-09-16T07:54:55.719+0000] {processor.py:153} INFO - Started process (PID=295) to work on /home/airflow/.local/lib/python3.7/site-packages/airflow/example_dags/example_branch_labels.py
[2022-09-16T07:54:55.720+0000] {processor.py:640} INFO - Processing file /home/airflow/.local/lib/python3.7/site-packages/airflow/example_dags/example_branch_labels.py for tasks to queue
[2022-09-16T07:54:55.721+0000] {logging_mixin.py:115} INFO - [2022-09-16T07:54:55.720+0000] {dagbag.py:508} INFO - Filling up the DagBag from /home/airflow/.local/lib/python3.7/site-packages/airflow/example_dags/example_branch_labels.py
[2022-09-16T07:54:55.725+0000] {processor.py:650} INFO - DAG(s) dict_keys(['example_branch_labels']) retrieved from /home/airflow/.local/lib/python3.7/site-packages/airflow/example_dags/example_branch_labels.py
[2022-09-16T07:54:55.745+0000] {logging_mixin.py:115} INFO - [2022-09-16T07:54:55.744+0000] {dag.py:2429} INFO - Sync 1 DAGs
[2022-09-16T07:54:55.763+0000] {logging_mixin.py:115} INFO - [2022-09-16T07:54:55.762+0000] {dag.py:2981} INFO - Setting next_dagrun for example_branch_labels to 2022-09-15T00:00:00+00:00, run_after=2022-09-16T00:00:00+00:00
[2022-09-16T07:54:55.773+0000] {processor.py:161} INFO - Processing /home/airflow/.local/lib/python3.7/site-packages/airflow/example_dags/example_branch_labels.py took 0.055 seconds
[2022-09-16T07:55:26.458+0000] {processor.py:153} INFO - Started process (PID=357) to work on /home/airflow/.local/lib/python3.7/site-packages/airflow/example_dags/example_branch_labels.py
[2022-09-16T07:55:26.459+0000] {processor.py:640} INFO - Processing file /home/airflow/.local/lib/python3.7/site-packages/airflow/example_dags/example_branch_labels.py for tasks to queue
[2022-09-16T07:55:26.460+0000] {logging_mixin.py:115} INFO - [2022-09-16T07:55:26.459+0000] {dagbag.py:508} INFO - Filling up the DagBag from /home/airflow/.local/lib/python3.7/site-packages/airflow/example_dags/example_branch_labels.py
[2022-09-16T07:55:26.466+0000] {processor.py:650} INFO - DAG(s) dict_keys(['example_branch_labels']) retrieved from /home/airflow/.local/lib/python3.7/site-packages/airflow/example_dags/example_branch_labels.py
[2022-09-16T07:55:26.485+0000] {logging_mixin.py:115} INFO - [2022-09-16T07:55:26.484+0000] {dag.py:2429} INFO - Sync 1 DAGs
[2022-09-16T07:55:26.502+0000] {logging_mixin.py:115} INFO - [2022-09-16T07:55:26.502+0000] {dag.py:2981} INFO - Setting next_dagrun for example_branch_labels to 2022-09-15T00:00:00+00:00, run_after=2022-09-16T00:00:00+00:00
[2022-09-16T07:55:26.511+0000] {processor.py:161} INFO - Processing /home/airflow/.local/lib/python3.7/site-packages/airflow/example_dags/example_branch_labels.py took 0.054 seconds
[2022-09-16T07:55:57.114+0000] {processor.py:153} INFO - Started process (PID=419) to work on /home/airflow/.local/lib/python3.7/site-packages/airflow/example_dags/example_branch_labels.py
[2022-09-16T07:55:57.115+0000] {processor.py:640} INFO - Processing file /home/airflow/.local/lib/python3.7/site-packages/airflow/example_dags/example_branch_labels.py for tasks to queue
[2022-09-16T07:55:57.115+0000] {logging_mixin.py:115} INFO - [2022-09-16T07:55:57.115+0000] {dagbag.py:508} INFO - Filling up the DagBag from /home/airflow/.local/lib/python3.7/site-packages/airflow/example_dags/example_branch_labels.py
[2022-09-16T07:55:57.120+0000] {processor.py:650} INFO - DAG(s) dict_keys(['example_branch_labels']) retrieved from /home/airflow/.local/lib/python3.7/site-packages/airflow/example_dags/example_branch_labels.py
[2022-09-16T07:55:57.138+0000] {logging_mixin.py:115} INFO - [2022-09-16T07:55:57.138+0000] {dag.py:2429} INFO - Sync 1 DAGs
[2022-09-16T07:55:57.155+0000] {logging_mixin.py:115} INFO - [2022-09-16T07:55:57.155+0000] {dag.py:2981} INFO - Setting next_dagrun for example_branch_labels to 2022-09-15T00:00:00+00:00, run_after=2022-09-16T00:00:00+00:00
[2022-09-16T07:55:57.166+0000] {processor.py:161} INFO - Processing /home/airflow/.local/lib/python3.7/site-packages/airflow/example_dags/example_branch_labels.py took 0.054 seconds
[2022-09-16T07:56:27.650+0000] {processor.py:153} INFO - Started process (PID=478) to work on /home/airflow/.local/lib/python3.7/site-packages/airflow/example_dags/example_branch_labels.py
[2022-09-16T07:56:27.651+0000] {processor.py:640} INFO - Processing file /home/airflow/.local/lib/python3.7/site-packages/airflow/example_dags/example_branch_labels.py for tasks to queue
[2022-09-16T07:56:27.652+0000] {logging_mixin.py:115} INFO - [2022-09-16T07:56:27.652+0000] {dagbag.py:508} INFO - Filling up the DagBag from /home/airflow/.local/lib/python3.7/site-packages/airflow/example_dags/example_branch_labels.py
[2022-09-16T07:56:27.659+0000] {processor.py:650} INFO - DAG(s) dict_keys(['example_branch_labels']) retrieved from /home/airflow/.local/lib/python3.7/site-packages/airflow/example_dags/example_branch_labels.py
[2022-09-16T07:56:27.684+0000] {logging_mixin.py:115} INFO - [2022-09-16T07:56:27.684+0000] {dag.py:2429} INFO - Sync 1 DAGs
[2022-09-16T07:56:27.706+0000] {logging_mixin.py:115} INFO - [2022-09-16T07:56:27.706+0000] {dag.py:2981} INFO - Setting next_dagrun for example_branch_labels to 2022-09-15T00:00:00+00:00, run_after=2022-09-16T00:00:00+00:00
[2022-09-16T07:56:27.715+0000] {processor.py:161} INFO - Processing /home/airflow/.local/lib/python3.7/site-packages/airflow/example_dags/example_branch_labels.py took 0.067 seconds
[2022-09-16T07:56:58.402+0000] {processor.py:153} INFO - Started process (PID=533) to work on /home/airflow/.local/lib/python3.7/site-packages/airflow/example_dags/example_branch_labels.py
[2022-09-16T07:56:58.402+0000] {processor.py:640} INFO - Processing file /home/airflow/.local/lib/python3.7/site-packages/airflow/example_dags/example_branch_labels.py for tasks to queue
[2022-09-16T07:56:58.403+0000] {logging_mixin.py:115} INFO - [2022-09-16T07:56:58.403+0000] {dagbag.py:508} INFO - Filling up the DagBag from /home/airflow/.local/lib/python3.7/site-packages/airflow/example_dags/example_branch_labels.py
[2022-09-16T07:56:58.407+0000] {processor.py:650} INFO - DAG(s) dict_keys(['example_branch_labels']) retrieved from /home/airflow/.local/lib/python3.7/site-packages/airflow/example_dags/example_branch_labels.py
[2022-09-16T07:56:58.426+0000] {logging_mixin.py:115} INFO - [2022-09-16T07:56:58.426+0000] {dag.py:2429} INFO - Sync 1 DAGs
[2022-09-16T07:56:58.444+0000] {logging_mixin.py:115} INFO - [2022-09-16T07:56:58.444+0000] {dag.py:2981} INFO - Setting next_dagrun for example_branch_labels to 2022-09-15T00:00:00+00:00, run_after=2022-09-16T00:00:00+00:00
[2022-09-16T07:56:58.453+0000] {processor.py:161} INFO - Processing /home/airflow/.local/lib/python3.7/site-packages/airflow/example_dags/example_branch_labels.py took 0.054 seconds
[2022-09-16T07:57:28.884+0000] {processor.py:153} INFO - Started process (PID=595) to work on /home/airflow/.local/lib/python3.7/site-packages/airflow/example_dags/example_branch_labels.py
[2022-09-16T07:57:28.884+0000] {processor.py:640} INFO - Processing file /home/airflow/.local/lib/python3.7/site-packages/airflow/example_dags/example_branch_labels.py for tasks to queue
[2022-09-16T07:57:28.885+0000] {logging_mixin.py:115} INFO - [2022-09-16T07:57:28.885+0000] {dagbag.py:508} INFO - Filling up the DagBag from /home/airflow/.local/lib/python3.7/site-packages/airflow/example_dags/example_branch_labels.py
[2022-09-16T07:57:28.890+0000] {processor.py:650} INFO - DAG(s) dict_keys(['example_branch_labels']) retrieved from /home/airflow/.local/lib/python3.7/site-packages/airflow/example_dags/example_branch_labels.py
[2022-09-16T07:57:28.908+0000] {logging_mixin.py:115} INFO - [2022-09-16T07:57:28.908+0000] {dag.py:2429} INFO - Sync 1 DAGs
[2022-09-16T07:57:28.925+0000] {logging_mixin.py:115} INFO - [2022-09-16T07:57:28.925+0000] {dag.py:2981} INFO - Setting next_dagrun for example_branch_labels to 2022-09-15T00:00:00+00:00, run_after=2022-09-16T00:00:00+00:00
[2022-09-16T07:57:28.934+0000] {processor.py:161} INFO - Processing /home/airflow/.local/lib/python3.7/site-packages/airflow/example_dags/example_branch_labels.py took 0.052 seconds
[2022-09-16T07:58:44.043+0000] {processor.py:153} INFO - Started process (PID=89) to work on /home/airflow/.local/lib/python3.7/site-packages/airflow/example_dags/example_branch_labels.py
[2022-09-16T07:58:44.044+0000] {processor.py:640} INFO - Processing file /home/airflow/.local/lib/python3.7/site-packages/airflow/example_dags/example_branch_labels.py for tasks to queue
[2022-09-16T07:58:44.044+0000] {logging_mixin.py:115} INFO - [2022-09-16T07:58:44.044+0000] {dagbag.py:508} INFO - Filling up the DagBag from /home/airflow/.local/lib/python3.7/site-packages/airflow/example_dags/example_branch_labels.py
[2022-09-16T07:58:44.049+0000] {processor.py:650} INFO - DAG(s) dict_keys(['example_branch_labels']) retrieved from /home/airflow/.local/lib/python3.7/site-packages/airflow/example_dags/example_branch_labels.py
[2022-09-16T07:58:44.066+0000] {logging_mixin.py:115} INFO - [2022-09-16T07:58:44.066+0000] {dag.py:2429} INFO - Sync 1 DAGs
[2022-09-16T07:58:44.084+0000] {logging_mixin.py:115} INFO - [2022-09-16T07:58:44.084+0000] {dag.py:2981} INFO - Setting next_dagrun for example_branch_labels to 2022-09-15T00:00:00+00:00, run_after=2022-09-16T00:00:00+00:00
[2022-09-16T07:58:44.094+0000] {processor.py:161} INFO - Processing /home/airflow/.local/lib/python3.7/site-packages/airflow/example_dags/example_branch_labels.py took 0.053 seconds
[2022-09-16T07:59:15.157+0000] {processor.py:153} INFO - Started process (PID=151) to work on /home/airflow/.local/lib/python3.7/site-packages/airflow/example_dags/example_branch_labels.py
[2022-09-16T07:59:15.158+0000] {processor.py:640} INFO - Processing file /home/airflow/.local/lib/python3.7/site-packages/airflow/example_dags/example_branch_labels.py for tasks to queue
[2022-09-16T07:59:15.158+0000] {logging_mixin.py:115} INFO - [2022-09-16T07:59:15.158+0000] {dagbag.py:508} INFO - Filling up the DagBag from /home/airflow/.local/lib/python3.7/site-packages/airflow/example_dags/example_branch_labels.py
[2022-09-16T07:59:15.163+0000] {processor.py:650} INFO - DAG(s) dict_keys(['example_branch_labels']) retrieved from /home/airflow/.local/lib/python3.7/site-packages/airflow/example_dags/example_branch_labels.py
[2022-09-16T07:59:15.183+0000] {logging_mixin.py:115} INFO - [2022-09-16T07:59:15.183+0000] {dag.py:2429} INFO - Sync 1 DAGs
[2022-09-16T07:59:15.204+0000] {logging_mixin.py:115} INFO - [2022-09-16T07:59:15.204+0000] {dag.py:2981} INFO - Setting next_dagrun for example_branch_labels to 2022-09-15T00:00:00+00:00, run_after=2022-09-16T00:00:00+00:00
[2022-09-16T07:59:15.214+0000] {processor.py:161} INFO - Processing /home/airflow/.local/lib/python3.7/site-packages/airflow/example_dags/example_branch_labels.py took 0.059 seconds
[2022-09-16T07:59:45.993+0000] {processor.py:153} INFO - Started process (PID=204) to work on /home/airflow/.local/lib/python3.7/site-packages/airflow/example_dags/example_branch_labels.py
[2022-09-16T07:59:45.993+0000] {processor.py:640} INFO - Processing file /home/airflow/.local/lib/python3.7/site-packages/airflow/example_dags/example_branch_labels.py for tasks to queue
[2022-09-16T07:59:45.994+0000] {logging_mixin.py:115} INFO - [2022-09-16T07:59:45.994+0000] {dagbag.py:508} INFO - Filling up the DagBag from /home/airflow/.local/lib/python3.7/site-packages/airflow/example_dags/example_branch_labels.py
[2022-09-16T07:59:45.999+0000] {processor.py:650} INFO - DAG(s) dict_keys(['example_branch_labels']) retrieved from /home/airflow/.local/lib/python3.7/site-packages/airflow/example_dags/example_branch_labels.py
[2022-09-16T07:59:46.016+0000] {logging_mixin.py:115} INFO - [2022-09-16T07:59:46.016+0000] {dag.py:2429} INFO - Sync 1 DAGs
[2022-09-16T07:59:46.035+0000] {logging_mixin.py:115} INFO - [2022-09-16T07:59:46.035+0000] {dag.py:2981} INFO - Setting next_dagrun for example_branch_labels to 2022-09-15T00:00:00+00:00, run_after=2022-09-16T00:00:00+00:00
[2022-09-16T07:59:46.044+0000] {processor.py:161} INFO - Processing /home/airflow/.local/lib/python3.7/site-packages/airflow/example_dags/example_branch_labels.py took 0.053 seconds
[2022-09-16T08:00:16.820+0000] {processor.py:153} INFO - Started process (PID=266) to work on /home/airflow/.local/lib/python3.7/site-packages/airflow/example_dags/example_branch_labels.py
[2022-09-16T08:00:16.821+0000] {processor.py:640} INFO - Processing file /home/airflow/.local/lib/python3.7/site-packages/airflow/example_dags/example_branch_labels.py for tasks to queue
[2022-09-16T08:00:16.821+0000] {logging_mixin.py:115} INFO - [2022-09-16T08:00:16.821+0000] {dagbag.py:508} INFO - Filling up the DagBag from /home/airflow/.local/lib/python3.7/site-packages/airflow/example_dags/example_branch_labels.py
[2022-09-16T08:00:16.826+0000] {processor.py:650} INFO - DAG(s) dict_keys(['example_branch_labels']) retrieved from /home/airflow/.local/lib/python3.7/site-packages/airflow/example_dags/example_branch_labels.py
[2022-09-16T08:00:16.844+0000] {logging_mixin.py:115} INFO - [2022-09-16T08:00:16.844+0000] {dag.py:2429} INFO - Sync 1 DAGs
[2022-09-16T08:00:16.861+0000] {logging_mixin.py:115} INFO - [2022-09-16T08:00:16.861+0000] {dag.py:2981} INFO - Setting next_dagrun for example_branch_labels to 2022-09-15T00:00:00+00:00, run_after=2022-09-16T00:00:00+00:00
[2022-09-16T08:00:16.870+0000] {processor.py:161} INFO - Processing /home/airflow/.local/lib/python3.7/site-packages/airflow/example_dags/example_branch_labels.py took 0.052 seconds
[2022-09-16T08:00:47.759+0000] {processor.py:153} INFO - Started process (PID=328) to work on /home/airflow/.local/lib/python3.7/site-packages/airflow/example_dags/example_branch_labels.py
[2022-09-16T08:00:47.759+0000] {processor.py:640} INFO - Processing file /home/airflow/.local/lib/python3.7/site-packages/airflow/example_dags/example_branch_labels.py for tasks to queue
[2022-09-16T08:00:47.760+0000] {logging_mixin.py:115} INFO - [2022-09-16T08:00:47.760+0000] {dagbag.py:508} INFO - Filling up the DagBag from /home/airflow/.local/lib/python3.7/site-packages/airflow/example_dags/example_branch_labels.py
[2022-09-16T08:00:47.764+0000] {processor.py:650} INFO - DAG(s) dict_keys(['example_branch_labels']) retrieved from /home/airflow/.local/lib/python3.7/site-packages/airflow/example_dags/example_branch_labels.py
[2022-09-16T08:00:47.788+0000] {logging_mixin.py:115} INFO - [2022-09-16T08:00:47.788+0000] {dag.py:2429} INFO - Sync 1 DAGs
[2022-09-16T08:00:47.814+0000] {logging_mixin.py:115} INFO - [2022-09-16T08:00:47.814+0000] {dag.py:2981} INFO - Setting next_dagrun for example_branch_labels to 2022-09-15T00:00:00+00:00, run_after=2022-09-16T00:00:00+00:00
[2022-09-16T08:00:47.826+0000] {processor.py:161} INFO - Processing /home/airflow/.local/lib/python3.7/site-packages/airflow/example_dags/example_branch_labels.py took 0.069 seconds
[2022-09-16T08:01:18.791+0000] {processor.py:153} INFO - Started process (PID=390) to work on /home/airflow/.local/lib/python3.7/site-packages/airflow/example_dags/example_branch_labels.py
[2022-09-16T08:01:18.792+0000] {processor.py:640} INFO - Processing file /home/airflow/.local/lib/python3.7/site-packages/airflow/example_dags/example_branch_labels.py for tasks to queue
[2022-09-16T08:01:18.792+0000] {logging_mixin.py:115} INFO - [2022-09-16T08:01:18.792+0000] {dagbag.py:508} INFO - Filling up the DagBag from /home/airflow/.local/lib/python3.7/site-packages/airflow/example_dags/example_branch_labels.py
[2022-09-16T08:01:18.797+0000] {processor.py:650} INFO - DAG(s) dict_keys(['example_branch_labels']) retrieved from /home/airflow/.local/lib/python3.7/site-packages/airflow/example_dags/example_branch_labels.py
[2022-09-16T08:01:18.817+0000] {logging_mixin.py:115} INFO - [2022-09-16T08:01:18.817+0000] {dag.py:2429} INFO - Sync 1 DAGs
[2022-09-16T08:01:18.835+0000] {logging_mixin.py:115} INFO - [2022-09-16T08:01:18.835+0000] {dag.py:2981} INFO - Setting next_dagrun for example_branch_labels to 2022-09-15T00:00:00+00:00, run_after=2022-09-16T00:00:00+00:00
[2022-09-16T08:01:18.844+0000] {processor.py:161} INFO - Processing /home/airflow/.local/lib/python3.7/site-packages/airflow/example_dags/example_branch_labels.py took 0.055 seconds
[2022-09-16T08:01:48.910+0000] {processor.py:153} INFO - Started process (PID=443) to work on /home/airflow/.local/lib/python3.7/site-packages/airflow/example_dags/example_branch_labels.py
[2022-09-16T08:01:48.911+0000] {processor.py:640} INFO - Processing file /home/airflow/.local/lib/python3.7/site-packages/airflow/example_dags/example_branch_labels.py for tasks to queue
[2022-09-16T08:01:48.911+0000] {logging_mixin.py:115} INFO - [2022-09-16T08:01:48.911+0000] {dagbag.py:508} INFO - Filling up the DagBag from /home/airflow/.local/lib/python3.7/site-packages/airflow/example_dags/example_branch_labels.py
[2022-09-16T08:01:48.916+0000] {processor.py:650} INFO - DAG(s) dict_keys(['example_branch_labels']) retrieved from /home/airflow/.local/lib/python3.7/site-packages/airflow/example_dags/example_branch_labels.py
[2022-09-16T08:01:48.935+0000] {logging_mixin.py:115} INFO - [2022-09-16T08:01:48.935+0000] {dag.py:2429} INFO - Sync 1 DAGs
[2022-09-16T08:01:48.955+0000] {logging_mixin.py:115} INFO - [2022-09-16T08:01:48.954+0000] {dag.py:2981} INFO - Setting next_dagrun for example_branch_labels to 2022-09-15T00:00:00+00:00, run_after=2022-09-16T00:00:00+00:00
[2022-09-16T08:01:48.964+0000] {processor.py:161} INFO - Processing /home/airflow/.local/lib/python3.7/site-packages/airflow/example_dags/example_branch_labels.py took 0.056 seconds
[2022-09-16T08:02:19.128+0000] {processor.py:153} INFO - Started process (PID=507) to work on /home/airflow/.local/lib/python3.7/site-packages/airflow/example_dags/example_branch_labels.py
[2022-09-16T08:02:19.129+0000] {processor.py:640} INFO - Processing file /home/airflow/.local/lib/python3.7/site-packages/airflow/example_dags/example_branch_labels.py for tasks to queue
[2022-09-16T08:02:19.129+0000] {logging_mixin.py:115} INFO - [2022-09-16T08:02:19.129+0000] {dagbag.py:508} INFO - Filling up the DagBag from /home/airflow/.local/lib/python3.7/site-packages/airflow/example_dags/example_branch_labels.py
[2022-09-16T08:02:19.134+0000] {processor.py:650} INFO - DAG(s) dict_keys(['example_branch_labels']) retrieved from /home/airflow/.local/lib/python3.7/site-packages/airflow/example_dags/example_branch_labels.py
[2022-09-16T08:02:19.154+0000] {logging_mixin.py:115} INFO - [2022-09-16T08:02:19.154+0000] {dag.py:2429} INFO - Sync 1 DAGs
[2022-09-16T08:02:19.171+0000] {logging_mixin.py:115} INFO - [2022-09-16T08:02:19.171+0000] {dag.py:2981} INFO - Setting next_dagrun for example_branch_labels to 2022-09-15T00:00:00+00:00, run_after=2022-09-16T00:00:00+00:00
[2022-09-16T08:02:19.179+0000] {processor.py:161} INFO - Processing /home/airflow/.local/lib/python3.7/site-packages/airflow/example_dags/example_branch_labels.py took 0.053 seconds
[2022-09-16T08:02:49.381+0000] {processor.py:153} INFO - Started process (PID=569) to work on /home/airflow/.local/lib/python3.7/site-packages/airflow/example_dags/example_branch_labels.py
[2022-09-16T08:02:49.382+0000] {processor.py:640} INFO - Processing file /home/airflow/.local/lib/python3.7/site-packages/airflow/example_dags/example_branch_labels.py for tasks to queue
[2022-09-16T08:02:49.382+0000] {logging_mixin.py:115} INFO - [2022-09-16T08:02:49.382+0000] {dagbag.py:508} INFO - Filling up the DagBag from /home/airflow/.local/lib/python3.7/site-packages/airflow/example_dags/example_branch_labels.py
[2022-09-16T08:02:49.387+0000] {processor.py:650} INFO - DAG(s) dict_keys(['example_branch_labels']) retrieved from /home/airflow/.local/lib/python3.7/site-packages/airflow/example_dags/example_branch_labels.py
[2022-09-16T08:02:49.406+0000] {logging_mixin.py:115} INFO - [2022-09-16T08:02:49.406+0000] {dag.py:2429} INFO - Sync 1 DAGs
[2022-09-16T08:02:49.423+0000] {logging_mixin.py:115} INFO - [2022-09-16T08:02:49.423+0000] {dag.py:2981} INFO - Setting next_dagrun for example_branch_labels to 2022-09-15T00:00:00+00:00, run_after=2022-09-16T00:00:00+00:00
[2022-09-16T08:02:49.431+0000] {processor.py:161} INFO - Processing /home/airflow/.local/lib/python3.7/site-packages/airflow/example_dags/example_branch_labels.py took 0.052 seconds
[2022-09-16T08:03:19.561+0000] {processor.py:153} INFO - Started process (PID=622) to work on /home/airflow/.local/lib/python3.7/site-packages/airflow/example_dags/example_branch_labels.py
[2022-09-16T08:03:19.562+0000] {processor.py:640} INFO - Processing file /home/airflow/.local/lib/python3.7/site-packages/airflow/example_dags/example_branch_labels.py for tasks to queue
[2022-09-16T08:03:19.563+0000] {logging_mixin.py:115} INFO - [2022-09-16T08:03:19.562+0000] {dagbag.py:508} INFO - Filling up the DagBag from /home/airflow/.local/lib/python3.7/site-packages/airflow/example_dags/example_branch_labels.py
[2022-09-16T08:03:19.568+0000] {processor.py:650} INFO - DAG(s) dict_keys(['example_branch_labels']) retrieved from /home/airflow/.local/lib/python3.7/site-packages/airflow/example_dags/example_branch_labels.py
[2022-09-16T08:03:19.586+0000] {logging_mixin.py:115} INFO - [2022-09-16T08:03:19.586+0000] {dag.py:2429} INFO - Sync 1 DAGs
[2022-09-16T08:03:19.603+0000] {logging_mixin.py:115} INFO - [2022-09-16T08:03:19.603+0000] {dag.py:2981} INFO - Setting next_dagrun for example_branch_labels to 2022-09-15T00:00:00+00:00, run_after=2022-09-16T00:00:00+00:00
[2022-09-16T08:03:19.611+0000] {processor.py:161} INFO - Processing /home/airflow/.local/lib/python3.7/site-packages/airflow/example_dags/example_branch_labels.py took 0.052 seconds
[2022-09-16T08:04:02.873+0000] {processor.py:153} INFO - Started process (PID=71) to work on /home/airflow/.local/lib/python3.7/site-packages/airflow/example_dags/example_branch_labels.py
[2022-09-16T08:04:02.874+0000] {processor.py:640} INFO - Processing file /home/airflow/.local/lib/python3.7/site-packages/airflow/example_dags/example_branch_labels.py for tasks to queue
[2022-09-16T08:04:02.874+0000] {logging_mixin.py:115} INFO - [2022-09-16T08:04:02.874+0000] {dagbag.py:508} INFO - Filling up the DagBag from /home/airflow/.local/lib/python3.7/site-packages/airflow/example_dags/example_branch_labels.py
[2022-09-16T08:04:02.881+0000] {processor.py:650} INFO - DAG(s) dict_keys(['example_branch_labels']) retrieved from /home/airflow/.local/lib/python3.7/site-packages/airflow/example_dags/example_branch_labels.py
[2022-09-16T08:04:02.902+0000] {logging_mixin.py:115} INFO - [2022-09-16T08:04:02.902+0000] {dag.py:2429} INFO - Sync 1 DAGs
[2022-09-16T08:04:02.928+0000] {logging_mixin.py:115} INFO - [2022-09-16T08:04:02.928+0000] {dag.py:2981} INFO - Setting next_dagrun for example_branch_labels to 2022-09-15T00:00:00+00:00, run_after=2022-09-16T00:00:00+00:00
[2022-09-16T08:04:02.940+0000] {processor.py:161} INFO - Processing /home/airflow/.local/lib/python3.7/site-packages/airflow/example_dags/example_branch_labels.py took 0.069 seconds
[2022-09-16T08:04:33.324+0000] {processor.py:153} INFO - Started process (PID=133) to work on /home/airflow/.local/lib/python3.7/site-packages/airflow/example_dags/example_branch_labels.py
[2022-09-16T08:04:33.325+0000] {processor.py:640} INFO - Processing file /home/airflow/.local/lib/python3.7/site-packages/airflow/example_dags/example_branch_labels.py for tasks to queue
[2022-09-16T08:04:33.325+0000] {logging_mixin.py:115} INFO - [2022-09-16T08:04:33.325+0000] {dagbag.py:508} INFO - Filling up the DagBag from /home/airflow/.local/lib/python3.7/site-packages/airflow/example_dags/example_branch_labels.py
[2022-09-16T08:04:33.332+0000] {processor.py:650} INFO - DAG(s) dict_keys(['example_branch_labels']) retrieved from /home/airflow/.local/lib/python3.7/site-packages/airflow/example_dags/example_branch_labels.py
[2022-09-16T08:04:33.350+0000] {logging_mixin.py:115} INFO - [2022-09-16T08:04:33.349+0000] {dag.py:2429} INFO - Sync 1 DAGs
[2022-09-16T08:04:33.369+0000] {logging_mixin.py:115} INFO - [2022-09-16T08:04:33.369+0000] {dag.py:2981} INFO - Setting next_dagrun for example_branch_labels to 2022-09-15T00:00:00+00:00, run_after=2022-09-16T00:00:00+00:00
[2022-09-16T08:04:33.379+0000] {processor.py:161} INFO - Processing /home/airflow/.local/lib/python3.7/site-packages/airflow/example_dags/example_branch_labels.py took 0.057 seconds
[2022-09-16T08:06:40.651+0000] {processor.py:153} INFO - Started process (PID=71) to work on /home/airflow/.local/lib/python3.7/site-packages/airflow/example_dags/example_branch_labels.py
[2022-09-16T08:06:40.652+0000] {processor.py:640} INFO - Processing file /home/airflow/.local/lib/python3.7/site-packages/airflow/example_dags/example_branch_labels.py for tasks to queue
[2022-09-16T08:06:40.653+0000] {logging_mixin.py:115} INFO - [2022-09-16T08:06:40.653+0000] {dagbag.py:508} INFO - Filling up the DagBag from /home/airflow/.local/lib/python3.7/site-packages/airflow/example_dags/example_branch_labels.py
[2022-09-16T08:06:40.661+0000] {processor.py:650} INFO - DAG(s) dict_keys(['example_branch_labels']) retrieved from /home/airflow/.local/lib/python3.7/site-packages/airflow/example_dags/example_branch_labels.py
[2022-09-16T08:06:40.682+0000] {logging_mixin.py:115} INFO - [2022-09-16T08:06:40.681+0000] {dag.py:2429} INFO - Sync 1 DAGs
[2022-09-16T08:06:40.709+0000] {logging_mixin.py:115} INFO - [2022-09-16T08:06:40.708+0000] {dag.py:2981} INFO - Setting next_dagrun for example_branch_labels to 2022-09-15T00:00:00+00:00, run_after=2022-09-16T00:00:00+00:00
[2022-09-16T08:06:40.721+0000] {processor.py:161} INFO - Processing /home/airflow/.local/lib/python3.7/site-packages/airflow/example_dags/example_branch_labels.py took 0.072 seconds
[2022-09-16T08:08:04.182+0000] {processor.py:153} INFO - Started process (PID=70) to work on /home/airflow/.local/lib/python3.7/site-packages/airflow/example_dags/example_branch_labels.py
[2022-09-16T08:08:04.183+0000] {processor.py:640} INFO - Processing file /home/airflow/.local/lib/python3.7/site-packages/airflow/example_dags/example_branch_labels.py for tasks to queue
[2022-09-16T08:08:04.183+0000] {logging_mixin.py:115} INFO - [2022-09-16T08:08:04.183+0000] {dagbag.py:508} INFO - Filling up the DagBag from /home/airflow/.local/lib/python3.7/site-packages/airflow/example_dags/example_branch_labels.py
[2022-09-16T08:08:04.190+0000] {processor.py:650} INFO - DAG(s) dict_keys(['example_branch_labels']) retrieved from /home/airflow/.local/lib/python3.7/site-packages/airflow/example_dags/example_branch_labels.py
[2022-09-16T08:08:04.209+0000] {logging_mixin.py:115} INFO - [2022-09-16T08:08:04.209+0000] {dag.py:2429} INFO - Sync 1 DAGs
[2022-09-16T08:08:04.233+0000] {logging_mixin.py:115} INFO - [2022-09-16T08:08:04.232+0000] {dag.py:2981} INFO - Setting next_dagrun for example_branch_labels to 2022-09-15T00:00:00+00:00, run_after=2022-09-16T00:00:00+00:00
[2022-09-16T08:08:04.243+0000] {processor.py:161} INFO - Processing /home/airflow/.local/lib/python3.7/site-packages/airflow/example_dags/example_branch_labels.py took 0.063 seconds
[2022-09-16T08:10:13.764+0000] {processor.py:153} INFO - Started process (PID=71) to work on /home/airflow/.local/lib/python3.7/site-packages/airflow/example_dags/example_branch_labels.py
[2022-09-16T08:10:13.765+0000] {processor.py:640} INFO - Processing file /home/airflow/.local/lib/python3.7/site-packages/airflow/example_dags/example_branch_labels.py for tasks to queue
[2022-09-16T08:10:13.766+0000] {logging_mixin.py:115} INFO - [2022-09-16T08:10:13.765+0000] {dagbag.py:508} INFO - Filling up the DagBag from /home/airflow/.local/lib/python3.7/site-packages/airflow/example_dags/example_branch_labels.py
[2022-09-16T08:10:13.773+0000] {processor.py:650} INFO - DAG(s) dict_keys(['example_branch_labels']) retrieved from /home/airflow/.local/lib/python3.7/site-packages/airflow/example_dags/example_branch_labels.py
[2022-09-16T08:10:13.795+0000] {logging_mixin.py:115} INFO - [2022-09-16T08:10:13.795+0000] {dag.py:2429} INFO - Sync 1 DAGs
[2022-09-16T08:10:13.822+0000] {logging_mixin.py:115} INFO - [2022-09-16T08:10:13.821+0000] {dag.py:2981} INFO - Setting next_dagrun for example_branch_labels to 2022-09-15T00:00:00+00:00, run_after=2022-09-16T00:00:00+00:00
[2022-09-16T08:10:13.833+0000] {processor.py:161} INFO - Processing /home/airflow/.local/lib/python3.7/site-packages/airflow/example_dags/example_branch_labels.py took 0.071 seconds
[2022-09-16T08:10:44.965+0000] {processor.py:153} INFO - Started process (PID=133) to work on /home/airflow/.local/lib/python3.7/site-packages/airflow/example_dags/example_branch_labels.py
[2022-09-16T08:10:44.966+0000] {processor.py:640} INFO - Processing file /home/airflow/.local/lib/python3.7/site-packages/airflow/example_dags/example_branch_labels.py for tasks to queue
[2022-09-16T08:10:44.966+0000] {logging_mixin.py:115} INFO - [2022-09-16T08:10:44.966+0000] {dagbag.py:508} INFO - Filling up the DagBag from /home/airflow/.local/lib/python3.7/site-packages/airflow/example_dags/example_branch_labels.py
[2022-09-16T08:10:44.973+0000] {processor.py:650} INFO - DAG(s) dict_keys(['example_branch_labels']) retrieved from /home/airflow/.local/lib/python3.7/site-packages/airflow/example_dags/example_branch_labels.py
[2022-09-16T08:10:44.991+0000] {logging_mixin.py:115} INFO - [2022-09-16T08:10:44.990+0000] {dag.py:2429} INFO - Sync 1 DAGs
[2022-09-16T08:10:45.009+0000] {logging_mixin.py:115} INFO - [2022-09-16T08:10:45.009+0000] {dag.py:2981} INFO - Setting next_dagrun for example_branch_labels to 2022-09-15T00:00:00+00:00, run_after=2022-09-16T00:00:00+00:00
[2022-09-16T08:10:45.018+0000] {processor.py:161} INFO - Processing /home/airflow/.local/lib/python3.7/site-packages/airflow/example_dags/example_branch_labels.py took 0.055 seconds
[2022-09-16T08:13:51.956+0000] {processor.py:153} INFO - Started process (PID=103) to work on /home/airflow/.local/lib/python3.7/site-packages/airflow/example_dags/example_branch_labels.py
[2022-09-16T08:13:51.956+0000] {processor.py:640} INFO - Processing file /home/airflow/.local/lib/python3.7/site-packages/airflow/example_dags/example_branch_labels.py for tasks to queue
[2022-09-16T08:13:51.957+0000] {logging_mixin.py:115} INFO - [2022-09-16T08:13:51.957+0000] {dagbag.py:508} INFO - Filling up the DagBag from /home/airflow/.local/lib/python3.7/site-packages/airflow/example_dags/example_branch_labels.py
[2022-09-16T08:13:51.963+0000] {processor.py:650} INFO - DAG(s) dict_keys(['example_branch_labels']) retrieved from /home/airflow/.local/lib/python3.7/site-packages/airflow/example_dags/example_branch_labels.py
[2022-09-16T08:13:51.986+0000] {logging_mixin.py:115} INFO - [2022-09-16T08:13:51.986+0000] {dag.py:2429} INFO - Sync 1 DAGs
[2022-09-16T08:13:52.006+0000] {logging_mixin.py:115} INFO - [2022-09-16T08:13:52.006+0000] {dag.py:2981} INFO - Setting next_dagrun for example_branch_labels to 2022-09-15T00:00:00+00:00, run_after=2022-09-16T00:00:00+00:00
[2022-09-16T08:13:52.016+0000] {processor.py:161} INFO - Processing /home/airflow/.local/lib/python3.7/site-packages/airflow/example_dags/example_branch_labels.py took 0.063 seconds
[2022-09-16T08:15:36.663+0000] {processor.py:153} INFO - Started process (PID=71) to work on /home/airflow/.local/lib/python3.7/site-packages/airflow/example_dags/example_branch_labels.py
[2022-09-16T08:15:36.664+0000] {processor.py:640} INFO - Processing file /home/airflow/.local/lib/python3.7/site-packages/airflow/example_dags/example_branch_labels.py for tasks to queue
[2022-09-16T08:15:36.664+0000] {logging_mixin.py:115} INFO - [2022-09-16T08:15:36.664+0000] {dagbag.py:508} INFO - Filling up the DagBag from /home/airflow/.local/lib/python3.7/site-packages/airflow/example_dags/example_branch_labels.py
[2022-09-16T08:15:36.671+0000] {processor.py:650} INFO - DAG(s) dict_keys(['example_branch_labels']) retrieved from /home/airflow/.local/lib/python3.7/site-packages/airflow/example_dags/example_branch_labels.py
[2022-09-16T08:15:36.688+0000] {logging_mixin.py:115} INFO - [2022-09-16T08:15:36.688+0000] {dag.py:2429} INFO - Sync 1 DAGs
[2022-09-16T08:15:36.709+0000] {logging_mixin.py:115} INFO - [2022-09-16T08:15:36.709+0000] {dag.py:2981} INFO - Setting next_dagrun for example_branch_labels to 2022-09-15T00:00:00+00:00, run_after=2022-09-16T00:00:00+00:00
[2022-09-16T08:15:36.720+0000] {processor.py:161} INFO - Processing /home/airflow/.local/lib/python3.7/site-packages/airflow/example_dags/example_branch_labels.py took 0.059 seconds
[2022-09-16T08:18:34.522+0000] {processor.py:153} INFO - Started process (PID=121) to work on /home/airflow/.local/lib/python3.7/site-packages/airflow/example_dags/example_branch_labels.py
[2022-09-16T08:18:34.523+0000] {processor.py:640} INFO - Processing file /home/airflow/.local/lib/python3.7/site-packages/airflow/example_dags/example_branch_labels.py for tasks to queue
[2022-09-16T08:18:34.523+0000] {logging_mixin.py:115} INFO - [2022-09-16T08:18:34.523+0000] {dagbag.py:508} INFO - Filling up the DagBag from /home/airflow/.local/lib/python3.7/site-packages/airflow/example_dags/example_branch_labels.py
[2022-09-16T08:18:34.529+0000] {processor.py:650} INFO - DAG(s) dict_keys(['example_branch_labels']) retrieved from /home/airflow/.local/lib/python3.7/site-packages/airflow/example_dags/example_branch_labels.py
[2022-09-16T08:18:34.552+0000] {logging_mixin.py:115} INFO - [2022-09-16T08:18:34.552+0000] {dag.py:2429} INFO - Sync 1 DAGs
[2022-09-16T08:18:34.578+0000] {logging_mixin.py:115} INFO - [2022-09-16T08:18:34.577+0000] {dag.py:2981} INFO - Setting next_dagrun for example_branch_labels to 2022-09-15T00:00:00+00:00, run_after=2022-09-16T00:00:00+00:00
[2022-09-16T08:18:34.591+0000] {processor.py:161} INFO - Processing /home/airflow/.local/lib/python3.7/site-packages/airflow/example_dags/example_branch_labels.py took 0.071 seconds
[2022-09-16T08:19:05.805+0000] {processor.py:153} INFO - Started process (PID=176) to work on /home/airflow/.local/lib/python3.7/site-packages/airflow/example_dags/example_branch_labels.py
[2022-09-16T08:19:05.806+0000] {processor.py:640} INFO - Processing file /home/airflow/.local/lib/python3.7/site-packages/airflow/example_dags/example_branch_labels.py for tasks to queue
[2022-09-16T08:19:05.806+0000] {logging_mixin.py:115} INFO - [2022-09-16T08:19:05.806+0000] {dagbag.py:508} INFO - Filling up the DagBag from /home/airflow/.local/lib/python3.7/site-packages/airflow/example_dags/example_branch_labels.py
[2022-09-16T08:19:05.811+0000] {processor.py:650} INFO - DAG(s) dict_keys(['example_branch_labels']) retrieved from /home/airflow/.local/lib/python3.7/site-packages/airflow/example_dags/example_branch_labels.py
[2022-09-16T08:19:05.830+0000] {logging_mixin.py:115} INFO - [2022-09-16T08:19:05.830+0000] {dag.py:2429} INFO - Sync 1 DAGs
[2022-09-16T08:19:05.850+0000] {logging_mixin.py:115} INFO - [2022-09-16T08:19:05.850+0000] {dag.py:2981} INFO - Setting next_dagrun for example_branch_labels to 2022-09-15T00:00:00+00:00, run_after=2022-09-16T00:00:00+00:00
[2022-09-16T08:19:05.861+0000] {processor.py:161} INFO - Processing /home/airflow/.local/lib/python3.7/site-packages/airflow/example_dags/example_branch_labels.py took 0.058 seconds
