[2022-09-16T07:52:53.031+0000] {processor.py:153} INFO - Started process (PID=68) to work on /home/airflow/.local/lib/python3.7/site-packages/airflow/example_dags/example_skip_dag.py
[2022-09-16T07:52:53.031+0000] {processor.py:640} INFO - Processing file /home/airflow/.local/lib/python3.7/site-packages/airflow/example_dags/example_skip_dag.py for tasks to queue
[2022-09-16T07:52:53.031+0000] {logging_mixin.py:115} INFO - [2022-09-16T07:52:53.031+0000] {dagbag.py:508} INFO - Filling up the DagBag from /home/airflow/.local/lib/python3.7/site-packages/airflow/example_dags/example_skip_dag.py
[2022-09-16T07:52:53.035+0000] {processor.py:650} INFO - DAG(s) dict_keys(['example_skip_dag']) retrieved from /home/airflow/.local/lib/python3.7/site-packages/airflow/example_dags/example_skip_dag.py
[2022-09-16T07:52:53.058+0000] {logging_mixin.py:115} INFO - [2022-09-16T07:52:53.058+0000] {dag.py:2429} INFO - Sync 1 DAGs
[2022-09-16T07:52:53.081+0000] {logging_mixin.py:115} INFO - [2022-09-16T07:52:53.081+0000] {dag.py:2981} INFO - Setting next_dagrun for example_skip_dag to 2022-09-15T07:52:53.081449+00:00, run_after=2022-09-16T07:52:53.081449+00:00
[2022-09-16T07:52:53.094+0000] {processor.py:161} INFO - Processing /home/airflow/.local/lib/python3.7/site-packages/airflow/example_dags/example_skip_dag.py took 0.065 seconds
[2022-09-16T07:53:23.852+0000] {processor.py:153} INFO - Started process (PID=129) to work on /home/airflow/.local/lib/python3.7/site-packages/airflow/example_dags/example_skip_dag.py
[2022-09-16T07:53:23.853+0000] {processor.py:640} INFO - Processing file /home/airflow/.local/lib/python3.7/site-packages/airflow/example_dags/example_skip_dag.py for tasks to queue
[2022-09-16T07:53:23.853+0000] {logging_mixin.py:115} INFO - [2022-09-16T07:53:23.853+0000] {dagbag.py:508} INFO - Filling up the DagBag from /home/airflow/.local/lib/python3.7/site-packages/airflow/example_dags/example_skip_dag.py
[2022-09-16T07:53:23.857+0000] {processor.py:650} INFO - DAG(s) dict_keys(['example_skip_dag']) retrieved from /home/airflow/.local/lib/python3.7/site-packages/airflow/example_dags/example_skip_dag.py
[2022-09-16T07:53:23.875+0000] {logging_mixin.py:115} INFO - [2022-09-16T07:53:23.875+0000] {dag.py:2429} INFO - Sync 1 DAGs
[2022-09-16T07:53:23.895+0000] {logging_mixin.py:115} INFO - [2022-09-16T07:53:23.895+0000] {dag.py:2981} INFO - Setting next_dagrun for example_skip_dag to 2022-09-15T07:53:23.895440+00:00, run_after=2022-09-16T07:53:23.895440+00:00
[2022-09-16T07:53:23.906+0000] {processor.py:161} INFO - Processing /home/airflow/.local/lib/python3.7/site-packages/airflow/example_dags/example_skip_dag.py took 0.056 seconds
[2022-09-16T07:53:54.490+0000] {processor.py:153} INFO - Started process (PID=191) to work on /home/airflow/.local/lib/python3.7/site-packages/airflow/example_dags/example_skip_dag.py
[2022-09-16T07:53:54.490+0000] {processor.py:640} INFO - Processing file /home/airflow/.local/lib/python3.7/site-packages/airflow/example_dags/example_skip_dag.py for tasks to queue
[2022-09-16T07:53:54.491+0000] {logging_mixin.py:115} INFO - [2022-09-16T07:53:54.491+0000] {dagbag.py:508} INFO - Filling up the DagBag from /home/airflow/.local/lib/python3.7/site-packages/airflow/example_dags/example_skip_dag.py
[2022-09-16T07:53:54.494+0000] {processor.py:650} INFO - DAG(s) dict_keys(['example_skip_dag']) retrieved from /home/airflow/.local/lib/python3.7/site-packages/airflow/example_dags/example_skip_dag.py
[2022-09-16T07:53:54.512+0000] {logging_mixin.py:115} INFO - [2022-09-16T07:53:54.512+0000] {dag.py:2429} INFO - Sync 1 DAGs
[2022-09-16T07:53:54.528+0000] {logging_mixin.py:115} INFO - [2022-09-16T07:53:54.528+0000] {dag.py:2981} INFO - Setting next_dagrun for example_skip_dag to 2022-09-15T07:53:54.528039+00:00, run_after=2022-09-16T07:53:54.528039+00:00
[2022-09-16T07:53:54.537+0000] {processor.py:161} INFO - Processing /home/airflow/.local/lib/python3.7/site-packages/airflow/example_dags/example_skip_dag.py took 0.049 seconds
[2022-09-16T07:54:25.463+0000] {processor.py:153} INFO - Started process (PID=253) to work on /home/airflow/.local/lib/python3.7/site-packages/airflow/example_dags/example_skip_dag.py
[2022-09-16T07:54:25.463+0000] {processor.py:640} INFO - Processing file /home/airflow/.local/lib/python3.7/site-packages/airflow/example_dags/example_skip_dag.py for tasks to queue
[2022-09-16T07:54:25.464+0000] {logging_mixin.py:115} INFO - [2022-09-16T07:54:25.464+0000] {dagbag.py:508} INFO - Filling up the DagBag from /home/airflow/.local/lib/python3.7/site-packages/airflow/example_dags/example_skip_dag.py
[2022-09-16T07:54:25.467+0000] {processor.py:650} INFO - DAG(s) dict_keys(['example_skip_dag']) retrieved from /home/airflow/.local/lib/python3.7/site-packages/airflow/example_dags/example_skip_dag.py
[2022-09-16T07:54:25.486+0000] {logging_mixin.py:115} INFO - [2022-09-16T07:54:25.486+0000] {dag.py:2429} INFO - Sync 1 DAGs
[2022-09-16T07:54:25.503+0000] {logging_mixin.py:115} INFO - [2022-09-16T07:54:25.503+0000] {dag.py:2981} INFO - Setting next_dagrun for example_skip_dag to 2022-09-15T07:54:25.503310+00:00, run_after=2022-09-16T07:54:25.503310+00:00
[2022-09-16T07:54:25.514+0000] {processor.py:161} INFO - Processing /home/airflow/.local/lib/python3.7/site-packages/airflow/example_dags/example_skip_dag.py took 0.053 seconds
[2022-09-16T07:54:56.244+0000] {processor.py:153} INFO - Started process (PID=306) to work on /home/airflow/.local/lib/python3.7/site-packages/airflow/example_dags/example_skip_dag.py
[2022-09-16T07:54:56.245+0000] {processor.py:640} INFO - Processing file /home/airflow/.local/lib/python3.7/site-packages/airflow/example_dags/example_skip_dag.py for tasks to queue
[2022-09-16T07:54:56.245+0000] {logging_mixin.py:115} INFO - [2022-09-16T07:54:56.245+0000] {dagbag.py:508} INFO - Filling up the DagBag from /home/airflow/.local/lib/python3.7/site-packages/airflow/example_dags/example_skip_dag.py
[2022-09-16T07:54:56.249+0000] {processor.py:650} INFO - DAG(s) dict_keys(['example_skip_dag']) retrieved from /home/airflow/.local/lib/python3.7/site-packages/airflow/example_dags/example_skip_dag.py
[2022-09-16T07:54:56.268+0000] {logging_mixin.py:115} INFO - [2022-09-16T07:54:56.268+0000] {dag.py:2429} INFO - Sync 1 DAGs
[2022-09-16T07:54:56.285+0000] {logging_mixin.py:115} INFO - [2022-09-16T07:54:56.284+0000] {dag.py:2981} INFO - Setting next_dagrun for example_skip_dag to 2022-09-15T07:54:56.284742+00:00, run_after=2022-09-16T07:54:56.284742+00:00
[2022-09-16T07:54:56.294+0000] {processor.py:161} INFO - Processing /home/airflow/.local/lib/python3.7/site-packages/airflow/example_dags/example_skip_dag.py took 0.051 seconds
[2022-09-16T07:55:26.965+0000] {processor.py:153} INFO - Started process (PID=368) to work on /home/airflow/.local/lib/python3.7/site-packages/airflow/example_dags/example_skip_dag.py
[2022-09-16T07:55:26.966+0000] {processor.py:640} INFO - Processing file /home/airflow/.local/lib/python3.7/site-packages/airflow/example_dags/example_skip_dag.py for tasks to queue
[2022-09-16T07:55:26.966+0000] {logging_mixin.py:115} INFO - [2022-09-16T07:55:26.966+0000] {dagbag.py:508} INFO - Filling up the DagBag from /home/airflow/.local/lib/python3.7/site-packages/airflow/example_dags/example_skip_dag.py
[2022-09-16T07:55:26.971+0000] {processor.py:650} INFO - DAG(s) dict_keys(['example_skip_dag']) retrieved from /home/airflow/.local/lib/python3.7/site-packages/airflow/example_dags/example_skip_dag.py
[2022-09-16T07:55:26.990+0000] {logging_mixin.py:115} INFO - [2022-09-16T07:55:26.989+0000] {dag.py:2429} INFO - Sync 1 DAGs
[2022-09-16T07:55:27.006+0000] {logging_mixin.py:115} INFO - [2022-09-16T07:55:27.006+0000] {dag.py:2981} INFO - Setting next_dagrun for example_skip_dag to 2022-09-15T07:55:27.006624+00:00, run_after=2022-09-16T07:55:27.006624+00:00
[2022-09-16T07:55:27.016+0000] {processor.py:161} INFO - Processing /home/airflow/.local/lib/python3.7/site-packages/airflow/example_dags/example_skip_dag.py took 0.054 seconds
[2022-09-16T07:55:57.635+0000] {processor.py:153} INFO - Started process (PID=430) to work on /home/airflow/.local/lib/python3.7/site-packages/airflow/example_dags/example_skip_dag.py
[2022-09-16T07:55:57.636+0000] {processor.py:640} INFO - Processing file /home/airflow/.local/lib/python3.7/site-packages/airflow/example_dags/example_skip_dag.py for tasks to queue
[2022-09-16T07:55:57.636+0000] {logging_mixin.py:115} INFO - [2022-09-16T07:55:57.636+0000] {dagbag.py:508} INFO - Filling up the DagBag from /home/airflow/.local/lib/python3.7/site-packages/airflow/example_dags/example_skip_dag.py
[2022-09-16T07:55:57.640+0000] {processor.py:650} INFO - DAG(s) dict_keys(['example_skip_dag']) retrieved from /home/airflow/.local/lib/python3.7/site-packages/airflow/example_dags/example_skip_dag.py
[2022-09-16T07:55:57.659+0000] {logging_mixin.py:115} INFO - [2022-09-16T07:55:57.659+0000] {dag.py:2429} INFO - Sync 1 DAGs
[2022-09-16T07:55:57.677+0000] {logging_mixin.py:115} INFO - [2022-09-16T07:55:57.676+0000] {dag.py:2981} INFO - Setting next_dagrun for example_skip_dag to 2022-09-15T07:55:57.676686+00:00, run_after=2022-09-16T07:55:57.676686+00:00
[2022-09-16T07:55:57.687+0000] {processor.py:161} INFO - Processing /home/airflow/.local/lib/python3.7/site-packages/airflow/example_dags/example_skip_dag.py took 0.054 seconds
[2022-09-16T07:56:28.268+0000] {processor.py:153} INFO - Started process (PID=491) to work on /home/airflow/.local/lib/python3.7/site-packages/airflow/example_dags/example_skip_dag.py
[2022-09-16T07:56:28.269+0000] {processor.py:640} INFO - Processing file /home/airflow/.local/lib/python3.7/site-packages/airflow/example_dags/example_skip_dag.py for tasks to queue
[2022-09-16T07:56:28.270+0000] {logging_mixin.py:115} INFO - [2022-09-16T07:56:28.270+0000] {dagbag.py:508} INFO - Filling up the DagBag from /home/airflow/.local/lib/python3.7/site-packages/airflow/example_dags/example_skip_dag.py
[2022-09-16T07:56:28.274+0000] {processor.py:650} INFO - DAG(s) dict_keys(['example_skip_dag']) retrieved from /home/airflow/.local/lib/python3.7/site-packages/airflow/example_dags/example_skip_dag.py
[2022-09-16T07:56:28.294+0000] {logging_mixin.py:115} INFO - [2022-09-16T07:56:28.294+0000] {dag.py:2429} INFO - Sync 1 DAGs
[2022-09-16T07:56:28.311+0000] {logging_mixin.py:115} INFO - [2022-09-16T07:56:28.311+0000] {dag.py:2981} INFO - Setting next_dagrun for example_skip_dag to 2022-09-15T07:56:28.311169+00:00, run_after=2022-09-16T07:56:28.311169+00:00
[2022-09-16T07:56:28.323+0000] {processor.py:161} INFO - Processing /home/airflow/.local/lib/python3.7/site-packages/airflow/example_dags/example_skip_dag.py took 0.057 seconds
[2022-09-16T07:56:58.840+0000] {processor.py:153} INFO - Started process (PID=544) to work on /home/airflow/.local/lib/python3.7/site-packages/airflow/example_dags/example_skip_dag.py
[2022-09-16T07:56:58.841+0000] {processor.py:640} INFO - Processing file /home/airflow/.local/lib/python3.7/site-packages/airflow/example_dags/example_skip_dag.py for tasks to queue
[2022-09-16T07:56:58.841+0000] {logging_mixin.py:115} INFO - [2022-09-16T07:56:58.841+0000] {dagbag.py:508} INFO - Filling up the DagBag from /home/airflow/.local/lib/python3.7/site-packages/airflow/example_dags/example_skip_dag.py
[2022-09-16T07:56:58.845+0000] {processor.py:650} INFO - DAG(s) dict_keys(['example_skip_dag']) retrieved from /home/airflow/.local/lib/python3.7/site-packages/airflow/example_dags/example_skip_dag.py
[2022-09-16T07:56:58.863+0000] {logging_mixin.py:115} INFO - [2022-09-16T07:56:58.863+0000] {dag.py:2429} INFO - Sync 1 DAGs
[2022-09-16T07:56:58.879+0000] {logging_mixin.py:115} INFO - [2022-09-16T07:56:58.879+0000] {dag.py:2981} INFO - Setting next_dagrun for example_skip_dag to 2022-09-15T07:56:58.879250+00:00, run_after=2022-09-16T07:56:58.879250+00:00
[2022-09-16T07:56:58.888+0000] {processor.py:161} INFO - Processing /home/airflow/.local/lib/python3.7/site-packages/airflow/example_dags/example_skip_dag.py took 0.050 seconds
[2022-09-16T07:57:29.400+0000] {processor.py:153} INFO - Started process (PID=606) to work on /home/airflow/.local/lib/python3.7/site-packages/airflow/example_dags/example_skip_dag.py
[2022-09-16T07:57:29.401+0000] {processor.py:640} INFO - Processing file /home/airflow/.local/lib/python3.7/site-packages/airflow/example_dags/example_skip_dag.py for tasks to queue
[2022-09-16T07:57:29.401+0000] {logging_mixin.py:115} INFO - [2022-09-16T07:57:29.401+0000] {dagbag.py:508} INFO - Filling up the DagBag from /home/airflow/.local/lib/python3.7/site-packages/airflow/example_dags/example_skip_dag.py
[2022-09-16T07:57:29.405+0000] {processor.py:650} INFO - DAG(s) dict_keys(['example_skip_dag']) retrieved from /home/airflow/.local/lib/python3.7/site-packages/airflow/example_dags/example_skip_dag.py
[2022-09-16T07:57:29.427+0000] {logging_mixin.py:115} INFO - [2022-09-16T07:57:29.427+0000] {dag.py:2429} INFO - Sync 1 DAGs
[2022-09-16T07:57:29.445+0000] {logging_mixin.py:115} INFO - [2022-09-16T07:57:29.445+0000] {dag.py:2981} INFO - Setting next_dagrun for example_skip_dag to 2022-09-15T07:57:29.445111+00:00, run_after=2022-09-16T07:57:29.445111+00:00
[2022-09-16T07:57:29.455+0000] {processor.py:161} INFO - Processing /home/airflow/.local/lib/python3.7/site-packages/airflow/example_dags/example_skip_dag.py took 0.057 seconds
[2022-09-16T07:58:44.630+0000] {processor.py:153} INFO - Started process (PID=100) to work on /home/airflow/.local/lib/python3.7/site-packages/airflow/example_dags/example_skip_dag.py
[2022-09-16T07:58:44.631+0000] {processor.py:640} INFO - Processing file /home/airflow/.local/lib/python3.7/site-packages/airflow/example_dags/example_skip_dag.py for tasks to queue
[2022-09-16T07:58:44.631+0000] {logging_mixin.py:115} INFO - [2022-09-16T07:58:44.631+0000] {dagbag.py:508} INFO - Filling up the DagBag from /home/airflow/.local/lib/python3.7/site-packages/airflow/example_dags/example_skip_dag.py
[2022-09-16T07:58:44.635+0000] {processor.py:650} INFO - DAG(s) dict_keys(['example_skip_dag']) retrieved from /home/airflow/.local/lib/python3.7/site-packages/airflow/example_dags/example_skip_dag.py
[2022-09-16T07:58:44.654+0000] {logging_mixin.py:115} INFO - [2022-09-16T07:58:44.654+0000] {dag.py:2429} INFO - Sync 1 DAGs
[2022-09-16T07:58:44.671+0000] {logging_mixin.py:115} INFO - [2022-09-16T07:58:44.670+0000] {dag.py:2981} INFO - Setting next_dagrun for example_skip_dag to 2022-09-15T07:58:44.670692+00:00, run_after=2022-09-16T07:58:44.670692+00:00
[2022-09-16T07:58:44.680+0000] {processor.py:161} INFO - Processing /home/airflow/.local/lib/python3.7/site-packages/airflow/example_dags/example_skip_dag.py took 0.053 seconds
[2022-09-16T07:59:15.692+0000] {processor.py:153} INFO - Started process (PID=162) to work on /home/airflow/.local/lib/python3.7/site-packages/airflow/example_dags/example_skip_dag.py
[2022-09-16T07:59:15.692+0000] {processor.py:640} INFO - Processing file /home/airflow/.local/lib/python3.7/site-packages/airflow/example_dags/example_skip_dag.py for tasks to queue
[2022-09-16T07:59:15.693+0000] {logging_mixin.py:115} INFO - [2022-09-16T07:59:15.693+0000] {dagbag.py:508} INFO - Filling up the DagBag from /home/airflow/.local/lib/python3.7/site-packages/airflow/example_dags/example_skip_dag.py
[2022-09-16T07:59:15.696+0000] {processor.py:650} INFO - DAG(s) dict_keys(['example_skip_dag']) retrieved from /home/airflow/.local/lib/python3.7/site-packages/airflow/example_dags/example_skip_dag.py
[2022-09-16T07:59:15.715+0000] {logging_mixin.py:115} INFO - [2022-09-16T07:59:15.714+0000] {dag.py:2429} INFO - Sync 1 DAGs
[2022-09-16T07:59:15.731+0000] {logging_mixin.py:115} INFO - [2022-09-16T07:59:15.731+0000] {dag.py:2981} INFO - Setting next_dagrun for example_skip_dag to 2022-09-15T07:59:15.731604+00:00, run_after=2022-09-16T07:59:15.731604+00:00
[2022-09-16T07:59:15.741+0000] {processor.py:161} INFO - Processing /home/airflow/.local/lib/python3.7/site-packages/airflow/example_dags/example_skip_dag.py took 0.051 seconds
[2022-09-16T07:59:46.485+0000] {processor.py:153} INFO - Started process (PID=215) to work on /home/airflow/.local/lib/python3.7/site-packages/airflow/example_dags/example_skip_dag.py
[2022-09-16T07:59:46.485+0000] {processor.py:640} INFO - Processing file /home/airflow/.local/lib/python3.7/site-packages/airflow/example_dags/example_skip_dag.py for tasks to queue
[2022-09-16T07:59:46.486+0000] {logging_mixin.py:115} INFO - [2022-09-16T07:59:46.486+0000] {dagbag.py:508} INFO - Filling up the DagBag from /home/airflow/.local/lib/python3.7/site-packages/airflow/example_dags/example_skip_dag.py
[2022-09-16T07:59:46.489+0000] {processor.py:650} INFO - DAG(s) dict_keys(['example_skip_dag']) retrieved from /home/airflow/.local/lib/python3.7/site-packages/airflow/example_dags/example_skip_dag.py
[2022-09-16T07:59:46.510+0000] {logging_mixin.py:115} INFO - [2022-09-16T07:59:46.510+0000] {dag.py:2429} INFO - Sync 1 DAGs
[2022-09-16T07:59:46.526+0000] {logging_mixin.py:115} INFO - [2022-09-16T07:59:46.526+0000] {dag.py:2981} INFO - Setting next_dagrun for example_skip_dag to 2022-09-15T07:59:46.526360+00:00, run_after=2022-09-16T07:59:46.526360+00:00
[2022-09-16T07:59:46.535+0000] {processor.py:161} INFO - Processing /home/airflow/.local/lib/python3.7/site-packages/airflow/example_dags/example_skip_dag.py took 0.052 seconds
[2022-09-16T08:00:17.385+0000] {processor.py:153} INFO - Started process (PID=277) to work on /home/airflow/.local/lib/python3.7/site-packages/airflow/example_dags/example_skip_dag.py
[2022-09-16T08:00:17.386+0000] {processor.py:640} INFO - Processing file /home/airflow/.local/lib/python3.7/site-packages/airflow/example_dags/example_skip_dag.py for tasks to queue
[2022-09-16T08:00:17.386+0000] {logging_mixin.py:115} INFO - [2022-09-16T08:00:17.386+0000] {dagbag.py:508} INFO - Filling up the DagBag from /home/airflow/.local/lib/python3.7/site-packages/airflow/example_dags/example_skip_dag.py
[2022-09-16T08:00:17.389+0000] {processor.py:650} INFO - DAG(s) dict_keys(['example_skip_dag']) retrieved from /home/airflow/.local/lib/python3.7/site-packages/airflow/example_dags/example_skip_dag.py
[2022-09-16T08:00:17.408+0000] {logging_mixin.py:115} INFO - [2022-09-16T08:00:17.408+0000] {dag.py:2429} INFO - Sync 1 DAGs
[2022-09-16T08:00:17.425+0000] {logging_mixin.py:115} INFO - [2022-09-16T08:00:17.425+0000] {dag.py:2981} INFO - Setting next_dagrun for example_skip_dag to 2022-09-15T08:00:17.424880+00:00, run_after=2022-09-16T08:00:17.424880+00:00
[2022-09-16T08:00:17.434+0000] {processor.py:161} INFO - Processing /home/airflow/.local/lib/python3.7/site-packages/airflow/example_dags/example_skip_dag.py took 0.051 seconds
[2022-09-16T08:00:48.381+0000] {processor.py:153} INFO - Started process (PID=339) to work on /home/airflow/.local/lib/python3.7/site-packages/airflow/example_dags/example_skip_dag.py
[2022-09-16T08:00:48.381+0000] {processor.py:640} INFO - Processing file /home/airflow/.local/lib/python3.7/site-packages/airflow/example_dags/example_skip_dag.py for tasks to queue
[2022-09-16T08:00:48.382+0000] {logging_mixin.py:115} INFO - [2022-09-16T08:00:48.382+0000] {dagbag.py:508} INFO - Filling up the DagBag from /home/airflow/.local/lib/python3.7/site-packages/airflow/example_dags/example_skip_dag.py
[2022-09-16T08:00:48.385+0000] {processor.py:650} INFO - DAG(s) dict_keys(['example_skip_dag']) retrieved from /home/airflow/.local/lib/python3.7/site-packages/airflow/example_dags/example_skip_dag.py
[2022-09-16T08:00:48.409+0000] {logging_mixin.py:115} INFO - [2022-09-16T08:00:48.409+0000] {dag.py:2429} INFO - Sync 1 DAGs
[2022-09-16T08:00:48.432+0000] {logging_mixin.py:115} INFO - [2022-09-16T08:00:48.432+0000] {dag.py:2981} INFO - Setting next_dagrun for example_skip_dag to 2022-09-15T08:00:48.432014+00:00, run_after=2022-09-16T08:00:48.432014+00:00
[2022-09-16T08:00:48.445+0000] {processor.py:161} INFO - Processing /home/airflow/.local/lib/python3.7/site-packages/airflow/example_dags/example_skip_dag.py took 0.067 seconds
[2022-09-16T08:01:19.298+0000] {processor.py:153} INFO - Started process (PID=401) to work on /home/airflow/.local/lib/python3.7/site-packages/airflow/example_dags/example_skip_dag.py
[2022-09-16T08:01:19.298+0000] {processor.py:640} INFO - Processing file /home/airflow/.local/lib/python3.7/site-packages/airflow/example_dags/example_skip_dag.py for tasks to queue
[2022-09-16T08:01:19.299+0000] {logging_mixin.py:115} INFO - [2022-09-16T08:01:19.299+0000] {dagbag.py:508} INFO - Filling up the DagBag from /home/airflow/.local/lib/python3.7/site-packages/airflow/example_dags/example_skip_dag.py
[2022-09-16T08:01:19.302+0000] {processor.py:650} INFO - DAG(s) dict_keys(['example_skip_dag']) retrieved from /home/airflow/.local/lib/python3.7/site-packages/airflow/example_dags/example_skip_dag.py
[2022-09-16T08:01:19.321+0000] {logging_mixin.py:115} INFO - [2022-09-16T08:01:19.321+0000] {dag.py:2429} INFO - Sync 1 DAGs
[2022-09-16T08:01:19.340+0000] {logging_mixin.py:115} INFO - [2022-09-16T08:01:19.340+0000] {dag.py:2981} INFO - Setting next_dagrun for example_skip_dag to 2022-09-15T08:01:19.340021+00:00, run_after=2022-09-16T08:01:19.340021+00:00
[2022-09-16T08:01:19.350+0000] {processor.py:161} INFO - Processing /home/airflow/.local/lib/python3.7/site-packages/airflow/example_dags/example_skip_dag.py took 0.055 seconds
[2022-09-16T08:01:50.441+0000] {processor.py:153} INFO - Started process (PID=454) to work on /home/airflow/.local/lib/python3.7/site-packages/airflow/example_dags/example_skip_dag.py
[2022-09-16T08:01:50.442+0000] {processor.py:640} INFO - Processing file /home/airflow/.local/lib/python3.7/site-packages/airflow/example_dags/example_skip_dag.py for tasks to queue
[2022-09-16T08:01:50.443+0000] {logging_mixin.py:115} INFO - [2022-09-16T08:01:50.442+0000] {dagbag.py:508} INFO - Filling up the DagBag from /home/airflow/.local/lib/python3.7/site-packages/airflow/example_dags/example_skip_dag.py
[2022-09-16T08:01:50.446+0000] {processor.py:650} INFO - DAG(s) dict_keys(['example_skip_dag']) retrieved from /home/airflow/.local/lib/python3.7/site-packages/airflow/example_dags/example_skip_dag.py
[2022-09-16T08:01:50.465+0000] {logging_mixin.py:115} INFO - [2022-09-16T08:01:50.465+0000] {dag.py:2429} INFO - Sync 1 DAGs
[2022-09-16T08:01:50.481+0000] {logging_mixin.py:115} INFO - [2022-09-16T08:01:50.481+0000] {dag.py:2981} INFO - Setting next_dagrun for example_skip_dag to 2022-09-15T08:01:50.481138+00:00, run_after=2022-09-16T08:01:50.481138+00:00
[2022-09-16T08:01:50.490+0000] {processor.py:161} INFO - Processing /home/airflow/.local/lib/python3.7/site-packages/airflow/example_dags/example_skip_dag.py took 0.051 seconds
[2022-09-16T08:02:20.774+0000] {processor.py:153} INFO - Started process (PID=518) to work on /home/airflow/.local/lib/python3.7/site-packages/airflow/example_dags/example_skip_dag.py
[2022-09-16T08:02:20.774+0000] {processor.py:640} INFO - Processing file /home/airflow/.local/lib/python3.7/site-packages/airflow/example_dags/example_skip_dag.py for tasks to queue
[2022-09-16T08:02:20.775+0000] {logging_mixin.py:115} INFO - [2022-09-16T08:02:20.775+0000] {dagbag.py:508} INFO - Filling up the DagBag from /home/airflow/.local/lib/python3.7/site-packages/airflow/example_dags/example_skip_dag.py
[2022-09-16T08:02:20.778+0000] {processor.py:650} INFO - DAG(s) dict_keys(['example_skip_dag']) retrieved from /home/airflow/.local/lib/python3.7/site-packages/airflow/example_dags/example_skip_dag.py
[2022-09-16T08:02:20.797+0000] {logging_mixin.py:115} INFO - [2022-09-16T08:02:20.797+0000] {dag.py:2429} INFO - Sync 1 DAGs
[2022-09-16T08:02:20.816+0000] {logging_mixin.py:115} INFO - [2022-09-16T08:02:20.816+0000] {dag.py:2981} INFO - Setting next_dagrun for example_skip_dag to 2022-09-15T08:02:20.815989+00:00, run_after=2022-09-16T08:02:20.815989+00:00
[2022-09-16T08:02:20.826+0000] {processor.py:161} INFO - Processing /home/airflow/.local/lib/python3.7/site-packages/airflow/example_dags/example_skip_dag.py took 0.054 seconds
[2022-09-16T08:02:50.944+0000] {processor.py:153} INFO - Started process (PID=580) to work on /home/airflow/.local/lib/python3.7/site-packages/airflow/example_dags/example_skip_dag.py
[2022-09-16T08:02:50.945+0000] {processor.py:640} INFO - Processing file /home/airflow/.local/lib/python3.7/site-packages/airflow/example_dags/example_skip_dag.py for tasks to queue
[2022-09-16T08:02:50.945+0000] {logging_mixin.py:115} INFO - [2022-09-16T08:02:50.945+0000] {dagbag.py:508} INFO - Filling up the DagBag from /home/airflow/.local/lib/python3.7/site-packages/airflow/example_dags/example_skip_dag.py
[2022-09-16T08:02:50.948+0000] {processor.py:650} INFO - DAG(s) dict_keys(['example_skip_dag']) retrieved from /home/airflow/.local/lib/python3.7/site-packages/airflow/example_dags/example_skip_dag.py
[2022-09-16T08:02:50.969+0000] {logging_mixin.py:115} INFO - [2022-09-16T08:02:50.969+0000] {dag.py:2429} INFO - Sync 1 DAGs
[2022-09-16T08:02:50.986+0000] {logging_mixin.py:115} INFO - [2022-09-16T08:02:50.985+0000] {dag.py:2981} INFO - Setting next_dagrun for example_skip_dag to 2022-09-15T08:02:50.985823+00:00, run_after=2022-09-16T08:02:50.985823+00:00
[2022-09-16T08:02:50.995+0000] {processor.py:161} INFO - Processing /home/airflow/.local/lib/python3.7/site-packages/airflow/example_dags/example_skip_dag.py took 0.052 seconds
[2022-09-16T08:03:21.123+0000] {processor.py:153} INFO - Started process (PID=639) to work on /home/airflow/.local/lib/python3.7/site-packages/airflow/example_dags/example_skip_dag.py
[2022-09-16T08:03:21.124+0000] {processor.py:640} INFO - Processing file /home/airflow/.local/lib/python3.7/site-packages/airflow/example_dags/example_skip_dag.py for tasks to queue
[2022-09-16T08:03:21.124+0000] {logging_mixin.py:115} INFO - [2022-09-16T08:03:21.124+0000] {dagbag.py:508} INFO - Filling up the DagBag from /home/airflow/.local/lib/python3.7/site-packages/airflow/example_dags/example_skip_dag.py
[2022-09-16T08:03:21.127+0000] {processor.py:650} INFO - DAG(s) dict_keys(['example_skip_dag']) retrieved from /home/airflow/.local/lib/python3.7/site-packages/airflow/example_dags/example_skip_dag.py
[2022-09-16T08:03:21.147+0000] {logging_mixin.py:115} INFO - [2022-09-16T08:03:21.147+0000] {dag.py:2429} INFO - Sync 1 DAGs
[2022-09-16T08:03:21.165+0000] {logging_mixin.py:115} INFO - [2022-09-16T08:03:21.165+0000] {dag.py:2981} INFO - Setting next_dagrun for example_skip_dag to 2022-09-15T08:03:21.165621+00:00, run_after=2022-09-16T08:03:21.165621+00:00
[2022-09-16T08:03:21.175+0000] {processor.py:161} INFO - Processing /home/airflow/.local/lib/python3.7/site-packages/airflow/example_dags/example_skip_dag.py took 0.054 seconds
[2022-09-16T08:04:03.512+0000] {processor.py:153} INFO - Started process (PID=82) to work on /home/airflow/.local/lib/python3.7/site-packages/airflow/example_dags/example_skip_dag.py
[2022-09-16T08:04:03.513+0000] {processor.py:640} INFO - Processing file /home/airflow/.local/lib/python3.7/site-packages/airflow/example_dags/example_skip_dag.py for tasks to queue
[2022-09-16T08:04:03.513+0000] {logging_mixin.py:115} INFO - [2022-09-16T08:04:03.513+0000] {dagbag.py:508} INFO - Filling up the DagBag from /home/airflow/.local/lib/python3.7/site-packages/airflow/example_dags/example_skip_dag.py
[2022-09-16T08:04:03.519+0000] {processor.py:650} INFO - DAG(s) dict_keys(['example_skip_dag']) retrieved from /home/airflow/.local/lib/python3.7/site-packages/airflow/example_dags/example_skip_dag.py
[2022-09-16T08:04:03.538+0000] {logging_mixin.py:115} INFO - [2022-09-16T08:04:03.538+0000] {dag.py:2429} INFO - Sync 1 DAGs
[2022-09-16T08:04:03.556+0000] {logging_mixin.py:115} INFO - [2022-09-16T08:04:03.556+0000] {dag.py:2981} INFO - Setting next_dagrun for example_skip_dag to 2022-09-15T08:04:03.556217+00:00, run_after=2022-09-16T08:04:03.556217+00:00
[2022-09-16T08:04:03.566+0000] {processor.py:161} INFO - Processing /home/airflow/.local/lib/python3.7/site-packages/airflow/example_dags/example_skip_dag.py took 0.056 seconds
[2022-09-16T08:04:33.896+0000] {processor.py:153} INFO - Started process (PID=144) to work on /home/airflow/.local/lib/python3.7/site-packages/airflow/example_dags/example_skip_dag.py
[2022-09-16T08:04:33.897+0000] {processor.py:640} INFO - Processing file /home/airflow/.local/lib/python3.7/site-packages/airflow/example_dags/example_skip_dag.py for tasks to queue
[2022-09-16T08:04:33.898+0000] {logging_mixin.py:115} INFO - [2022-09-16T08:04:33.898+0000] {dagbag.py:508} INFO - Filling up the DagBag from /home/airflow/.local/lib/python3.7/site-packages/airflow/example_dags/example_skip_dag.py
[2022-09-16T08:04:33.903+0000] {processor.py:650} INFO - DAG(s) dict_keys(['example_skip_dag']) retrieved from /home/airflow/.local/lib/python3.7/site-packages/airflow/example_dags/example_skip_dag.py
[2022-09-16T08:04:33.921+0000] {logging_mixin.py:115} INFO - [2022-09-16T08:04:33.920+0000] {dag.py:2429} INFO - Sync 1 DAGs
[2022-09-16T08:04:33.936+0000] {logging_mixin.py:115} INFO - [2022-09-16T08:04:33.936+0000] {dag.py:2981} INFO - Setting next_dagrun for example_skip_dag to 2022-09-15T08:04:33.936687+00:00, run_after=2022-09-16T08:04:33.936687+00:00
[2022-09-16T08:04:33.946+0000] {processor.py:161} INFO - Processing /home/airflow/.local/lib/python3.7/site-packages/airflow/example_dags/example_skip_dag.py took 0.051 seconds
[2022-09-16T08:06:41.333+0000] {processor.py:153} INFO - Started process (PID=82) to work on /home/airflow/.local/lib/python3.7/site-packages/airflow/example_dags/example_skip_dag.py
[2022-09-16T08:06:41.334+0000] {processor.py:640} INFO - Processing file /home/airflow/.local/lib/python3.7/site-packages/airflow/example_dags/example_skip_dag.py for tasks to queue
[2022-09-16T08:06:41.334+0000] {logging_mixin.py:115} INFO - [2022-09-16T08:06:41.334+0000] {dagbag.py:508} INFO - Filling up the DagBag from /home/airflow/.local/lib/python3.7/site-packages/airflow/example_dags/example_skip_dag.py
[2022-09-16T08:06:41.341+0000] {processor.py:650} INFO - DAG(s) dict_keys(['example_skip_dag']) retrieved from /home/airflow/.local/lib/python3.7/site-packages/airflow/example_dags/example_skip_dag.py
[2022-09-16T08:06:41.365+0000] {logging_mixin.py:115} INFO - [2022-09-16T08:06:41.364+0000] {dag.py:2429} INFO - Sync 1 DAGs
[2022-09-16T08:06:41.388+0000] {logging_mixin.py:115} INFO - [2022-09-16T08:06:41.388+0000] {dag.py:2981} INFO - Setting next_dagrun for example_skip_dag to 2022-09-15T08:06:41.387878+00:00, run_after=2022-09-16T08:06:41.387878+00:00
[2022-09-16T08:06:41.400+0000] {processor.py:161} INFO - Processing /home/airflow/.local/lib/python3.7/site-packages/airflow/example_dags/example_skip_dag.py took 0.070 seconds
[2022-09-16T08:08:04.875+0000] {processor.py:153} INFO - Started process (PID=81) to work on /home/airflow/.local/lib/python3.7/site-packages/airflow/example_dags/example_skip_dag.py
[2022-09-16T08:08:04.876+0000] {processor.py:640} INFO - Processing file /home/airflow/.local/lib/python3.7/site-packages/airflow/example_dags/example_skip_dag.py for tasks to queue
[2022-09-16T08:08:04.876+0000] {logging_mixin.py:115} INFO - [2022-09-16T08:08:04.876+0000] {dagbag.py:508} INFO - Filling up the DagBag from /home/airflow/.local/lib/python3.7/site-packages/airflow/example_dags/example_skip_dag.py
[2022-09-16T08:08:04.883+0000] {processor.py:650} INFO - DAG(s) dict_keys(['example_skip_dag']) retrieved from /home/airflow/.local/lib/python3.7/site-packages/airflow/example_dags/example_skip_dag.py
[2022-09-16T08:08:04.905+0000] {logging_mixin.py:115} INFO - [2022-09-16T08:08:04.905+0000] {dag.py:2429} INFO - Sync 1 DAGs
[2022-09-16T08:08:04.924+0000] {logging_mixin.py:115} INFO - [2022-09-16T08:08:04.924+0000] {dag.py:2981} INFO - Setting next_dagrun for example_skip_dag to 2022-09-15T08:08:04.923877+00:00, run_after=2022-09-16T08:08:04.923877+00:00
[2022-09-16T08:08:04.935+0000] {processor.py:161} INFO - Processing /home/airflow/.local/lib/python3.7/site-packages/airflow/example_dags/example_skip_dag.py took 0.062 seconds
[2022-09-16T08:10:14.424+0000] {processor.py:153} INFO - Started process (PID=82) to work on /home/airflow/.local/lib/python3.7/site-packages/airflow/example_dags/example_skip_dag.py
[2022-09-16T08:10:14.425+0000] {processor.py:640} INFO - Processing file /home/airflow/.local/lib/python3.7/site-packages/airflow/example_dags/example_skip_dag.py for tasks to queue
[2022-09-16T08:10:14.425+0000] {logging_mixin.py:115} INFO - [2022-09-16T08:10:14.425+0000] {dagbag.py:508} INFO - Filling up the DagBag from /home/airflow/.local/lib/python3.7/site-packages/airflow/example_dags/example_skip_dag.py
[2022-09-16T08:10:14.431+0000] {processor.py:650} INFO - DAG(s) dict_keys(['example_skip_dag']) retrieved from /home/airflow/.local/lib/python3.7/site-packages/airflow/example_dags/example_skip_dag.py
[2022-09-16T08:10:14.449+0000] {logging_mixin.py:115} INFO - [2022-09-16T08:10:14.449+0000] {dag.py:2429} INFO - Sync 1 DAGs
[2022-09-16T08:10:14.467+0000] {logging_mixin.py:115} INFO - [2022-09-16T08:10:14.467+0000] {dag.py:2981} INFO - Setting next_dagrun for example_skip_dag to 2022-09-15T08:10:14.467395+00:00, run_after=2022-09-16T08:10:14.467395+00:00
[2022-09-16T08:10:14.477+0000] {processor.py:161} INFO - Processing /home/airflow/.local/lib/python3.7/site-packages/airflow/example_dags/example_skip_dag.py took 0.055 seconds
[2022-09-16T08:10:45.499+0000] {processor.py:153} INFO - Started process (PID=144) to work on /home/airflow/.local/lib/python3.7/site-packages/airflow/example_dags/example_skip_dag.py
[2022-09-16T08:10:45.500+0000] {processor.py:640} INFO - Processing file /home/airflow/.local/lib/python3.7/site-packages/airflow/example_dags/example_skip_dag.py for tasks to queue
[2022-09-16T08:10:45.500+0000] {logging_mixin.py:115} INFO - [2022-09-16T08:10:45.500+0000] {dagbag.py:508} INFO - Filling up the DagBag from /home/airflow/.local/lib/python3.7/site-packages/airflow/example_dags/example_skip_dag.py
[2022-09-16T08:10:45.506+0000] {processor.py:650} INFO - DAG(s) dict_keys(['example_skip_dag']) retrieved from /home/airflow/.local/lib/python3.7/site-packages/airflow/example_dags/example_skip_dag.py
[2022-09-16T08:10:45.524+0000] {logging_mixin.py:115} INFO - [2022-09-16T08:10:45.524+0000] {dag.py:2429} INFO - Sync 1 DAGs
[2022-09-16T08:10:45.542+0000] {logging_mixin.py:115} INFO - [2022-09-16T08:10:45.542+0000] {dag.py:2981} INFO - Setting next_dagrun for example_skip_dag to 2022-09-15T08:10:45.542214+00:00, run_after=2022-09-16T08:10:45.542214+00:00
[2022-09-16T08:10:45.552+0000] {processor.py:161} INFO - Processing /home/airflow/.local/lib/python3.7/site-packages/airflow/example_dags/example_skip_dag.py took 0.055 seconds
[2022-09-16T08:13:52.534+0000] {processor.py:153} INFO - Started process (PID=114) to work on /home/airflow/.local/lib/python3.7/site-packages/airflow/example_dags/example_skip_dag.py
[2022-09-16T08:13:52.534+0000] {processor.py:640} INFO - Processing file /home/airflow/.local/lib/python3.7/site-packages/airflow/example_dags/example_skip_dag.py for tasks to queue
[2022-09-16T08:13:52.535+0000] {logging_mixin.py:115} INFO - [2022-09-16T08:13:52.535+0000] {dagbag.py:508} INFO - Filling up the DagBag from /home/airflow/.local/lib/python3.7/site-packages/airflow/example_dags/example_skip_dag.py
[2022-09-16T08:13:52.539+0000] {processor.py:650} INFO - DAG(s) dict_keys(['example_skip_dag']) retrieved from /home/airflow/.local/lib/python3.7/site-packages/airflow/example_dags/example_skip_dag.py
[2022-09-16T08:13:52.564+0000] {logging_mixin.py:115} INFO - [2022-09-16T08:13:52.564+0000] {dag.py:2429} INFO - Sync 1 DAGs
[2022-09-16T08:13:52.590+0000] {logging_mixin.py:115} INFO - [2022-09-16T08:13:52.590+0000] {dag.py:2981} INFO - Setting next_dagrun for example_skip_dag to 2022-09-15T08:13:52.590529+00:00, run_after=2022-09-16T08:13:52.590529+00:00
[2022-09-16T08:13:52.600+0000] {processor.py:161} INFO - Processing /home/airflow/.local/lib/python3.7/site-packages/airflow/example_dags/example_skip_dag.py took 0.070 seconds
[2022-09-16T08:15:37.356+0000] {processor.py:153} INFO - Started process (PID=82) to work on /home/airflow/.local/lib/python3.7/site-packages/airflow/example_dags/example_skip_dag.py
[2022-09-16T08:15:37.357+0000] {processor.py:640} INFO - Processing file /home/airflow/.local/lib/python3.7/site-packages/airflow/example_dags/example_skip_dag.py for tasks to queue
[2022-09-16T08:15:37.357+0000] {logging_mixin.py:115} INFO - [2022-09-16T08:15:37.357+0000] {dagbag.py:508} INFO - Filling up the DagBag from /home/airflow/.local/lib/python3.7/site-packages/airflow/example_dags/example_skip_dag.py
[2022-09-16T08:15:37.364+0000] {processor.py:650} INFO - DAG(s) dict_keys(['example_skip_dag']) retrieved from /home/airflow/.local/lib/python3.7/site-packages/airflow/example_dags/example_skip_dag.py
[2022-09-16T08:15:37.384+0000] {logging_mixin.py:115} INFO - [2022-09-16T08:15:37.384+0000] {dag.py:2429} INFO - Sync 1 DAGs
[2022-09-16T08:15:37.403+0000] {logging_mixin.py:115} INFO - [2022-09-16T08:15:37.403+0000] {dag.py:2981} INFO - Setting next_dagrun for example_skip_dag to 2022-09-15T08:15:37.403566+00:00, run_after=2022-09-16T08:15:37.403566+00:00
[2022-09-16T08:15:37.413+0000] {processor.py:161} INFO - Processing /home/airflow/.local/lib/python3.7/site-packages/airflow/example_dags/example_skip_dag.py took 0.060 seconds
[2022-09-16T08:18:35.164+0000] {processor.py:153} INFO - Started process (PID=134) to work on /home/airflow/.local/lib/python3.7/site-packages/airflow/example_dags/example_skip_dag.py
[2022-09-16T08:18:35.165+0000] {processor.py:640} INFO - Processing file /home/airflow/.local/lib/python3.7/site-packages/airflow/example_dags/example_skip_dag.py for tasks to queue
[2022-09-16T08:18:35.165+0000] {logging_mixin.py:115} INFO - [2022-09-16T08:18:35.165+0000] {dagbag.py:508} INFO - Filling up the DagBag from /home/airflow/.local/lib/python3.7/site-packages/airflow/example_dags/example_skip_dag.py
[2022-09-16T08:18:35.170+0000] {processor.py:650} INFO - DAG(s) dict_keys(['example_skip_dag']) retrieved from /home/airflow/.local/lib/python3.7/site-packages/airflow/example_dags/example_skip_dag.py
[2022-09-16T08:18:35.192+0000] {logging_mixin.py:115} INFO - [2022-09-16T08:18:35.192+0000] {dag.py:2429} INFO - Sync 1 DAGs
[2022-09-16T08:18:35.210+0000] {logging_mixin.py:115} INFO - [2022-09-16T08:18:35.210+0000] {dag.py:2981} INFO - Setting next_dagrun for example_skip_dag to 2022-09-15T08:18:35.210154+00:00, run_after=2022-09-16T08:18:35.210154+00:00
[2022-09-16T08:18:35.220+0000] {processor.py:161} INFO - Processing /home/airflow/.local/lib/python3.7/site-packages/airflow/example_dags/example_skip_dag.py took 0.058 seconds
[2022-09-16T08:19:06.401+0000] {processor.py:153} INFO - Started process (PID=187) to work on /home/airflow/.local/lib/python3.7/site-packages/airflow/example_dags/example_skip_dag.py
[2022-09-16T08:19:06.402+0000] {processor.py:640} INFO - Processing file /home/airflow/.local/lib/python3.7/site-packages/airflow/example_dags/example_skip_dag.py for tasks to queue
[2022-09-16T08:19:06.402+0000] {logging_mixin.py:115} INFO - [2022-09-16T08:19:06.402+0000] {dagbag.py:508} INFO - Filling up the DagBag from /home/airflow/.local/lib/python3.7/site-packages/airflow/example_dags/example_skip_dag.py
[2022-09-16T08:19:06.406+0000] {processor.py:650} INFO - DAG(s) dict_keys(['example_skip_dag']) retrieved from /home/airflow/.local/lib/python3.7/site-packages/airflow/example_dags/example_skip_dag.py
[2022-09-16T08:19:06.428+0000] {logging_mixin.py:115} INFO - [2022-09-16T08:19:06.428+0000] {dag.py:2429} INFO - Sync 1 DAGs
[2022-09-16T08:19:06.448+0000] {logging_mixin.py:115} INFO - [2022-09-16T08:19:06.448+0000] {dag.py:2981} INFO - Setting next_dagrun for example_skip_dag to 2022-09-15T08:19:06.448659+00:00, run_after=2022-09-16T08:19:06.448659+00:00
[2022-09-16T08:19:06.458+0000] {processor.py:161} INFO - Processing /home/airflow/.local/lib/python3.7/site-packages/airflow/example_dags/example_skip_dag.py took 0.060 seconds
