[2022-09-16T07:52:53.107+0000] {processor.py:153} INFO - Started process (PID=69) to work on /home/airflow/.local/lib/python3.7/site-packages/airflow/example_dags/example_trigger_target_dag.py
[2022-09-16T07:52:53.108+0000] {processor.py:640} INFO - Processing file /home/airflow/.local/lib/python3.7/site-packages/airflow/example_dags/example_trigger_target_dag.py for tasks to queue
[2022-09-16T07:52:53.108+0000] {logging_mixin.py:115} INFO - [2022-09-16T07:52:53.108+0000] {dagbag.py:508} INFO - Filling up the DagBag from /home/airflow/.local/lib/python3.7/site-packages/airflow/example_dags/example_trigger_target_dag.py
[2022-09-16T07:52:53.120+0000] {processor.py:650} INFO - DAG(s) dict_keys(['example_trigger_target_dag']) retrieved from /home/airflow/.local/lib/python3.7/site-packages/airflow/example_dags/example_trigger_target_dag.py
[2022-09-16T07:52:53.136+0000] {logging_mixin.py:115} INFO - [2022-09-16T07:52:53.135+0000] {dag.py:2429} INFO - Sync 1 DAGs
[2022-09-16T07:52:53.154+0000] {logging_mixin.py:115} INFO - [2022-09-16T07:52:53.154+0000] {dag.py:2981} INFO - Setting next_dagrun for example_trigger_target_dag to None, run_after=None
[2022-09-16T07:52:53.167+0000] {processor.py:161} INFO - Processing /home/airflow/.local/lib/python3.7/site-packages/airflow/example_dags/example_trigger_target_dag.py took 0.061 seconds
[2022-09-16T07:53:23.915+0000] {processor.py:153} INFO - Started process (PID=130) to work on /home/airflow/.local/lib/python3.7/site-packages/airflow/example_dags/example_trigger_target_dag.py
[2022-09-16T07:53:23.915+0000] {processor.py:640} INFO - Processing file /home/airflow/.local/lib/python3.7/site-packages/airflow/example_dags/example_trigger_target_dag.py for tasks to queue
[2022-09-16T07:53:23.916+0000] {logging_mixin.py:115} INFO - [2022-09-16T07:53:23.916+0000] {dagbag.py:508} INFO - Filling up the DagBag from /home/airflow/.local/lib/python3.7/site-packages/airflow/example_dags/example_trigger_target_dag.py
[2022-09-16T07:53:23.927+0000] {processor.py:650} INFO - DAG(s) dict_keys(['example_trigger_target_dag']) retrieved from /home/airflow/.local/lib/python3.7/site-packages/airflow/example_dags/example_trigger_target_dag.py
[2022-09-16T07:53:23.942+0000] {logging_mixin.py:115} INFO - [2022-09-16T07:53:23.942+0000] {dag.py:2429} INFO - Sync 1 DAGs
[2022-09-16T07:53:23.957+0000] {logging_mixin.py:115} INFO - [2022-09-16T07:53:23.957+0000] {dag.py:2981} INFO - Setting next_dagrun for example_trigger_target_dag to None, run_after=None
[2022-09-16T07:53:23.966+0000] {processor.py:161} INFO - Processing /home/airflow/.local/lib/python3.7/site-packages/airflow/example_dags/example_trigger_target_dag.py took 0.053 seconds
[2022-09-16T07:53:54.549+0000] {processor.py:153} INFO - Started process (PID=192) to work on /home/airflow/.local/lib/python3.7/site-packages/airflow/example_dags/example_trigger_target_dag.py
[2022-09-16T07:53:54.550+0000] {processor.py:640} INFO - Processing file /home/airflow/.local/lib/python3.7/site-packages/airflow/example_dags/example_trigger_target_dag.py for tasks to queue
[2022-09-16T07:53:54.550+0000] {logging_mixin.py:115} INFO - [2022-09-16T07:53:54.550+0000] {dagbag.py:508} INFO - Filling up the DagBag from /home/airflow/.local/lib/python3.7/site-packages/airflow/example_dags/example_trigger_target_dag.py
[2022-09-16T07:53:54.562+0000] {processor.py:650} INFO - DAG(s) dict_keys(['example_trigger_target_dag']) retrieved from /home/airflow/.local/lib/python3.7/site-packages/airflow/example_dags/example_trigger_target_dag.py
[2022-09-16T07:53:54.578+0000] {logging_mixin.py:115} INFO - [2022-09-16T07:53:54.578+0000] {dag.py:2429} INFO - Sync 1 DAGs
[2022-09-16T07:53:54.593+0000] {logging_mixin.py:115} INFO - [2022-09-16T07:53:54.593+0000] {dag.py:2981} INFO - Setting next_dagrun for example_trigger_target_dag to None, run_after=None
[2022-09-16T07:53:54.602+0000] {processor.py:161} INFO - Processing /home/airflow/.local/lib/python3.7/site-packages/airflow/example_dags/example_trigger_target_dag.py took 0.055 seconds
[2022-09-16T07:54:25.506+0000] {processor.py:153} INFO - Started process (PID=254) to work on /home/airflow/.local/lib/python3.7/site-packages/airflow/example_dags/example_trigger_target_dag.py
[2022-09-16T07:54:25.507+0000] {processor.py:640} INFO - Processing file /home/airflow/.local/lib/python3.7/site-packages/airflow/example_dags/example_trigger_target_dag.py for tasks to queue
[2022-09-16T07:54:25.507+0000] {logging_mixin.py:115} INFO - [2022-09-16T07:54:25.507+0000] {dagbag.py:508} INFO - Filling up the DagBag from /home/airflow/.local/lib/python3.7/site-packages/airflow/example_dags/example_trigger_target_dag.py
[2022-09-16T07:54:25.520+0000] {processor.py:650} INFO - DAG(s) dict_keys(['example_trigger_target_dag']) retrieved from /home/airflow/.local/lib/python3.7/site-packages/airflow/example_dags/example_trigger_target_dag.py
[2022-09-16T07:54:25.536+0000] {logging_mixin.py:115} INFO - [2022-09-16T07:54:25.536+0000] {dag.py:2429} INFO - Sync 1 DAGs
[2022-09-16T07:54:25.553+0000] {logging_mixin.py:115} INFO - [2022-09-16T07:54:25.553+0000] {dag.py:2981} INFO - Setting next_dagrun for example_trigger_target_dag to None, run_after=None
[2022-09-16T07:54:25.563+0000] {processor.py:161} INFO - Processing /home/airflow/.local/lib/python3.7/site-packages/airflow/example_dags/example_trigger_target_dag.py took 0.059 seconds
[2022-09-16T07:54:56.308+0000] {processor.py:153} INFO - Started process (PID=307) to work on /home/airflow/.local/lib/python3.7/site-packages/airflow/example_dags/example_trigger_target_dag.py
[2022-09-16T07:54:56.308+0000] {processor.py:640} INFO - Processing file /home/airflow/.local/lib/python3.7/site-packages/airflow/example_dags/example_trigger_target_dag.py for tasks to queue
[2022-09-16T07:54:56.309+0000] {logging_mixin.py:115} INFO - [2022-09-16T07:54:56.309+0000] {dagbag.py:508} INFO - Filling up the DagBag from /home/airflow/.local/lib/python3.7/site-packages/airflow/example_dags/example_trigger_target_dag.py
[2022-09-16T07:54:56.320+0000] {processor.py:650} INFO - DAG(s) dict_keys(['example_trigger_target_dag']) retrieved from /home/airflow/.local/lib/python3.7/site-packages/airflow/example_dags/example_trigger_target_dag.py
[2022-09-16T07:54:56.336+0000] {logging_mixin.py:115} INFO - [2022-09-16T07:54:56.336+0000] {dag.py:2429} INFO - Sync 1 DAGs
[2022-09-16T07:54:56.353+0000] {logging_mixin.py:115} INFO - [2022-09-16T07:54:56.353+0000] {dag.py:2981} INFO - Setting next_dagrun for example_trigger_target_dag to None, run_after=None
[2022-09-16T07:54:56.362+0000] {processor.py:161} INFO - Processing /home/airflow/.local/lib/python3.7/site-packages/airflow/example_dags/example_trigger_target_dag.py took 0.056 seconds
[2022-09-16T07:55:27.029+0000] {processor.py:153} INFO - Started process (PID=369) to work on /home/airflow/.local/lib/python3.7/site-packages/airflow/example_dags/example_trigger_target_dag.py
[2022-09-16T07:55:27.030+0000] {processor.py:640} INFO - Processing file /home/airflow/.local/lib/python3.7/site-packages/airflow/example_dags/example_trigger_target_dag.py for tasks to queue
[2022-09-16T07:55:27.030+0000] {logging_mixin.py:115} INFO - [2022-09-16T07:55:27.030+0000] {dagbag.py:508} INFO - Filling up the DagBag from /home/airflow/.local/lib/python3.7/site-packages/airflow/example_dags/example_trigger_target_dag.py
[2022-09-16T07:55:27.042+0000] {processor.py:650} INFO - DAG(s) dict_keys(['example_trigger_target_dag']) retrieved from /home/airflow/.local/lib/python3.7/site-packages/airflow/example_dags/example_trigger_target_dag.py
[2022-09-16T07:55:27.058+0000] {logging_mixin.py:115} INFO - [2022-09-16T07:55:27.058+0000] {dag.py:2429} INFO - Sync 1 DAGs
[2022-09-16T07:55:27.075+0000] {logging_mixin.py:115} INFO - [2022-09-16T07:55:27.075+0000] {dag.py:2981} INFO - Setting next_dagrun for example_trigger_target_dag to None, run_after=None
[2022-09-16T07:55:27.085+0000] {processor.py:161} INFO - Processing /home/airflow/.local/lib/python3.7/site-packages/airflow/example_dags/example_trigger_target_dag.py took 0.057 seconds
[2022-09-16T07:55:57.701+0000] {processor.py:153} INFO - Started process (PID=431) to work on /home/airflow/.local/lib/python3.7/site-packages/airflow/example_dags/example_trigger_target_dag.py
[2022-09-16T07:55:57.703+0000] {processor.py:640} INFO - Processing file /home/airflow/.local/lib/python3.7/site-packages/airflow/example_dags/example_trigger_target_dag.py for tasks to queue
[2022-09-16T07:55:57.703+0000] {logging_mixin.py:115} INFO - [2022-09-16T07:55:57.703+0000] {dagbag.py:508} INFO - Filling up the DagBag from /home/airflow/.local/lib/python3.7/site-packages/airflow/example_dags/example_trigger_target_dag.py
[2022-09-16T07:55:57.715+0000] {processor.py:650} INFO - DAG(s) dict_keys(['example_trigger_target_dag']) retrieved from /home/airflow/.local/lib/python3.7/site-packages/airflow/example_dags/example_trigger_target_dag.py
[2022-09-16T07:55:57.731+0000] {logging_mixin.py:115} INFO - [2022-09-16T07:55:57.731+0000] {dag.py:2429} INFO - Sync 1 DAGs
[2022-09-16T07:55:57.747+0000] {logging_mixin.py:115} INFO - [2022-09-16T07:55:57.746+0000] {dag.py:2981} INFO - Setting next_dagrun for example_trigger_target_dag to None, run_after=None
[2022-09-16T07:55:57.756+0000] {processor.py:161} INFO - Processing /home/airflow/.local/lib/python3.7/site-packages/airflow/example_dags/example_trigger_target_dag.py took 0.058 seconds
[2022-09-16T07:56:28.338+0000] {processor.py:153} INFO - Started process (PID=492) to work on /home/airflow/.local/lib/python3.7/site-packages/airflow/example_dags/example_trigger_target_dag.py
[2022-09-16T07:56:28.338+0000] {processor.py:640} INFO - Processing file /home/airflow/.local/lib/python3.7/site-packages/airflow/example_dags/example_trigger_target_dag.py for tasks to queue
[2022-09-16T07:56:28.339+0000] {logging_mixin.py:115} INFO - [2022-09-16T07:56:28.339+0000] {dagbag.py:508} INFO - Filling up the DagBag from /home/airflow/.local/lib/python3.7/site-packages/airflow/example_dags/example_trigger_target_dag.py
[2022-09-16T07:56:28.351+0000] {processor.py:650} INFO - DAG(s) dict_keys(['example_trigger_target_dag']) retrieved from /home/airflow/.local/lib/python3.7/site-packages/airflow/example_dags/example_trigger_target_dag.py
[2022-09-16T07:56:28.367+0000] {logging_mixin.py:115} INFO - [2022-09-16T07:56:28.367+0000] {dag.py:2429} INFO - Sync 1 DAGs
[2022-09-16T07:56:28.387+0000] {logging_mixin.py:115} INFO - [2022-09-16T07:56:28.386+0000] {dag.py:2981} INFO - Setting next_dagrun for example_trigger_target_dag to None, run_after=None
[2022-09-16T07:56:28.397+0000] {processor.py:161} INFO - Processing /home/airflow/.local/lib/python3.7/site-packages/airflow/example_dags/example_trigger_target_dag.py took 0.061 seconds
[2022-09-16T07:56:58.900+0000] {processor.py:153} INFO - Started process (PID=545) to work on /home/airflow/.local/lib/python3.7/site-packages/airflow/example_dags/example_trigger_target_dag.py
[2022-09-16T07:56:58.901+0000] {processor.py:640} INFO - Processing file /home/airflow/.local/lib/python3.7/site-packages/airflow/example_dags/example_trigger_target_dag.py for tasks to queue
[2022-09-16T07:56:58.901+0000] {logging_mixin.py:115} INFO - [2022-09-16T07:56:58.901+0000] {dagbag.py:508} INFO - Filling up the DagBag from /home/airflow/.local/lib/python3.7/site-packages/airflow/example_dags/example_trigger_target_dag.py
[2022-09-16T07:56:58.914+0000] {processor.py:650} INFO - DAG(s) dict_keys(['example_trigger_target_dag']) retrieved from /home/airflow/.local/lib/python3.7/site-packages/airflow/example_dags/example_trigger_target_dag.py
[2022-09-16T07:56:58.931+0000] {logging_mixin.py:115} INFO - [2022-09-16T07:56:58.931+0000] {dag.py:2429} INFO - Sync 1 DAGs
[2022-09-16T07:56:58.946+0000] {logging_mixin.py:115} INFO - [2022-09-16T07:56:58.946+0000] {dag.py:2981} INFO - Setting next_dagrun for example_trigger_target_dag to None, run_after=None
[2022-09-16T07:56:58.955+0000] {processor.py:161} INFO - Processing /home/airflow/.local/lib/python3.7/site-packages/airflow/example_dags/example_trigger_target_dag.py took 0.057 seconds
[2022-09-16T07:57:29.467+0000] {processor.py:153} INFO - Started process (PID=607) to work on /home/airflow/.local/lib/python3.7/site-packages/airflow/example_dags/example_trigger_target_dag.py
[2022-09-16T07:57:29.468+0000] {processor.py:640} INFO - Processing file /home/airflow/.local/lib/python3.7/site-packages/airflow/example_dags/example_trigger_target_dag.py for tasks to queue
[2022-09-16T07:57:29.468+0000] {logging_mixin.py:115} INFO - [2022-09-16T07:57:29.468+0000] {dagbag.py:508} INFO - Filling up the DagBag from /home/airflow/.local/lib/python3.7/site-packages/airflow/example_dags/example_trigger_target_dag.py
[2022-09-16T07:57:29.480+0000] {processor.py:650} INFO - DAG(s) dict_keys(['example_trigger_target_dag']) retrieved from /home/airflow/.local/lib/python3.7/site-packages/airflow/example_dags/example_trigger_target_dag.py
[2022-09-16T07:57:29.497+0000] {logging_mixin.py:115} INFO - [2022-09-16T07:57:29.497+0000] {dag.py:2429} INFO - Sync 1 DAGs
[2022-09-16T07:57:29.512+0000] {logging_mixin.py:115} INFO - [2022-09-16T07:57:29.512+0000] {dag.py:2981} INFO - Setting next_dagrun for example_trigger_target_dag to None, run_after=None
[2022-09-16T07:57:29.522+0000] {processor.py:161} INFO - Processing /home/airflow/.local/lib/python3.7/site-packages/airflow/example_dags/example_trigger_target_dag.py took 0.057 seconds
[2022-09-16T07:58:44.691+0000] {processor.py:153} INFO - Started process (PID=101) to work on /home/airflow/.local/lib/python3.7/site-packages/airflow/example_dags/example_trigger_target_dag.py
[2022-09-16T07:58:44.692+0000] {processor.py:640} INFO - Processing file /home/airflow/.local/lib/python3.7/site-packages/airflow/example_dags/example_trigger_target_dag.py for tasks to queue
[2022-09-16T07:58:44.692+0000] {logging_mixin.py:115} INFO - [2022-09-16T07:58:44.692+0000] {dagbag.py:508} INFO - Filling up the DagBag from /home/airflow/.local/lib/python3.7/site-packages/airflow/example_dags/example_trigger_target_dag.py
[2022-09-16T07:58:44.705+0000] {processor.py:650} INFO - DAG(s) dict_keys(['example_trigger_target_dag']) retrieved from /home/airflow/.local/lib/python3.7/site-packages/airflow/example_dags/example_trigger_target_dag.py
[2022-09-16T07:58:44.721+0000] {logging_mixin.py:115} INFO - [2022-09-16T07:58:44.721+0000] {dag.py:2429} INFO - Sync 1 DAGs
[2022-09-16T07:58:44.736+0000] {logging_mixin.py:115} INFO - [2022-09-16T07:58:44.736+0000] {dag.py:2981} INFO - Setting next_dagrun for example_trigger_target_dag to None, run_after=None
[2022-09-16T07:58:44.745+0000] {processor.py:161} INFO - Processing /home/airflow/.local/lib/python3.7/site-packages/airflow/example_dags/example_trigger_target_dag.py took 0.057 seconds
[2022-09-16T07:59:15.754+0000] {processor.py:153} INFO - Started process (PID=163) to work on /home/airflow/.local/lib/python3.7/site-packages/airflow/example_dags/example_trigger_target_dag.py
[2022-09-16T07:59:15.755+0000] {processor.py:640} INFO - Processing file /home/airflow/.local/lib/python3.7/site-packages/airflow/example_dags/example_trigger_target_dag.py for tasks to queue
[2022-09-16T07:59:15.755+0000] {logging_mixin.py:115} INFO - [2022-09-16T07:59:15.755+0000] {dagbag.py:508} INFO - Filling up the DagBag from /home/airflow/.local/lib/python3.7/site-packages/airflow/example_dags/example_trigger_target_dag.py
[2022-09-16T07:59:15.767+0000] {processor.py:650} INFO - DAG(s) dict_keys(['example_trigger_target_dag']) retrieved from /home/airflow/.local/lib/python3.7/site-packages/airflow/example_dags/example_trigger_target_dag.py
[2022-09-16T07:59:15.784+0000] {logging_mixin.py:115} INFO - [2022-09-16T07:59:15.783+0000] {dag.py:2429} INFO - Sync 1 DAGs
[2022-09-16T07:59:15.801+0000] {logging_mixin.py:115} INFO - [2022-09-16T07:59:15.800+0000] {dag.py:2981} INFO - Setting next_dagrun for example_trigger_target_dag to None, run_after=None
[2022-09-16T07:59:15.810+0000] {processor.py:161} INFO - Processing /home/airflow/.local/lib/python3.7/site-packages/airflow/example_dags/example_trigger_target_dag.py took 0.058 seconds
[2022-09-16T07:59:46.548+0000] {processor.py:153} INFO - Started process (PID=216) to work on /home/airflow/.local/lib/python3.7/site-packages/airflow/example_dags/example_trigger_target_dag.py
[2022-09-16T07:59:46.548+0000] {processor.py:640} INFO - Processing file /home/airflow/.local/lib/python3.7/site-packages/airflow/example_dags/example_trigger_target_dag.py for tasks to queue
[2022-09-16T07:59:46.549+0000] {logging_mixin.py:115} INFO - [2022-09-16T07:59:46.549+0000] {dagbag.py:508} INFO - Filling up the DagBag from /home/airflow/.local/lib/python3.7/site-packages/airflow/example_dags/example_trigger_target_dag.py
[2022-09-16T07:59:46.561+0000] {processor.py:650} INFO - DAG(s) dict_keys(['example_trigger_target_dag']) retrieved from /home/airflow/.local/lib/python3.7/site-packages/airflow/example_dags/example_trigger_target_dag.py
[2022-09-16T07:59:46.577+0000] {logging_mixin.py:115} INFO - [2022-09-16T07:59:46.577+0000] {dag.py:2429} INFO - Sync 1 DAGs
[2022-09-16T07:59:46.594+0000] {logging_mixin.py:115} INFO - [2022-09-16T07:59:46.594+0000] {dag.py:2981} INFO - Setting next_dagrun for example_trigger_target_dag to None, run_after=None
[2022-09-16T07:59:46.603+0000] {processor.py:161} INFO - Processing /home/airflow/.local/lib/python3.7/site-packages/airflow/example_dags/example_trigger_target_dag.py took 0.057 seconds
[2022-09-16T08:00:17.448+0000] {processor.py:153} INFO - Started process (PID=278) to work on /home/airflow/.local/lib/python3.7/site-packages/airflow/example_dags/example_trigger_target_dag.py
[2022-09-16T08:00:17.449+0000] {processor.py:640} INFO - Processing file /home/airflow/.local/lib/python3.7/site-packages/airflow/example_dags/example_trigger_target_dag.py for tasks to queue
[2022-09-16T08:00:17.450+0000] {logging_mixin.py:115} INFO - [2022-09-16T08:00:17.449+0000] {dagbag.py:508} INFO - Filling up the DagBag from /home/airflow/.local/lib/python3.7/site-packages/airflow/example_dags/example_trigger_target_dag.py
[2022-09-16T08:00:17.461+0000] {processor.py:650} INFO - DAG(s) dict_keys(['example_trigger_target_dag']) retrieved from /home/airflow/.local/lib/python3.7/site-packages/airflow/example_dags/example_trigger_target_dag.py
[2022-09-16T08:00:17.479+0000] {logging_mixin.py:115} INFO - [2022-09-16T08:00:17.479+0000] {dag.py:2429} INFO - Sync 1 DAGs
[2022-09-16T08:00:17.495+0000] {logging_mixin.py:115} INFO - [2022-09-16T08:00:17.494+0000] {dag.py:2981} INFO - Setting next_dagrun for example_trigger_target_dag to None, run_after=None
[2022-09-16T08:00:17.504+0000] {processor.py:161} INFO - Processing /home/airflow/.local/lib/python3.7/site-packages/airflow/example_dags/example_trigger_target_dag.py took 0.057 seconds
[2022-09-16T08:00:48.462+0000] {processor.py:153} INFO - Started process (PID=340) to work on /home/airflow/.local/lib/python3.7/site-packages/airflow/example_dags/example_trigger_target_dag.py
[2022-09-16T08:00:48.462+0000] {processor.py:640} INFO - Processing file /home/airflow/.local/lib/python3.7/site-packages/airflow/example_dags/example_trigger_target_dag.py for tasks to queue
[2022-09-16T08:00:48.463+0000] {logging_mixin.py:115} INFO - [2022-09-16T08:00:48.463+0000] {dagbag.py:508} INFO - Filling up the DagBag from /home/airflow/.local/lib/python3.7/site-packages/airflow/example_dags/example_trigger_target_dag.py
[2022-09-16T08:00:48.476+0000] {processor.py:650} INFO - DAG(s) dict_keys(['example_trigger_target_dag']) retrieved from /home/airflow/.local/lib/python3.7/site-packages/airflow/example_dags/example_trigger_target_dag.py
[2022-09-16T08:00:48.498+0000] {logging_mixin.py:115} INFO - [2022-09-16T08:00:48.498+0000] {dag.py:2429} INFO - Sync 1 DAGs
[2022-09-16T08:00:48.522+0000] {logging_mixin.py:115} INFO - [2022-09-16T08:00:48.522+0000] {dag.py:2981} INFO - Setting next_dagrun for example_trigger_target_dag to None, run_after=None
[2022-09-16T08:00:48.538+0000] {processor.py:161} INFO - Processing /home/airflow/.local/lib/python3.7/site-packages/airflow/example_dags/example_trigger_target_dag.py took 0.078 seconds
[2022-09-16T08:01:19.365+0000] {processor.py:153} INFO - Started process (PID=402) to work on /home/airflow/.local/lib/python3.7/site-packages/airflow/example_dags/example_trigger_target_dag.py
[2022-09-16T08:01:19.365+0000] {processor.py:640} INFO - Processing file /home/airflow/.local/lib/python3.7/site-packages/airflow/example_dags/example_trigger_target_dag.py for tasks to queue
[2022-09-16T08:01:19.366+0000] {logging_mixin.py:115} INFO - [2022-09-16T08:01:19.365+0000] {dagbag.py:508} INFO - Filling up the DagBag from /home/airflow/.local/lib/python3.7/site-packages/airflow/example_dags/example_trigger_target_dag.py
[2022-09-16T08:01:19.377+0000] {processor.py:650} INFO - DAG(s) dict_keys(['example_trigger_target_dag']) retrieved from /home/airflow/.local/lib/python3.7/site-packages/airflow/example_dags/example_trigger_target_dag.py
[2022-09-16T08:01:19.393+0000] {logging_mixin.py:115} INFO - [2022-09-16T08:01:19.393+0000] {dag.py:2429} INFO - Sync 1 DAGs
[2022-09-16T08:01:19.409+0000] {logging_mixin.py:115} INFO - [2022-09-16T08:01:19.409+0000] {dag.py:2981} INFO - Setting next_dagrun for example_trigger_target_dag to None, run_after=None
[2022-09-16T08:01:19.418+0000] {processor.py:161} INFO - Processing /home/airflow/.local/lib/python3.7/site-packages/airflow/example_dags/example_trigger_target_dag.py took 0.055 seconds
[2022-09-16T08:01:50.502+0000] {processor.py:153} INFO - Started process (PID=455) to work on /home/airflow/.local/lib/python3.7/site-packages/airflow/example_dags/example_trigger_target_dag.py
[2022-09-16T08:01:50.503+0000] {processor.py:640} INFO - Processing file /home/airflow/.local/lib/python3.7/site-packages/airflow/example_dags/example_trigger_target_dag.py for tasks to queue
[2022-09-16T08:01:50.503+0000] {logging_mixin.py:115} INFO - [2022-09-16T08:01:50.503+0000] {dagbag.py:508} INFO - Filling up the DagBag from /home/airflow/.local/lib/python3.7/site-packages/airflow/example_dags/example_trigger_target_dag.py
[2022-09-16T08:01:50.516+0000] {processor.py:650} INFO - DAG(s) dict_keys(['example_trigger_target_dag']) retrieved from /home/airflow/.local/lib/python3.7/site-packages/airflow/example_dags/example_trigger_target_dag.py
[2022-09-16T08:01:50.532+0000] {logging_mixin.py:115} INFO - [2022-09-16T08:01:50.532+0000] {dag.py:2429} INFO - Sync 1 DAGs
[2022-09-16T08:01:50.548+0000] {logging_mixin.py:115} INFO - [2022-09-16T08:01:50.548+0000] {dag.py:2981} INFO - Setting next_dagrun for example_trigger_target_dag to None, run_after=None
[2022-09-16T08:01:50.558+0000] {processor.py:161} INFO - Processing /home/airflow/.local/lib/python3.7/site-packages/airflow/example_dags/example_trigger_target_dag.py took 0.057 seconds
[2022-09-16T08:02:20.834+0000] {processor.py:153} INFO - Started process (PID=519) to work on /home/airflow/.local/lib/python3.7/site-packages/airflow/example_dags/example_trigger_target_dag.py
[2022-09-16T08:02:20.835+0000] {processor.py:640} INFO - Processing file /home/airflow/.local/lib/python3.7/site-packages/airflow/example_dags/example_trigger_target_dag.py for tasks to queue
[2022-09-16T08:02:20.835+0000] {logging_mixin.py:115} INFO - [2022-09-16T08:02:20.835+0000] {dagbag.py:508} INFO - Filling up the DagBag from /home/airflow/.local/lib/python3.7/site-packages/airflow/example_dags/example_trigger_target_dag.py
[2022-09-16T08:02:20.847+0000] {processor.py:650} INFO - DAG(s) dict_keys(['example_trigger_target_dag']) retrieved from /home/airflow/.local/lib/python3.7/site-packages/airflow/example_dags/example_trigger_target_dag.py
[2022-09-16T08:02:20.863+0000] {logging_mixin.py:115} INFO - [2022-09-16T08:02:20.862+0000] {dag.py:2429} INFO - Sync 1 DAGs
[2022-09-16T08:02:20.880+0000] {logging_mixin.py:115} INFO - [2022-09-16T08:02:20.880+0000] {dag.py:2981} INFO - Setting next_dagrun for example_trigger_target_dag to None, run_after=None
[2022-09-16T08:02:20.891+0000] {processor.py:161} INFO - Processing /home/airflow/.local/lib/python3.7/site-packages/airflow/example_dags/example_trigger_target_dag.py took 0.058 seconds
[2022-09-16T08:02:51.008+0000] {processor.py:153} INFO - Started process (PID=581) to work on /home/airflow/.local/lib/python3.7/site-packages/airflow/example_dags/example_trigger_target_dag.py
[2022-09-16T08:02:51.009+0000] {processor.py:640} INFO - Processing file /home/airflow/.local/lib/python3.7/site-packages/airflow/example_dags/example_trigger_target_dag.py for tasks to queue
[2022-09-16T08:02:51.009+0000] {logging_mixin.py:115} INFO - [2022-09-16T08:02:51.009+0000] {dagbag.py:508} INFO - Filling up the DagBag from /home/airflow/.local/lib/python3.7/site-packages/airflow/example_dags/example_trigger_target_dag.py
[2022-09-16T08:02:51.021+0000] {processor.py:650} INFO - DAG(s) dict_keys(['example_trigger_target_dag']) retrieved from /home/airflow/.local/lib/python3.7/site-packages/airflow/example_dags/example_trigger_target_dag.py
[2022-09-16T08:02:51.036+0000] {logging_mixin.py:115} INFO - [2022-09-16T08:02:51.036+0000] {dag.py:2429} INFO - Sync 1 DAGs
[2022-09-16T08:02:51.052+0000] {logging_mixin.py:115} INFO - [2022-09-16T08:02:51.052+0000] {dag.py:2981} INFO - Setting next_dagrun for example_trigger_target_dag to None, run_after=None
[2022-09-16T08:02:51.062+0000] {processor.py:161} INFO - Processing /home/airflow/.local/lib/python3.7/site-packages/airflow/example_dags/example_trigger_target_dag.py took 0.055 seconds
[2022-09-16T08:03:21.393+0000] {processor.py:153} INFO - Started process (PID=643) to work on /home/airflow/.local/lib/python3.7/site-packages/airflow/example_dags/example_trigger_target_dag.py
[2022-09-16T08:03:21.394+0000] {processor.py:640} INFO - Processing file /home/airflow/.local/lib/python3.7/site-packages/airflow/example_dags/example_trigger_target_dag.py for tasks to queue
[2022-09-16T08:03:21.394+0000] {logging_mixin.py:115} INFO - [2022-09-16T08:03:21.394+0000] {dagbag.py:508} INFO - Filling up the DagBag from /home/airflow/.local/lib/python3.7/site-packages/airflow/example_dags/example_trigger_target_dag.py
[2022-09-16T08:03:21.407+0000] {processor.py:650} INFO - DAG(s) dict_keys(['example_trigger_target_dag']) retrieved from /home/airflow/.local/lib/python3.7/site-packages/airflow/example_dags/example_trigger_target_dag.py
[2022-09-16T08:03:21.424+0000] {logging_mixin.py:115} INFO - [2022-09-16T08:03:21.424+0000] {dag.py:2429} INFO - Sync 1 DAGs
[2022-09-16T08:03:21.440+0000] {logging_mixin.py:115} INFO - [2022-09-16T08:03:21.440+0000] {dag.py:2981} INFO - Setting next_dagrun for example_trigger_target_dag to None, run_after=None
[2022-09-16T08:03:21.450+0000] {processor.py:161} INFO - Processing /home/airflow/.local/lib/python3.7/site-packages/airflow/example_dags/example_trigger_target_dag.py took 0.059 seconds
[2022-09-16T08:04:03.581+0000] {processor.py:153} INFO - Started process (PID=83) to work on /home/airflow/.local/lib/python3.7/site-packages/airflow/example_dags/example_trigger_target_dag.py
[2022-09-16T08:04:03.581+0000] {processor.py:640} INFO - Processing file /home/airflow/.local/lib/python3.7/site-packages/airflow/example_dags/example_trigger_target_dag.py for tasks to queue
[2022-09-16T08:04:03.582+0000] {logging_mixin.py:115} INFO - [2022-09-16T08:04:03.582+0000] {dagbag.py:508} INFO - Filling up the DagBag from /home/airflow/.local/lib/python3.7/site-packages/airflow/example_dags/example_trigger_target_dag.py
[2022-09-16T08:04:03.596+0000] {processor.py:650} INFO - DAG(s) dict_keys(['example_trigger_target_dag']) retrieved from /home/airflow/.local/lib/python3.7/site-packages/airflow/example_dags/example_trigger_target_dag.py
[2022-09-16T08:04:03.613+0000] {logging_mixin.py:115} INFO - [2022-09-16T08:04:03.613+0000] {dag.py:2429} INFO - Sync 1 DAGs
[2022-09-16T08:04:03.634+0000] {logging_mixin.py:115} INFO - [2022-09-16T08:04:03.634+0000] {dag.py:2981} INFO - Setting next_dagrun for example_trigger_target_dag to None, run_after=None
[2022-09-16T08:04:03.646+0000] {processor.py:161} INFO - Processing /home/airflow/.local/lib/python3.7/site-packages/airflow/example_dags/example_trigger_target_dag.py took 0.068 seconds
[2022-09-16T08:04:33.960+0000] {processor.py:153} INFO - Started process (PID=145) to work on /home/airflow/.local/lib/python3.7/site-packages/airflow/example_dags/example_trigger_target_dag.py
[2022-09-16T08:04:33.961+0000] {processor.py:640} INFO - Processing file /home/airflow/.local/lib/python3.7/site-packages/airflow/example_dags/example_trigger_target_dag.py for tasks to queue
[2022-09-16T08:04:33.962+0000] {logging_mixin.py:115} INFO - [2022-09-16T08:04:33.962+0000] {dagbag.py:508} INFO - Filling up the DagBag from /home/airflow/.local/lib/python3.7/site-packages/airflow/example_dags/example_trigger_target_dag.py
[2022-09-16T08:04:33.976+0000] {processor.py:650} INFO - DAG(s) dict_keys(['example_trigger_target_dag']) retrieved from /home/airflow/.local/lib/python3.7/site-packages/airflow/example_dags/example_trigger_target_dag.py
[2022-09-16T08:04:33.993+0000] {logging_mixin.py:115} INFO - [2022-09-16T08:04:33.993+0000] {dag.py:2429} INFO - Sync 1 DAGs
[2022-09-16T08:04:34.009+0000] {logging_mixin.py:115} INFO - [2022-09-16T08:04:34.009+0000] {dag.py:2981} INFO - Setting next_dagrun for example_trigger_target_dag to None, run_after=None
[2022-09-16T08:04:34.018+0000] {processor.py:161} INFO - Processing /home/airflow/.local/lib/python3.7/site-packages/airflow/example_dags/example_trigger_target_dag.py took 0.060 seconds
[2022-09-16T08:06:41.397+0000] {processor.py:153} INFO - Started process (PID=83) to work on /home/airflow/.local/lib/python3.7/site-packages/airflow/example_dags/example_trigger_target_dag.py
[2022-09-16T08:06:41.398+0000] {processor.py:640} INFO - Processing file /home/airflow/.local/lib/python3.7/site-packages/airflow/example_dags/example_trigger_target_dag.py for tasks to queue
[2022-09-16T08:06:41.398+0000] {logging_mixin.py:115} INFO - [2022-09-16T08:06:41.398+0000] {dagbag.py:508} INFO - Filling up the DagBag from /home/airflow/.local/lib/python3.7/site-packages/airflow/example_dags/example_trigger_target_dag.py
[2022-09-16T08:06:41.412+0000] {processor.py:650} INFO - DAG(s) dict_keys(['example_trigger_target_dag']) retrieved from /home/airflow/.local/lib/python3.7/site-packages/airflow/example_dags/example_trigger_target_dag.py
[2022-09-16T08:06:41.429+0000] {logging_mixin.py:115} INFO - [2022-09-16T08:06:41.429+0000] {dag.py:2429} INFO - Sync 1 DAGs
[2022-09-16T08:06:41.446+0000] {logging_mixin.py:115} INFO - [2022-09-16T08:06:41.446+0000] {dag.py:2981} INFO - Setting next_dagrun for example_trigger_target_dag to None, run_after=None
[2022-09-16T08:06:41.455+0000] {processor.py:161} INFO - Processing /home/airflow/.local/lib/python3.7/site-packages/airflow/example_dags/example_trigger_target_dag.py took 0.061 seconds
[2022-09-16T08:08:04.953+0000] {processor.py:153} INFO - Started process (PID=82) to work on /home/airflow/.local/lib/python3.7/site-packages/airflow/example_dags/example_trigger_target_dag.py
[2022-09-16T08:08:04.954+0000] {processor.py:640} INFO - Processing file /home/airflow/.local/lib/python3.7/site-packages/airflow/example_dags/example_trigger_target_dag.py for tasks to queue
[2022-09-16T08:08:04.954+0000] {logging_mixin.py:115} INFO - [2022-09-16T08:08:04.954+0000] {dagbag.py:508} INFO - Filling up the DagBag from /home/airflow/.local/lib/python3.7/site-packages/airflow/example_dags/example_trigger_target_dag.py
[2022-09-16T08:08:04.969+0000] {processor.py:650} INFO - DAG(s) dict_keys(['example_trigger_target_dag']) retrieved from /home/airflow/.local/lib/python3.7/site-packages/airflow/example_dags/example_trigger_target_dag.py
[2022-09-16T08:08:04.990+0000] {logging_mixin.py:115} INFO - [2022-09-16T08:08:04.990+0000] {dag.py:2429} INFO - Sync 1 DAGs
[2022-09-16T08:08:05.009+0000] {logging_mixin.py:115} INFO - [2022-09-16T08:08:05.009+0000] {dag.py:2981} INFO - Setting next_dagrun for example_trigger_target_dag to None, run_after=None
[2022-09-16T08:08:05.019+0000] {processor.py:161} INFO - Processing /home/airflow/.local/lib/python3.7/site-packages/airflow/example_dags/example_trigger_target_dag.py took 0.068 seconds
[2022-09-16T08:10:14.493+0000] {processor.py:153} INFO - Started process (PID=83) to work on /home/airflow/.local/lib/python3.7/site-packages/airflow/example_dags/example_trigger_target_dag.py
[2022-09-16T08:10:14.495+0000] {processor.py:640} INFO - Processing file /home/airflow/.local/lib/python3.7/site-packages/airflow/example_dags/example_trigger_target_dag.py for tasks to queue
[2022-09-16T08:10:14.495+0000] {logging_mixin.py:115} INFO - [2022-09-16T08:10:14.495+0000] {dagbag.py:508} INFO - Filling up the DagBag from /home/airflow/.local/lib/python3.7/site-packages/airflow/example_dags/example_trigger_target_dag.py
[2022-09-16T08:10:14.509+0000] {processor.py:650} INFO - DAG(s) dict_keys(['example_trigger_target_dag']) retrieved from /home/airflow/.local/lib/python3.7/site-packages/airflow/example_dags/example_trigger_target_dag.py
[2022-09-16T08:10:14.529+0000] {logging_mixin.py:115} INFO - [2022-09-16T08:10:14.529+0000] {dag.py:2429} INFO - Sync 1 DAGs
[2022-09-16T08:10:14.546+0000] {logging_mixin.py:115} INFO - [2022-09-16T08:10:14.546+0000] {dag.py:2981} INFO - Setting next_dagrun for example_trigger_target_dag to None, run_after=None
[2022-09-16T08:10:14.557+0000] {processor.py:161} INFO - Processing /home/airflow/.local/lib/python3.7/site-packages/airflow/example_dags/example_trigger_target_dag.py took 0.066 seconds
[2022-09-16T08:10:45.568+0000] {processor.py:153} INFO - Started process (PID=145) to work on /home/airflow/.local/lib/python3.7/site-packages/airflow/example_dags/example_trigger_target_dag.py
[2022-09-16T08:10:45.569+0000] {processor.py:640} INFO - Processing file /home/airflow/.local/lib/python3.7/site-packages/airflow/example_dags/example_trigger_target_dag.py for tasks to queue
[2022-09-16T08:10:45.570+0000] {logging_mixin.py:115} INFO - [2022-09-16T08:10:45.569+0000] {dagbag.py:508} INFO - Filling up the DagBag from /home/airflow/.local/lib/python3.7/site-packages/airflow/example_dags/example_trigger_target_dag.py
[2022-09-16T08:10:45.582+0000] {processor.py:650} INFO - DAG(s) dict_keys(['example_trigger_target_dag']) retrieved from /home/airflow/.local/lib/python3.7/site-packages/airflow/example_dags/example_trigger_target_dag.py
[2022-09-16T08:10:45.598+0000] {logging_mixin.py:115} INFO - [2022-09-16T08:10:45.598+0000] {dag.py:2429} INFO - Sync 1 DAGs
[2022-09-16T08:10:45.615+0000] {logging_mixin.py:115} INFO - [2022-09-16T08:10:45.615+0000] {dag.py:2981} INFO - Setting next_dagrun for example_trigger_target_dag to None, run_after=None
[2022-09-16T08:10:45.624+0000] {processor.py:161} INFO - Processing /home/airflow/.local/lib/python3.7/site-packages/airflow/example_dags/example_trigger_target_dag.py took 0.058 seconds
[2022-09-16T08:13:52.613+0000] {processor.py:153} INFO - Started process (PID=115) to work on /home/airflow/.local/lib/python3.7/site-packages/airflow/example_dags/example_trigger_target_dag.py
[2022-09-16T08:13:52.614+0000] {processor.py:640} INFO - Processing file /home/airflow/.local/lib/python3.7/site-packages/airflow/example_dags/example_trigger_target_dag.py for tasks to queue
[2022-09-16T08:13:52.615+0000] {logging_mixin.py:115} INFO - [2022-09-16T08:13:52.615+0000] {dagbag.py:508} INFO - Filling up the DagBag from /home/airflow/.local/lib/python3.7/site-packages/airflow/example_dags/example_trigger_target_dag.py
[2022-09-16T08:13:52.627+0000] {processor.py:650} INFO - DAG(s) dict_keys(['example_trigger_target_dag']) retrieved from /home/airflow/.local/lib/python3.7/site-packages/airflow/example_dags/example_trigger_target_dag.py
[2022-09-16T08:13:52.643+0000] {logging_mixin.py:115} INFO - [2022-09-16T08:13:52.643+0000] {dag.py:2429} INFO - Sync 1 DAGs
[2022-09-16T08:13:52.661+0000] {logging_mixin.py:115} INFO - [2022-09-16T08:13:52.661+0000] {dag.py:2981} INFO - Setting next_dagrun for example_trigger_target_dag to None, run_after=None
[2022-09-16T08:13:52.670+0000] {processor.py:161} INFO - Processing /home/airflow/.local/lib/python3.7/site-packages/airflow/example_dags/example_trigger_target_dag.py took 0.059 seconds
[2022-09-16T08:15:37.406+0000] {processor.py:153} INFO - Started process (PID=83) to work on /home/airflow/.local/lib/python3.7/site-packages/airflow/example_dags/example_trigger_target_dag.py
[2022-09-16T08:15:37.407+0000] {processor.py:640} INFO - Processing file /home/airflow/.local/lib/python3.7/site-packages/airflow/example_dags/example_trigger_target_dag.py for tasks to queue
[2022-09-16T08:15:37.407+0000] {logging_mixin.py:115} INFO - [2022-09-16T08:15:37.407+0000] {dagbag.py:508} INFO - Filling up the DagBag from /home/airflow/.local/lib/python3.7/site-packages/airflow/example_dags/example_trigger_target_dag.py
[2022-09-16T08:15:37.420+0000] {processor.py:650} INFO - DAG(s) dict_keys(['example_trigger_target_dag']) retrieved from /home/airflow/.local/lib/python3.7/site-packages/airflow/example_dags/example_trigger_target_dag.py
[2022-09-16T08:15:37.441+0000] {logging_mixin.py:115} INFO - [2022-09-16T08:15:37.441+0000] {dag.py:2429} INFO - Sync 1 DAGs
[2022-09-16T08:15:37.459+0000] {logging_mixin.py:115} INFO - [2022-09-16T08:15:37.459+0000] {dag.py:2981} INFO - Setting next_dagrun for example_trigger_target_dag to None, run_after=None
[2022-09-16T08:15:37.471+0000] {processor.py:161} INFO - Processing /home/airflow/.local/lib/python3.7/site-packages/airflow/example_dags/example_trigger_target_dag.py took 0.067 seconds
[2022-09-16T08:18:35.234+0000] {processor.py:153} INFO - Started process (PID=135) to work on /home/airflow/.local/lib/python3.7/site-packages/airflow/example_dags/example_trigger_target_dag.py
[2022-09-16T08:18:35.234+0000] {processor.py:640} INFO - Processing file /home/airflow/.local/lib/python3.7/site-packages/airflow/example_dags/example_trigger_target_dag.py for tasks to queue
[2022-09-16T08:18:35.235+0000] {logging_mixin.py:115} INFO - [2022-09-16T08:18:35.235+0000] {dagbag.py:508} INFO - Filling up the DagBag from /home/airflow/.local/lib/python3.7/site-packages/airflow/example_dags/example_trigger_target_dag.py
[2022-09-16T08:18:35.249+0000] {processor.py:650} INFO - DAG(s) dict_keys(['example_trigger_target_dag']) retrieved from /home/airflow/.local/lib/python3.7/site-packages/airflow/example_dags/example_trigger_target_dag.py
[2022-09-16T08:18:35.272+0000] {logging_mixin.py:115} INFO - [2022-09-16T08:18:35.272+0000] {dag.py:2429} INFO - Sync 1 DAGs
[2022-09-16T08:18:35.298+0000] {logging_mixin.py:115} INFO - [2022-09-16T08:18:35.298+0000] {dag.py:2981} INFO - Setting next_dagrun for example_trigger_target_dag to None, run_after=None
[2022-09-16T08:18:35.311+0000] {processor.py:161} INFO - Processing /home/airflow/.local/lib/python3.7/site-packages/airflow/example_dags/example_trigger_target_dag.py took 0.080 seconds
[2022-09-16T08:19:06.472+0000] {processor.py:153} INFO - Started process (PID=188) to work on /home/airflow/.local/lib/python3.7/site-packages/airflow/example_dags/example_trigger_target_dag.py
[2022-09-16T08:19:06.473+0000] {processor.py:640} INFO - Processing file /home/airflow/.local/lib/python3.7/site-packages/airflow/example_dags/example_trigger_target_dag.py for tasks to queue
[2022-09-16T08:19:06.474+0000] {logging_mixin.py:115} INFO - [2022-09-16T08:19:06.474+0000] {dagbag.py:508} INFO - Filling up the DagBag from /home/airflow/.local/lib/python3.7/site-packages/airflow/example_dags/example_trigger_target_dag.py
[2022-09-16T08:19:06.493+0000] {processor.py:650} INFO - DAG(s) dict_keys(['example_trigger_target_dag']) retrieved from /home/airflow/.local/lib/python3.7/site-packages/airflow/example_dags/example_trigger_target_dag.py
[2022-09-16T08:19:06.518+0000] {logging_mixin.py:115} INFO - [2022-09-16T08:19:06.518+0000] {dag.py:2429} INFO - Sync 1 DAGs
[2022-09-16T08:19:06.545+0000] {logging_mixin.py:115} INFO - [2022-09-16T08:19:06.545+0000] {dag.py:2981} INFO - Setting next_dagrun for example_trigger_target_dag to None, run_after=None
[2022-09-16T08:19:06.560+0000] {processor.py:161} INFO - Processing /home/airflow/.local/lib/python3.7/site-packages/airflow/example_dags/example_trigger_target_dag.py took 0.091 seconds
