[2022-09-16T07:52:51.593+0000] {processor.py:153} INFO - Started process (PID=42) to work on /home/airflow/.local/lib/python3.7/site-packages/airflow/example_dags/example_task_group_decorator.py
[2022-09-16T07:52:51.594+0000] {processor.py:640} INFO - Processing file /home/airflow/.local/lib/python3.7/site-packages/airflow/example_dags/example_task_group_decorator.py for tasks to queue
[2022-09-16T07:52:51.594+0000] {logging_mixin.py:115} INFO - [2022-09-16T07:52:51.594+0000] {dagbag.py:508} INFO - Filling up the DagBag from /home/airflow/.local/lib/python3.7/site-packages/airflow/example_dags/example_task_group_decorator.py
[2022-09-16T07:52:51.624+0000] {processor.py:650} INFO - DAG(s) dict_keys(['example_task_group_decorator']) retrieved from /home/airflow/.local/lib/python3.7/site-packages/airflow/example_dags/example_task_group_decorator.py
[2022-09-16T07:52:51.689+0000] {logging_mixin.py:115} INFO - [2022-09-16T07:52:51.689+0000] {dag.py:2429} INFO - Sync 1 DAGs
[2022-09-16T07:52:51.715+0000] {logging_mixin.py:115} INFO - [2022-09-16T07:52:51.715+0000] {dag.py:2981} INFO - Setting next_dagrun for example_task_group_decorator to 2022-09-15T07:52:51.713090+00:00, run_after=2022-09-16T07:52:51.713090+00:00
[2022-09-16T07:52:51.732+0000] {processor.py:161} INFO - Processing /home/airflow/.local/lib/python3.7/site-packages/airflow/example_dags/example_task_group_decorator.py took 0.141 seconds
[2022-09-16T07:53:22.601+0000] {processor.py:153} INFO - Started process (PID=103) to work on /home/airflow/.local/lib/python3.7/site-packages/airflow/example_dags/example_task_group_decorator.py
[2022-09-16T07:53:22.601+0000] {processor.py:640} INFO - Processing file /home/airflow/.local/lib/python3.7/site-packages/airflow/example_dags/example_task_group_decorator.py for tasks to queue
[2022-09-16T07:53:22.602+0000] {logging_mixin.py:115} INFO - [2022-09-16T07:53:22.602+0000] {dagbag.py:508} INFO - Filling up the DagBag from /home/airflow/.local/lib/python3.7/site-packages/airflow/example_dags/example_task_group_decorator.py
[2022-09-16T07:53:22.624+0000] {processor.py:650} INFO - DAG(s) dict_keys(['example_task_group_decorator']) retrieved from /home/airflow/.local/lib/python3.7/site-packages/airflow/example_dags/example_task_group_decorator.py
[2022-09-16T07:53:22.675+0000] {logging_mixin.py:115} INFO - [2022-09-16T07:53:22.675+0000] {dag.py:2429} INFO - Sync 1 DAGs
[2022-09-16T07:53:22.691+0000] {logging_mixin.py:115} INFO - [2022-09-16T07:53:22.691+0000] {dag.py:2981} INFO - Setting next_dagrun for example_task_group_decorator to 2022-09-15T07:53:22.691147+00:00, run_after=2022-09-16T07:53:22.691147+00:00
[2022-09-16T07:53:22.702+0000] {processor.py:161} INFO - Processing /home/airflow/.local/lib/python3.7/site-packages/airflow/example_dags/example_task_group_decorator.py took 0.103 seconds
[2022-09-16T07:53:53.242+0000] {processor.py:153} INFO - Started process (PID=165) to work on /home/airflow/.local/lib/python3.7/site-packages/airflow/example_dags/example_task_group_decorator.py
[2022-09-16T07:53:53.242+0000] {processor.py:640} INFO - Processing file /home/airflow/.local/lib/python3.7/site-packages/airflow/example_dags/example_task_group_decorator.py for tasks to queue
[2022-09-16T07:53:53.243+0000] {logging_mixin.py:115} INFO - [2022-09-16T07:53:53.243+0000] {dagbag.py:508} INFO - Filling up the DagBag from /home/airflow/.local/lib/python3.7/site-packages/airflow/example_dags/example_task_group_decorator.py
[2022-09-16T07:53:53.266+0000] {processor.py:650} INFO - DAG(s) dict_keys(['example_task_group_decorator']) retrieved from /home/airflow/.local/lib/python3.7/site-packages/airflow/example_dags/example_task_group_decorator.py
[2022-09-16T07:53:53.325+0000] {logging_mixin.py:115} INFO - [2022-09-16T07:53:53.325+0000] {dag.py:2429} INFO - Sync 1 DAGs
[2022-09-16T07:53:53.343+0000] {logging_mixin.py:115} INFO - [2022-09-16T07:53:53.343+0000] {dag.py:2981} INFO - Setting next_dagrun for example_task_group_decorator to 2022-09-15T07:53:53.343423+00:00, run_after=2022-09-16T07:53:53.343423+00:00
[2022-09-16T07:53:53.355+0000] {processor.py:161} INFO - Processing /home/airflow/.local/lib/python3.7/site-packages/airflow/example_dags/example_task_group_decorator.py took 0.116 seconds
[2022-09-16T07:54:23.823+0000] {processor.py:153} INFO - Started process (PID=225) to work on /home/airflow/.local/lib/python3.7/site-packages/airflow/example_dags/example_task_group_decorator.py
[2022-09-16T07:54:23.824+0000] {processor.py:640} INFO - Processing file /home/airflow/.local/lib/python3.7/site-packages/airflow/example_dags/example_task_group_decorator.py for tasks to queue
[2022-09-16T07:54:23.825+0000] {logging_mixin.py:115} INFO - [2022-09-16T07:54:23.825+0000] {dagbag.py:508} INFO - Filling up the DagBag from /home/airflow/.local/lib/python3.7/site-packages/airflow/example_dags/example_task_group_decorator.py
[2022-09-16T07:54:23.857+0000] {processor.py:650} INFO - DAG(s) dict_keys(['example_task_group_decorator']) retrieved from /home/airflow/.local/lib/python3.7/site-packages/airflow/example_dags/example_task_group_decorator.py
[2022-09-16T07:54:23.928+0000] {logging_mixin.py:115} INFO - [2022-09-16T07:54:23.928+0000] {dag.py:2429} INFO - Sync 1 DAGs
[2022-09-16T07:54:23.954+0000] {logging_mixin.py:115} INFO - [2022-09-16T07:54:23.954+0000] {dag.py:2981} INFO - Setting next_dagrun for example_task_group_decorator to 2022-09-15T07:54:23.953862+00:00, run_after=2022-09-16T07:54:23.953862+00:00
[2022-09-16T07:54:23.976+0000] {processor.py:161} INFO - Processing /home/airflow/.local/lib/python3.7/site-packages/airflow/example_dags/example_task_group_decorator.py took 0.155 seconds
[2022-09-16T07:54:54.841+0000] {processor.py:153} INFO - Started process (PID=280) to work on /home/airflow/.local/lib/python3.7/site-packages/airflow/example_dags/example_task_group_decorator.py
[2022-09-16T07:54:54.843+0000] {processor.py:640} INFO - Processing file /home/airflow/.local/lib/python3.7/site-packages/airflow/example_dags/example_task_group_decorator.py for tasks to queue
[2022-09-16T07:54:54.844+0000] {logging_mixin.py:115} INFO - [2022-09-16T07:54:54.843+0000] {dagbag.py:508} INFO - Filling up the DagBag from /home/airflow/.local/lib/python3.7/site-packages/airflow/example_dags/example_task_group_decorator.py
[2022-09-16T07:54:54.874+0000] {processor.py:650} INFO - DAG(s) dict_keys(['example_task_group_decorator']) retrieved from /home/airflow/.local/lib/python3.7/site-packages/airflow/example_dags/example_task_group_decorator.py
[2022-09-16T07:54:54.894+0000] {logging_mixin.py:115} INFO - [2022-09-16T07:54:54.893+0000] {dag.py:2429} INFO - Sync 1 DAGs
[2022-09-16T07:54:54.910+0000] {logging_mixin.py:115} INFO - [2022-09-16T07:54:54.910+0000] {dag.py:2981} INFO - Setting next_dagrun for example_task_group_decorator to 2022-09-15T07:54:54.910083+00:00, run_after=2022-09-16T07:54:54.910083+00:00
[2022-09-16T07:54:54.919+0000] {processor.py:161} INFO - Processing /home/airflow/.local/lib/python3.7/site-packages/airflow/example_dags/example_task_group_decorator.py took 0.084 seconds
[2022-09-16T07:55:25.630+0000] {processor.py:153} INFO - Started process (PID=342) to work on /home/airflow/.local/lib/python3.7/site-packages/airflow/example_dags/example_task_group_decorator.py
[2022-09-16T07:55:25.631+0000] {processor.py:640} INFO - Processing file /home/airflow/.local/lib/python3.7/site-packages/airflow/example_dags/example_task_group_decorator.py for tasks to queue
[2022-09-16T07:55:25.631+0000] {logging_mixin.py:115} INFO - [2022-09-16T07:55:25.631+0000] {dagbag.py:508} INFO - Filling up the DagBag from /home/airflow/.local/lib/python3.7/site-packages/airflow/example_dags/example_task_group_decorator.py
[2022-09-16T07:55:25.653+0000] {processor.py:650} INFO - DAG(s) dict_keys(['example_task_group_decorator']) retrieved from /home/airflow/.local/lib/python3.7/site-packages/airflow/example_dags/example_task_group_decorator.py
[2022-09-16T07:55:25.704+0000] {logging_mixin.py:115} INFO - [2022-09-16T07:55:25.704+0000] {dag.py:2429} INFO - Sync 1 DAGs
[2022-09-16T07:55:25.722+0000] {logging_mixin.py:115} INFO - [2022-09-16T07:55:25.721+0000] {dag.py:2981} INFO - Setting next_dagrun for example_task_group_decorator to 2022-09-15T07:55:25.721775+00:00, run_after=2022-09-16T07:55:25.721775+00:00
[2022-09-16T07:55:25.734+0000] {processor.py:161} INFO - Processing /home/airflow/.local/lib/python3.7/site-packages/airflow/example_dags/example_task_group_decorator.py took 0.106 seconds
[2022-09-16T07:55:56.335+0000] {processor.py:153} INFO - Started process (PID=404) to work on /home/airflow/.local/lib/python3.7/site-packages/airflow/example_dags/example_task_group_decorator.py
[2022-09-16T07:55:56.335+0000] {processor.py:640} INFO - Processing file /home/airflow/.local/lib/python3.7/site-packages/airflow/example_dags/example_task_group_decorator.py for tasks to queue
[2022-09-16T07:55:56.336+0000] {logging_mixin.py:115} INFO - [2022-09-16T07:55:56.336+0000] {dagbag.py:508} INFO - Filling up the DagBag from /home/airflow/.local/lib/python3.7/site-packages/airflow/example_dags/example_task_group_decorator.py
[2022-09-16T07:55:56.359+0000] {processor.py:650} INFO - DAG(s) dict_keys(['example_task_group_decorator']) retrieved from /home/airflow/.local/lib/python3.7/site-packages/airflow/example_dags/example_task_group_decorator.py
[2022-09-16T07:55:56.417+0000] {logging_mixin.py:115} INFO - [2022-09-16T07:55:56.416+0000] {dag.py:2429} INFO - Sync 1 DAGs
[2022-09-16T07:55:56.436+0000] {logging_mixin.py:115} INFO - [2022-09-16T07:55:56.436+0000] {dag.py:2981} INFO - Setting next_dagrun for example_task_group_decorator to 2022-09-15T07:55:56.436194+00:00, run_after=2022-09-16T07:55:56.436194+00:00
[2022-09-16T07:55:56.448+0000] {processor.py:161} INFO - Processing /home/airflow/.local/lib/python3.7/site-packages/airflow/example_dags/example_task_group_decorator.py took 0.115 seconds
[2022-09-16T07:56:26.968+0000] {processor.py:153} INFO - Started process (PID=456) to work on /home/airflow/.local/lib/python3.7/site-packages/airflow/example_dags/example_task_group_decorator.py
[2022-09-16T07:56:26.969+0000] {processor.py:640} INFO - Processing file /home/airflow/.local/lib/python3.7/site-packages/airflow/example_dags/example_task_group_decorator.py for tasks to queue
[2022-09-16T07:56:26.969+0000] {logging_mixin.py:115} INFO - [2022-09-16T07:56:26.969+0000] {dagbag.py:508} INFO - Filling up the DagBag from /home/airflow/.local/lib/python3.7/site-packages/airflow/example_dags/example_task_group_decorator.py
[2022-09-16T07:56:26.991+0000] {processor.py:650} INFO - DAG(s) dict_keys(['example_task_group_decorator']) retrieved from /home/airflow/.local/lib/python3.7/site-packages/airflow/example_dags/example_task_group_decorator.py
[2022-09-16T07:56:27.011+0000] {logging_mixin.py:115} INFO - [2022-09-16T07:56:27.011+0000] {dag.py:2429} INFO - Sync 1 DAGs
[2022-09-16T07:56:27.028+0000] {logging_mixin.py:115} INFO - [2022-09-16T07:56:27.028+0000] {dag.py:2981} INFO - Setting next_dagrun for example_task_group_decorator to 2022-09-15T07:56:27.028190+00:00, run_after=2022-09-16T07:56:27.028190+00:00
[2022-09-16T07:56:27.037+0000] {processor.py:161} INFO - Processing /home/airflow/.local/lib/python3.7/site-packages/airflow/example_dags/example_task_group_decorator.py took 0.071 seconds
[2022-09-16T07:56:57.668+0000] {processor.py:153} INFO - Started process (PID=518) to work on /home/airflow/.local/lib/python3.7/site-packages/airflow/example_dags/example_task_group_decorator.py
[2022-09-16T07:56:57.669+0000] {processor.py:640} INFO - Processing file /home/airflow/.local/lib/python3.7/site-packages/airflow/example_dags/example_task_group_decorator.py for tasks to queue
[2022-09-16T07:56:57.669+0000] {logging_mixin.py:115} INFO - [2022-09-16T07:56:57.669+0000] {dagbag.py:508} INFO - Filling up the DagBag from /home/airflow/.local/lib/python3.7/site-packages/airflow/example_dags/example_task_group_decorator.py
[2022-09-16T07:56:57.690+0000] {processor.py:650} INFO - DAG(s) dict_keys(['example_task_group_decorator']) retrieved from /home/airflow/.local/lib/python3.7/site-packages/airflow/example_dags/example_task_group_decorator.py
[2022-09-16T07:56:57.713+0000] {logging_mixin.py:115} INFO - [2022-09-16T07:56:57.713+0000] {dag.py:2429} INFO - Sync 1 DAGs
[2022-09-16T07:56:57.730+0000] {logging_mixin.py:115} INFO - [2022-09-16T07:56:57.730+0000] {dag.py:2981} INFO - Setting next_dagrun for example_task_group_decorator to 2022-09-15T07:56:57.729866+00:00, run_after=2022-09-16T07:56:57.729866+00:00
[2022-09-16T07:56:57.740+0000] {processor.py:161} INFO - Processing /home/airflow/.local/lib/python3.7/site-packages/airflow/example_dags/example_task_group_decorator.py took 0.074 seconds
[2022-09-16T07:57:28.222+0000] {processor.py:153} INFO - Started process (PID=580) to work on /home/airflow/.local/lib/python3.7/site-packages/airflow/example_dags/example_task_group_decorator.py
[2022-09-16T07:57:28.222+0000] {processor.py:640} INFO - Processing file /home/airflow/.local/lib/python3.7/site-packages/airflow/example_dags/example_task_group_decorator.py for tasks to queue
[2022-09-16T07:57:28.223+0000] {logging_mixin.py:115} INFO - [2022-09-16T07:57:28.223+0000] {dagbag.py:508} INFO - Filling up the DagBag from /home/airflow/.local/lib/python3.7/site-packages/airflow/example_dags/example_task_group_decorator.py
[2022-09-16T07:57:28.245+0000] {processor.py:650} INFO - DAG(s) dict_keys(['example_task_group_decorator']) retrieved from /home/airflow/.local/lib/python3.7/site-packages/airflow/example_dags/example_task_group_decorator.py
[2022-09-16T07:57:28.264+0000] {logging_mixin.py:115} INFO - [2022-09-16T07:57:28.263+0000] {dag.py:2429} INFO - Sync 1 DAGs
[2022-09-16T07:57:28.282+0000] {logging_mixin.py:115} INFO - [2022-09-16T07:57:28.282+0000] {dag.py:2981} INFO - Setting next_dagrun for example_task_group_decorator to 2022-09-15T07:57:28.282264+00:00, run_after=2022-09-16T07:57:28.282264+00:00
[2022-09-16T07:57:28.292+0000] {processor.py:161} INFO - Processing /home/airflow/.local/lib/python3.7/site-packages/airflow/example_dags/example_task_group_decorator.py took 0.072 seconds
[2022-09-16T07:58:42.801+0000] {processor.py:153} INFO - Started process (PID=74) to work on /home/airflow/.local/lib/python3.7/site-packages/airflow/example_dags/example_task_group_decorator.py
[2022-09-16T07:58:42.802+0000] {processor.py:640} INFO - Processing file /home/airflow/.local/lib/python3.7/site-packages/airflow/example_dags/example_task_group_decorator.py for tasks to queue
[2022-09-16T07:58:42.802+0000] {logging_mixin.py:115} INFO - [2022-09-16T07:58:42.802+0000] {dagbag.py:508} INFO - Filling up the DagBag from /home/airflow/.local/lib/python3.7/site-packages/airflow/example_dags/example_task_group_decorator.py
[2022-09-16T07:58:42.843+0000] {processor.py:650} INFO - DAG(s) dict_keys(['example_task_group_decorator']) retrieved from /home/airflow/.local/lib/python3.7/site-packages/airflow/example_dags/example_task_group_decorator.py
[2022-09-16T07:58:42.941+0000] {logging_mixin.py:115} INFO - [2022-09-16T07:58:42.941+0000] {dag.py:2429} INFO - Sync 1 DAGs
[2022-09-16T07:58:42.968+0000] {logging_mixin.py:115} INFO - [2022-09-16T07:58:42.968+0000] {dag.py:2981} INFO - Setting next_dagrun for example_task_group_decorator to 2022-09-15T07:58:42.968274+00:00, run_after=2022-09-16T07:58:42.968274+00:00
[2022-09-16T07:58:42.987+0000] {processor.py:161} INFO - Processing /home/airflow/.local/lib/python3.7/site-packages/airflow/example_dags/example_task_group_decorator.py took 0.188 seconds
[2022-09-16T07:59:14.007+0000] {processor.py:153} INFO - Started process (PID=127) to work on /home/airflow/.local/lib/python3.7/site-packages/airflow/example_dags/example_task_group_decorator.py
[2022-09-16T07:59:14.008+0000] {processor.py:640} INFO - Processing file /home/airflow/.local/lib/python3.7/site-packages/airflow/example_dags/example_task_group_decorator.py for tasks to queue
[2022-09-16T07:59:14.008+0000] {logging_mixin.py:115} INFO - [2022-09-16T07:59:14.008+0000] {dagbag.py:508} INFO - Filling up the DagBag from /home/airflow/.local/lib/python3.7/site-packages/airflow/example_dags/example_task_group_decorator.py
[2022-09-16T07:59:14.033+0000] {processor.py:650} INFO - DAG(s) dict_keys(['example_task_group_decorator']) retrieved from /home/airflow/.local/lib/python3.7/site-packages/airflow/example_dags/example_task_group_decorator.py
[2022-09-16T07:59:14.119+0000] {logging_mixin.py:115} INFO - [2022-09-16T07:59:14.119+0000] {dag.py:2429} INFO - Sync 1 DAGs
[2022-09-16T07:59:14.149+0000] {logging_mixin.py:115} INFO - [2022-09-16T07:59:14.149+0000] {dag.py:2981} INFO - Setting next_dagrun for example_task_group_decorator to 2022-09-15T07:59:14.149248+00:00, run_after=2022-09-16T07:59:14.149248+00:00
[2022-09-16T07:59:14.163+0000] {processor.py:161} INFO - Processing /home/airflow/.local/lib/python3.7/site-packages/airflow/example_dags/example_task_group_decorator.py took 0.158 seconds
[2022-09-16T07:59:45.062+0000] {processor.py:153} INFO - Started process (PID=189) to work on /home/airflow/.local/lib/python3.7/site-packages/airflow/example_dags/example_task_group_decorator.py
[2022-09-16T07:59:45.063+0000] {processor.py:640} INFO - Processing file /home/airflow/.local/lib/python3.7/site-packages/airflow/example_dags/example_task_group_decorator.py for tasks to queue
[2022-09-16T07:59:45.063+0000] {logging_mixin.py:115} INFO - [2022-09-16T07:59:45.063+0000] {dagbag.py:508} INFO - Filling up the DagBag from /home/airflow/.local/lib/python3.7/site-packages/airflow/example_dags/example_task_group_decorator.py
[2022-09-16T07:59:45.088+0000] {processor.py:650} INFO - DAG(s) dict_keys(['example_task_group_decorator']) retrieved from /home/airflow/.local/lib/python3.7/site-packages/airflow/example_dags/example_task_group_decorator.py
[2022-09-16T07:59:45.139+0000] {logging_mixin.py:115} INFO - [2022-09-16T07:59:45.139+0000] {dag.py:2429} INFO - Sync 1 DAGs
[2022-09-16T07:59:45.155+0000] {logging_mixin.py:115} INFO - [2022-09-16T07:59:45.155+0000] {dag.py:2981} INFO - Setting next_dagrun for example_task_group_decorator to 2022-09-15T07:59:45.154876+00:00, run_after=2022-09-16T07:59:45.154876+00:00
[2022-09-16T07:59:45.167+0000] {processor.py:161} INFO - Processing /home/airflow/.local/lib/python3.7/site-packages/airflow/example_dags/example_task_group_decorator.py took 0.107 seconds
[2022-09-16T08:00:15.835+0000] {processor.py:153} INFO - Started process (PID=251) to work on /home/airflow/.local/lib/python3.7/site-packages/airflow/example_dags/example_task_group_decorator.py
[2022-09-16T08:00:15.836+0000] {processor.py:640} INFO - Processing file /home/airflow/.local/lib/python3.7/site-packages/airflow/example_dags/example_task_group_decorator.py for tasks to queue
[2022-09-16T08:00:15.836+0000] {logging_mixin.py:115} INFO - [2022-09-16T08:00:15.836+0000] {dagbag.py:508} INFO - Filling up the DagBag from /home/airflow/.local/lib/python3.7/site-packages/airflow/example_dags/example_task_group_decorator.py
[2022-09-16T08:00:15.860+0000] {processor.py:650} INFO - DAG(s) dict_keys(['example_task_group_decorator']) retrieved from /home/airflow/.local/lib/python3.7/site-packages/airflow/example_dags/example_task_group_decorator.py
[2022-09-16T08:00:15.912+0000] {logging_mixin.py:115} INFO - [2022-09-16T08:00:15.912+0000] {dag.py:2429} INFO - Sync 1 DAGs
[2022-09-16T08:00:15.929+0000] {logging_mixin.py:115} INFO - [2022-09-16T08:00:15.929+0000] {dag.py:2981} INFO - Setting next_dagrun for example_task_group_decorator to 2022-09-15T08:00:15.929406+00:00, run_after=2022-09-16T08:00:15.929406+00:00
[2022-09-16T08:00:15.942+0000] {processor.py:161} INFO - Processing /home/airflow/.local/lib/python3.7/site-packages/airflow/example_dags/example_task_group_decorator.py took 0.109 seconds
[2022-09-16T08:00:46.751+0000] {processor.py:153} INFO - Started process (PID=313) to work on /home/airflow/.local/lib/python3.7/site-packages/airflow/example_dags/example_task_group_decorator.py
[2022-09-16T08:00:46.752+0000] {processor.py:640} INFO - Processing file /home/airflow/.local/lib/python3.7/site-packages/airflow/example_dags/example_task_group_decorator.py for tasks to queue
[2022-09-16T08:00:46.752+0000] {logging_mixin.py:115} INFO - [2022-09-16T08:00:46.752+0000] {dagbag.py:508} INFO - Filling up the DagBag from /home/airflow/.local/lib/python3.7/site-packages/airflow/example_dags/example_task_group_decorator.py
[2022-09-16T08:00:46.774+0000] {processor.py:650} INFO - DAG(s) dict_keys(['example_task_group_decorator']) retrieved from /home/airflow/.local/lib/python3.7/site-packages/airflow/example_dags/example_task_group_decorator.py
[2022-09-16T08:00:46.828+0000] {logging_mixin.py:115} INFO - [2022-09-16T08:00:46.828+0000] {dag.py:2429} INFO - Sync 1 DAGs
[2022-09-16T08:00:46.846+0000] {logging_mixin.py:115} INFO - [2022-09-16T08:00:46.845+0000] {dag.py:2981} INFO - Setting next_dagrun for example_task_group_decorator to 2022-09-15T08:00:46.845737+00:00, run_after=2022-09-16T08:00:46.845737+00:00
[2022-09-16T08:00:46.858+0000] {processor.py:161} INFO - Processing /home/airflow/.local/lib/python3.7/site-packages/airflow/example_dags/example_task_group_decorator.py took 0.109 seconds
[2022-09-16T08:01:16.943+0000] {processor.py:153} INFO - Started process (PID=366) to work on /home/airflow/.local/lib/python3.7/site-packages/airflow/example_dags/example_task_group_decorator.py
[2022-09-16T08:01:16.944+0000] {processor.py:640} INFO - Processing file /home/airflow/.local/lib/python3.7/site-packages/airflow/example_dags/example_task_group_decorator.py for tasks to queue
[2022-09-16T08:01:16.945+0000] {logging_mixin.py:115} INFO - [2022-09-16T08:01:16.945+0000] {dagbag.py:508} INFO - Filling up the DagBag from /home/airflow/.local/lib/python3.7/site-packages/airflow/example_dags/example_task_group_decorator.py
[2022-09-16T08:01:16.968+0000] {processor.py:650} INFO - DAG(s) dict_keys(['example_task_group_decorator']) retrieved from /home/airflow/.local/lib/python3.7/site-packages/airflow/example_dags/example_task_group_decorator.py
[2022-09-16T08:01:17.018+0000] {logging_mixin.py:115} INFO - [2022-09-16T08:01:17.018+0000] {dag.py:2429} INFO - Sync 1 DAGs
[2022-09-16T08:01:17.035+0000] {logging_mixin.py:115} INFO - [2022-09-16T08:01:17.035+0000] {dag.py:2981} INFO - Setting next_dagrun for example_task_group_decorator to 2022-09-15T08:01:17.034843+00:00, run_after=2022-09-16T08:01:17.034843+00:00
[2022-09-16T08:01:17.046+0000] {processor.py:161} INFO - Processing /home/airflow/.local/lib/python3.7/site-packages/airflow/example_dags/example_task_group_decorator.py took 0.105 seconds
[2022-09-16T08:01:47.186+0000] {processor.py:153} INFO - Started process (PID=428) to work on /home/airflow/.local/lib/python3.7/site-packages/airflow/example_dags/example_task_group_decorator.py
[2022-09-16T08:01:47.187+0000] {processor.py:640} INFO - Processing file /home/airflow/.local/lib/python3.7/site-packages/airflow/example_dags/example_task_group_decorator.py for tasks to queue
[2022-09-16T08:01:47.187+0000] {logging_mixin.py:115} INFO - [2022-09-16T08:01:47.187+0000] {dagbag.py:508} INFO - Filling up the DagBag from /home/airflow/.local/lib/python3.7/site-packages/airflow/example_dags/example_task_group_decorator.py
[2022-09-16T08:01:47.209+0000] {processor.py:650} INFO - DAG(s) dict_keys(['example_task_group_decorator']) retrieved from /home/airflow/.local/lib/python3.7/site-packages/airflow/example_dags/example_task_group_decorator.py
[2022-09-16T08:01:47.264+0000] {logging_mixin.py:115} INFO - [2022-09-16T08:01:47.263+0000] {dag.py:2429} INFO - Sync 1 DAGs
[2022-09-16T08:01:47.280+0000] {logging_mixin.py:115} INFO - [2022-09-16T08:01:47.280+0000] {dag.py:2981} INFO - Setting next_dagrun for example_task_group_decorator to 2022-09-15T08:01:47.280484+00:00, run_after=2022-09-16T08:01:47.280484+00:00
[2022-09-16T08:01:47.292+0000] {processor.py:161} INFO - Processing /home/airflow/.local/lib/python3.7/site-packages/airflow/example_dags/example_task_group_decorator.py took 0.108 seconds
[2022-09-16T08:02:17.374+0000] {processor.py:153} INFO - Started process (PID=493) to work on /home/airflow/.local/lib/python3.7/site-packages/airflow/example_dags/example_task_group_decorator.py
[2022-09-16T08:02:17.374+0000] {processor.py:640} INFO - Processing file /home/airflow/.local/lib/python3.7/site-packages/airflow/example_dags/example_task_group_decorator.py for tasks to queue
[2022-09-16T08:02:17.375+0000] {logging_mixin.py:115} INFO - [2022-09-16T08:02:17.375+0000] {dagbag.py:508} INFO - Filling up the DagBag from /home/airflow/.local/lib/python3.7/site-packages/airflow/example_dags/example_task_group_decorator.py
[2022-09-16T08:02:17.397+0000] {processor.py:650} INFO - DAG(s) dict_keys(['example_task_group_decorator']) retrieved from /home/airflow/.local/lib/python3.7/site-packages/airflow/example_dags/example_task_group_decorator.py
[2022-09-16T08:02:17.448+0000] {logging_mixin.py:115} INFO - [2022-09-16T08:02:17.448+0000] {dag.py:2429} INFO - Sync 1 DAGs
[2022-09-16T08:02:17.464+0000] {logging_mixin.py:115} INFO - [2022-09-16T08:02:17.464+0000] {dag.py:2981} INFO - Setting next_dagrun for example_task_group_decorator to 2022-09-15T08:02:17.464145+00:00, run_after=2022-09-16T08:02:17.464145+00:00
[2022-09-16T08:02:17.476+0000] {processor.py:161} INFO - Processing /home/airflow/.local/lib/python3.7/site-packages/airflow/example_dags/example_task_group_decorator.py took 0.104 seconds
[2022-09-16T08:02:47.649+0000] {processor.py:153} INFO - Started process (PID=554) to work on /home/airflow/.local/lib/python3.7/site-packages/airflow/example_dags/example_task_group_decorator.py
[2022-09-16T08:02:47.650+0000] {processor.py:640} INFO - Processing file /home/airflow/.local/lib/python3.7/site-packages/airflow/example_dags/example_task_group_decorator.py for tasks to queue
[2022-09-16T08:02:47.650+0000] {logging_mixin.py:115} INFO - [2022-09-16T08:02:47.650+0000] {dagbag.py:508} INFO - Filling up the DagBag from /home/airflow/.local/lib/python3.7/site-packages/airflow/example_dags/example_task_group_decorator.py
[2022-09-16T08:02:47.672+0000] {processor.py:650} INFO - DAG(s) dict_keys(['example_task_group_decorator']) retrieved from /home/airflow/.local/lib/python3.7/site-packages/airflow/example_dags/example_task_group_decorator.py
[2022-09-16T08:02:47.724+0000] {logging_mixin.py:115} INFO - [2022-09-16T08:02:47.724+0000] {dag.py:2429} INFO - Sync 1 DAGs
[2022-09-16T08:02:47.741+0000] {logging_mixin.py:115} INFO - [2022-09-16T08:02:47.741+0000] {dag.py:2981} INFO - Setting next_dagrun for example_task_group_decorator to 2022-09-15T08:02:47.741371+00:00, run_after=2022-09-16T08:02:47.741371+00:00
[2022-09-16T08:02:47.753+0000] {processor.py:161} INFO - Processing /home/airflow/.local/lib/python3.7/site-packages/airflow/example_dags/example_task_group_decorator.py took 0.106 seconds
[2022-09-16T08:03:17.824+0000] {processor.py:153} INFO - Started process (PID=607) to work on /home/airflow/.local/lib/python3.7/site-packages/airflow/example_dags/example_task_group_decorator.py
[2022-09-16T08:03:17.825+0000] {processor.py:640} INFO - Processing file /home/airflow/.local/lib/python3.7/site-packages/airflow/example_dags/example_task_group_decorator.py for tasks to queue
[2022-09-16T08:03:17.825+0000] {logging_mixin.py:115} INFO - [2022-09-16T08:03:17.825+0000] {dagbag.py:508} INFO - Filling up the DagBag from /home/airflow/.local/lib/python3.7/site-packages/airflow/example_dags/example_task_group_decorator.py
[2022-09-16T08:03:17.847+0000] {processor.py:650} INFO - DAG(s) dict_keys(['example_task_group_decorator']) retrieved from /home/airflow/.local/lib/python3.7/site-packages/airflow/example_dags/example_task_group_decorator.py
[2022-09-16T08:03:17.916+0000] {logging_mixin.py:115} INFO - [2022-09-16T08:03:17.916+0000] {dag.py:2429} INFO - Sync 1 DAGs
[2022-09-16T08:03:17.933+0000] {logging_mixin.py:115} INFO - [2022-09-16T08:03:17.933+0000] {dag.py:2981} INFO - Setting next_dagrun for example_task_group_decorator to 2022-09-15T08:03:17.933432+00:00, run_after=2022-09-16T08:03:17.933432+00:00
[2022-09-16T08:03:17.945+0000] {processor.py:161} INFO - Processing /home/airflow/.local/lib/python3.7/site-packages/airflow/example_dags/example_task_group_decorator.py took 0.123 seconds
[2022-09-16T08:04:01.620+0000] {processor.py:153} INFO - Started process (PID=56) to work on /home/airflow/.local/lib/python3.7/site-packages/airflow/example_dags/example_task_group_decorator.py
[2022-09-16T08:04:01.621+0000] {processor.py:640} INFO - Processing file /home/airflow/.local/lib/python3.7/site-packages/airflow/example_dags/example_task_group_decorator.py for tasks to queue
[2022-09-16T08:04:01.621+0000] {logging_mixin.py:115} INFO - [2022-09-16T08:04:01.621+0000] {dagbag.py:508} INFO - Filling up the DagBag from /home/airflow/.local/lib/python3.7/site-packages/airflow/example_dags/example_task_group_decorator.py
[2022-09-16T08:04:01.645+0000] {processor.py:650} INFO - DAG(s) dict_keys(['example_task_group_decorator']) retrieved from /home/airflow/.local/lib/python3.7/site-packages/airflow/example_dags/example_task_group_decorator.py
[2022-09-16T08:04:01.697+0000] {logging_mixin.py:115} INFO - [2022-09-16T08:04:01.697+0000] {dag.py:2429} INFO - Sync 1 DAGs
[2022-09-16T08:04:01.714+0000] {logging_mixin.py:115} INFO - [2022-09-16T08:04:01.714+0000] {dag.py:2981} INFO - Setting next_dagrun for example_task_group_decorator to 2022-09-15T08:04:01.713884+00:00, run_after=2022-09-16T08:04:01.713884+00:00
[2022-09-16T08:04:01.728+0000] {processor.py:161} INFO - Processing /home/airflow/.local/lib/python3.7/site-packages/airflow/example_dags/example_task_group_decorator.py took 0.110 seconds
[2022-09-16T08:04:31.910+0000] {processor.py:153} INFO - Started process (PID=108) to work on /home/airflow/.local/lib/python3.7/site-packages/airflow/example_dags/example_task_group_decorator.py
[2022-09-16T08:04:31.911+0000] {processor.py:640} INFO - Processing file /home/airflow/.local/lib/python3.7/site-packages/airflow/example_dags/example_task_group_decorator.py for tasks to queue
[2022-09-16T08:04:31.912+0000] {logging_mixin.py:115} INFO - [2022-09-16T08:04:31.911+0000] {dagbag.py:508} INFO - Filling up the DagBag from /home/airflow/.local/lib/python3.7/site-packages/airflow/example_dags/example_task_group_decorator.py
[2022-09-16T08:04:31.947+0000] {processor.py:650} INFO - DAG(s) dict_keys(['example_task_group_decorator']) retrieved from /home/airflow/.local/lib/python3.7/site-packages/airflow/example_dags/example_task_group_decorator.py
[2022-09-16T08:04:32.022+0000] {logging_mixin.py:115} INFO - [2022-09-16T08:04:32.022+0000] {dag.py:2429} INFO - Sync 1 DAGs
[2022-09-16T08:04:32.056+0000] {logging_mixin.py:115} INFO - [2022-09-16T08:04:32.056+0000] {dag.py:2981} INFO - Setting next_dagrun for example_task_group_decorator to 2022-09-15T08:04:32.056155+00:00, run_after=2022-09-16T08:04:32.056155+00:00
[2022-09-16T08:04:32.069+0000] {processor.py:161} INFO - Processing /home/airflow/.local/lib/python3.7/site-packages/airflow/example_dags/example_task_group_decorator.py took 0.162 seconds
[2022-09-16T08:06:39.432+0000] {processor.py:153} INFO - Started process (PID=56) to work on /home/airflow/.local/lib/python3.7/site-packages/airflow/example_dags/example_task_group_decorator.py
[2022-09-16T08:06:39.432+0000] {processor.py:640} INFO - Processing file /home/airflow/.local/lib/python3.7/site-packages/airflow/example_dags/example_task_group_decorator.py for tasks to queue
[2022-09-16T08:06:39.433+0000] {logging_mixin.py:115} INFO - [2022-09-16T08:06:39.433+0000] {dagbag.py:508} INFO - Filling up the DagBag from /home/airflow/.local/lib/python3.7/site-packages/airflow/example_dags/example_task_group_decorator.py
[2022-09-16T08:06:39.455+0000] {processor.py:650} INFO - DAG(s) dict_keys(['example_task_group_decorator']) retrieved from /home/airflow/.local/lib/python3.7/site-packages/airflow/example_dags/example_task_group_decorator.py
[2022-09-16T08:06:39.510+0000] {logging_mixin.py:115} INFO - [2022-09-16T08:06:39.510+0000] {dag.py:2429} INFO - Sync 1 DAGs
[2022-09-16T08:06:39.528+0000] {logging_mixin.py:115} INFO - [2022-09-16T08:06:39.528+0000] {dag.py:2981} INFO - Setting next_dagrun for example_task_group_decorator to 2022-09-15T08:06:39.527988+00:00, run_after=2022-09-16T08:06:39.527988+00:00
[2022-09-16T08:06:39.540+0000] {processor.py:161} INFO - Processing /home/airflow/.local/lib/python3.7/site-packages/airflow/example_dags/example_task_group_decorator.py took 0.110 seconds
[2022-09-16T08:08:02.998+0000] {processor.py:153} INFO - Started process (PID=55) to work on /home/airflow/.local/lib/python3.7/site-packages/airflow/example_dags/example_task_group_decorator.py
[2022-09-16T08:08:02.998+0000] {processor.py:640} INFO - Processing file /home/airflow/.local/lib/python3.7/site-packages/airflow/example_dags/example_task_group_decorator.py for tasks to queue
[2022-09-16T08:08:02.999+0000] {logging_mixin.py:115} INFO - [2022-09-16T08:08:02.999+0000] {dagbag.py:508} INFO - Filling up the DagBag from /home/airflow/.local/lib/python3.7/site-packages/airflow/example_dags/example_task_group_decorator.py
[2022-09-16T08:08:03.022+0000] {processor.py:650} INFO - DAG(s) dict_keys(['example_task_group_decorator']) retrieved from /home/airflow/.local/lib/python3.7/site-packages/airflow/example_dags/example_task_group_decorator.py
[2022-09-16T08:08:03.075+0000] {logging_mixin.py:115} INFO - [2022-09-16T08:08:03.075+0000] {dag.py:2429} INFO - Sync 1 DAGs
[2022-09-16T08:08:03.094+0000] {logging_mixin.py:115} INFO - [2022-09-16T08:08:03.094+0000] {dag.py:2981} INFO - Setting next_dagrun for example_task_group_decorator to 2022-09-15T08:08:03.094599+00:00, run_after=2022-09-16T08:08:03.094599+00:00
[2022-09-16T08:08:03.107+0000] {processor.py:161} INFO - Processing /home/airflow/.local/lib/python3.7/site-packages/airflow/example_dags/example_task_group_decorator.py took 0.111 seconds
[2022-09-16T08:10:12.511+0000] {processor.py:153} INFO - Started process (PID=56) to work on /home/airflow/.local/lib/python3.7/site-packages/airflow/example_dags/example_task_group_decorator.py
[2022-09-16T08:10:12.512+0000] {processor.py:640} INFO - Processing file /home/airflow/.local/lib/python3.7/site-packages/airflow/example_dags/example_task_group_decorator.py for tasks to queue
[2022-09-16T08:10:12.512+0000] {logging_mixin.py:115} INFO - [2022-09-16T08:10:12.512+0000] {dagbag.py:508} INFO - Filling up the DagBag from /home/airflow/.local/lib/python3.7/site-packages/airflow/example_dags/example_task_group_decorator.py
[2022-09-16T08:10:12.541+0000] {processor.py:650} INFO - DAG(s) dict_keys(['example_task_group_decorator']) retrieved from /home/airflow/.local/lib/python3.7/site-packages/airflow/example_dags/example_task_group_decorator.py
[2022-09-16T08:10:12.595+0000] {logging_mixin.py:115} INFO - [2022-09-16T08:10:12.595+0000] {dag.py:2429} INFO - Sync 1 DAGs
[2022-09-16T08:10:12.614+0000] {logging_mixin.py:115} INFO - [2022-09-16T08:10:12.614+0000] {dag.py:2981} INFO - Setting next_dagrun for example_task_group_decorator to 2022-09-15T08:10:12.614416+00:00, run_after=2022-09-16T08:10:12.614416+00:00
[2022-09-16T08:10:12.630+0000] {processor.py:161} INFO - Processing /home/airflow/.local/lib/python3.7/site-packages/airflow/example_dags/example_task_group_decorator.py took 0.120 seconds
[2022-09-16T08:10:42.795+0000] {processor.py:153} INFO - Started process (PID=108) to work on /home/airflow/.local/lib/python3.7/site-packages/airflow/example_dags/example_task_group_decorator.py
[2022-09-16T08:10:42.797+0000] {processor.py:640} INFO - Processing file /home/airflow/.local/lib/python3.7/site-packages/airflow/example_dags/example_task_group_decorator.py for tasks to queue
[2022-09-16T08:10:42.797+0000] {logging_mixin.py:115} INFO - [2022-09-16T08:10:42.797+0000] {dagbag.py:508} INFO - Filling up the DagBag from /home/airflow/.local/lib/python3.7/site-packages/airflow/example_dags/example_task_group_decorator.py
[2022-09-16T08:10:42.819+0000] {processor.py:650} INFO - DAG(s) dict_keys(['example_task_group_decorator']) retrieved from /home/airflow/.local/lib/python3.7/site-packages/airflow/example_dags/example_task_group_decorator.py
[2022-09-16T08:10:42.875+0000] {logging_mixin.py:115} INFO - [2022-09-16T08:10:42.875+0000] {dag.py:2429} INFO - Sync 1 DAGs
[2022-09-16T08:10:42.896+0000] {logging_mixin.py:115} INFO - [2022-09-16T08:10:42.896+0000] {dag.py:2981} INFO - Setting next_dagrun for example_task_group_decorator to 2022-09-15T08:10:42.895972+00:00, run_after=2022-09-16T08:10:42.895972+00:00
[2022-09-16T08:10:42.909+0000] {processor.py:161} INFO - Processing /home/airflow/.local/lib/python3.7/site-packages/airflow/example_dags/example_task_group_decorator.py took 0.115 seconds
[2022-09-16T08:13:50.700+0000] {processor.py:153} INFO - Started process (PID=88) to work on /home/airflow/.local/lib/python3.7/site-packages/airflow/example_dags/example_task_group_decorator.py
[2022-09-16T08:13:50.701+0000] {processor.py:640} INFO - Processing file /home/airflow/.local/lib/python3.7/site-packages/airflow/example_dags/example_task_group_decorator.py for tasks to queue
[2022-09-16T08:13:50.701+0000] {logging_mixin.py:115} INFO - [2022-09-16T08:13:50.701+0000] {dagbag.py:508} INFO - Filling up the DagBag from /home/airflow/.local/lib/python3.7/site-packages/airflow/example_dags/example_task_group_decorator.py
[2022-09-16T08:13:50.731+0000] {processor.py:650} INFO - DAG(s) dict_keys(['example_task_group_decorator']) retrieved from /home/airflow/.local/lib/python3.7/site-packages/airflow/example_dags/example_task_group_decorator.py
[2022-09-16T08:13:50.785+0000] {logging_mixin.py:115} INFO - [2022-09-16T08:13:50.785+0000] {dag.py:2429} INFO - Sync 1 DAGs
[2022-09-16T08:13:50.802+0000] {logging_mixin.py:115} INFO - [2022-09-16T08:13:50.802+0000] {dag.py:2981} INFO - Setting next_dagrun for example_task_group_decorator to 2022-09-15T08:13:50.801856+00:00, run_after=2022-09-16T08:13:50.801856+00:00
[2022-09-16T08:13:50.815+0000] {processor.py:161} INFO - Processing /home/airflow/.local/lib/python3.7/site-packages/airflow/example_dags/example_task_group_decorator.py took 0.116 seconds
[2022-09-16T08:15:35.441+0000] {processor.py:153} INFO - Started process (PID=56) to work on /home/airflow/.local/lib/python3.7/site-packages/airflow/example_dags/example_task_group_decorator.py
[2022-09-16T08:15:35.442+0000] {processor.py:640} INFO - Processing file /home/airflow/.local/lib/python3.7/site-packages/airflow/example_dags/example_task_group_decorator.py for tasks to queue
[2022-09-16T08:15:35.443+0000] {logging_mixin.py:115} INFO - [2022-09-16T08:15:35.442+0000] {dagbag.py:508} INFO - Filling up the DagBag from /home/airflow/.local/lib/python3.7/site-packages/airflow/example_dags/example_task_group_decorator.py
[2022-09-16T08:15:35.467+0000] {processor.py:650} INFO - DAG(s) dict_keys(['example_task_group_decorator']) retrieved from /home/airflow/.local/lib/python3.7/site-packages/airflow/example_dags/example_task_group_decorator.py
[2022-09-16T08:15:35.533+0000] {logging_mixin.py:115} INFO - [2022-09-16T08:15:35.533+0000] {dag.py:2429} INFO - Sync 1 DAGs
[2022-09-16T08:15:35.552+0000] {logging_mixin.py:115} INFO - [2022-09-16T08:15:35.552+0000] {dag.py:2981} INFO - Setting next_dagrun for example_task_group_decorator to 2022-09-15T08:15:35.552199+00:00, run_after=2022-09-16T08:15:35.552199+00:00
[2022-09-16T08:15:35.566+0000] {processor.py:161} INFO - Processing /home/airflow/.local/lib/python3.7/site-packages/airflow/example_dags/example_task_group_decorator.py took 0.127 seconds
[2022-09-16T08:18:33.466+0000] {processor.py:153} INFO - Started process (PID=99) to work on /home/airflow/.local/lib/python3.7/site-packages/airflow/example_dags/example_task_group_decorator.py
[2022-09-16T08:18:33.467+0000] {processor.py:640} INFO - Processing file /home/airflow/.local/lib/python3.7/site-packages/airflow/example_dags/example_task_group_decorator.py for tasks to queue
[2022-09-16T08:18:33.467+0000] {logging_mixin.py:115} INFO - [2022-09-16T08:18:33.467+0000] {dagbag.py:508} INFO - Filling up the DagBag from /home/airflow/.local/lib/python3.7/site-packages/airflow/example_dags/example_task_group_decorator.py
[2022-09-16T08:18:33.494+0000] {processor.py:650} INFO - DAG(s) dict_keys(['example_task_group_decorator']) retrieved from /home/airflow/.local/lib/python3.7/site-packages/airflow/example_dags/example_task_group_decorator.py
[2022-09-16T08:18:33.548+0000] {logging_mixin.py:115} INFO - [2022-09-16T08:18:33.548+0000] {dag.py:2429} INFO - Sync 1 DAGs
[2022-09-16T08:18:33.565+0000] {logging_mixin.py:115} INFO - [2022-09-16T08:18:33.565+0000] {dag.py:2981} INFO - Setting next_dagrun for example_task_group_decorator to 2022-09-15T08:18:33.565235+00:00, run_after=2022-09-16T08:18:33.565235+00:00
[2022-09-16T08:18:33.580+0000] {processor.py:161} INFO - Processing /home/airflow/.local/lib/python3.7/site-packages/airflow/example_dags/example_task_group_decorator.py took 0.116 seconds
[2022-09-16T08:19:03.602+0000] {processor.py:153} INFO - Started process (PID=160) to work on /home/airflow/.local/lib/python3.7/site-packages/airflow/example_dags/example_task_group_decorator.py
[2022-09-16T08:19:03.603+0000] {processor.py:640} INFO - Processing file /home/airflow/.local/lib/python3.7/site-packages/airflow/example_dags/example_task_group_decorator.py for tasks to queue
[2022-09-16T08:19:03.603+0000] {logging_mixin.py:115} INFO - [2022-09-16T08:19:03.603+0000] {dagbag.py:508} INFO - Filling up the DagBag from /home/airflow/.local/lib/python3.7/site-packages/airflow/example_dags/example_task_group_decorator.py
[2022-09-16T08:19:03.627+0000] {processor.py:650} INFO - DAG(s) dict_keys(['example_task_group_decorator']) retrieved from /home/airflow/.local/lib/python3.7/site-packages/airflow/example_dags/example_task_group_decorator.py
[2022-09-16T08:19:03.677+0000] {logging_mixin.py:115} INFO - [2022-09-16T08:19:03.676+0000] {dag.py:2429} INFO - Sync 1 DAGs
[2022-09-16T08:19:03.692+0000] {logging_mixin.py:115} INFO - [2022-09-16T08:19:03.692+0000] {dag.py:2981} INFO - Setting next_dagrun for example_task_group_decorator to 2022-09-15T08:19:03.692241+00:00, run_after=2022-09-16T08:19:03.692241+00:00
[2022-09-16T08:19:03.705+0000] {processor.py:161} INFO - Processing /home/airflow/.local/lib/python3.7/site-packages/airflow/example_dags/example_task_group_decorator.py took 0.105 seconds
