[2022-09-16T07:52:51.803+0000] {processor.py:153} INFO - Started process (PID=46) to work on /home/airflow/.local/lib/python3.7/site-packages/airflow/example_dags/example_short_circuit_operator.py
[2022-09-16T07:52:51.804+0000] {processor.py:640} INFO - Processing file /home/airflow/.local/lib/python3.7/site-packages/airflow/example_dags/example_short_circuit_operator.py for tasks to queue
[2022-09-16T07:52:51.805+0000] {logging_mixin.py:115} INFO - [2022-09-16T07:52:51.805+0000] {dagbag.py:508} INFO - Filling up the DagBag from /home/airflow/.local/lib/python3.7/site-packages/airflow/example_dags/example_short_circuit_operator.py
[2022-09-16T07:52:51.814+0000] {processor.py:650} INFO - DAG(s) dict_keys(['example_short_circuit_operator']) retrieved from /home/airflow/.local/lib/python3.7/site-packages/airflow/example_dags/example_short_circuit_operator.py
[2022-09-16T07:52:51.839+0000] {logging_mixin.py:115} INFO - [2022-09-16T07:52:51.839+0000] {dag.py:2429} INFO - Sync 1 DAGs
[2022-09-16T07:52:51.858+0000] {logging_mixin.py:115} INFO - [2022-09-16T07:52:51.858+0000] {dag.py:2981} INFO - Setting next_dagrun for example_short_circuit_operator to 2022-09-15T07:52:51.858080+00:00, run_after=2022-09-16T07:52:51.858080+00:00
[2022-09-16T07:52:51.871+0000] {processor.py:161} INFO - Processing /home/airflow/.local/lib/python3.7/site-packages/airflow/example_dags/example_short_circuit_operator.py took 0.070 seconds
[2022-09-16T07:53:22.754+0000] {processor.py:153} INFO - Started process (PID=107) to work on /home/airflow/.local/lib/python3.7/site-packages/airflow/example_dags/example_short_circuit_operator.py
[2022-09-16T07:53:22.755+0000] {processor.py:640} INFO - Processing file /home/airflow/.local/lib/python3.7/site-packages/airflow/example_dags/example_short_circuit_operator.py for tasks to queue
[2022-09-16T07:53:22.755+0000] {logging_mixin.py:115} INFO - [2022-09-16T07:53:22.755+0000] {dagbag.py:508} INFO - Filling up the DagBag from /home/airflow/.local/lib/python3.7/site-packages/airflow/example_dags/example_short_circuit_operator.py
[2022-09-16T07:53:22.761+0000] {processor.py:650} INFO - DAG(s) dict_keys(['example_short_circuit_operator']) retrieved from /home/airflow/.local/lib/python3.7/site-packages/airflow/example_dags/example_short_circuit_operator.py
[2022-09-16T07:53:22.781+0000] {logging_mixin.py:115} INFO - [2022-09-16T07:53:22.780+0000] {dag.py:2429} INFO - Sync 1 DAGs
[2022-09-16T07:53:22.797+0000] {logging_mixin.py:115} INFO - [2022-09-16T07:53:22.797+0000] {dag.py:2981} INFO - Setting next_dagrun for example_short_circuit_operator to 2022-09-15T07:53:22.797199+00:00, run_after=2022-09-16T07:53:22.797199+00:00
[2022-09-16T07:53:22.808+0000] {processor.py:161} INFO - Processing /home/airflow/.local/lib/python3.7/site-packages/airflow/example_dags/example_short_circuit_operator.py took 0.056 seconds
[2022-09-16T07:53:53.404+0000] {processor.py:153} INFO - Started process (PID=169) to work on /home/airflow/.local/lib/python3.7/site-packages/airflow/example_dags/example_short_circuit_operator.py
[2022-09-16T07:53:53.405+0000] {processor.py:640} INFO - Processing file /home/airflow/.local/lib/python3.7/site-packages/airflow/example_dags/example_short_circuit_operator.py for tasks to queue
[2022-09-16T07:53:53.405+0000] {logging_mixin.py:115} INFO - [2022-09-16T07:53:53.405+0000] {dagbag.py:508} INFO - Filling up the DagBag from /home/airflow/.local/lib/python3.7/site-packages/airflow/example_dags/example_short_circuit_operator.py
[2022-09-16T07:53:53.412+0000] {processor.py:650} INFO - DAG(s) dict_keys(['example_short_circuit_operator']) retrieved from /home/airflow/.local/lib/python3.7/site-packages/airflow/example_dags/example_short_circuit_operator.py
[2022-09-16T07:53:53.431+0000] {logging_mixin.py:115} INFO - [2022-09-16T07:53:53.431+0000] {dag.py:2429} INFO - Sync 1 DAGs
[2022-09-16T07:53:53.447+0000] {logging_mixin.py:115} INFO - [2022-09-16T07:53:53.447+0000] {dag.py:2981} INFO - Setting next_dagrun for example_short_circuit_operator to 2022-09-15T07:53:53.446854+00:00, run_after=2022-09-16T07:53:53.446854+00:00
[2022-09-16T07:53:53.456+0000] {processor.py:161} INFO - Processing /home/airflow/.local/lib/python3.7/site-packages/airflow/example_dags/example_short_circuit_operator.py took 0.053 seconds
[2022-09-16T07:54:24.041+0000] {processor.py:153} INFO - Started process (PID=231) to work on /home/airflow/.local/lib/python3.7/site-packages/airflow/example_dags/example_short_circuit_operator.py
[2022-09-16T07:54:24.042+0000] {processor.py:640} INFO - Processing file /home/airflow/.local/lib/python3.7/site-packages/airflow/example_dags/example_short_circuit_operator.py for tasks to queue
[2022-09-16T07:54:24.042+0000] {logging_mixin.py:115} INFO - [2022-09-16T07:54:24.042+0000] {dagbag.py:508} INFO - Filling up the DagBag from /home/airflow/.local/lib/python3.7/site-packages/airflow/example_dags/example_short_circuit_operator.py
[2022-09-16T07:54:24.051+0000] {processor.py:650} INFO - DAG(s) dict_keys(['example_short_circuit_operator']) retrieved from /home/airflow/.local/lib/python3.7/site-packages/airflow/example_dags/example_short_circuit_operator.py
[2022-09-16T07:54:24.074+0000] {logging_mixin.py:115} INFO - [2022-09-16T07:54:24.074+0000] {dag.py:2429} INFO - Sync 1 DAGs
[2022-09-16T07:54:24.095+0000] {logging_mixin.py:115} INFO - [2022-09-16T07:54:24.095+0000] {dag.py:2981} INFO - Setting next_dagrun for example_short_circuit_operator to 2022-09-15T07:54:24.095120+00:00, run_after=2022-09-16T07:54:24.095120+00:00
[2022-09-16T07:54:24.108+0000] {processor.py:161} INFO - Processing /home/airflow/.local/lib/python3.7/site-packages/airflow/example_dags/example_short_circuit_operator.py took 0.070 seconds
[2022-09-16T07:54:54.989+0000] {processor.py:153} INFO - Started process (PID=284) to work on /home/airflow/.local/lib/python3.7/site-packages/airflow/example_dags/example_short_circuit_operator.py
[2022-09-16T07:54:54.990+0000] {processor.py:640} INFO - Processing file /home/airflow/.local/lib/python3.7/site-packages/airflow/example_dags/example_short_circuit_operator.py for tasks to queue
[2022-09-16T07:54:54.990+0000] {logging_mixin.py:115} INFO - [2022-09-16T07:54:54.990+0000] {dagbag.py:508} INFO - Filling up the DagBag from /home/airflow/.local/lib/python3.7/site-packages/airflow/example_dags/example_short_circuit_operator.py
[2022-09-16T07:54:54.996+0000] {processor.py:650} INFO - DAG(s) dict_keys(['example_short_circuit_operator']) retrieved from /home/airflow/.local/lib/python3.7/site-packages/airflow/example_dags/example_short_circuit_operator.py
[2022-09-16T07:54:55.015+0000] {logging_mixin.py:115} INFO - [2022-09-16T07:54:55.015+0000] {dag.py:2429} INFO - Sync 1 DAGs
[2022-09-16T07:54:55.031+0000] {logging_mixin.py:115} INFO - [2022-09-16T07:54:55.031+0000] {dag.py:2981} INFO - Setting next_dagrun for example_short_circuit_operator to 2022-09-15T07:54:55.031006+00:00, run_after=2022-09-16T07:54:55.031006+00:00
[2022-09-16T07:54:55.040+0000] {processor.py:161} INFO - Processing /home/airflow/.local/lib/python3.7/site-packages/airflow/example_dags/example_short_circuit_operator.py took 0.052 seconds
[2022-09-16T07:55:25.791+0000] {processor.py:153} INFO - Started process (PID=346) to work on /home/airflow/.local/lib/python3.7/site-packages/airflow/example_dags/example_short_circuit_operator.py
[2022-09-16T07:55:25.791+0000] {processor.py:640} INFO - Processing file /home/airflow/.local/lib/python3.7/site-packages/airflow/example_dags/example_short_circuit_operator.py for tasks to queue
[2022-09-16T07:55:25.792+0000] {logging_mixin.py:115} INFO - [2022-09-16T07:55:25.792+0000] {dagbag.py:508} INFO - Filling up the DagBag from /home/airflow/.local/lib/python3.7/site-packages/airflow/example_dags/example_short_circuit_operator.py
[2022-09-16T07:55:25.798+0000] {processor.py:650} INFO - DAG(s) dict_keys(['example_short_circuit_operator']) retrieved from /home/airflow/.local/lib/python3.7/site-packages/airflow/example_dags/example_short_circuit_operator.py
[2022-09-16T07:55:25.822+0000] {logging_mixin.py:115} INFO - [2022-09-16T07:55:25.821+0000] {dag.py:2429} INFO - Sync 1 DAGs
[2022-09-16T07:55:25.839+0000] {logging_mixin.py:115} INFO - [2022-09-16T07:55:25.839+0000] {dag.py:2981} INFO - Setting next_dagrun for example_short_circuit_operator to 2022-09-15T07:55:25.839170+00:00, run_after=2022-09-16T07:55:25.839170+00:00
[2022-09-16T07:55:25.849+0000] {processor.py:161} INFO - Processing /home/airflow/.local/lib/python3.7/site-packages/airflow/example_dags/example_short_circuit_operator.py took 0.060 seconds
[2022-09-16T07:55:56.500+0000] {processor.py:153} INFO - Started process (PID=408) to work on /home/airflow/.local/lib/python3.7/site-packages/airflow/example_dags/example_short_circuit_operator.py
[2022-09-16T07:55:56.501+0000] {processor.py:640} INFO - Processing file /home/airflow/.local/lib/python3.7/site-packages/airflow/example_dags/example_short_circuit_operator.py for tasks to queue
[2022-09-16T07:55:56.501+0000] {logging_mixin.py:115} INFO - [2022-09-16T07:55:56.501+0000] {dagbag.py:508} INFO - Filling up the DagBag from /home/airflow/.local/lib/python3.7/site-packages/airflow/example_dags/example_short_circuit_operator.py
[2022-09-16T07:55:56.508+0000] {processor.py:650} INFO - DAG(s) dict_keys(['example_short_circuit_operator']) retrieved from /home/airflow/.local/lib/python3.7/site-packages/airflow/example_dags/example_short_circuit_operator.py
[2022-09-16T07:55:56.529+0000] {logging_mixin.py:115} INFO - [2022-09-16T07:55:56.529+0000] {dag.py:2429} INFO - Sync 1 DAGs
[2022-09-16T07:55:56.545+0000] {logging_mixin.py:115} INFO - [2022-09-16T07:55:56.545+0000] {dag.py:2981} INFO - Setting next_dagrun for example_short_circuit_operator to 2022-09-15T07:55:56.545380+00:00, run_after=2022-09-16T07:55:56.545380+00:00
[2022-09-16T07:55:56.555+0000] {processor.py:161} INFO - Processing /home/airflow/.local/lib/python3.7/site-packages/airflow/example_dags/example_short_circuit_operator.py took 0.057 seconds
[2022-09-16T07:56:27.110+0000] {processor.py:153} INFO - Started process (PID=460) to work on /home/airflow/.local/lib/python3.7/site-packages/airflow/example_dags/example_short_circuit_operator.py
[2022-09-16T07:56:27.111+0000] {processor.py:640} INFO - Processing file /home/airflow/.local/lib/python3.7/site-packages/airflow/example_dags/example_short_circuit_operator.py for tasks to queue
[2022-09-16T07:56:27.111+0000] {logging_mixin.py:115} INFO - [2022-09-16T07:56:27.111+0000] {dagbag.py:508} INFO - Filling up the DagBag from /home/airflow/.local/lib/python3.7/site-packages/airflow/example_dags/example_short_circuit_operator.py
[2022-09-16T07:56:27.117+0000] {processor.py:650} INFO - DAG(s) dict_keys(['example_short_circuit_operator']) retrieved from /home/airflow/.local/lib/python3.7/site-packages/airflow/example_dags/example_short_circuit_operator.py
[2022-09-16T07:56:27.137+0000] {logging_mixin.py:115} INFO - [2022-09-16T07:56:27.137+0000] {dag.py:2429} INFO - Sync 1 DAGs
[2022-09-16T07:56:27.154+0000] {logging_mixin.py:115} INFO - [2022-09-16T07:56:27.154+0000] {dag.py:2981} INFO - Setting next_dagrun for example_short_circuit_operator to 2022-09-15T07:56:27.153893+00:00, run_after=2022-09-16T07:56:27.153893+00:00
[2022-09-16T07:56:27.163+0000] {processor.py:161} INFO - Processing /home/airflow/.local/lib/python3.7/site-packages/airflow/example_dags/example_short_circuit_operator.py took 0.055 seconds
[2022-09-16T07:56:57.812+0000] {processor.py:153} INFO - Started process (PID=522) to work on /home/airflow/.local/lib/python3.7/site-packages/airflow/example_dags/example_short_circuit_operator.py
[2022-09-16T07:56:57.813+0000] {processor.py:640} INFO - Processing file /home/airflow/.local/lib/python3.7/site-packages/airflow/example_dags/example_short_circuit_operator.py for tasks to queue
[2022-09-16T07:56:57.814+0000] {logging_mixin.py:115} INFO - [2022-09-16T07:56:57.813+0000] {dagbag.py:508} INFO - Filling up the DagBag from /home/airflow/.local/lib/python3.7/site-packages/airflow/example_dags/example_short_circuit_operator.py
[2022-09-16T07:56:57.820+0000] {processor.py:650} INFO - DAG(s) dict_keys(['example_short_circuit_operator']) retrieved from /home/airflow/.local/lib/python3.7/site-packages/airflow/example_dags/example_short_circuit_operator.py
[2022-09-16T07:56:57.839+0000] {logging_mixin.py:115} INFO - [2022-09-16T07:56:57.839+0000] {dag.py:2429} INFO - Sync 1 DAGs
[2022-09-16T07:56:57.857+0000] {logging_mixin.py:115} INFO - [2022-09-16T07:56:57.856+0000] {dag.py:2981} INFO - Setting next_dagrun for example_short_circuit_operator to 2022-09-15T07:56:57.856831+00:00, run_after=2022-09-16T07:56:57.856831+00:00
[2022-09-16T07:56:57.867+0000] {processor.py:161} INFO - Processing /home/airflow/.local/lib/python3.7/site-packages/airflow/example_dags/example_short_circuit_operator.py took 0.056 seconds
[2022-09-16T07:57:28.366+0000] {processor.py:153} INFO - Started process (PID=584) to work on /home/airflow/.local/lib/python3.7/site-packages/airflow/example_dags/example_short_circuit_operator.py
[2022-09-16T07:57:28.367+0000] {processor.py:640} INFO - Processing file /home/airflow/.local/lib/python3.7/site-packages/airflow/example_dags/example_short_circuit_operator.py for tasks to queue
[2022-09-16T07:57:28.368+0000] {logging_mixin.py:115} INFO - [2022-09-16T07:57:28.367+0000] {dagbag.py:508} INFO - Filling up the DagBag from /home/airflow/.local/lib/python3.7/site-packages/airflow/example_dags/example_short_circuit_operator.py
[2022-09-16T07:57:28.374+0000] {processor.py:650} INFO - DAG(s) dict_keys(['example_short_circuit_operator']) retrieved from /home/airflow/.local/lib/python3.7/site-packages/airflow/example_dags/example_short_circuit_operator.py
[2022-09-16T07:57:28.393+0000] {logging_mixin.py:115} INFO - [2022-09-16T07:57:28.393+0000] {dag.py:2429} INFO - Sync 1 DAGs
[2022-09-16T07:57:28.411+0000] {logging_mixin.py:115} INFO - [2022-09-16T07:57:28.410+0000] {dag.py:2981} INFO - Setting next_dagrun for example_short_circuit_operator to 2022-09-15T07:57:28.410717+00:00, run_after=2022-09-16T07:57:28.410717+00:00
[2022-09-16T07:57:28.421+0000] {processor.py:161} INFO - Processing /home/airflow/.local/lib/python3.7/site-packages/airflow/example_dags/example_short_circuit_operator.py took 0.056 seconds
[2022-09-16T07:58:43.287+0000] {processor.py:153} INFO - Started process (PID=78) to work on /home/airflow/.local/lib/python3.7/site-packages/airflow/example_dags/example_short_circuit_operator.py
[2022-09-16T07:58:43.288+0000] {processor.py:640} INFO - Processing file /home/airflow/.local/lib/python3.7/site-packages/airflow/example_dags/example_short_circuit_operator.py for tasks to queue
[2022-09-16T07:58:43.289+0000] {logging_mixin.py:115} INFO - [2022-09-16T07:58:43.288+0000] {dagbag.py:508} INFO - Filling up the DagBag from /home/airflow/.local/lib/python3.7/site-packages/airflow/example_dags/example_short_circuit_operator.py
[2022-09-16T07:58:43.297+0000] {processor.py:650} INFO - DAG(s) dict_keys(['example_short_circuit_operator']) retrieved from /home/airflow/.local/lib/python3.7/site-packages/airflow/example_dags/example_short_circuit_operator.py
[2022-09-16T07:58:43.322+0000] {logging_mixin.py:115} INFO - [2022-09-16T07:58:43.322+0000] {dag.py:2429} INFO - Sync 1 DAGs
[2022-09-16T07:58:43.349+0000] {logging_mixin.py:115} INFO - [2022-09-16T07:58:43.348+0000] {dag.py:2981} INFO - Setting next_dagrun for example_short_circuit_operator to 2022-09-15T07:58:43.348592+00:00, run_after=2022-09-16T07:58:43.348592+00:00
[2022-09-16T07:58:43.362+0000] {processor.py:161} INFO - Processing /home/airflow/.local/lib/python3.7/site-packages/airflow/example_dags/example_short_circuit_operator.py took 0.078 seconds
[2022-09-16T07:59:14.453+0000] {processor.py:153} INFO - Started process (PID=140) to work on /home/airflow/.local/lib/python3.7/site-packages/airflow/example_dags/example_short_circuit_operator.py
[2022-09-16T07:59:14.454+0000] {processor.py:640} INFO - Processing file /home/airflow/.local/lib/python3.7/site-packages/airflow/example_dags/example_short_circuit_operator.py for tasks to queue
[2022-09-16T07:59:14.455+0000] {logging_mixin.py:115} INFO - [2022-09-16T07:59:14.454+0000] {dagbag.py:508} INFO - Filling up the DagBag from /home/airflow/.local/lib/python3.7/site-packages/airflow/example_dags/example_short_circuit_operator.py
[2022-09-16T07:59:14.462+0000] {processor.py:650} INFO - DAG(s) dict_keys(['example_short_circuit_operator']) retrieved from /home/airflow/.local/lib/python3.7/site-packages/airflow/example_dags/example_short_circuit_operator.py
[2022-09-16T07:59:14.483+0000] {logging_mixin.py:115} INFO - [2022-09-16T07:59:14.482+0000] {dag.py:2429} INFO - Sync 1 DAGs
[2022-09-16T07:59:14.500+0000] {logging_mixin.py:115} INFO - [2022-09-16T07:59:14.500+0000] {dag.py:2981} INFO - Setting next_dagrun for example_short_circuit_operator to 2022-09-15T07:59:14.500352+00:00, run_after=2022-09-16T07:59:14.500352+00:00
[2022-09-16T07:59:14.510+0000] {processor.py:161} INFO - Processing /home/airflow/.local/lib/python3.7/site-packages/airflow/example_dags/example_short_circuit_operator.py took 0.059 seconds
[2022-09-16T07:59:45.415+0000] {processor.py:153} INFO - Started process (PID=193) to work on /home/airflow/.local/lib/python3.7/site-packages/airflow/example_dags/example_short_circuit_operator.py
[2022-09-16T07:59:45.415+0000] {processor.py:640} INFO - Processing file /home/airflow/.local/lib/python3.7/site-packages/airflow/example_dags/example_short_circuit_operator.py for tasks to queue
[2022-09-16T07:59:45.416+0000] {logging_mixin.py:115} INFO - [2022-09-16T07:59:45.416+0000] {dagbag.py:508} INFO - Filling up the DagBag from /home/airflow/.local/lib/python3.7/site-packages/airflow/example_dags/example_short_circuit_operator.py
[2022-09-16T07:59:45.422+0000] {processor.py:650} INFO - DAG(s) dict_keys(['example_short_circuit_operator']) retrieved from /home/airflow/.local/lib/python3.7/site-packages/airflow/example_dags/example_short_circuit_operator.py
[2022-09-16T07:59:45.442+0000] {logging_mixin.py:115} INFO - [2022-09-16T07:59:45.441+0000] {dag.py:2429} INFO - Sync 1 DAGs
[2022-09-16T07:59:45.458+0000] {logging_mixin.py:115} INFO - [2022-09-16T07:59:45.458+0000] {dag.py:2981} INFO - Setting next_dagrun for example_short_circuit_operator to 2022-09-15T07:59:45.458125+00:00, run_after=2022-09-16T07:59:45.458125+00:00
[2022-09-16T07:59:45.467+0000] {processor.py:161} INFO - Processing /home/airflow/.local/lib/python3.7/site-packages/airflow/example_dags/example_short_circuit_operator.py took 0.054 seconds
[2022-09-16T08:00:16.191+0000] {processor.py:153} INFO - Started process (PID=255) to work on /home/airflow/.local/lib/python3.7/site-packages/airflow/example_dags/example_short_circuit_operator.py
[2022-09-16T08:00:16.191+0000] {processor.py:640} INFO - Processing file /home/airflow/.local/lib/python3.7/site-packages/airflow/example_dags/example_short_circuit_operator.py for tasks to queue
[2022-09-16T08:00:16.192+0000] {logging_mixin.py:115} INFO - [2022-09-16T08:00:16.192+0000] {dagbag.py:508} INFO - Filling up the DagBag from /home/airflow/.local/lib/python3.7/site-packages/airflow/example_dags/example_short_circuit_operator.py
[2022-09-16T08:00:16.198+0000] {processor.py:650} INFO - DAG(s) dict_keys(['example_short_circuit_operator']) retrieved from /home/airflow/.local/lib/python3.7/site-packages/airflow/example_dags/example_short_circuit_operator.py
[2022-09-16T08:00:16.219+0000] {logging_mixin.py:115} INFO - [2022-09-16T08:00:16.219+0000] {dag.py:2429} INFO - Sync 1 DAGs
[2022-09-16T08:00:16.235+0000] {logging_mixin.py:115} INFO - [2022-09-16T08:00:16.235+0000] {dag.py:2981} INFO - Setting next_dagrun for example_short_circuit_operator to 2022-09-15T08:00:16.235343+00:00, run_after=2022-09-16T08:00:16.235343+00:00
[2022-09-16T08:00:16.244+0000] {processor.py:161} INFO - Processing /home/airflow/.local/lib/python3.7/site-packages/airflow/example_dags/example_short_circuit_operator.py took 0.056 seconds
[2022-09-16T08:00:47.120+0000] {processor.py:153} INFO - Started process (PID=317) to work on /home/airflow/.local/lib/python3.7/site-packages/airflow/example_dags/example_short_circuit_operator.py
[2022-09-16T08:00:47.121+0000] {processor.py:640} INFO - Processing file /home/airflow/.local/lib/python3.7/site-packages/airflow/example_dags/example_short_circuit_operator.py for tasks to queue
[2022-09-16T08:00:47.121+0000] {logging_mixin.py:115} INFO - [2022-09-16T08:00:47.121+0000] {dagbag.py:508} INFO - Filling up the DagBag from /home/airflow/.local/lib/python3.7/site-packages/airflow/example_dags/example_short_circuit_operator.py
[2022-09-16T08:00:47.127+0000] {processor.py:650} INFO - DAG(s) dict_keys(['example_short_circuit_operator']) retrieved from /home/airflow/.local/lib/python3.7/site-packages/airflow/example_dags/example_short_circuit_operator.py
[2022-09-16T08:00:47.147+0000] {logging_mixin.py:115} INFO - [2022-09-16T08:00:47.147+0000] {dag.py:2429} INFO - Sync 1 DAGs
[2022-09-16T08:00:47.164+0000] {logging_mixin.py:115} INFO - [2022-09-16T08:00:47.164+0000] {dag.py:2981} INFO - Setting next_dagrun for example_short_circuit_operator to 2022-09-15T08:00:47.164300+00:00, run_after=2022-09-16T08:00:47.164300+00:00
[2022-09-16T08:00:47.176+0000] {processor.py:161} INFO - Processing /home/airflow/.local/lib/python3.7/site-packages/airflow/example_dags/example_short_circuit_operator.py took 0.058 seconds
[2022-09-16T08:01:17.195+0000] {processor.py:153} INFO - Started process (PID=370) to work on /home/airflow/.local/lib/python3.7/site-packages/airflow/example_dags/example_short_circuit_operator.py
[2022-09-16T08:01:17.196+0000] {processor.py:640} INFO - Processing file /home/airflow/.local/lib/python3.7/site-packages/airflow/example_dags/example_short_circuit_operator.py for tasks to queue
[2022-09-16T08:01:17.196+0000] {logging_mixin.py:115} INFO - [2022-09-16T08:01:17.196+0000] {dagbag.py:508} INFO - Filling up the DagBag from /home/airflow/.local/lib/python3.7/site-packages/airflow/example_dags/example_short_circuit_operator.py
[2022-09-16T08:01:17.202+0000] {processor.py:650} INFO - DAG(s) dict_keys(['example_short_circuit_operator']) retrieved from /home/airflow/.local/lib/python3.7/site-packages/airflow/example_dags/example_short_circuit_operator.py
[2022-09-16T08:01:17.222+0000] {logging_mixin.py:115} INFO - [2022-09-16T08:01:17.222+0000] {dag.py:2429} INFO - Sync 1 DAGs
[2022-09-16T08:01:17.238+0000] {logging_mixin.py:115} INFO - [2022-09-16T08:01:17.238+0000] {dag.py:2981} INFO - Setting next_dagrun for example_short_circuit_operator to 2022-09-15T08:01:17.237990+00:00, run_after=2022-09-16T08:01:17.237990+00:00
[2022-09-16T08:01:17.247+0000] {processor.py:161} INFO - Processing /home/airflow/.local/lib/python3.7/site-packages/airflow/example_dags/example_short_circuit_operator.py took 0.053 seconds
[2022-09-16T08:01:47.352+0000] {processor.py:153} INFO - Started process (PID=432) to work on /home/airflow/.local/lib/python3.7/site-packages/airflow/example_dags/example_short_circuit_operator.py
[2022-09-16T08:01:47.353+0000] {processor.py:640} INFO - Processing file /home/airflow/.local/lib/python3.7/site-packages/airflow/example_dags/example_short_circuit_operator.py for tasks to queue
[2022-09-16T08:01:47.353+0000] {logging_mixin.py:115} INFO - [2022-09-16T08:01:47.353+0000] {dagbag.py:508} INFO - Filling up the DagBag from /home/airflow/.local/lib/python3.7/site-packages/airflow/example_dags/example_short_circuit_operator.py
[2022-09-16T08:01:47.359+0000] {processor.py:650} INFO - DAG(s) dict_keys(['example_short_circuit_operator']) retrieved from /home/airflow/.local/lib/python3.7/site-packages/airflow/example_dags/example_short_circuit_operator.py
[2022-09-16T08:01:47.379+0000] {logging_mixin.py:115} INFO - [2022-09-16T08:01:47.379+0000] {dag.py:2429} INFO - Sync 1 DAGs
[2022-09-16T08:01:47.395+0000] {logging_mixin.py:115} INFO - [2022-09-16T08:01:47.395+0000] {dag.py:2981} INFO - Setting next_dagrun for example_short_circuit_operator to 2022-09-15T08:01:47.395337+00:00, run_after=2022-09-16T08:01:47.395337+00:00
[2022-09-16T08:01:47.409+0000] {processor.py:161} INFO - Processing /home/airflow/.local/lib/python3.7/site-packages/airflow/example_dags/example_short_circuit_operator.py took 0.059 seconds
[2022-09-16T08:02:17.490+0000] {processor.py:153} INFO - Started process (PID=496) to work on /home/airflow/.local/lib/python3.7/site-packages/airflow/example_dags/example_short_circuit_operator.py
[2022-09-16T08:02:17.491+0000] {processor.py:640} INFO - Processing file /home/airflow/.local/lib/python3.7/site-packages/airflow/example_dags/example_short_circuit_operator.py for tasks to queue
[2022-09-16T08:02:17.491+0000] {logging_mixin.py:115} INFO - [2022-09-16T08:02:17.491+0000] {dagbag.py:508} INFO - Filling up the DagBag from /home/airflow/.local/lib/python3.7/site-packages/airflow/example_dags/example_short_circuit_operator.py
[2022-09-16T08:02:17.497+0000] {processor.py:650} INFO - DAG(s) dict_keys(['example_short_circuit_operator']) retrieved from /home/airflow/.local/lib/python3.7/site-packages/airflow/example_dags/example_short_circuit_operator.py
[2022-09-16T08:02:17.516+0000] {logging_mixin.py:115} INFO - [2022-09-16T08:02:17.516+0000] {dag.py:2429} INFO - Sync 1 DAGs
[2022-09-16T08:02:17.533+0000] {logging_mixin.py:115} INFO - [2022-09-16T08:02:17.533+0000] {dag.py:2981} INFO - Setting next_dagrun for example_short_circuit_operator to 2022-09-15T08:02:17.533208+00:00, run_after=2022-09-16T08:02:17.533208+00:00
[2022-09-16T08:02:17.543+0000] {processor.py:161} INFO - Processing /home/airflow/.local/lib/python3.7/site-packages/airflow/example_dags/example_short_circuit_operator.py took 0.055 seconds
[2022-09-16T08:02:47.807+0000] {processor.py:153} INFO - Started process (PID=558) to work on /home/airflow/.local/lib/python3.7/site-packages/airflow/example_dags/example_short_circuit_operator.py
[2022-09-16T08:02:47.808+0000] {processor.py:640} INFO - Processing file /home/airflow/.local/lib/python3.7/site-packages/airflow/example_dags/example_short_circuit_operator.py for tasks to queue
[2022-09-16T08:02:47.808+0000] {logging_mixin.py:115} INFO - [2022-09-16T08:02:47.808+0000] {dagbag.py:508} INFO - Filling up the DagBag from /home/airflow/.local/lib/python3.7/site-packages/airflow/example_dags/example_short_circuit_operator.py
[2022-09-16T08:02:47.815+0000] {processor.py:650} INFO - DAG(s) dict_keys(['example_short_circuit_operator']) retrieved from /home/airflow/.local/lib/python3.7/site-packages/airflow/example_dags/example_short_circuit_operator.py
[2022-09-16T08:02:47.835+0000] {logging_mixin.py:115} INFO - [2022-09-16T08:02:47.835+0000] {dag.py:2429} INFO - Sync 1 DAGs
[2022-09-16T08:02:47.854+0000] {logging_mixin.py:115} INFO - [2022-09-16T08:02:47.854+0000] {dag.py:2981} INFO - Setting next_dagrun for example_short_circuit_operator to 2022-09-15T08:02:47.854216+00:00, run_after=2022-09-16T08:02:47.854216+00:00
[2022-09-16T08:02:47.863+0000] {processor.py:161} INFO - Processing /home/airflow/.local/lib/python3.7/site-packages/airflow/example_dags/example_short_circuit_operator.py took 0.058 seconds
[2022-09-16T08:03:17.982+0000] {processor.py:153} INFO - Started process (PID=611) to work on /home/airflow/.local/lib/python3.7/site-packages/airflow/example_dags/example_short_circuit_operator.py
[2022-09-16T08:03:17.982+0000] {processor.py:640} INFO - Processing file /home/airflow/.local/lib/python3.7/site-packages/airflow/example_dags/example_short_circuit_operator.py for tasks to queue
[2022-09-16T08:03:17.983+0000] {logging_mixin.py:115} INFO - [2022-09-16T08:03:17.983+0000] {dagbag.py:508} INFO - Filling up the DagBag from /home/airflow/.local/lib/python3.7/site-packages/airflow/example_dags/example_short_circuit_operator.py
[2022-09-16T08:03:17.989+0000] {processor.py:650} INFO - DAG(s) dict_keys(['example_short_circuit_operator']) retrieved from /home/airflow/.local/lib/python3.7/site-packages/airflow/example_dags/example_short_circuit_operator.py
[2022-09-16T08:03:18.009+0000] {logging_mixin.py:115} INFO - [2022-09-16T08:03:18.009+0000] {dag.py:2429} INFO - Sync 1 DAGs
[2022-09-16T08:03:18.026+0000] {logging_mixin.py:115} INFO - [2022-09-16T08:03:18.026+0000] {dag.py:2981} INFO - Setting next_dagrun for example_short_circuit_operator to 2022-09-15T08:03:18.026069+00:00, run_after=2022-09-16T08:03:18.026069+00:00
[2022-09-16T08:03:18.036+0000] {processor.py:161} INFO - Processing /home/airflow/.local/lib/python3.7/site-packages/airflow/example_dags/example_short_circuit_operator.py took 0.056 seconds
[2022-09-16T08:04:02.031+0000] {processor.py:153} INFO - Started process (PID=60) to work on /home/airflow/.local/lib/python3.7/site-packages/airflow/example_dags/example_short_circuit_operator.py
[2022-09-16T08:04:02.032+0000] {processor.py:640} INFO - Processing file /home/airflow/.local/lib/python3.7/site-packages/airflow/example_dags/example_short_circuit_operator.py for tasks to queue
[2022-09-16T08:04:02.032+0000] {logging_mixin.py:115} INFO - [2022-09-16T08:04:02.032+0000] {dagbag.py:508} INFO - Filling up the DagBag from /home/airflow/.local/lib/python3.7/site-packages/airflow/example_dags/example_short_circuit_operator.py
[2022-09-16T08:04:02.040+0000] {processor.py:650} INFO - DAG(s) dict_keys(['example_short_circuit_operator']) retrieved from /home/airflow/.local/lib/python3.7/site-packages/airflow/example_dags/example_short_circuit_operator.py
[2022-09-16T08:04:02.062+0000] {logging_mixin.py:115} INFO - [2022-09-16T08:04:02.062+0000] {dag.py:2429} INFO - Sync 1 DAGs
[2022-09-16T08:04:02.088+0000] {logging_mixin.py:115} INFO - [2022-09-16T08:04:02.088+0000] {dag.py:2981} INFO - Setting next_dagrun for example_short_circuit_operator to 2022-09-15T08:04:02.087939+00:00, run_after=2022-09-16T08:04:02.087939+00:00
[2022-09-16T08:04:02.103+0000] {processor.py:161} INFO - Processing /home/airflow/.local/lib/python3.7/site-packages/airflow/example_dags/example_short_circuit_operator.py took 0.074 seconds
[2022-09-16T08:04:32.253+0000] {processor.py:153} INFO - Started process (PID=119) to work on /home/airflow/.local/lib/python3.7/site-packages/airflow/example_dags/example_short_circuit_operator.py
[2022-09-16T08:04:32.254+0000] {processor.py:640} INFO - Processing file /home/airflow/.local/lib/python3.7/site-packages/airflow/example_dags/example_short_circuit_operator.py for tasks to queue
[2022-09-16T08:04:32.254+0000] {logging_mixin.py:115} INFO - [2022-09-16T08:04:32.254+0000] {dagbag.py:508} INFO - Filling up the DagBag from /home/airflow/.local/lib/python3.7/site-packages/airflow/example_dags/example_short_circuit_operator.py
[2022-09-16T08:04:32.266+0000] {processor.py:650} INFO - DAG(s) dict_keys(['example_short_circuit_operator']) retrieved from /home/airflow/.local/lib/python3.7/site-packages/airflow/example_dags/example_short_circuit_operator.py
[2022-09-16T08:04:32.295+0000] {logging_mixin.py:115} INFO - [2022-09-16T08:04:32.294+0000] {dag.py:2429} INFO - Sync 1 DAGs
[2022-09-16T08:04:32.321+0000] {logging_mixin.py:115} INFO - [2022-09-16T08:04:32.321+0000] {dag.py:2981} INFO - Setting next_dagrun for example_short_circuit_operator to 2022-09-15T08:04:32.321154+00:00, run_after=2022-09-16T08:04:32.321154+00:00
[2022-09-16T08:04:32.336+0000] {processor.py:161} INFO - Processing /home/airflow/.local/lib/python3.7/site-packages/airflow/example_dags/example_short_circuit_operator.py took 0.086 seconds
[2022-09-16T08:06:39.819+0000] {processor.py:153} INFO - Started process (PID=60) to work on /home/airflow/.local/lib/python3.7/site-packages/airflow/example_dags/example_short_circuit_operator.py
[2022-09-16T08:06:39.820+0000] {processor.py:640} INFO - Processing file /home/airflow/.local/lib/python3.7/site-packages/airflow/example_dags/example_short_circuit_operator.py for tasks to queue
[2022-09-16T08:06:39.820+0000] {logging_mixin.py:115} INFO - [2022-09-16T08:06:39.820+0000] {dagbag.py:508} INFO - Filling up the DagBag from /home/airflow/.local/lib/python3.7/site-packages/airflow/example_dags/example_short_circuit_operator.py
[2022-09-16T08:06:39.828+0000] {processor.py:650} INFO - DAG(s) dict_keys(['example_short_circuit_operator']) retrieved from /home/airflow/.local/lib/python3.7/site-packages/airflow/example_dags/example_short_circuit_operator.py
[2022-09-16T08:06:39.850+0000] {logging_mixin.py:115} INFO - [2022-09-16T08:06:39.850+0000] {dag.py:2429} INFO - Sync 1 DAGs
[2022-09-16T08:06:39.876+0000] {logging_mixin.py:115} INFO - [2022-09-16T08:06:39.876+0000] {dag.py:2981} INFO - Setting next_dagrun for example_short_circuit_operator to 2022-09-15T08:06:39.876201+00:00, run_after=2022-09-16T08:06:39.876201+00:00
[2022-09-16T08:06:39.889+0000] {processor.py:161} INFO - Processing /home/airflow/.local/lib/python3.7/site-packages/airflow/example_dags/example_short_circuit_operator.py took 0.072 seconds
[2022-09-16T08:08:03.375+0000] {processor.py:153} INFO - Started process (PID=59) to work on /home/airflow/.local/lib/python3.7/site-packages/airflow/example_dags/example_short_circuit_operator.py
[2022-09-16T08:08:03.376+0000] {processor.py:640} INFO - Processing file /home/airflow/.local/lib/python3.7/site-packages/airflow/example_dags/example_short_circuit_operator.py for tasks to queue
[2022-09-16T08:08:03.376+0000] {logging_mixin.py:115} INFO - [2022-09-16T08:08:03.376+0000] {dagbag.py:508} INFO - Filling up the DagBag from /home/airflow/.local/lib/python3.7/site-packages/airflow/example_dags/example_short_circuit_operator.py
[2022-09-16T08:08:03.384+0000] {processor.py:650} INFO - DAG(s) dict_keys(['example_short_circuit_operator']) retrieved from /home/airflow/.local/lib/python3.7/site-packages/airflow/example_dags/example_short_circuit_operator.py
[2022-09-16T08:08:03.402+0000] {logging_mixin.py:115} INFO - [2022-09-16T08:08:03.402+0000] {dag.py:2429} INFO - Sync 1 DAGs
[2022-09-16T08:08:03.418+0000] {logging_mixin.py:115} INFO - [2022-09-16T08:08:03.418+0000] {dag.py:2981} INFO - Setting next_dagrun for example_short_circuit_operator to 2022-09-15T08:08:03.418643+00:00, run_after=2022-09-16T08:08:03.418643+00:00
[2022-09-16T08:08:03.430+0000] {processor.py:161} INFO - Processing /home/airflow/.local/lib/python3.7/site-packages/airflow/example_dags/example_short_circuit_operator.py took 0.056 seconds
[2022-09-16T08:10:12.968+0000] {processor.py:153} INFO - Started process (PID=60) to work on /home/airflow/.local/lib/python3.7/site-packages/airflow/example_dags/example_short_circuit_operator.py
[2022-09-16T08:10:12.969+0000] {processor.py:640} INFO - Processing file /home/airflow/.local/lib/python3.7/site-packages/airflow/example_dags/example_short_circuit_operator.py for tasks to queue
[2022-09-16T08:10:12.969+0000] {logging_mixin.py:115} INFO - [2022-09-16T08:10:12.969+0000] {dagbag.py:508} INFO - Filling up the DagBag from /home/airflow/.local/lib/python3.7/site-packages/airflow/example_dags/example_short_circuit_operator.py
[2022-09-16T08:10:12.978+0000] {processor.py:650} INFO - DAG(s) dict_keys(['example_short_circuit_operator']) retrieved from /home/airflow/.local/lib/python3.7/site-packages/airflow/example_dags/example_short_circuit_operator.py
[2022-09-16T08:10:12.999+0000] {logging_mixin.py:115} INFO - [2022-09-16T08:10:12.999+0000] {dag.py:2429} INFO - Sync 1 DAGs
[2022-09-16T08:10:13.020+0000] {logging_mixin.py:115} INFO - [2022-09-16T08:10:13.020+0000] {dag.py:2981} INFO - Setting next_dagrun for example_short_circuit_operator to 2022-09-15T08:10:13.020233+00:00, run_after=2022-09-16T08:10:13.020233+00:00
[2022-09-16T08:10:13.032+0000] {processor.py:161} INFO - Processing /home/airflow/.local/lib/python3.7/site-packages/airflow/example_dags/example_short_circuit_operator.py took 0.066 seconds
[2022-09-16T08:10:44.066+0000] {processor.py:153} INFO - Started process (PID=122) to work on /home/airflow/.local/lib/python3.7/site-packages/airflow/example_dags/example_short_circuit_operator.py
[2022-09-16T08:10:44.067+0000] {processor.py:640} INFO - Processing file /home/airflow/.local/lib/python3.7/site-packages/airflow/example_dags/example_short_circuit_operator.py for tasks to queue
[2022-09-16T08:10:44.067+0000] {logging_mixin.py:115} INFO - [2022-09-16T08:10:44.067+0000] {dagbag.py:508} INFO - Filling up the DagBag from /home/airflow/.local/lib/python3.7/site-packages/airflow/example_dags/example_short_circuit_operator.py
[2022-09-16T08:10:44.075+0000] {processor.py:650} INFO - DAG(s) dict_keys(['example_short_circuit_operator']) retrieved from /home/airflow/.local/lib/python3.7/site-packages/airflow/example_dags/example_short_circuit_operator.py
[2022-09-16T08:10:44.098+0000] {logging_mixin.py:115} INFO - [2022-09-16T08:10:44.098+0000] {dag.py:2429} INFO - Sync 1 DAGs
[2022-09-16T08:10:44.122+0000] {logging_mixin.py:115} INFO - [2022-09-16T08:10:44.122+0000] {dag.py:2981} INFO - Setting next_dagrun for example_short_circuit_operator to 2022-09-15T08:10:44.122068+00:00, run_after=2022-09-16T08:10:44.122068+00:00
[2022-09-16T08:10:44.135+0000] {processor.py:161} INFO - Processing /home/airflow/.local/lib/python3.7/site-packages/airflow/example_dags/example_short_circuit_operator.py took 0.071 seconds
[2022-09-16T08:13:51.120+0000] {processor.py:153} INFO - Started process (PID=92) to work on /home/airflow/.local/lib/python3.7/site-packages/airflow/example_dags/example_short_circuit_operator.py
[2022-09-16T08:13:51.120+0000] {processor.py:640} INFO - Processing file /home/airflow/.local/lib/python3.7/site-packages/airflow/example_dags/example_short_circuit_operator.py for tasks to queue
[2022-09-16T08:13:51.121+0000] {logging_mixin.py:115} INFO - [2022-09-16T08:13:51.121+0000] {dagbag.py:508} INFO - Filling up the DagBag from /home/airflow/.local/lib/python3.7/site-packages/airflow/example_dags/example_short_circuit_operator.py
[2022-09-16T08:13:51.129+0000] {processor.py:650} INFO - DAG(s) dict_keys(['example_short_circuit_operator']) retrieved from /home/airflow/.local/lib/python3.7/site-packages/airflow/example_dags/example_short_circuit_operator.py
[2022-09-16T08:13:51.153+0000] {logging_mixin.py:115} INFO - [2022-09-16T08:13:51.152+0000] {dag.py:2429} INFO - Sync 1 DAGs
[2022-09-16T08:13:51.172+0000] {logging_mixin.py:115} INFO - [2022-09-16T08:13:51.172+0000] {dag.py:2981} INFO - Setting next_dagrun for example_short_circuit_operator to 2022-09-15T08:13:51.172246+00:00, run_after=2022-09-16T08:13:51.172246+00:00
[2022-09-16T08:13:51.184+0000] {processor.py:161} INFO - Processing /home/airflow/.local/lib/python3.7/site-packages/airflow/example_dags/example_short_circuit_operator.py took 0.067 seconds
[2022-09-16T08:15:35.876+0000] {processor.py:153} INFO - Started process (PID=60) to work on /home/airflow/.local/lib/python3.7/site-packages/airflow/example_dags/example_short_circuit_operator.py
[2022-09-16T08:15:35.877+0000] {processor.py:640} INFO - Processing file /home/airflow/.local/lib/python3.7/site-packages/airflow/example_dags/example_short_circuit_operator.py for tasks to queue
[2022-09-16T08:15:35.878+0000] {logging_mixin.py:115} INFO - [2022-09-16T08:15:35.878+0000] {dagbag.py:508} INFO - Filling up the DagBag from /home/airflow/.local/lib/python3.7/site-packages/airflow/example_dags/example_short_circuit_operator.py
[2022-09-16T08:15:35.889+0000] {processor.py:650} INFO - DAG(s) dict_keys(['example_short_circuit_operator']) retrieved from /home/airflow/.local/lib/python3.7/site-packages/airflow/example_dags/example_short_circuit_operator.py
[2022-09-16T08:15:35.911+0000] {logging_mixin.py:115} INFO - [2022-09-16T08:15:35.910+0000] {dag.py:2429} INFO - Sync 1 DAGs
[2022-09-16T08:15:35.930+0000] {logging_mixin.py:115} INFO - [2022-09-16T08:15:35.930+0000] {dag.py:2981} INFO - Setting next_dagrun for example_short_circuit_operator to 2022-09-15T08:15:35.930335+00:00, run_after=2022-09-16T08:15:35.930335+00:00
[2022-09-16T08:15:35.940+0000] {processor.py:161} INFO - Processing /home/airflow/.local/lib/python3.7/site-packages/airflow/example_dags/example_short_circuit_operator.py took 0.067 seconds
[2022-09-16T08:18:33.829+0000] {processor.py:153} INFO - Started process (PID=103) to work on /home/airflow/.local/lib/python3.7/site-packages/airflow/example_dags/example_short_circuit_operator.py
[2022-09-16T08:18:33.830+0000] {processor.py:640} INFO - Processing file /home/airflow/.local/lib/python3.7/site-packages/airflow/example_dags/example_short_circuit_operator.py for tasks to queue
[2022-09-16T08:18:33.830+0000] {logging_mixin.py:115} INFO - [2022-09-16T08:18:33.830+0000] {dagbag.py:508} INFO - Filling up the DagBag from /home/airflow/.local/lib/python3.7/site-packages/airflow/example_dags/example_short_circuit_operator.py
[2022-09-16T08:18:33.837+0000] {processor.py:650} INFO - DAG(s) dict_keys(['example_short_circuit_operator']) retrieved from /home/airflow/.local/lib/python3.7/site-packages/airflow/example_dags/example_short_circuit_operator.py
[2022-09-16T08:18:33.857+0000] {logging_mixin.py:115} INFO - [2022-09-16T08:18:33.857+0000] {dag.py:2429} INFO - Sync 1 DAGs
[2022-09-16T08:18:33.873+0000] {logging_mixin.py:115} INFO - [2022-09-16T08:18:33.873+0000] {dag.py:2981} INFO - Setting next_dagrun for example_short_circuit_operator to 2022-09-15T08:18:33.873462+00:00, run_after=2022-09-16T08:18:33.873462+00:00
[2022-09-16T08:18:33.885+0000] {processor.py:161} INFO - Processing /home/airflow/.local/lib/python3.7/site-packages/airflow/example_dags/example_short_circuit_operator.py took 0.057 seconds
[2022-09-16T08:19:03.954+0000] {processor.py:153} INFO - Started process (PID=164) to work on /home/airflow/.local/lib/python3.7/site-packages/airflow/example_dags/example_short_circuit_operator.py
[2022-09-16T08:19:03.954+0000] {processor.py:640} INFO - Processing file /home/airflow/.local/lib/python3.7/site-packages/airflow/example_dags/example_short_circuit_operator.py for tasks to queue
[2022-09-16T08:19:03.955+0000] {logging_mixin.py:115} INFO - [2022-09-16T08:19:03.955+0000] {dagbag.py:508} INFO - Filling up the DagBag from /home/airflow/.local/lib/python3.7/site-packages/airflow/example_dags/example_short_circuit_operator.py
[2022-09-16T08:19:03.961+0000] {processor.py:650} INFO - DAG(s) dict_keys(['example_short_circuit_operator']) retrieved from /home/airflow/.local/lib/python3.7/site-packages/airflow/example_dags/example_short_circuit_operator.py
[2022-09-16T08:19:03.980+0000] {logging_mixin.py:115} INFO - [2022-09-16T08:19:03.980+0000] {dag.py:2429} INFO - Sync 1 DAGs
[2022-09-16T08:19:03.996+0000] {logging_mixin.py:115} INFO - [2022-09-16T08:19:03.996+0000] {dag.py:2981} INFO - Setting next_dagrun for example_short_circuit_operator to 2022-09-15T08:19:03.996244+00:00, run_after=2022-09-16T08:19:03.996244+00:00
[2022-09-16T08:19:04.006+0000] {processor.py:161} INFO - Processing /home/airflow/.local/lib/python3.7/site-packages/airflow/example_dags/example_short_circuit_operator.py took 0.054 seconds
