[2022-09-16T07:52:52.861+0000] {processor.py:153} INFO - Started process (PID=64) to work on /home/airflow/.local/lib/python3.7/site-packages/airflow/example_dags/example_task_group.py
[2022-09-16T07:52:52.861+0000] {processor.py:640} INFO - Processing file /home/airflow/.local/lib/python3.7/site-packages/airflow/example_dags/example_task_group.py for tasks to queue
[2022-09-16T07:52:52.862+0000] {logging_mixin.py:115} INFO - [2022-09-16T07:52:52.861+0000] {dagbag.py:508} INFO - Filling up the DagBag from /home/airflow/.local/lib/python3.7/site-packages/airflow/example_dags/example_task_group.py
[2022-09-16T07:52:52.868+0000] {processor.py:650} INFO - DAG(s) dict_keys(['example_task_group']) retrieved from /home/airflow/.local/lib/python3.7/site-packages/airflow/example_dags/example_task_group.py
[2022-09-16T07:52:52.889+0000] {logging_mixin.py:115} INFO - [2022-09-16T07:52:52.888+0000] {dag.py:2429} INFO - Sync 1 DAGs
[2022-09-16T07:52:52.911+0000] {logging_mixin.py:115} INFO - [2022-09-16T07:52:52.911+0000] {dag.py:2981} INFO - Setting next_dagrun for example_task_group to 2022-09-15T07:52:52.911128+00:00, run_after=2022-09-16T07:52:52.911128+00:00
[2022-09-16T07:52:52.923+0000] {processor.py:161} INFO - Processing /home/airflow/.local/lib/python3.7/site-packages/airflow/example_dags/example_task_group.py took 0.065 seconds
[2022-09-16T07:53:23.650+0000] {processor.py:153} INFO - Started process (PID=125) to work on /home/airflow/.local/lib/python3.7/site-packages/airflow/example_dags/example_task_group.py
[2022-09-16T07:53:23.651+0000] {processor.py:640} INFO - Processing file /home/airflow/.local/lib/python3.7/site-packages/airflow/example_dags/example_task_group.py for tasks to queue
[2022-09-16T07:53:23.651+0000] {logging_mixin.py:115} INFO - [2022-09-16T07:53:23.651+0000] {dagbag.py:508} INFO - Filling up the DagBag from /home/airflow/.local/lib/python3.7/site-packages/airflow/example_dags/example_task_group.py
[2022-09-16T07:53:23.656+0000] {processor.py:650} INFO - DAG(s) dict_keys(['example_task_group']) retrieved from /home/airflow/.local/lib/python3.7/site-packages/airflow/example_dags/example_task_group.py
[2022-09-16T07:53:23.674+0000] {logging_mixin.py:115} INFO - [2022-09-16T07:53:23.674+0000] {dag.py:2429} INFO - Sync 1 DAGs
[2022-09-16T07:53:23.689+0000] {logging_mixin.py:115} INFO - [2022-09-16T07:53:23.689+0000] {dag.py:2981} INFO - Setting next_dagrun for example_task_group to 2022-09-15T07:53:23.689093+00:00, run_after=2022-09-16T07:53:23.689093+00:00
[2022-09-16T07:53:23.698+0000] {processor.py:161} INFO - Processing /home/airflow/.local/lib/python3.7/site-packages/airflow/example_dags/example_task_group.py took 0.050 seconds
[2022-09-16T07:53:54.292+0000] {processor.py:153} INFO - Started process (PID=187) to work on /home/airflow/.local/lib/python3.7/site-packages/airflow/example_dags/example_task_group.py
[2022-09-16T07:53:54.293+0000] {processor.py:640} INFO - Processing file /home/airflow/.local/lib/python3.7/site-packages/airflow/example_dags/example_task_group.py for tasks to queue
[2022-09-16T07:53:54.293+0000] {logging_mixin.py:115} INFO - [2022-09-16T07:53:54.293+0000] {dagbag.py:508} INFO - Filling up the DagBag from /home/airflow/.local/lib/python3.7/site-packages/airflow/example_dags/example_task_group.py
[2022-09-16T07:53:54.298+0000] {processor.py:650} INFO - DAG(s) dict_keys(['example_task_group']) retrieved from /home/airflow/.local/lib/python3.7/site-packages/airflow/example_dags/example_task_group.py
[2022-09-16T07:53:54.318+0000] {logging_mixin.py:115} INFO - [2022-09-16T07:53:54.318+0000] {dag.py:2429} INFO - Sync 1 DAGs
[2022-09-16T07:53:54.335+0000] {logging_mixin.py:115} INFO - [2022-09-16T07:53:54.335+0000] {dag.py:2981} INFO - Setting next_dagrun for example_task_group to 2022-09-15T07:53:54.335261+00:00, run_after=2022-09-16T07:53:54.335261+00:00
[2022-09-16T07:53:54.345+0000] {processor.py:161} INFO - Processing /home/airflow/.local/lib/python3.7/site-packages/airflow/example_dags/example_task_group.py took 0.055 seconds
[2022-09-16T07:54:25.230+0000] {processor.py:153} INFO - Started process (PID=249) to work on /home/airflow/.local/lib/python3.7/site-packages/airflow/example_dags/example_task_group.py
[2022-09-16T07:54:25.231+0000] {processor.py:640} INFO - Processing file /home/airflow/.local/lib/python3.7/site-packages/airflow/example_dags/example_task_group.py for tasks to queue
[2022-09-16T07:54:25.231+0000] {logging_mixin.py:115} INFO - [2022-09-16T07:54:25.231+0000] {dagbag.py:508} INFO - Filling up the DagBag from /home/airflow/.local/lib/python3.7/site-packages/airflow/example_dags/example_task_group.py
[2022-09-16T07:54:25.237+0000] {processor.py:650} INFO - DAG(s) dict_keys(['example_task_group']) retrieved from /home/airflow/.local/lib/python3.7/site-packages/airflow/example_dags/example_task_group.py
[2022-09-16T07:54:25.256+0000] {logging_mixin.py:115} INFO - [2022-09-16T07:54:25.256+0000] {dag.py:2429} INFO - Sync 1 DAGs
[2022-09-16T07:54:25.272+0000] {logging_mixin.py:115} INFO - [2022-09-16T07:54:25.272+0000] {dag.py:2981} INFO - Setting next_dagrun for example_task_group to 2022-09-15T07:54:25.272656+00:00, run_after=2022-09-16T07:54:25.272656+00:00
[2022-09-16T07:54:25.282+0000] {processor.py:161} INFO - Processing /home/airflow/.local/lib/python3.7/site-packages/airflow/example_dags/example_task_group.py took 0.054 seconds
[2022-09-16T07:54:56.029+0000] {processor.py:153} INFO - Started process (PID=302) to work on /home/airflow/.local/lib/python3.7/site-packages/airflow/example_dags/example_task_group.py
[2022-09-16T07:54:56.029+0000] {processor.py:640} INFO - Processing file /home/airflow/.local/lib/python3.7/site-packages/airflow/example_dags/example_task_group.py for tasks to queue
[2022-09-16T07:54:56.030+0000] {logging_mixin.py:115} INFO - [2022-09-16T07:54:56.030+0000] {dagbag.py:508} INFO - Filling up the DagBag from /home/airflow/.local/lib/python3.7/site-packages/airflow/example_dags/example_task_group.py
[2022-09-16T07:54:56.036+0000] {processor.py:650} INFO - DAG(s) dict_keys(['example_task_group']) retrieved from /home/airflow/.local/lib/python3.7/site-packages/airflow/example_dags/example_task_group.py
[2022-09-16T07:54:56.056+0000] {logging_mixin.py:115} INFO - [2022-09-16T07:54:56.056+0000] {dag.py:2429} INFO - Sync 1 DAGs
[2022-09-16T07:54:56.073+0000] {logging_mixin.py:115} INFO - [2022-09-16T07:54:56.073+0000] {dag.py:2981} INFO - Setting next_dagrun for example_task_group to 2022-09-15T07:54:56.073346+00:00, run_after=2022-09-16T07:54:56.073346+00:00
[2022-09-16T07:54:56.084+0000] {processor.py:161} INFO - Processing /home/airflow/.local/lib/python3.7/site-packages/airflow/example_dags/example_task_group.py took 0.057 seconds
[2022-09-16T07:55:26.810+0000] {processor.py:153} INFO - Started process (PID=364) to work on /home/airflow/.local/lib/python3.7/site-packages/airflow/example_dags/example_task_group.py
[2022-09-16T07:55:26.811+0000] {processor.py:640} INFO - Processing file /home/airflow/.local/lib/python3.7/site-packages/airflow/example_dags/example_task_group.py for tasks to queue
[2022-09-16T07:55:26.811+0000] {logging_mixin.py:115} INFO - [2022-09-16T07:55:26.811+0000] {dagbag.py:508} INFO - Filling up the DagBag from /home/airflow/.local/lib/python3.7/site-packages/airflow/example_dags/example_task_group.py
[2022-09-16T07:55:26.816+0000] {processor.py:650} INFO - DAG(s) dict_keys(['example_task_group']) retrieved from /home/airflow/.local/lib/python3.7/site-packages/airflow/example_dags/example_task_group.py
[2022-09-16T07:55:26.836+0000] {logging_mixin.py:115} INFO - [2022-09-16T07:55:26.836+0000] {dag.py:2429} INFO - Sync 1 DAGs
[2022-09-16T07:55:26.852+0000] {logging_mixin.py:115} INFO - [2022-09-16T07:55:26.852+0000] {dag.py:2981} INFO - Setting next_dagrun for example_task_group to 2022-09-15T07:55:26.852491+00:00, run_after=2022-09-16T07:55:26.852491+00:00
[2022-09-16T07:55:26.862+0000] {processor.py:161} INFO - Processing /home/airflow/.local/lib/python3.7/site-packages/airflow/example_dags/example_task_group.py took 0.054 seconds
[2022-09-16T07:55:57.442+0000] {processor.py:153} INFO - Started process (PID=426) to work on /home/airflow/.local/lib/python3.7/site-packages/airflow/example_dags/example_task_group.py
[2022-09-16T07:55:57.442+0000] {processor.py:640} INFO - Processing file /home/airflow/.local/lib/python3.7/site-packages/airflow/example_dags/example_task_group.py for tasks to queue
[2022-09-16T07:55:57.443+0000] {logging_mixin.py:115} INFO - [2022-09-16T07:55:57.443+0000] {dagbag.py:508} INFO - Filling up the DagBag from /home/airflow/.local/lib/python3.7/site-packages/airflow/example_dags/example_task_group.py
[2022-09-16T07:55:57.448+0000] {processor.py:650} INFO - DAG(s) dict_keys(['example_task_group']) retrieved from /home/airflow/.local/lib/python3.7/site-packages/airflow/example_dags/example_task_group.py
[2022-09-16T07:55:57.470+0000] {logging_mixin.py:115} INFO - [2022-09-16T07:55:57.470+0000] {dag.py:2429} INFO - Sync 1 DAGs
[2022-09-16T07:55:57.487+0000] {logging_mixin.py:115} INFO - [2022-09-16T07:55:57.487+0000] {dag.py:2981} INFO - Setting next_dagrun for example_task_group to 2022-09-15T07:55:57.487191+00:00, run_after=2022-09-16T07:55:57.487191+00:00
[2022-09-16T07:55:57.498+0000] {processor.py:161} INFO - Processing /home/airflow/.local/lib/python3.7/site-packages/airflow/example_dags/example_task_group.py took 0.058 seconds
[2022-09-16T07:56:28.029+0000] {processor.py:153} INFO - Started process (PID=487) to work on /home/airflow/.local/lib/python3.7/site-packages/airflow/example_dags/example_task_group.py
[2022-09-16T07:56:28.030+0000] {processor.py:640} INFO - Processing file /home/airflow/.local/lib/python3.7/site-packages/airflow/example_dags/example_task_group.py for tasks to queue
[2022-09-16T07:56:28.031+0000] {logging_mixin.py:115} INFO - [2022-09-16T07:56:28.031+0000] {dagbag.py:508} INFO - Filling up the DagBag from /home/airflow/.local/lib/python3.7/site-packages/airflow/example_dags/example_task_group.py
[2022-09-16T07:56:28.036+0000] {processor.py:650} INFO - DAG(s) dict_keys(['example_task_group']) retrieved from /home/airflow/.local/lib/python3.7/site-packages/airflow/example_dags/example_task_group.py
[2022-09-16T07:56:28.057+0000] {logging_mixin.py:115} INFO - [2022-09-16T07:56:28.056+0000] {dag.py:2429} INFO - Sync 1 DAGs
[2022-09-16T07:56:28.075+0000] {logging_mixin.py:115} INFO - [2022-09-16T07:56:28.075+0000] {dag.py:2981} INFO - Setting next_dagrun for example_task_group to 2022-09-15T07:56:28.075318+00:00, run_after=2022-09-16T07:56:28.075318+00:00
[2022-09-16T07:56:28.086+0000] {processor.py:161} INFO - Processing /home/airflow/.local/lib/python3.7/site-packages/airflow/example_dags/example_task_group.py took 0.058 seconds
[2022-09-16T07:56:58.702+0000] {processor.py:153} INFO - Started process (PID=540) to work on /home/airflow/.local/lib/python3.7/site-packages/airflow/example_dags/example_task_group.py
[2022-09-16T07:56:58.703+0000] {processor.py:640} INFO - Processing file /home/airflow/.local/lib/python3.7/site-packages/airflow/example_dags/example_task_group.py for tasks to queue
[2022-09-16T07:56:58.703+0000] {logging_mixin.py:115} INFO - [2022-09-16T07:56:58.703+0000] {dagbag.py:508} INFO - Filling up the DagBag from /home/airflow/.local/lib/python3.7/site-packages/airflow/example_dags/example_task_group.py
[2022-09-16T07:56:58.708+0000] {processor.py:650} INFO - DAG(s) dict_keys(['example_task_group']) retrieved from /home/airflow/.local/lib/python3.7/site-packages/airflow/example_dags/example_task_group.py
[2022-09-16T07:56:58.727+0000] {logging_mixin.py:115} INFO - [2022-09-16T07:56:58.726+0000] {dag.py:2429} INFO - Sync 1 DAGs
[2022-09-16T07:56:58.743+0000] {logging_mixin.py:115} INFO - [2022-09-16T07:56:58.742+0000] {dag.py:2981} INFO - Setting next_dagrun for example_task_group to 2022-09-15T07:56:58.742817+00:00, run_after=2022-09-16T07:56:58.742817+00:00
[2022-09-16T07:56:58.752+0000] {processor.py:161} INFO - Processing /home/airflow/.local/lib/python3.7/site-packages/airflow/example_dags/example_task_group.py took 0.053 seconds
[2022-09-16T07:57:29.178+0000] {processor.py:153} INFO - Started process (PID=602) to work on /home/airflow/.local/lib/python3.7/site-packages/airflow/example_dags/example_task_group.py
[2022-09-16T07:57:29.179+0000] {processor.py:640} INFO - Processing file /home/airflow/.local/lib/python3.7/site-packages/airflow/example_dags/example_task_group.py for tasks to queue
[2022-09-16T07:57:29.179+0000] {logging_mixin.py:115} INFO - [2022-09-16T07:57:29.179+0000] {dagbag.py:508} INFO - Filling up the DagBag from /home/airflow/.local/lib/python3.7/site-packages/airflow/example_dags/example_task_group.py
[2022-09-16T07:57:29.184+0000] {processor.py:650} INFO - DAG(s) dict_keys(['example_task_group']) retrieved from /home/airflow/.local/lib/python3.7/site-packages/airflow/example_dags/example_task_group.py
[2022-09-16T07:57:29.203+0000] {logging_mixin.py:115} INFO - [2022-09-16T07:57:29.203+0000] {dag.py:2429} INFO - Sync 1 DAGs
[2022-09-16T07:57:29.223+0000] {logging_mixin.py:115} INFO - [2022-09-16T07:57:29.223+0000] {dag.py:2981} INFO - Setting next_dagrun for example_task_group to 2022-09-15T07:57:29.222997+00:00, run_after=2022-09-16T07:57:29.222997+00:00
[2022-09-16T07:57:29.232+0000] {processor.py:161} INFO - Processing /home/airflow/.local/lib/python3.7/site-packages/airflow/example_dags/example_task_group.py took 0.056 seconds
[2022-09-16T07:58:44.401+0000] {processor.py:153} INFO - Started process (PID=96) to work on /home/airflow/.local/lib/python3.7/site-packages/airflow/example_dags/example_task_group.py
[2022-09-16T07:58:44.402+0000] {processor.py:640} INFO - Processing file /home/airflow/.local/lib/python3.7/site-packages/airflow/example_dags/example_task_group.py for tasks to queue
[2022-09-16T07:58:44.402+0000] {logging_mixin.py:115} INFO - [2022-09-16T07:58:44.402+0000] {dagbag.py:508} INFO - Filling up the DagBag from /home/airflow/.local/lib/python3.7/site-packages/airflow/example_dags/example_task_group.py
[2022-09-16T07:58:44.408+0000] {processor.py:650} INFO - DAG(s) dict_keys(['example_task_group']) retrieved from /home/airflow/.local/lib/python3.7/site-packages/airflow/example_dags/example_task_group.py
[2022-09-16T07:58:44.429+0000] {logging_mixin.py:115} INFO - [2022-09-16T07:58:44.428+0000] {dag.py:2429} INFO - Sync 1 DAGs
[2022-09-16T07:58:44.447+0000] {logging_mixin.py:115} INFO - [2022-09-16T07:58:44.447+0000] {dag.py:2981} INFO - Setting next_dagrun for example_task_group to 2022-09-15T07:58:44.447504+00:00, run_after=2022-09-16T07:58:44.447504+00:00
[2022-09-16T07:58:44.458+0000] {processor.py:161} INFO - Processing /home/airflow/.local/lib/python3.7/site-packages/airflow/example_dags/example_task_group.py took 0.059 seconds
[2022-09-16T07:59:15.505+0000] {processor.py:153} INFO - Started process (PID=158) to work on /home/airflow/.local/lib/python3.7/site-packages/airflow/example_dags/example_task_group.py
[2022-09-16T07:59:15.505+0000] {processor.py:640} INFO - Processing file /home/airflow/.local/lib/python3.7/site-packages/airflow/example_dags/example_task_group.py for tasks to queue
[2022-09-16T07:59:15.506+0000] {logging_mixin.py:115} INFO - [2022-09-16T07:59:15.506+0000] {dagbag.py:508} INFO - Filling up the DagBag from /home/airflow/.local/lib/python3.7/site-packages/airflow/example_dags/example_task_group.py
[2022-09-16T07:59:15.511+0000] {processor.py:650} INFO - DAG(s) dict_keys(['example_task_group']) retrieved from /home/airflow/.local/lib/python3.7/site-packages/airflow/example_dags/example_task_group.py
[2022-09-16T07:59:15.532+0000] {logging_mixin.py:115} INFO - [2022-09-16T07:59:15.532+0000] {dag.py:2429} INFO - Sync 1 DAGs
[2022-09-16T07:59:15.550+0000] {logging_mixin.py:115} INFO - [2022-09-16T07:59:15.550+0000] {dag.py:2981} INFO - Setting next_dagrun for example_task_group to 2022-09-15T07:59:15.550170+00:00, run_after=2022-09-16T07:59:15.550170+00:00
[2022-09-16T07:59:15.561+0000] {processor.py:161} INFO - Processing /home/airflow/.local/lib/python3.7/site-packages/airflow/example_dags/example_task_group.py took 0.058 seconds
[2022-09-16T07:59:46.327+0000] {processor.py:153} INFO - Started process (PID=211) to work on /home/airflow/.local/lib/python3.7/site-packages/airflow/example_dags/example_task_group.py
[2022-09-16T07:59:46.327+0000] {processor.py:640} INFO - Processing file /home/airflow/.local/lib/python3.7/site-packages/airflow/example_dags/example_task_group.py for tasks to queue
[2022-09-16T07:59:46.328+0000] {logging_mixin.py:115} INFO - [2022-09-16T07:59:46.328+0000] {dagbag.py:508} INFO - Filling up the DagBag from /home/airflow/.local/lib/python3.7/site-packages/airflow/example_dags/example_task_group.py
[2022-09-16T07:59:46.332+0000] {processor.py:650} INFO - DAG(s) dict_keys(['example_task_group']) retrieved from /home/airflow/.local/lib/python3.7/site-packages/airflow/example_dags/example_task_group.py
[2022-09-16T07:59:46.351+0000] {logging_mixin.py:115} INFO - [2022-09-16T07:59:46.351+0000] {dag.py:2429} INFO - Sync 1 DAGs
[2022-09-16T07:59:46.368+0000] {logging_mixin.py:115} INFO - [2022-09-16T07:59:46.368+0000] {dag.py:2981} INFO - Setting next_dagrun for example_task_group to 2022-09-15T07:59:46.368142+00:00, run_after=2022-09-16T07:59:46.368142+00:00
[2022-09-16T07:59:46.377+0000] {processor.py:161} INFO - Processing /home/airflow/.local/lib/python3.7/site-packages/airflow/example_dags/example_task_group.py took 0.052 seconds
[2022-09-16T08:00:17.171+0000] {processor.py:153} INFO - Started process (PID=273) to work on /home/airflow/.local/lib/python3.7/site-packages/airflow/example_dags/example_task_group.py
[2022-09-16T08:00:17.172+0000] {processor.py:640} INFO - Processing file /home/airflow/.local/lib/python3.7/site-packages/airflow/example_dags/example_task_group.py for tasks to queue
[2022-09-16T08:00:17.172+0000] {logging_mixin.py:115} INFO - [2022-09-16T08:00:17.172+0000] {dagbag.py:508} INFO - Filling up the DagBag from /home/airflow/.local/lib/python3.7/site-packages/airflow/example_dags/example_task_group.py
[2022-09-16T08:00:17.177+0000] {processor.py:650} INFO - DAG(s) dict_keys(['example_task_group']) retrieved from /home/airflow/.local/lib/python3.7/site-packages/airflow/example_dags/example_task_group.py
[2022-09-16T08:00:17.195+0000] {logging_mixin.py:115} INFO - [2022-09-16T08:00:17.195+0000] {dag.py:2429} INFO - Sync 1 DAGs
[2022-09-16T08:00:17.214+0000] {logging_mixin.py:115} INFO - [2022-09-16T08:00:17.214+0000] {dag.py:2981} INFO - Setting next_dagrun for example_task_group to 2022-09-15T08:00:17.214354+00:00, run_after=2022-09-16T08:00:17.214354+00:00
[2022-09-16T08:00:17.224+0000] {processor.py:161} INFO - Processing /home/airflow/.local/lib/python3.7/site-packages/airflow/example_dags/example_task_group.py took 0.054 seconds
[2022-09-16T08:00:48.150+0000] {processor.py:153} INFO - Started process (PID=335) to work on /home/airflow/.local/lib/python3.7/site-packages/airflow/example_dags/example_task_group.py
[2022-09-16T08:00:48.151+0000] {processor.py:640} INFO - Processing file /home/airflow/.local/lib/python3.7/site-packages/airflow/example_dags/example_task_group.py for tasks to queue
[2022-09-16T08:00:48.151+0000] {logging_mixin.py:115} INFO - [2022-09-16T08:00:48.151+0000] {dagbag.py:508} INFO - Filling up the DagBag from /home/airflow/.local/lib/python3.7/site-packages/airflow/example_dags/example_task_group.py
[2022-09-16T08:00:48.159+0000] {processor.py:650} INFO - DAG(s) dict_keys(['example_task_group']) retrieved from /home/airflow/.local/lib/python3.7/site-packages/airflow/example_dags/example_task_group.py
[2022-09-16T08:00:48.189+0000] {logging_mixin.py:115} INFO - [2022-09-16T08:00:48.189+0000] {dag.py:2429} INFO - Sync 1 DAGs
[2022-09-16T08:00:48.215+0000] {logging_mixin.py:115} INFO - [2022-09-16T08:00:48.215+0000] {dag.py:2981} INFO - Setting next_dagrun for example_task_group to 2022-09-15T08:00:48.215256+00:00, run_after=2022-09-16T08:00:48.215256+00:00
[2022-09-16T08:00:48.231+0000] {processor.py:161} INFO - Processing /home/airflow/.local/lib/python3.7/site-packages/airflow/example_dags/example_task_group.py took 0.084 seconds
[2022-09-16T08:01:19.101+0000] {processor.py:153} INFO - Started process (PID=397) to work on /home/airflow/.local/lib/python3.7/site-packages/airflow/example_dags/example_task_group.py
[2022-09-16T08:01:19.101+0000] {processor.py:640} INFO - Processing file /home/airflow/.local/lib/python3.7/site-packages/airflow/example_dags/example_task_group.py for tasks to queue
[2022-09-16T08:01:19.102+0000] {logging_mixin.py:115} INFO - [2022-09-16T08:01:19.102+0000] {dagbag.py:508} INFO - Filling up the DagBag from /home/airflow/.local/lib/python3.7/site-packages/airflow/example_dags/example_task_group.py
[2022-09-16T08:01:19.106+0000] {processor.py:650} INFO - DAG(s) dict_keys(['example_task_group']) retrieved from /home/airflow/.local/lib/python3.7/site-packages/airflow/example_dags/example_task_group.py
[2022-09-16T08:01:19.126+0000] {logging_mixin.py:115} INFO - [2022-09-16T08:01:19.125+0000] {dag.py:2429} INFO - Sync 1 DAGs
[2022-09-16T08:01:19.144+0000] {logging_mixin.py:115} INFO - [2022-09-16T08:01:19.144+0000] {dag.py:2981} INFO - Setting next_dagrun for example_task_group to 2022-09-15T08:01:19.144638+00:00, run_after=2022-09-16T08:01:19.144638+00:00
[2022-09-16T08:01:19.155+0000] {processor.py:161} INFO - Processing /home/airflow/.local/lib/python3.7/site-packages/airflow/example_dags/example_task_group.py took 0.056 seconds
[2022-09-16T08:01:50.206+0000] {processor.py:153} INFO - Started process (PID=450) to work on /home/airflow/.local/lib/python3.7/site-packages/airflow/example_dags/example_task_group.py
[2022-09-16T08:01:50.207+0000] {processor.py:640} INFO - Processing file /home/airflow/.local/lib/python3.7/site-packages/airflow/example_dags/example_task_group.py for tasks to queue
[2022-09-16T08:01:50.207+0000] {logging_mixin.py:115} INFO - [2022-09-16T08:01:50.207+0000] {dagbag.py:508} INFO - Filling up the DagBag from /home/airflow/.local/lib/python3.7/site-packages/airflow/example_dags/example_task_group.py
[2022-09-16T08:01:50.214+0000] {processor.py:650} INFO - DAG(s) dict_keys(['example_task_group']) retrieved from /home/airflow/.local/lib/python3.7/site-packages/airflow/example_dags/example_task_group.py
[2022-09-16T08:01:50.238+0000] {logging_mixin.py:115} INFO - [2022-09-16T08:01:50.238+0000] {dag.py:2429} INFO - Sync 1 DAGs
[2022-09-16T08:01:50.261+0000] {logging_mixin.py:115} INFO - [2022-09-16T08:01:50.261+0000] {dag.py:2981} INFO - Setting next_dagrun for example_task_group to 2022-09-15T08:01:50.261646+00:00, run_after=2022-09-16T08:01:50.261646+00:00
[2022-09-16T08:01:50.273+0000] {processor.py:161} INFO - Processing /home/airflow/.local/lib/python3.7/site-packages/airflow/example_dags/example_task_group.py took 0.070 seconds
[2022-09-16T08:02:20.556+0000] {processor.py:153} INFO - Started process (PID=514) to work on /home/airflow/.local/lib/python3.7/site-packages/airflow/example_dags/example_task_group.py
[2022-09-16T08:02:20.557+0000] {processor.py:640} INFO - Processing file /home/airflow/.local/lib/python3.7/site-packages/airflow/example_dags/example_task_group.py for tasks to queue
[2022-09-16T08:02:20.557+0000] {logging_mixin.py:115} INFO - [2022-09-16T08:02:20.557+0000] {dagbag.py:508} INFO - Filling up the DagBag from /home/airflow/.local/lib/python3.7/site-packages/airflow/example_dags/example_task_group.py
[2022-09-16T08:02:20.562+0000] {processor.py:650} INFO - DAG(s) dict_keys(['example_task_group']) retrieved from /home/airflow/.local/lib/python3.7/site-packages/airflow/example_dags/example_task_group.py
[2022-09-16T08:02:20.581+0000] {logging_mixin.py:115} INFO - [2022-09-16T08:02:20.581+0000] {dag.py:2429} INFO - Sync 1 DAGs
[2022-09-16T08:02:20.598+0000] {logging_mixin.py:115} INFO - [2022-09-16T08:02:20.598+0000] {dag.py:2981} INFO - Setting next_dagrun for example_task_group to 2022-09-15T08:02:20.598058+00:00, run_after=2022-09-16T08:02:20.598058+00:00
[2022-09-16T08:02:20.608+0000] {processor.py:161} INFO - Processing /home/airflow/.local/lib/python3.7/site-packages/airflow/example_dags/example_task_group.py took 0.053 seconds
[2022-09-16T08:02:50.804+0000] {processor.py:153} INFO - Started process (PID=576) to work on /home/airflow/.local/lib/python3.7/site-packages/airflow/example_dags/example_task_group.py
[2022-09-16T08:02:50.804+0000] {processor.py:640} INFO - Processing file /home/airflow/.local/lib/python3.7/site-packages/airflow/example_dags/example_task_group.py for tasks to queue
[2022-09-16T08:02:50.805+0000] {logging_mixin.py:115} INFO - [2022-09-16T08:02:50.805+0000] {dagbag.py:508} INFO - Filling up the DagBag from /home/airflow/.local/lib/python3.7/site-packages/airflow/example_dags/example_task_group.py
[2022-09-16T08:02:50.809+0000] {processor.py:650} INFO - DAG(s) dict_keys(['example_task_group']) retrieved from /home/airflow/.local/lib/python3.7/site-packages/airflow/example_dags/example_task_group.py
[2022-09-16T08:02:50.828+0000] {logging_mixin.py:115} INFO - [2022-09-16T08:02:50.828+0000] {dag.py:2429} INFO - Sync 1 DAGs
[2022-09-16T08:02:50.846+0000] {logging_mixin.py:115} INFO - [2022-09-16T08:02:50.845+0000] {dag.py:2981} INFO - Setting next_dagrun for example_task_group to 2022-09-15T08:02:50.845404+00:00, run_after=2022-09-16T08:02:50.845404+00:00
[2022-09-16T08:02:50.855+0000] {processor.py:161} INFO - Processing /home/airflow/.local/lib/python3.7/site-packages/airflow/example_dags/example_task_group.py took 0.053 seconds
[2022-09-16T08:03:21.042+0000] {processor.py:153} INFO - Started process (PID=635) to work on /home/airflow/.local/lib/python3.7/site-packages/airflow/example_dags/example_task_group.py
[2022-09-16T08:03:21.043+0000] {processor.py:640} INFO - Processing file /home/airflow/.local/lib/python3.7/site-packages/airflow/example_dags/example_task_group.py for tasks to queue
[2022-09-16T08:03:21.043+0000] {logging_mixin.py:115} INFO - [2022-09-16T08:03:21.043+0000] {dagbag.py:508} INFO - Filling up the DagBag from /home/airflow/.local/lib/python3.7/site-packages/airflow/example_dags/example_task_group.py
[2022-09-16T08:03:21.048+0000] {processor.py:650} INFO - DAG(s) dict_keys(['example_task_group']) retrieved from /home/airflow/.local/lib/python3.7/site-packages/airflow/example_dags/example_task_group.py
[2022-09-16T08:03:21.068+0000] {logging_mixin.py:115} INFO - [2022-09-16T08:03:21.068+0000] {dag.py:2429} INFO - Sync 1 DAGs
[2022-09-16T08:03:21.086+0000] {logging_mixin.py:115} INFO - [2022-09-16T08:03:21.086+0000] {dag.py:2981} INFO - Setting next_dagrun for example_task_group to 2022-09-15T08:03:21.085845+00:00, run_after=2022-09-16T08:03:21.085845+00:00
[2022-09-16T08:03:21.097+0000] {processor.py:161} INFO - Processing /home/airflow/.local/lib/python3.7/site-packages/airflow/example_dags/example_task_group.py took 0.056 seconds
[2022-09-16T08:04:03.291+0000] {processor.py:153} INFO - Started process (PID=78) to work on /home/airflow/.local/lib/python3.7/site-packages/airflow/example_dags/example_task_group.py
[2022-09-16T08:04:03.292+0000] {processor.py:640} INFO - Processing file /home/airflow/.local/lib/python3.7/site-packages/airflow/example_dags/example_task_group.py for tasks to queue
[2022-09-16T08:04:03.293+0000] {logging_mixin.py:115} INFO - [2022-09-16T08:04:03.293+0000] {dagbag.py:508} INFO - Filling up the DagBag from /home/airflow/.local/lib/python3.7/site-packages/airflow/example_dags/example_task_group.py
[2022-09-16T08:04:03.302+0000] {processor.py:650} INFO - DAG(s) dict_keys(['example_task_group']) retrieved from /home/airflow/.local/lib/python3.7/site-packages/airflow/example_dags/example_task_group.py
[2022-09-16T08:04:03.326+0000] {logging_mixin.py:115} INFO - [2022-09-16T08:04:03.326+0000] {dag.py:2429} INFO - Sync 1 DAGs
[2022-09-16T08:04:03.347+0000] {logging_mixin.py:115} INFO - [2022-09-16T08:04:03.347+0000] {dag.py:2981} INFO - Setting next_dagrun for example_task_group to 2022-09-15T08:04:03.347321+00:00, run_after=2022-09-16T08:04:03.347321+00:00
[2022-09-16T08:04:03.360+0000] {processor.py:161} INFO - Processing /home/airflow/.local/lib/python3.7/site-packages/airflow/example_dags/example_task_group.py took 0.071 seconds
[2022-09-16T08:04:33.702+0000] {processor.py:153} INFO - Started process (PID=140) to work on /home/airflow/.local/lib/python3.7/site-packages/airflow/example_dags/example_task_group.py
[2022-09-16T08:04:33.703+0000] {processor.py:640} INFO - Processing file /home/airflow/.local/lib/python3.7/site-packages/airflow/example_dags/example_task_group.py for tasks to queue
[2022-09-16T08:04:33.704+0000] {logging_mixin.py:115} INFO - [2022-09-16T08:04:33.703+0000] {dagbag.py:508} INFO - Filling up the DagBag from /home/airflow/.local/lib/python3.7/site-packages/airflow/example_dags/example_task_group.py
[2022-09-16T08:04:33.710+0000] {processor.py:650} INFO - DAG(s) dict_keys(['example_task_group']) retrieved from /home/airflow/.local/lib/python3.7/site-packages/airflow/example_dags/example_task_group.py
[2022-09-16T08:04:33.727+0000] {logging_mixin.py:115} INFO - [2022-09-16T08:04:33.727+0000] {dag.py:2429} INFO - Sync 1 DAGs
[2022-09-16T08:04:33.743+0000] {logging_mixin.py:115} INFO - [2022-09-16T08:04:33.743+0000] {dag.py:2981} INFO - Setting next_dagrun for example_task_group to 2022-09-15T08:04:33.743342+00:00, run_after=2022-09-16T08:04:33.743342+00:00
[2022-09-16T08:04:33.753+0000] {processor.py:161} INFO - Processing /home/airflow/.local/lib/python3.7/site-packages/airflow/example_dags/example_task_group.py took 0.053 seconds
[2022-09-16T08:06:41.074+0000] {processor.py:153} INFO - Started process (PID=78) to work on /home/airflow/.local/lib/python3.7/site-packages/airflow/example_dags/example_task_group.py
[2022-09-16T08:06:41.075+0000] {processor.py:640} INFO - Processing file /home/airflow/.local/lib/python3.7/site-packages/airflow/example_dags/example_task_group.py for tasks to queue
[2022-09-16T08:06:41.076+0000] {logging_mixin.py:115} INFO - [2022-09-16T08:06:41.076+0000] {dagbag.py:508} INFO - Filling up the DagBag from /home/airflow/.local/lib/python3.7/site-packages/airflow/example_dags/example_task_group.py
[2022-09-16T08:06:41.085+0000] {processor.py:650} INFO - DAG(s) dict_keys(['example_task_group']) retrieved from /home/airflow/.local/lib/python3.7/site-packages/airflow/example_dags/example_task_group.py
[2022-09-16T08:06:41.107+0000] {logging_mixin.py:115} INFO - [2022-09-16T08:06:41.107+0000] {dag.py:2429} INFO - Sync 1 DAGs
[2022-09-16T08:06:41.130+0000] {logging_mixin.py:115} INFO - [2022-09-16T08:06:41.130+0000] {dag.py:2981} INFO - Setting next_dagrun for example_task_group to 2022-09-15T08:06:41.130059+00:00, run_after=2022-09-16T08:06:41.130059+00:00
[2022-09-16T08:06:41.143+0000] {processor.py:161} INFO - Processing /home/airflow/.local/lib/python3.7/site-packages/airflow/example_dags/example_task_group.py took 0.071 seconds
[2022-09-16T08:08:04.658+0000] {processor.py:153} INFO - Started process (PID=77) to work on /home/airflow/.local/lib/python3.7/site-packages/airflow/example_dags/example_task_group.py
[2022-09-16T08:08:04.659+0000] {processor.py:640} INFO - Processing file /home/airflow/.local/lib/python3.7/site-packages/airflow/example_dags/example_task_group.py for tasks to queue
[2022-09-16T08:08:04.660+0000] {logging_mixin.py:115} INFO - [2022-09-16T08:08:04.660+0000] {dagbag.py:508} INFO - Filling up the DagBag from /home/airflow/.local/lib/python3.7/site-packages/airflow/example_dags/example_task_group.py
[2022-09-16T08:08:04.666+0000] {processor.py:650} INFO - DAG(s) dict_keys(['example_task_group']) retrieved from /home/airflow/.local/lib/python3.7/site-packages/airflow/example_dags/example_task_group.py
[2022-09-16T08:08:04.690+0000] {logging_mixin.py:115} INFO - [2022-09-16T08:08:04.690+0000] {dag.py:2429} INFO - Sync 1 DAGs
[2022-09-16T08:08:04.710+0000] {logging_mixin.py:115} INFO - [2022-09-16T08:08:04.710+0000] {dag.py:2981} INFO - Setting next_dagrun for example_task_group to 2022-09-15T08:08:04.710216+00:00, run_after=2022-09-16T08:08:04.710216+00:00
[2022-09-16T08:08:04.720+0000] {processor.py:161} INFO - Processing /home/airflow/.local/lib/python3.7/site-packages/airflow/example_dags/example_task_group.py took 0.064 seconds
[2022-09-16T08:10:14.213+0000] {processor.py:153} INFO - Started process (PID=78) to work on /home/airflow/.local/lib/python3.7/site-packages/airflow/example_dags/example_task_group.py
[2022-09-16T08:10:14.214+0000] {processor.py:640} INFO - Processing file /home/airflow/.local/lib/python3.7/site-packages/airflow/example_dags/example_task_group.py for tasks to queue
[2022-09-16T08:10:14.215+0000] {logging_mixin.py:115} INFO - [2022-09-16T08:10:14.214+0000] {dagbag.py:508} INFO - Filling up the DagBag from /home/airflow/.local/lib/python3.7/site-packages/airflow/example_dags/example_task_group.py
[2022-09-16T08:10:14.222+0000] {processor.py:650} INFO - DAG(s) dict_keys(['example_task_group']) retrieved from /home/airflow/.local/lib/python3.7/site-packages/airflow/example_dags/example_task_group.py
[2022-09-16T08:10:14.242+0000] {logging_mixin.py:115} INFO - [2022-09-16T08:10:14.241+0000] {dag.py:2429} INFO - Sync 1 DAGs
[2022-09-16T08:10:14.260+0000] {logging_mixin.py:115} INFO - [2022-09-16T08:10:14.260+0000] {dag.py:2981} INFO - Setting next_dagrun for example_task_group to 2022-09-15T08:10:14.260011+00:00, run_after=2022-09-16T08:10:14.260011+00:00
[2022-09-16T08:10:14.272+0000] {processor.py:161} INFO - Processing /home/airflow/.local/lib/python3.7/site-packages/airflow/example_dags/example_task_group.py took 0.061 seconds
[2022-09-16T08:10:45.315+0000] {processor.py:153} INFO - Started process (PID=140) to work on /home/airflow/.local/lib/python3.7/site-packages/airflow/example_dags/example_task_group.py
[2022-09-16T08:10:45.316+0000] {processor.py:640} INFO - Processing file /home/airflow/.local/lib/python3.7/site-packages/airflow/example_dags/example_task_group.py for tasks to queue
[2022-09-16T08:10:45.316+0000] {logging_mixin.py:115} INFO - [2022-09-16T08:10:45.316+0000] {dagbag.py:508} INFO - Filling up the DagBag from /home/airflow/.local/lib/python3.7/site-packages/airflow/example_dags/example_task_group.py
[2022-09-16T08:10:45.323+0000] {processor.py:650} INFO - DAG(s) dict_keys(['example_task_group']) retrieved from /home/airflow/.local/lib/python3.7/site-packages/airflow/example_dags/example_task_group.py
[2022-09-16T08:10:45.340+0000] {logging_mixin.py:115} INFO - [2022-09-16T08:10:45.340+0000] {dag.py:2429} INFO - Sync 1 DAGs
[2022-09-16T08:10:45.357+0000] {logging_mixin.py:115} INFO - [2022-09-16T08:10:45.356+0000] {dag.py:2981} INFO - Setting next_dagrun for example_task_group to 2022-09-15T08:10:45.356710+00:00, run_after=2022-09-16T08:10:45.356710+00:00
[2022-09-16T08:10:45.366+0000] {processor.py:161} INFO - Processing /home/airflow/.local/lib/python3.7/site-packages/airflow/example_dags/example_task_group.py took 0.053 seconds
[2022-09-16T08:13:52.299+0000] {processor.py:153} INFO - Started process (PID=110) to work on /home/airflow/.local/lib/python3.7/site-packages/airflow/example_dags/example_task_group.py
[2022-09-16T08:13:52.300+0000] {processor.py:640} INFO - Processing file /home/airflow/.local/lib/python3.7/site-packages/airflow/example_dags/example_task_group.py for tasks to queue
[2022-09-16T08:13:52.300+0000] {logging_mixin.py:115} INFO - [2022-09-16T08:13:52.300+0000] {dagbag.py:508} INFO - Filling up the DagBag from /home/airflow/.local/lib/python3.7/site-packages/airflow/example_dags/example_task_group.py
[2022-09-16T08:13:52.305+0000] {processor.py:650} INFO - DAG(s) dict_keys(['example_task_group']) retrieved from /home/airflow/.local/lib/python3.7/site-packages/airflow/example_dags/example_task_group.py
[2022-09-16T08:13:52.327+0000] {logging_mixin.py:115} INFO - [2022-09-16T08:13:52.326+0000] {dag.py:2429} INFO - Sync 1 DAGs
[2022-09-16T08:13:52.345+0000] {logging_mixin.py:115} INFO - [2022-09-16T08:13:52.344+0000] {dag.py:2981} INFO - Setting next_dagrun for example_task_group to 2022-09-15T08:13:52.344727+00:00, run_after=2022-09-16T08:13:52.344727+00:00
[2022-09-16T08:13:52.357+0000] {processor.py:161} INFO - Processing /home/airflow/.local/lib/python3.7/site-packages/airflow/example_dags/example_task_group.py took 0.061 seconds
[2022-09-16T08:15:37.074+0000] {processor.py:153} INFO - Started process (PID=78) to work on /home/airflow/.local/lib/python3.7/site-packages/airflow/example_dags/example_task_group.py
[2022-09-16T08:15:37.074+0000] {processor.py:640} INFO - Processing file /home/airflow/.local/lib/python3.7/site-packages/airflow/example_dags/example_task_group.py for tasks to queue
[2022-09-16T08:15:37.075+0000] {logging_mixin.py:115} INFO - [2022-09-16T08:15:37.075+0000] {dagbag.py:508} INFO - Filling up the DagBag from /home/airflow/.local/lib/python3.7/site-packages/airflow/example_dags/example_task_group.py
[2022-09-16T08:15:37.081+0000] {processor.py:650} INFO - DAG(s) dict_keys(['example_task_group']) retrieved from /home/airflow/.local/lib/python3.7/site-packages/airflow/example_dags/example_task_group.py
[2022-09-16T08:15:37.104+0000] {logging_mixin.py:115} INFO - [2022-09-16T08:15:37.104+0000] {dag.py:2429} INFO - Sync 1 DAGs
[2022-09-16T08:15:37.127+0000] {logging_mixin.py:115} INFO - [2022-09-16T08:15:37.127+0000] {dag.py:2981} INFO - Setting next_dagrun for example_task_group to 2022-09-15T08:15:37.126921+00:00, run_after=2022-09-16T08:15:37.126921+00:00
[2022-09-16T08:15:37.139+0000] {processor.py:161} INFO - Processing /home/airflow/.local/lib/python3.7/site-packages/airflow/example_dags/example_task_group.py took 0.067 seconds
[2022-09-16T08:18:34.952+0000] {processor.py:153} INFO - Started process (PID=130) to work on /home/airflow/.local/lib/python3.7/site-packages/airflow/example_dags/example_task_group.py
[2022-09-16T08:18:34.952+0000] {processor.py:640} INFO - Processing file /home/airflow/.local/lib/python3.7/site-packages/airflow/example_dags/example_task_group.py for tasks to queue
[2022-09-16T08:18:34.953+0000] {logging_mixin.py:115} INFO - [2022-09-16T08:18:34.953+0000] {dagbag.py:508} INFO - Filling up the DagBag from /home/airflow/.local/lib/python3.7/site-packages/airflow/example_dags/example_task_group.py
[2022-09-16T08:18:34.958+0000] {processor.py:650} INFO - DAG(s) dict_keys(['example_task_group']) retrieved from /home/airflow/.local/lib/python3.7/site-packages/airflow/example_dags/example_task_group.py
[2022-09-16T08:18:34.986+0000] {logging_mixin.py:115} INFO - [2022-09-16T08:18:34.985+0000] {dag.py:2429} INFO - Sync 1 DAGs
[2022-09-16T08:18:35.007+0000] {logging_mixin.py:115} INFO - [2022-09-16T08:18:35.006+0000] {dag.py:2981} INFO - Setting next_dagrun for example_task_group to 2022-09-15T08:18:35.006764+00:00, run_after=2022-09-16T08:18:35.006764+00:00
[2022-09-16T08:18:35.017+0000] {processor.py:161} INFO - Processing /home/airflow/.local/lib/python3.7/site-packages/airflow/example_dags/example_task_group.py took 0.067 seconds
[2022-09-16T08:19:06.185+0000] {processor.py:153} INFO - Started process (PID=183) to work on /home/airflow/.local/lib/python3.7/site-packages/airflow/example_dags/example_task_group.py
[2022-09-16T08:19:06.186+0000] {processor.py:640} INFO - Processing file /home/airflow/.local/lib/python3.7/site-packages/airflow/example_dags/example_task_group.py for tasks to queue
[2022-09-16T08:19:06.186+0000] {logging_mixin.py:115} INFO - [2022-09-16T08:19:06.186+0000] {dagbag.py:508} INFO - Filling up the DagBag from /home/airflow/.local/lib/python3.7/site-packages/airflow/example_dags/example_task_group.py
[2022-09-16T08:19:06.191+0000] {processor.py:650} INFO - DAG(s) dict_keys(['example_task_group']) retrieved from /home/airflow/.local/lib/python3.7/site-packages/airflow/example_dags/example_task_group.py
[2022-09-16T08:19:06.210+0000] {logging_mixin.py:115} INFO - [2022-09-16T08:19:06.210+0000] {dag.py:2429} INFO - Sync 1 DAGs
[2022-09-16T08:19:06.227+0000] {logging_mixin.py:115} INFO - [2022-09-16T08:19:06.227+0000] {dag.py:2981} INFO - Setting next_dagrun for example_task_group to 2022-09-15T08:19:06.226839+00:00, run_after=2022-09-16T08:19:06.226839+00:00
[2022-09-16T08:19:06.236+0000] {processor.py:161} INFO - Processing /home/airflow/.local/lib/python3.7/site-packages/airflow/example_dags/example_task_group.py took 0.053 seconds
