[2022-09-16T07:52:51.963+0000] {processor.py:153} INFO - Started process (PID=49) to work on /home/airflow/.local/lib/python3.7/site-packages/airflow/example_dags/example_dag_decorator.py
[2022-09-16T07:52:51.964+0000] {processor.py:640} INFO - Processing file /home/airflow/.local/lib/python3.7/site-packages/airflow/example_dags/example_dag_decorator.py for tasks to queue
[2022-09-16T07:52:51.964+0000] {logging_mixin.py:115} INFO - [2022-09-16T07:52:51.964+0000] {dagbag.py:508} INFO - Filling up the DagBag from /home/airflow/.local/lib/python3.7/site-packages/airflow/example_dags/example_dag_decorator.py
[2022-09-16T07:52:51.985+0000] {processor.py:650} INFO - DAG(s) dict_keys(['example_dag_decorator']) retrieved from /home/airflow/.local/lib/python3.7/site-packages/airflow/example_dags/example_dag_decorator.py
[2022-09-16T07:52:52.042+0000] {logging_mixin.py:115} INFO - [2022-09-16T07:52:52.041+0000] {dag.py:2429} INFO - Sync 1 DAGs
[2022-09-16T07:52:52.059+0000] {logging_mixin.py:115} INFO - [2022-09-16T07:52:52.058+0000] {dag.py:2981} INFO - Setting next_dagrun for example_dag_decorator to None, run_after=None
[2022-09-16T07:52:52.072+0000] {processor.py:161} INFO - Processing /home/airflow/.local/lib/python3.7/site-packages/airflow/example_dags/example_dag_decorator.py took 0.110 seconds
[2022-09-16T07:53:22.904+0000] {processor.py:153} INFO - Started process (PID=110) to work on /home/airflow/.local/lib/python3.7/site-packages/airflow/example_dags/example_dag_decorator.py
[2022-09-16T07:53:22.904+0000] {processor.py:640} INFO - Processing file /home/airflow/.local/lib/python3.7/site-packages/airflow/example_dags/example_dag_decorator.py for tasks to queue
[2022-09-16T07:53:22.905+0000] {logging_mixin.py:115} INFO - [2022-09-16T07:53:22.905+0000] {dagbag.py:508} INFO - Filling up the DagBag from /home/airflow/.local/lib/python3.7/site-packages/airflow/example_dags/example_dag_decorator.py
[2022-09-16T07:53:22.923+0000] {processor.py:650} INFO - DAG(s) dict_keys(['example_dag_decorator']) retrieved from /home/airflow/.local/lib/python3.7/site-packages/airflow/example_dags/example_dag_decorator.py
[2022-09-16T07:53:22.976+0000] {logging_mixin.py:115} INFO - [2022-09-16T07:53:22.976+0000] {dag.py:2429} INFO - Sync 1 DAGs
[2022-09-16T07:53:22.993+0000] {logging_mixin.py:115} INFO - [2022-09-16T07:53:22.993+0000] {dag.py:2981} INFO - Setting next_dagrun for example_dag_decorator to None, run_after=None
[2022-09-16T07:53:23.003+0000] {processor.py:161} INFO - Processing /home/airflow/.local/lib/python3.7/site-packages/airflow/example_dags/example_dag_decorator.py took 0.102 seconds
[2022-09-16T07:53:53.544+0000] {processor.py:153} INFO - Started process (PID=172) to work on /home/airflow/.local/lib/python3.7/site-packages/airflow/example_dags/example_dag_decorator.py
[2022-09-16T07:53:53.545+0000] {processor.py:640} INFO - Processing file /home/airflow/.local/lib/python3.7/site-packages/airflow/example_dags/example_dag_decorator.py for tasks to queue
[2022-09-16T07:53:53.545+0000] {logging_mixin.py:115} INFO - [2022-09-16T07:53:53.545+0000] {dagbag.py:508} INFO - Filling up the DagBag from /home/airflow/.local/lib/python3.7/site-packages/airflow/example_dags/example_dag_decorator.py
[2022-09-16T07:53:53.562+0000] {processor.py:650} INFO - DAG(s) dict_keys(['example_dag_decorator']) retrieved from /home/airflow/.local/lib/python3.7/site-packages/airflow/example_dags/example_dag_decorator.py
[2022-09-16T07:53:53.613+0000] {logging_mixin.py:115} INFO - [2022-09-16T07:53:53.613+0000] {dag.py:2429} INFO - Sync 1 DAGs
[2022-09-16T07:53:53.628+0000] {logging_mixin.py:115} INFO - [2022-09-16T07:53:53.628+0000] {dag.py:2981} INFO - Setting next_dagrun for example_dag_decorator to None, run_after=None
[2022-09-16T07:53:53.638+0000] {processor.py:161} INFO - Processing /home/airflow/.local/lib/python3.7/site-packages/airflow/example_dags/example_dag_decorator.py took 0.097 seconds
[2022-09-16T07:54:24.215+0000] {processor.py:153} INFO - Started process (PID=234) to work on /home/airflow/.local/lib/python3.7/site-packages/airflow/example_dags/example_dag_decorator.py
[2022-09-16T07:54:24.216+0000] {processor.py:640} INFO - Processing file /home/airflow/.local/lib/python3.7/site-packages/airflow/example_dags/example_dag_decorator.py for tasks to queue
[2022-09-16T07:54:24.216+0000] {logging_mixin.py:115} INFO - [2022-09-16T07:54:24.216+0000] {dagbag.py:508} INFO - Filling up the DagBag from /home/airflow/.local/lib/python3.7/site-packages/airflow/example_dags/example_dag_decorator.py
[2022-09-16T07:54:24.236+0000] {processor.py:650} INFO - DAG(s) dict_keys(['example_dag_decorator']) retrieved from /home/airflow/.local/lib/python3.7/site-packages/airflow/example_dags/example_dag_decorator.py
[2022-09-16T07:54:24.295+0000] {logging_mixin.py:115} INFO - [2022-09-16T07:54:24.295+0000] {dag.py:2429} INFO - Sync 1 DAGs
[2022-09-16T07:54:24.316+0000] {logging_mixin.py:115} INFO - [2022-09-16T07:54:24.316+0000] {dag.py:2981} INFO - Setting next_dagrun for example_dag_decorator to None, run_after=None
[2022-09-16T07:54:24.328+0000] {processor.py:161} INFO - Processing /home/airflow/.local/lib/python3.7/site-packages/airflow/example_dags/example_dag_decorator.py took 0.116 seconds
[2022-09-16T07:54:55.251+0000] {processor.py:153} INFO - Started process (PID=287) to work on /home/airflow/.local/lib/python3.7/site-packages/airflow/example_dags/example_dag_decorator.py
[2022-09-16T07:54:55.252+0000] {processor.py:640} INFO - Processing file /home/airflow/.local/lib/python3.7/site-packages/airflow/example_dags/example_dag_decorator.py for tasks to queue
[2022-09-16T07:54:55.252+0000] {logging_mixin.py:115} INFO - [2022-09-16T07:54:55.252+0000] {dagbag.py:508} INFO - Filling up the DagBag from /home/airflow/.local/lib/python3.7/site-packages/airflow/example_dags/example_dag_decorator.py
[2022-09-16T07:54:55.269+0000] {processor.py:650} INFO - DAG(s) dict_keys(['example_dag_decorator']) retrieved from /home/airflow/.local/lib/python3.7/site-packages/airflow/example_dags/example_dag_decorator.py
[2022-09-16T07:54:55.325+0000] {logging_mixin.py:115} INFO - [2022-09-16T07:54:55.325+0000] {dag.py:2429} INFO - Sync 1 DAGs
[2022-09-16T07:54:55.341+0000] {logging_mixin.py:115} INFO - [2022-09-16T07:54:55.341+0000] {dag.py:2981} INFO - Setting next_dagrun for example_dag_decorator to None, run_after=None
[2022-09-16T07:54:55.352+0000] {processor.py:161} INFO - Processing /home/airflow/.local/lib/python3.7/site-packages/airflow/example_dags/example_dag_decorator.py took 0.102 seconds
[2022-09-16T07:55:26.077+0000] {processor.py:153} INFO - Started process (PID=349) to work on /home/airflow/.local/lib/python3.7/site-packages/airflow/example_dags/example_dag_decorator.py
[2022-09-16T07:55:26.077+0000] {processor.py:640} INFO - Processing file /home/airflow/.local/lib/python3.7/site-packages/airflow/example_dags/example_dag_decorator.py for tasks to queue
[2022-09-16T07:55:26.078+0000] {logging_mixin.py:115} INFO - [2022-09-16T07:55:26.078+0000] {dagbag.py:508} INFO - Filling up the DagBag from /home/airflow/.local/lib/python3.7/site-packages/airflow/example_dags/example_dag_decorator.py
[2022-09-16T07:55:26.097+0000] {processor.py:650} INFO - DAG(s) dict_keys(['example_dag_decorator']) retrieved from /home/airflow/.local/lib/python3.7/site-packages/airflow/example_dags/example_dag_decorator.py
[2022-09-16T07:55:26.152+0000] {logging_mixin.py:115} INFO - [2022-09-16T07:55:26.152+0000] {dag.py:2429} INFO - Sync 1 DAGs
[2022-09-16T07:55:26.170+0000] {logging_mixin.py:115} INFO - [2022-09-16T07:55:26.169+0000] {dag.py:2981} INFO - Setting next_dagrun for example_dag_decorator to None, run_after=None
[2022-09-16T07:55:26.180+0000] {processor.py:161} INFO - Processing /home/airflow/.local/lib/python3.7/site-packages/airflow/example_dags/example_dag_decorator.py took 0.106 seconds
[2022-09-16T07:55:56.764+0000] {processor.py:153} INFO - Started process (PID=411) to work on /home/airflow/.local/lib/python3.7/site-packages/airflow/example_dags/example_dag_decorator.py
[2022-09-16T07:55:56.765+0000] {processor.py:640} INFO - Processing file /home/airflow/.local/lib/python3.7/site-packages/airflow/example_dags/example_dag_decorator.py for tasks to queue
[2022-09-16T07:55:56.765+0000] {logging_mixin.py:115} INFO - [2022-09-16T07:55:56.765+0000] {dagbag.py:508} INFO - Filling up the DagBag from /home/airflow/.local/lib/python3.7/site-packages/airflow/example_dags/example_dag_decorator.py
[2022-09-16T07:55:56.783+0000] {processor.py:650} INFO - DAG(s) dict_keys(['example_dag_decorator']) retrieved from /home/airflow/.local/lib/python3.7/site-packages/airflow/example_dags/example_dag_decorator.py
[2022-09-16T07:55:56.839+0000] {logging_mixin.py:115} INFO - [2022-09-16T07:55:56.839+0000] {dag.py:2429} INFO - Sync 1 DAGs
[2022-09-16T07:55:56.856+0000] {logging_mixin.py:115} INFO - [2022-09-16T07:55:56.856+0000] {dag.py:2981} INFO - Setting next_dagrun for example_dag_decorator to None, run_after=None
[2022-09-16T07:55:56.866+0000] {processor.py:161} INFO - Processing /home/airflow/.local/lib/python3.7/site-packages/airflow/example_dags/example_dag_decorator.py took 0.105 seconds
[2022-09-16T07:56:27.242+0000] {processor.py:153} INFO - Started process (PID=463) to work on /home/airflow/.local/lib/python3.7/site-packages/airflow/example_dags/example_dag_decorator.py
[2022-09-16T07:56:27.243+0000] {processor.py:640} INFO - Processing file /home/airflow/.local/lib/python3.7/site-packages/airflow/example_dags/example_dag_decorator.py for tasks to queue
[2022-09-16T07:56:27.243+0000] {logging_mixin.py:115} INFO - [2022-09-16T07:56:27.243+0000] {dagbag.py:508} INFO - Filling up the DagBag from /home/airflow/.local/lib/python3.7/site-packages/airflow/example_dags/example_dag_decorator.py
[2022-09-16T07:56:27.260+0000] {processor.py:650} INFO - DAG(s) dict_keys(['example_dag_decorator']) retrieved from /home/airflow/.local/lib/python3.7/site-packages/airflow/example_dags/example_dag_decorator.py
[2022-09-16T07:56:27.311+0000] {logging_mixin.py:115} INFO - [2022-09-16T07:56:27.311+0000] {dag.py:2429} INFO - Sync 1 DAGs
[2022-09-16T07:56:27.327+0000] {logging_mixin.py:115} INFO - [2022-09-16T07:56:27.327+0000] {dag.py:2981} INFO - Setting next_dagrun for example_dag_decorator to None, run_after=None
[2022-09-16T07:56:27.338+0000] {processor.py:161} INFO - Processing /home/airflow/.local/lib/python3.7/site-packages/airflow/example_dags/example_dag_decorator.py took 0.098 seconds
[2022-09-16T07:56:57.957+0000] {processor.py:153} INFO - Started process (PID=525) to work on /home/airflow/.local/lib/python3.7/site-packages/airflow/example_dags/example_dag_decorator.py
[2022-09-16T07:56:57.958+0000] {processor.py:640} INFO - Processing file /home/airflow/.local/lib/python3.7/site-packages/airflow/example_dags/example_dag_decorator.py for tasks to queue
[2022-09-16T07:56:57.959+0000] {logging_mixin.py:115} INFO - [2022-09-16T07:56:57.958+0000] {dagbag.py:508} INFO - Filling up the DagBag from /home/airflow/.local/lib/python3.7/site-packages/airflow/example_dags/example_dag_decorator.py
[2022-09-16T07:56:57.977+0000] {processor.py:650} INFO - DAG(s) dict_keys(['example_dag_decorator']) retrieved from /home/airflow/.local/lib/python3.7/site-packages/airflow/example_dags/example_dag_decorator.py
[2022-09-16T07:56:58.033+0000] {logging_mixin.py:115} INFO - [2022-09-16T07:56:58.033+0000] {dag.py:2429} INFO - Sync 1 DAGs
[2022-09-16T07:56:58.051+0000] {logging_mixin.py:115} INFO - [2022-09-16T07:56:58.051+0000] {dag.py:2981} INFO - Setting next_dagrun for example_dag_decorator to None, run_after=None
[2022-09-16T07:56:58.064+0000] {processor.py:161} INFO - Processing /home/airflow/.local/lib/python3.7/site-packages/airflow/example_dags/example_dag_decorator.py took 0.109 seconds
[2022-09-16T07:57:28.504+0000] {processor.py:153} INFO - Started process (PID=587) to work on /home/airflow/.local/lib/python3.7/site-packages/airflow/example_dags/example_dag_decorator.py
[2022-09-16T07:57:28.505+0000] {processor.py:640} INFO - Processing file /home/airflow/.local/lib/python3.7/site-packages/airflow/example_dags/example_dag_decorator.py for tasks to queue
[2022-09-16T07:57:28.505+0000] {logging_mixin.py:115} INFO - [2022-09-16T07:57:28.505+0000] {dagbag.py:508} INFO - Filling up the DagBag from /home/airflow/.local/lib/python3.7/site-packages/airflow/example_dags/example_dag_decorator.py
[2022-09-16T07:57:28.522+0000] {processor.py:650} INFO - DAG(s) dict_keys(['example_dag_decorator']) retrieved from /home/airflow/.local/lib/python3.7/site-packages/airflow/example_dags/example_dag_decorator.py
[2022-09-16T07:57:28.542+0000] {logging_mixin.py:115} INFO - [2022-09-16T07:57:28.542+0000] {dag.py:2429} INFO - Sync 1 DAGs
[2022-09-16T07:57:28.558+0000] {logging_mixin.py:115} INFO - [2022-09-16T07:57:28.558+0000] {dag.py:2981} INFO - Setting next_dagrun for example_dag_decorator to None, run_after=None
[2022-09-16T07:57:28.568+0000] {processor.py:161} INFO - Processing /home/airflow/.local/lib/python3.7/site-packages/airflow/example_dags/example_dag_decorator.py took 0.066 seconds
[2022-09-16T07:58:43.616+0000] {processor.py:153} INFO - Started process (PID=81) to work on /home/airflow/.local/lib/python3.7/site-packages/airflow/example_dags/example_dag_decorator.py
[2022-09-16T07:58:43.617+0000] {processor.py:640} INFO - Processing file /home/airflow/.local/lib/python3.7/site-packages/airflow/example_dags/example_dag_decorator.py for tasks to queue
[2022-09-16T07:58:43.617+0000] {logging_mixin.py:115} INFO - [2022-09-16T07:58:43.617+0000] {dagbag.py:508} INFO - Filling up the DagBag from /home/airflow/.local/lib/python3.7/site-packages/airflow/example_dags/example_dag_decorator.py
[2022-09-16T07:58:43.652+0000] {processor.py:650} INFO - DAG(s) dict_keys(['example_dag_decorator']) retrieved from /home/airflow/.local/lib/python3.7/site-packages/airflow/example_dags/example_dag_decorator.py
[2022-09-16T07:58:43.729+0000] {logging_mixin.py:115} INFO - [2022-09-16T07:58:43.729+0000] {dag.py:2429} INFO - Sync 1 DAGs
[2022-09-16T07:58:43.752+0000] {logging_mixin.py:115} INFO - [2022-09-16T07:58:43.752+0000] {dag.py:2981} INFO - Setting next_dagrun for example_dag_decorator to None, run_after=None
[2022-09-16T07:58:43.766+0000] {processor.py:161} INFO - Processing /home/airflow/.local/lib/python3.7/site-packages/airflow/example_dags/example_dag_decorator.py took 0.151 seconds
[2022-09-16T07:59:14.737+0000] {processor.py:153} INFO - Started process (PID=143) to work on /home/airflow/.local/lib/python3.7/site-packages/airflow/example_dags/example_dag_decorator.py
[2022-09-16T07:59:14.737+0000] {processor.py:640} INFO - Processing file /home/airflow/.local/lib/python3.7/site-packages/airflow/example_dags/example_dag_decorator.py for tasks to queue
[2022-09-16T07:59:14.738+0000] {logging_mixin.py:115} INFO - [2022-09-16T07:59:14.738+0000] {dagbag.py:508} INFO - Filling up the DagBag from /home/airflow/.local/lib/python3.7/site-packages/airflow/example_dags/example_dag_decorator.py
[2022-09-16T07:59:14.756+0000] {processor.py:650} INFO - DAG(s) dict_keys(['example_dag_decorator']) retrieved from /home/airflow/.local/lib/python3.7/site-packages/airflow/example_dags/example_dag_decorator.py
[2022-09-16T07:59:14.822+0000] {logging_mixin.py:115} INFO - [2022-09-16T07:59:14.822+0000] {dag.py:2429} INFO - Sync 1 DAGs
[2022-09-16T07:59:14.838+0000] {logging_mixin.py:115} INFO - [2022-09-16T07:59:14.838+0000] {dag.py:2981} INFO - Setting next_dagrun for example_dag_decorator to None, run_after=None
[2022-09-16T07:59:14.849+0000] {processor.py:161} INFO - Processing /home/airflow/.local/lib/python3.7/site-packages/airflow/example_dags/example_dag_decorator.py took 0.115 seconds
[2022-09-16T07:59:45.626+0000] {processor.py:153} INFO - Started process (PID=196) to work on /home/airflow/.local/lib/python3.7/site-packages/airflow/example_dags/example_dag_decorator.py
[2022-09-16T07:59:45.627+0000] {processor.py:640} INFO - Processing file /home/airflow/.local/lib/python3.7/site-packages/airflow/example_dags/example_dag_decorator.py for tasks to queue
[2022-09-16T07:59:45.627+0000] {logging_mixin.py:115} INFO - [2022-09-16T07:59:45.627+0000] {dagbag.py:508} INFO - Filling up the DagBag from /home/airflow/.local/lib/python3.7/site-packages/airflow/example_dags/example_dag_decorator.py
[2022-09-16T07:59:45.644+0000] {processor.py:650} INFO - DAG(s) dict_keys(['example_dag_decorator']) retrieved from /home/airflow/.local/lib/python3.7/site-packages/airflow/example_dags/example_dag_decorator.py
[2022-09-16T07:59:45.698+0000] {logging_mixin.py:115} INFO - [2022-09-16T07:59:45.698+0000] {dag.py:2429} INFO - Sync 1 DAGs
[2022-09-16T07:59:45.714+0000] {logging_mixin.py:115} INFO - [2022-09-16T07:59:45.714+0000] {dag.py:2981} INFO - Setting next_dagrun for example_dag_decorator to None, run_after=None
[2022-09-16T07:59:45.725+0000] {processor.py:161} INFO - Processing /home/airflow/.local/lib/python3.7/site-packages/airflow/example_dags/example_dag_decorator.py took 0.101 seconds
[2022-09-16T08:00:16.414+0000] {processor.py:153} INFO - Started process (PID=258) to work on /home/airflow/.local/lib/python3.7/site-packages/airflow/example_dags/example_dag_decorator.py
[2022-09-16T08:00:16.415+0000] {processor.py:640} INFO - Processing file /home/airflow/.local/lib/python3.7/site-packages/airflow/example_dags/example_dag_decorator.py for tasks to queue
[2022-09-16T08:00:16.415+0000] {logging_mixin.py:115} INFO - [2022-09-16T08:00:16.415+0000] {dagbag.py:508} INFO - Filling up the DagBag from /home/airflow/.local/lib/python3.7/site-packages/airflow/example_dags/example_dag_decorator.py
[2022-09-16T08:00:16.433+0000] {processor.py:650} INFO - DAG(s) dict_keys(['example_dag_decorator']) retrieved from /home/airflow/.local/lib/python3.7/site-packages/airflow/example_dags/example_dag_decorator.py
[2022-09-16T08:00:16.491+0000] {logging_mixin.py:115} INFO - [2022-09-16T08:00:16.491+0000] {dag.py:2429} INFO - Sync 1 DAGs
[2022-09-16T08:00:16.507+0000] {logging_mixin.py:115} INFO - [2022-09-16T08:00:16.507+0000] {dag.py:2981} INFO - Setting next_dagrun for example_dag_decorator to None, run_after=None
[2022-09-16T08:00:16.522+0000] {processor.py:161} INFO - Processing /home/airflow/.local/lib/python3.7/site-packages/airflow/example_dags/example_dag_decorator.py took 0.110 seconds
[2022-09-16T08:00:47.392+0000] {processor.py:153} INFO - Started process (PID=320) to work on /home/airflow/.local/lib/python3.7/site-packages/airflow/example_dags/example_dag_decorator.py
[2022-09-16T08:00:47.392+0000] {processor.py:640} INFO - Processing file /home/airflow/.local/lib/python3.7/site-packages/airflow/example_dags/example_dag_decorator.py for tasks to queue
[2022-09-16T08:00:47.393+0000] {logging_mixin.py:115} INFO - [2022-09-16T08:00:47.393+0000] {dagbag.py:508} INFO - Filling up the DagBag from /home/airflow/.local/lib/python3.7/site-packages/airflow/example_dags/example_dag_decorator.py
[2022-09-16T08:00:47.410+0000] {processor.py:650} INFO - DAG(s) dict_keys(['example_dag_decorator']) retrieved from /home/airflow/.local/lib/python3.7/site-packages/airflow/example_dags/example_dag_decorator.py
[2022-09-16T08:00:47.467+0000] {logging_mixin.py:115} INFO - [2022-09-16T08:00:47.467+0000] {dag.py:2429} INFO - Sync 1 DAGs
[2022-09-16T08:00:47.483+0000] {logging_mixin.py:115} INFO - [2022-09-16T08:00:47.483+0000] {dag.py:2981} INFO - Setting next_dagrun for example_dag_decorator to None, run_after=None
[2022-09-16T08:00:47.495+0000] {processor.py:161} INFO - Processing /home/airflow/.local/lib/python3.7/site-packages/airflow/example_dags/example_dag_decorator.py took 0.105 seconds
[2022-09-16T08:01:18.304+0000] {processor.py:153} INFO - Started process (PID=382) to work on /home/airflow/.local/lib/python3.7/site-packages/airflow/example_dags/example_dag_decorator.py
[2022-09-16T08:01:18.305+0000] {processor.py:640} INFO - Processing file /home/airflow/.local/lib/python3.7/site-packages/airflow/example_dags/example_dag_decorator.py for tasks to queue
[2022-09-16T08:01:18.305+0000] {logging_mixin.py:115} INFO - [2022-09-16T08:01:18.305+0000] {dagbag.py:508} INFO - Filling up the DagBag from /home/airflow/.local/lib/python3.7/site-packages/airflow/example_dags/example_dag_decorator.py
[2022-09-16T08:01:18.322+0000] {processor.py:650} INFO - DAG(s) dict_keys(['example_dag_decorator']) retrieved from /home/airflow/.local/lib/python3.7/site-packages/airflow/example_dags/example_dag_decorator.py
[2022-09-16T08:01:18.381+0000] {logging_mixin.py:115} INFO - [2022-09-16T08:01:18.381+0000] {dag.py:2429} INFO - Sync 1 DAGs
[2022-09-16T08:01:18.400+0000] {logging_mixin.py:115} INFO - [2022-09-16T08:01:18.400+0000] {dag.py:2981} INFO - Setting next_dagrun for example_dag_decorator to None, run_after=None
[2022-09-16T08:01:18.413+0000] {processor.py:161} INFO - Processing /home/airflow/.local/lib/python3.7/site-packages/airflow/example_dags/example_dag_decorator.py took 0.111 seconds
[2022-09-16T08:01:48.465+0000] {processor.py:153} INFO - Started process (PID=435) to work on /home/airflow/.local/lib/python3.7/site-packages/airflow/example_dags/example_dag_decorator.py
[2022-09-16T08:01:48.466+0000] {processor.py:640} INFO - Processing file /home/airflow/.local/lib/python3.7/site-packages/airflow/example_dags/example_dag_decorator.py for tasks to queue
[2022-09-16T08:01:48.466+0000] {logging_mixin.py:115} INFO - [2022-09-16T08:01:48.466+0000] {dagbag.py:508} INFO - Filling up the DagBag from /home/airflow/.local/lib/python3.7/site-packages/airflow/example_dags/example_dag_decorator.py
[2022-09-16T08:01:48.484+0000] {processor.py:650} INFO - DAG(s) dict_keys(['example_dag_decorator']) retrieved from /home/airflow/.local/lib/python3.7/site-packages/airflow/example_dags/example_dag_decorator.py
[2022-09-16T08:01:48.538+0000] {logging_mixin.py:115} INFO - [2022-09-16T08:01:48.538+0000] {dag.py:2429} INFO - Sync 1 DAGs
[2022-09-16T08:01:48.554+0000] {logging_mixin.py:115} INFO - [2022-09-16T08:01:48.554+0000] {dag.py:2981} INFO - Setting next_dagrun for example_dag_decorator to None, run_after=None
[2022-09-16T08:01:48.565+0000] {processor.py:161} INFO - Processing /home/airflow/.local/lib/python3.7/site-packages/airflow/example_dags/example_dag_decorator.py took 0.102 seconds
[2022-09-16T08:02:18.620+0000] {processor.py:153} INFO - Started process (PID=498) to work on /home/airflow/.local/lib/python3.7/site-packages/airflow/example_dags/example_dag_decorator.py
[2022-09-16T08:02:18.621+0000] {processor.py:640} INFO - Processing file /home/airflow/.local/lib/python3.7/site-packages/airflow/example_dags/example_dag_decorator.py for tasks to queue
[2022-09-16T08:02:18.621+0000] {logging_mixin.py:115} INFO - [2022-09-16T08:02:18.621+0000] {dagbag.py:508} INFO - Filling up the DagBag from /home/airflow/.local/lib/python3.7/site-packages/airflow/example_dags/example_dag_decorator.py
[2022-09-16T08:02:18.639+0000] {processor.py:650} INFO - DAG(s) dict_keys(['example_dag_decorator']) retrieved from /home/airflow/.local/lib/python3.7/site-packages/airflow/example_dags/example_dag_decorator.py
[2022-09-16T08:02:18.692+0000] {logging_mixin.py:115} INFO - [2022-09-16T08:02:18.692+0000] {dag.py:2429} INFO - Sync 1 DAGs
[2022-09-16T08:02:18.707+0000] {logging_mixin.py:115} INFO - [2022-09-16T08:02:18.707+0000] {dag.py:2981} INFO - Setting next_dagrun for example_dag_decorator to None, run_after=None
[2022-09-16T08:02:18.718+0000] {processor.py:161} INFO - Processing /home/airflow/.local/lib/python3.7/site-packages/airflow/example_dags/example_dag_decorator.py took 0.100 seconds
[2022-09-16T08:02:48.887+0000] {processor.py:153} INFO - Started process (PID=560) to work on /home/airflow/.local/lib/python3.7/site-packages/airflow/example_dags/example_dag_decorator.py
[2022-09-16T08:02:48.888+0000] {processor.py:640} INFO - Processing file /home/airflow/.local/lib/python3.7/site-packages/airflow/example_dags/example_dag_decorator.py for tasks to queue
[2022-09-16T08:02:48.888+0000] {logging_mixin.py:115} INFO - [2022-09-16T08:02:48.888+0000] {dagbag.py:508} INFO - Filling up the DagBag from /home/airflow/.local/lib/python3.7/site-packages/airflow/example_dags/example_dag_decorator.py
[2022-09-16T08:02:48.912+0000] {processor.py:650} INFO - DAG(s) dict_keys(['example_dag_decorator']) retrieved from /home/airflow/.local/lib/python3.7/site-packages/airflow/example_dags/example_dag_decorator.py
[2022-09-16T08:02:48.970+0000] {logging_mixin.py:115} INFO - [2022-09-16T08:02:48.970+0000] {dag.py:2429} INFO - Sync 1 DAGs
[2022-09-16T08:02:48.987+0000] {logging_mixin.py:115} INFO - [2022-09-16T08:02:48.987+0000] {dag.py:2981} INFO - Setting next_dagrun for example_dag_decorator to None, run_after=None
[2022-09-16T08:02:48.997+0000] {processor.py:161} INFO - Processing /home/airflow/.local/lib/python3.7/site-packages/airflow/example_dags/example_dag_decorator.py took 0.113 seconds
[2022-09-16T08:03:19.058+0000] {processor.py:153} INFO - Started process (PID=613) to work on /home/airflow/.local/lib/python3.7/site-packages/airflow/example_dags/example_dag_decorator.py
[2022-09-16T08:03:19.059+0000] {processor.py:640} INFO - Processing file /home/airflow/.local/lib/python3.7/site-packages/airflow/example_dags/example_dag_decorator.py for tasks to queue
[2022-09-16T08:03:19.059+0000] {logging_mixin.py:115} INFO - [2022-09-16T08:03:19.059+0000] {dagbag.py:508} INFO - Filling up the DagBag from /home/airflow/.local/lib/python3.7/site-packages/airflow/example_dags/example_dag_decorator.py
[2022-09-16T08:03:19.078+0000] {processor.py:650} INFO - DAG(s) dict_keys(['example_dag_decorator']) retrieved from /home/airflow/.local/lib/python3.7/site-packages/airflow/example_dags/example_dag_decorator.py
[2022-09-16T08:03:19.136+0000] {logging_mixin.py:115} INFO - [2022-09-16T08:03:19.135+0000] {dag.py:2429} INFO - Sync 1 DAGs
[2022-09-16T08:03:19.152+0000] {logging_mixin.py:115} INFO - [2022-09-16T08:03:19.152+0000] {dag.py:2981} INFO - Setting next_dagrun for example_dag_decorator to None, run_after=None
[2022-09-16T08:03:19.162+0000] {processor.py:161} INFO - Processing /home/airflow/.local/lib/python3.7/site-packages/airflow/example_dags/example_dag_decorator.py took 0.106 seconds
[2022-09-16T08:04:02.334+0000] {processor.py:153} INFO - Started process (PID=63) to work on /home/airflow/.local/lib/python3.7/site-packages/airflow/example_dags/example_dag_decorator.py
[2022-09-16T08:04:02.335+0000] {processor.py:640} INFO - Processing file /home/airflow/.local/lib/python3.7/site-packages/airflow/example_dags/example_dag_decorator.py for tasks to queue
[2022-09-16T08:04:02.336+0000] {logging_mixin.py:115} INFO - [2022-09-16T08:04:02.336+0000] {dagbag.py:508} INFO - Filling up the DagBag from /home/airflow/.local/lib/python3.7/site-packages/airflow/example_dags/example_dag_decorator.py
[2022-09-16T08:04:02.359+0000] {processor.py:650} INFO - DAG(s) dict_keys(['example_dag_decorator']) retrieved from /home/airflow/.local/lib/python3.7/site-packages/airflow/example_dags/example_dag_decorator.py
[2022-09-16T08:04:02.443+0000] {logging_mixin.py:115} INFO - [2022-09-16T08:04:02.443+0000] {dag.py:2429} INFO - Sync 1 DAGs
[2022-09-16T08:04:02.470+0000] {logging_mixin.py:115} INFO - [2022-09-16T08:04:02.469+0000] {dag.py:2981} INFO - Setting next_dagrun for example_dag_decorator to None, run_after=None
[2022-09-16T08:04:02.485+0000] {processor.py:161} INFO - Processing /home/airflow/.local/lib/python3.7/site-packages/airflow/example_dags/example_dag_decorator.py took 0.154 seconds
[2022-09-16T08:04:32.712+0000] {processor.py:153} INFO - Started process (PID=125) to work on /home/airflow/.local/lib/python3.7/site-packages/airflow/example_dags/example_dag_decorator.py
[2022-09-16T08:04:32.712+0000] {processor.py:640} INFO - Processing file /home/airflow/.local/lib/python3.7/site-packages/airflow/example_dags/example_dag_decorator.py for tasks to queue
[2022-09-16T08:04:32.713+0000] {logging_mixin.py:115} INFO - [2022-09-16T08:04:32.713+0000] {dagbag.py:508} INFO - Filling up the DagBag from /home/airflow/.local/lib/python3.7/site-packages/airflow/example_dags/example_dag_decorator.py
[2022-09-16T08:04:32.730+0000] {processor.py:650} INFO - DAG(s) dict_keys(['example_dag_decorator']) retrieved from /home/airflow/.local/lib/python3.7/site-packages/airflow/example_dags/example_dag_decorator.py
[2022-09-16T08:04:32.789+0000] {logging_mixin.py:115} INFO - [2022-09-16T08:04:32.788+0000] {dag.py:2429} INFO - Sync 1 DAGs
[2022-09-16T08:04:32.805+0000] {logging_mixin.py:115} INFO - [2022-09-16T08:04:32.805+0000] {dag.py:2981} INFO - Setting next_dagrun for example_dag_decorator to None, run_after=None
[2022-09-16T08:04:32.817+0000] {processor.py:161} INFO - Processing /home/airflow/.local/lib/python3.7/site-packages/airflow/example_dags/example_dag_decorator.py took 0.108 seconds
[2022-09-16T08:06:40.143+0000] {processor.py:153} INFO - Started process (PID=63) to work on /home/airflow/.local/lib/python3.7/site-packages/airflow/example_dags/example_dag_decorator.py
[2022-09-16T08:06:40.144+0000] {processor.py:640} INFO - Processing file /home/airflow/.local/lib/python3.7/site-packages/airflow/example_dags/example_dag_decorator.py for tasks to queue
[2022-09-16T08:06:40.144+0000] {logging_mixin.py:115} INFO - [2022-09-16T08:06:40.144+0000] {dagbag.py:508} INFO - Filling up the DagBag from /home/airflow/.local/lib/python3.7/site-packages/airflow/example_dags/example_dag_decorator.py
[2022-09-16T08:06:40.171+0000] {processor.py:650} INFO - DAG(s) dict_keys(['example_dag_decorator']) retrieved from /home/airflow/.local/lib/python3.7/site-packages/airflow/example_dags/example_dag_decorator.py
[2022-09-16T08:06:40.241+0000] {logging_mixin.py:115} INFO - [2022-09-16T08:06:40.241+0000] {dag.py:2429} INFO - Sync 1 DAGs
[2022-09-16T08:06:40.270+0000] {logging_mixin.py:115} INFO - [2022-09-16T08:06:40.270+0000] {dag.py:2981} INFO - Setting next_dagrun for example_dag_decorator to None, run_after=None
[2022-09-16T08:06:40.291+0000] {processor.py:161} INFO - Processing /home/airflow/.local/lib/python3.7/site-packages/airflow/example_dags/example_dag_decorator.py took 0.151 seconds
[2022-09-16T08:08:03.668+0000] {processor.py:153} INFO - Started process (PID=62) to work on /home/airflow/.local/lib/python3.7/site-packages/airflow/example_dags/example_dag_decorator.py
[2022-09-16T08:08:03.669+0000] {processor.py:640} INFO - Processing file /home/airflow/.local/lib/python3.7/site-packages/airflow/example_dags/example_dag_decorator.py for tasks to queue
[2022-09-16T08:08:03.669+0000] {logging_mixin.py:115} INFO - [2022-09-16T08:08:03.669+0000] {dagbag.py:508} INFO - Filling up the DagBag from /home/airflow/.local/lib/python3.7/site-packages/airflow/example_dags/example_dag_decorator.py
[2022-09-16T08:08:03.687+0000] {processor.py:650} INFO - DAG(s) dict_keys(['example_dag_decorator']) retrieved from /home/airflow/.local/lib/python3.7/site-packages/airflow/example_dags/example_dag_decorator.py
[2022-09-16T08:08:03.756+0000] {logging_mixin.py:115} INFO - [2022-09-16T08:08:03.756+0000] {dag.py:2429} INFO - Sync 1 DAGs
[2022-09-16T08:08:03.782+0000] {logging_mixin.py:115} INFO - [2022-09-16T08:08:03.782+0000] {dag.py:2981} INFO - Setting next_dagrun for example_dag_decorator to None, run_after=None
[2022-09-16T08:08:03.797+0000] {processor.py:161} INFO - Processing /home/airflow/.local/lib/python3.7/site-packages/airflow/example_dags/example_dag_decorator.py took 0.130 seconds
[2022-09-16T08:10:13.284+0000] {processor.py:153} INFO - Started process (PID=63) to work on /home/airflow/.local/lib/python3.7/site-packages/airflow/example_dags/example_dag_decorator.py
[2022-09-16T08:10:13.285+0000] {processor.py:640} INFO - Processing file /home/airflow/.local/lib/python3.7/site-packages/airflow/example_dags/example_dag_decorator.py for tasks to queue
[2022-09-16T08:10:13.285+0000] {logging_mixin.py:115} INFO - [2022-09-16T08:10:13.285+0000] {dagbag.py:508} INFO - Filling up the DagBag from /home/airflow/.local/lib/python3.7/site-packages/airflow/example_dags/example_dag_decorator.py
[2022-09-16T08:10:13.312+0000] {processor.py:650} INFO - DAG(s) dict_keys(['example_dag_decorator']) retrieved from /home/airflow/.local/lib/python3.7/site-packages/airflow/example_dags/example_dag_decorator.py
[2022-09-16T08:10:13.399+0000] {logging_mixin.py:115} INFO - [2022-09-16T08:10:13.398+0000] {dag.py:2429} INFO - Sync 1 DAGs
[2022-09-16T08:10:13.420+0000] {logging_mixin.py:115} INFO - [2022-09-16T08:10:13.420+0000] {dag.py:2981} INFO - Setting next_dagrun for example_dag_decorator to None, run_after=None
[2022-09-16T08:10:13.434+0000] {processor.py:161} INFO - Processing /home/airflow/.local/lib/python3.7/site-packages/airflow/example_dags/example_dag_decorator.py took 0.152 seconds
[2022-09-16T08:10:44.475+0000] {processor.py:153} INFO - Started process (PID=125) to work on /home/airflow/.local/lib/python3.7/site-packages/airflow/example_dags/example_dag_decorator.py
[2022-09-16T08:10:44.476+0000] {processor.py:640} INFO - Processing file /home/airflow/.local/lib/python3.7/site-packages/airflow/example_dags/example_dag_decorator.py for tasks to queue
[2022-09-16T08:10:44.477+0000] {logging_mixin.py:115} INFO - [2022-09-16T08:10:44.476+0000] {dagbag.py:508} INFO - Filling up the DagBag from /home/airflow/.local/lib/python3.7/site-packages/airflow/example_dags/example_dag_decorator.py
[2022-09-16T08:10:44.497+0000] {processor.py:650} INFO - DAG(s) dict_keys(['example_dag_decorator']) retrieved from /home/airflow/.local/lib/python3.7/site-packages/airflow/example_dags/example_dag_decorator.py
[2022-09-16T08:10:44.563+0000] {logging_mixin.py:115} INFO - [2022-09-16T08:10:44.563+0000] {dag.py:2429} INFO - Sync 1 DAGs
[2022-09-16T08:10:44.587+0000] {logging_mixin.py:115} INFO - [2022-09-16T08:10:44.587+0000] {dag.py:2981} INFO - Setting next_dagrun for example_dag_decorator to None, run_after=None
[2022-09-16T08:10:44.600+0000] {processor.py:161} INFO - Processing /home/airflow/.local/lib/python3.7/site-packages/airflow/example_dags/example_dag_decorator.py took 0.126 seconds
[2022-09-16T08:13:51.425+0000] {processor.py:153} INFO - Started process (PID=95) to work on /home/airflow/.local/lib/python3.7/site-packages/airflow/example_dags/example_dag_decorator.py
[2022-09-16T08:13:51.425+0000] {processor.py:640} INFO - Processing file /home/airflow/.local/lib/python3.7/site-packages/airflow/example_dags/example_dag_decorator.py for tasks to queue
[2022-09-16T08:13:51.426+0000] {logging_mixin.py:115} INFO - [2022-09-16T08:13:51.426+0000] {dagbag.py:508} INFO - Filling up the DagBag from /home/airflow/.local/lib/python3.7/site-packages/airflow/example_dags/example_dag_decorator.py
[2022-09-16T08:13:51.451+0000] {processor.py:650} INFO - DAG(s) dict_keys(['example_dag_decorator']) retrieved from /home/airflow/.local/lib/python3.7/site-packages/airflow/example_dags/example_dag_decorator.py
[2022-09-16T08:13:51.509+0000] {logging_mixin.py:115} INFO - [2022-09-16T08:13:51.509+0000] {dag.py:2429} INFO - Sync 1 DAGs
[2022-09-16T08:13:51.527+0000] {logging_mixin.py:115} INFO - [2022-09-16T08:13:51.527+0000] {dag.py:2981} INFO - Setting next_dagrun for example_dag_decorator to None, run_after=None
[2022-09-16T08:13:51.541+0000] {processor.py:161} INFO - Processing /home/airflow/.local/lib/python3.7/site-packages/airflow/example_dags/example_dag_decorator.py took 0.118 seconds
[2022-09-16T08:15:36.194+0000] {processor.py:153} INFO - Started process (PID=63) to work on /home/airflow/.local/lib/python3.7/site-packages/airflow/example_dags/example_dag_decorator.py
[2022-09-16T08:15:36.195+0000] {processor.py:640} INFO - Processing file /home/airflow/.local/lib/python3.7/site-packages/airflow/example_dags/example_dag_decorator.py for tasks to queue
[2022-09-16T08:15:36.195+0000] {logging_mixin.py:115} INFO - [2022-09-16T08:15:36.195+0000] {dagbag.py:508} INFO - Filling up the DagBag from /home/airflow/.local/lib/python3.7/site-packages/airflow/example_dags/example_dag_decorator.py
[2022-09-16T08:15:36.220+0000] {processor.py:650} INFO - DAG(s) dict_keys(['example_dag_decorator']) retrieved from /home/airflow/.local/lib/python3.7/site-packages/airflow/example_dags/example_dag_decorator.py
[2022-09-16T08:15:36.303+0000] {logging_mixin.py:115} INFO - [2022-09-16T08:15:36.303+0000] {dag.py:2429} INFO - Sync 1 DAGs
[2022-09-16T08:15:36.325+0000] {logging_mixin.py:115} INFO - [2022-09-16T08:15:36.325+0000] {dag.py:2981} INFO - Setting next_dagrun for example_dag_decorator to None, run_after=None
[2022-09-16T08:15:36.341+0000] {processor.py:161} INFO - Processing /home/airflow/.local/lib/python3.7/site-packages/airflow/example_dags/example_dag_decorator.py took 0.150 seconds
[2022-09-16T08:18:34.111+0000] {processor.py:153} INFO - Started process (PID=106) to work on /home/airflow/.local/lib/python3.7/site-packages/airflow/example_dags/example_dag_decorator.py
[2022-09-16T08:18:34.112+0000] {processor.py:640} INFO - Processing file /home/airflow/.local/lib/python3.7/site-packages/airflow/example_dags/example_dag_decorator.py for tasks to queue
[2022-09-16T08:18:34.112+0000] {logging_mixin.py:115} INFO - [2022-09-16T08:18:34.112+0000] {dagbag.py:508} INFO - Filling up the DagBag from /home/airflow/.local/lib/python3.7/site-packages/airflow/example_dags/example_dag_decorator.py
[2022-09-16T08:18:34.137+0000] {processor.py:650} INFO - DAG(s) dict_keys(['example_dag_decorator']) retrieved from /home/airflow/.local/lib/python3.7/site-packages/airflow/example_dags/example_dag_decorator.py
[2022-09-16T08:18:34.193+0000] {logging_mixin.py:115} INFO - [2022-09-16T08:18:34.193+0000] {dag.py:2429} INFO - Sync 1 DAGs
[2022-09-16T08:18:34.210+0000] {logging_mixin.py:115} INFO - [2022-09-16T08:18:34.210+0000] {dag.py:2981} INFO - Setting next_dagrun for example_dag_decorator to None, run_after=None
[2022-09-16T08:18:34.223+0000] {processor.py:161} INFO - Processing /home/airflow/.local/lib/python3.7/site-packages/airflow/example_dags/example_dag_decorator.py took 0.114 seconds
[2022-09-16T08:19:05.314+0000] {processor.py:153} INFO - Started process (PID=168) to work on /home/airflow/.local/lib/python3.7/site-packages/airflow/example_dags/example_dag_decorator.py
[2022-09-16T08:19:05.315+0000] {processor.py:640} INFO - Processing file /home/airflow/.local/lib/python3.7/site-packages/airflow/example_dags/example_dag_decorator.py for tasks to queue
[2022-09-16T08:19:05.315+0000] {logging_mixin.py:115} INFO - [2022-09-16T08:19:05.315+0000] {dagbag.py:508} INFO - Filling up the DagBag from /home/airflow/.local/lib/python3.7/site-packages/airflow/example_dags/example_dag_decorator.py
[2022-09-16T08:19:05.335+0000] {processor.py:650} INFO - DAG(s) dict_keys(['example_dag_decorator']) retrieved from /home/airflow/.local/lib/python3.7/site-packages/airflow/example_dags/example_dag_decorator.py
[2022-09-16T08:19:05.394+0000] {logging_mixin.py:115} INFO - [2022-09-16T08:19:05.393+0000] {dag.py:2429} INFO - Sync 1 DAGs
[2022-09-16T08:19:05.412+0000] {logging_mixin.py:115} INFO - [2022-09-16T08:19:05.412+0000] {dag.py:2981} INFO - Setting next_dagrun for example_dag_decorator to None, run_after=None
[2022-09-16T08:19:05.424+0000] {processor.py:161} INFO - Processing /home/airflow/.local/lib/python3.7/site-packages/airflow/example_dags/example_dag_decorator.py took 0.112 seconds
