[2022-09-16T07:52:51.892+0000] {processor.py:153} INFO - Started process (PID=48) to work on /home/airflow/.local/lib/python3.7/site-packages/airflow/example_dags/example_branch_python_dop_operator_3.py
[2022-09-16T07:52:51.893+0000] {processor.py:640} INFO - Processing file /home/airflow/.local/lib/python3.7/site-packages/airflow/example_dags/example_branch_python_dop_operator_3.py for tasks to queue
[2022-09-16T07:52:51.893+0000] {logging_mixin.py:115} INFO - [2022-09-16T07:52:51.893+0000] {dagbag.py:508} INFO - Filling up the DagBag from /home/airflow/.local/lib/python3.7/site-packages/airflow/example_dags/example_branch_python_dop_operator_3.py
[2022-09-16T07:52:51.901+0000] {processor.py:650} INFO - DAG(s) dict_keys(['example_branch_dop_operator_v3']) retrieved from /home/airflow/.local/lib/python3.7/site-packages/airflow/example_dags/example_branch_python_dop_operator_3.py
[2022-09-16T07:52:51.919+0000] {logging_mixin.py:115} INFO - [2022-09-16T07:52:51.919+0000] {dag.py:2429} INFO - Sync 1 DAGs
[2022-09-16T07:52:51.941+0000] {logging_mixin.py:115} INFO - [2022-09-16T07:52:51.941+0000] {dag.py:2981} INFO - Setting next_dagrun for example_branch_dop_operator_v3 to 2022-09-16T07:51:00+00:00, run_after=2022-09-16T07:52:00+00:00
[2022-09-16T07:52:51.952+0000] {processor.py:161} INFO - Processing /home/airflow/.local/lib/python3.7/site-packages/airflow/example_dags/example_branch_python_dop_operator_3.py took 0.062 seconds
[2022-09-16T07:53:22.835+0000] {processor.py:153} INFO - Started process (PID=109) to work on /home/airflow/.local/lib/python3.7/site-packages/airflow/example_dags/example_branch_python_dop_operator_3.py
[2022-09-16T07:53:22.836+0000] {processor.py:640} INFO - Processing file /home/airflow/.local/lib/python3.7/site-packages/airflow/example_dags/example_branch_python_dop_operator_3.py for tasks to queue
[2022-09-16T07:53:22.836+0000] {logging_mixin.py:115} INFO - [2022-09-16T07:53:22.836+0000] {dagbag.py:508} INFO - Filling up the DagBag from /home/airflow/.local/lib/python3.7/site-packages/airflow/example_dags/example_branch_python_dop_operator_3.py
[2022-09-16T07:53:22.843+0000] {processor.py:650} INFO - DAG(s) dict_keys(['example_branch_dop_operator_v3']) retrieved from /home/airflow/.local/lib/python3.7/site-packages/airflow/example_dags/example_branch_python_dop_operator_3.py
[2022-09-16T07:53:22.860+0000] {logging_mixin.py:115} INFO - [2022-09-16T07:53:22.860+0000] {dag.py:2429} INFO - Sync 1 DAGs
[2022-09-16T07:53:22.882+0000] {logging_mixin.py:115} INFO - [2022-09-16T07:53:22.882+0000] {dag.py:2981} INFO - Setting next_dagrun for example_branch_dop_operator_v3 to 2022-09-16T07:52:00+00:00, run_after=2022-09-16T07:53:00+00:00
[2022-09-16T07:53:22.892+0000] {processor.py:161} INFO - Processing /home/airflow/.local/lib/python3.7/site-packages/airflow/example_dags/example_branch_python_dop_operator_3.py took 0.059 seconds
[2022-09-16T07:53:53.476+0000] {processor.py:153} INFO - Started process (PID=171) to work on /home/airflow/.local/lib/python3.7/site-packages/airflow/example_dags/example_branch_python_dop_operator_3.py
[2022-09-16T07:53:53.477+0000] {processor.py:640} INFO - Processing file /home/airflow/.local/lib/python3.7/site-packages/airflow/example_dags/example_branch_python_dop_operator_3.py for tasks to queue
[2022-09-16T07:53:53.477+0000] {logging_mixin.py:115} INFO - [2022-09-16T07:53:53.477+0000] {dagbag.py:508} INFO - Filling up the DagBag from /home/airflow/.local/lib/python3.7/site-packages/airflow/example_dags/example_branch_python_dop_operator_3.py
[2022-09-16T07:53:53.484+0000] {processor.py:650} INFO - DAG(s) dict_keys(['example_branch_dop_operator_v3']) retrieved from /home/airflow/.local/lib/python3.7/site-packages/airflow/example_dags/example_branch_python_dop_operator_3.py
[2022-09-16T07:53:53.501+0000] {logging_mixin.py:115} INFO - [2022-09-16T07:53:53.501+0000] {dag.py:2429} INFO - Sync 1 DAGs
[2022-09-16T07:53:53.521+0000] {logging_mixin.py:115} INFO - [2022-09-16T07:53:53.521+0000] {dag.py:2981} INFO - Setting next_dagrun for example_branch_dop_operator_v3 to 2022-09-16T07:52:00+00:00, run_after=2022-09-16T07:53:00+00:00
[2022-09-16T07:53:53.530+0000] {processor.py:161} INFO - Processing /home/airflow/.local/lib/python3.7/site-packages/airflow/example_dags/example_branch_python_dop_operator_3.py took 0.056 seconds
[2022-09-16T07:54:24.129+0000] {processor.py:153} INFO - Started process (PID=233) to work on /home/airflow/.local/lib/python3.7/site-packages/airflow/example_dags/example_branch_python_dop_operator_3.py
[2022-09-16T07:54:24.130+0000] {processor.py:640} INFO - Processing file /home/airflow/.local/lib/python3.7/site-packages/airflow/example_dags/example_branch_python_dop_operator_3.py for tasks to queue
[2022-09-16T07:54:24.131+0000] {logging_mixin.py:115} INFO - [2022-09-16T07:54:24.131+0000] {dagbag.py:508} INFO - Filling up the DagBag from /home/airflow/.local/lib/python3.7/site-packages/airflow/example_dags/example_branch_python_dop_operator_3.py
[2022-09-16T07:54:24.141+0000] {processor.py:650} INFO - DAG(s) dict_keys(['example_branch_dop_operator_v3']) retrieved from /home/airflow/.local/lib/python3.7/site-packages/airflow/example_dags/example_branch_python_dop_operator_3.py
[2022-09-16T07:54:24.163+0000] {logging_mixin.py:115} INFO - [2022-09-16T07:54:24.162+0000] {dag.py:2429} INFO - Sync 1 DAGs
[2022-09-16T07:54:24.187+0000] {logging_mixin.py:115} INFO - [2022-09-16T07:54:24.187+0000] {dag.py:2981} INFO - Setting next_dagrun for example_branch_dop_operator_v3 to 2022-09-16T07:53:00+00:00, run_after=2022-09-16T07:54:00+00:00
[2022-09-16T07:54:24.198+0000] {processor.py:161} INFO - Processing /home/airflow/.local/lib/python3.7/site-packages/airflow/example_dags/example_branch_python_dop_operator_3.py took 0.071 seconds
[2022-09-16T07:54:55.248+0000] {processor.py:153} INFO - Started process (PID=286) to work on /home/airflow/.local/lib/python3.7/site-packages/airflow/example_dags/example_branch_python_dop_operator_3.py
[2022-09-16T07:54:55.249+0000] {processor.py:640} INFO - Processing file /home/airflow/.local/lib/python3.7/site-packages/airflow/example_dags/example_branch_python_dop_operator_3.py for tasks to queue
[2022-09-16T07:54:55.249+0000] {logging_mixin.py:115} INFO - [2022-09-16T07:54:55.249+0000] {dagbag.py:508} INFO - Filling up the DagBag from /home/airflow/.local/lib/python3.7/site-packages/airflow/example_dags/example_branch_python_dop_operator_3.py
[2022-09-16T07:54:55.256+0000] {processor.py:650} INFO - DAG(s) dict_keys(['example_branch_dop_operator_v3']) retrieved from /home/airflow/.local/lib/python3.7/site-packages/airflow/example_dags/example_branch_python_dop_operator_3.py
[2022-09-16T07:54:55.273+0000] {logging_mixin.py:115} INFO - [2022-09-16T07:54:55.273+0000] {dag.py:2429} INFO - Sync 1 DAGs
[2022-09-16T07:54:55.294+0000] {logging_mixin.py:115} INFO - [2022-09-16T07:54:55.294+0000] {dag.py:2981} INFO - Setting next_dagrun for example_branch_dop_operator_v3 to 2022-09-16T07:53:00+00:00, run_after=2022-09-16T07:54:00+00:00
[2022-09-16T07:54:55.304+0000] {processor.py:161} INFO - Processing /home/airflow/.local/lib/python3.7/site-packages/airflow/example_dags/example_branch_python_dop_operator_3.py took 0.058 seconds
[2022-09-16T07:55:26.073+0000] {processor.py:153} INFO - Started process (PID=348) to work on /home/airflow/.local/lib/python3.7/site-packages/airflow/example_dags/example_branch_python_dop_operator_3.py
[2022-09-16T07:55:26.073+0000] {processor.py:640} INFO - Processing file /home/airflow/.local/lib/python3.7/site-packages/airflow/example_dags/example_branch_python_dop_operator_3.py for tasks to queue
[2022-09-16T07:55:26.074+0000] {logging_mixin.py:115} INFO - [2022-09-16T07:55:26.074+0000] {dagbag.py:508} INFO - Filling up the DagBag from /home/airflow/.local/lib/python3.7/site-packages/airflow/example_dags/example_branch_python_dop_operator_3.py
[2022-09-16T07:55:26.080+0000] {processor.py:650} INFO - DAG(s) dict_keys(['example_branch_dop_operator_v3']) retrieved from /home/airflow/.local/lib/python3.7/site-packages/airflow/example_dags/example_branch_python_dop_operator_3.py
[2022-09-16T07:55:26.099+0000] {logging_mixin.py:115} INFO - [2022-09-16T07:55:26.099+0000] {dag.py:2429} INFO - Sync 1 DAGs
[2022-09-16T07:55:26.120+0000] {logging_mixin.py:115} INFO - [2022-09-16T07:55:26.120+0000] {dag.py:2981} INFO - Setting next_dagrun for example_branch_dop_operator_v3 to 2022-09-16T07:54:00+00:00, run_after=2022-09-16T07:55:00+00:00
[2022-09-16T07:55:26.130+0000] {processor.py:161} INFO - Processing /home/airflow/.local/lib/python3.7/site-packages/airflow/example_dags/example_branch_python_dop_operator_3.py took 0.060 seconds
[2022-09-16T07:55:56.760+0000] {processor.py:153} INFO - Started process (PID=410) to work on /home/airflow/.local/lib/python3.7/site-packages/airflow/example_dags/example_branch_python_dop_operator_3.py
[2022-09-16T07:55:56.761+0000] {processor.py:640} INFO - Processing file /home/airflow/.local/lib/python3.7/site-packages/airflow/example_dags/example_branch_python_dop_operator_3.py for tasks to queue
[2022-09-16T07:55:56.761+0000] {logging_mixin.py:115} INFO - [2022-09-16T07:55:56.761+0000] {dagbag.py:508} INFO - Filling up the DagBag from /home/airflow/.local/lib/python3.7/site-packages/airflow/example_dags/example_branch_python_dop_operator_3.py
[2022-09-16T07:55:56.768+0000] {processor.py:650} INFO - DAG(s) dict_keys(['example_branch_dop_operator_v3']) retrieved from /home/airflow/.local/lib/python3.7/site-packages/airflow/example_dags/example_branch_python_dop_operator_3.py
[2022-09-16T07:55:56.786+0000] {logging_mixin.py:115} INFO - [2022-09-16T07:55:56.786+0000] {dag.py:2429} INFO - Sync 1 DAGs
[2022-09-16T07:55:56.807+0000] {logging_mixin.py:115} INFO - [2022-09-16T07:55:56.807+0000] {dag.py:2981} INFO - Setting next_dagrun for example_branch_dop_operator_v3 to 2022-09-16T07:54:00+00:00, run_after=2022-09-16T07:55:00+00:00
[2022-09-16T07:55:56.816+0000] {processor.py:161} INFO - Processing /home/airflow/.local/lib/python3.7/site-packages/airflow/example_dags/example_branch_python_dop_operator_3.py took 0.058 seconds
[2022-09-16T07:56:27.176+0000] {processor.py:153} INFO - Started process (PID=462) to work on /home/airflow/.local/lib/python3.7/site-packages/airflow/example_dags/example_branch_python_dop_operator_3.py
[2022-09-16T07:56:27.176+0000] {processor.py:640} INFO - Processing file /home/airflow/.local/lib/python3.7/site-packages/airflow/example_dags/example_branch_python_dop_operator_3.py for tasks to queue
[2022-09-16T07:56:27.177+0000] {logging_mixin.py:115} INFO - [2022-09-16T07:56:27.177+0000] {dagbag.py:508} INFO - Filling up the DagBag from /home/airflow/.local/lib/python3.7/site-packages/airflow/example_dags/example_branch_python_dop_operator_3.py
[2022-09-16T07:56:27.183+0000] {processor.py:650} INFO - DAG(s) dict_keys(['example_branch_dop_operator_v3']) retrieved from /home/airflow/.local/lib/python3.7/site-packages/airflow/example_dags/example_branch_python_dop_operator_3.py
[2022-09-16T07:56:27.201+0000] {logging_mixin.py:115} INFO - [2022-09-16T07:56:27.200+0000] {dag.py:2429} INFO - Sync 1 DAGs
[2022-09-16T07:56:27.221+0000] {logging_mixin.py:115} INFO - [2022-09-16T07:56:27.221+0000] {dag.py:2981} INFO - Setting next_dagrun for example_branch_dop_operator_v3 to 2022-09-16T07:55:00+00:00, run_after=2022-09-16T07:56:00+00:00
[2022-09-16T07:56:27.230+0000] {processor.py:161} INFO - Processing /home/airflow/.local/lib/python3.7/site-packages/airflow/example_dags/example_branch_python_dop_operator_3.py took 0.057 seconds
[2022-09-16T07:56:57.880+0000] {processor.py:153} INFO - Started process (PID=524) to work on /home/airflow/.local/lib/python3.7/site-packages/airflow/example_dags/example_branch_python_dop_operator_3.py
[2022-09-16T07:56:57.881+0000] {processor.py:640} INFO - Processing file /home/airflow/.local/lib/python3.7/site-packages/airflow/example_dags/example_branch_python_dop_operator_3.py for tasks to queue
[2022-09-16T07:56:57.882+0000] {logging_mixin.py:115} INFO - [2022-09-16T07:56:57.882+0000] {dagbag.py:508} INFO - Filling up the DagBag from /home/airflow/.local/lib/python3.7/site-packages/airflow/example_dags/example_branch_python_dop_operator_3.py
[2022-09-16T07:56:57.889+0000] {processor.py:650} INFO - DAG(s) dict_keys(['example_branch_dop_operator_v3']) retrieved from /home/airflow/.local/lib/python3.7/site-packages/airflow/example_dags/example_branch_python_dop_operator_3.py
[2022-09-16T07:56:57.911+0000] {logging_mixin.py:115} INFO - [2022-09-16T07:56:57.911+0000] {dag.py:2429} INFO - Sync 1 DAGs
[2022-09-16T07:56:57.935+0000] {logging_mixin.py:115} INFO - [2022-09-16T07:56:57.934+0000] {dag.py:2981} INFO - Setting next_dagrun for example_branch_dop_operator_v3 to 2022-09-16T07:55:00+00:00, run_after=2022-09-16T07:56:00+00:00
[2022-09-16T07:56:57.944+0000] {processor.py:161} INFO - Processing /home/airflow/.local/lib/python3.7/site-packages/airflow/example_dags/example_branch_python_dop_operator_3.py took 0.066 seconds
[2022-09-16T07:57:28.434+0000] {processor.py:153} INFO - Started process (PID=586) to work on /home/airflow/.local/lib/python3.7/site-packages/airflow/example_dags/example_branch_python_dop_operator_3.py
[2022-09-16T07:57:28.434+0000] {processor.py:640} INFO - Processing file /home/airflow/.local/lib/python3.7/site-packages/airflow/example_dags/example_branch_python_dop_operator_3.py for tasks to queue
[2022-09-16T07:57:28.435+0000] {logging_mixin.py:115} INFO - [2022-09-16T07:57:28.435+0000] {dagbag.py:508} INFO - Filling up the DagBag from /home/airflow/.local/lib/python3.7/site-packages/airflow/example_dags/example_branch_python_dop_operator_3.py
[2022-09-16T07:57:28.441+0000] {processor.py:650} INFO - DAG(s) dict_keys(['example_branch_dop_operator_v3']) retrieved from /home/airflow/.local/lib/python3.7/site-packages/airflow/example_dags/example_branch_python_dop_operator_3.py
[2022-09-16T07:57:28.459+0000] {logging_mixin.py:115} INFO - [2022-09-16T07:57:28.458+0000] {dag.py:2429} INFO - Sync 1 DAGs
[2022-09-16T07:57:28.482+0000] {logging_mixin.py:115} INFO - [2022-09-16T07:57:28.481+0000] {dag.py:2981} INFO - Setting next_dagrun for example_branch_dop_operator_v3 to 2022-09-16T07:56:00+00:00, run_after=2022-09-16T07:57:00+00:00
[2022-09-16T07:57:28.491+0000] {processor.py:161} INFO - Processing /home/airflow/.local/lib/python3.7/site-packages/airflow/example_dags/example_branch_python_dop_operator_3.py took 0.060 seconds
[2022-09-16T07:58:43.604+0000] {processor.py:153} INFO - Started process (PID=80) to work on /home/airflow/.local/lib/python3.7/site-packages/airflow/example_dags/example_branch_python_dop_operator_3.py
[2022-09-16T07:58:43.605+0000] {processor.py:640} INFO - Processing file /home/airflow/.local/lib/python3.7/site-packages/airflow/example_dags/example_branch_python_dop_operator_3.py for tasks to queue
[2022-09-16T07:58:43.605+0000] {logging_mixin.py:115} INFO - [2022-09-16T07:58:43.605+0000] {dagbag.py:508} INFO - Filling up the DagBag from /home/airflow/.local/lib/python3.7/site-packages/airflow/example_dags/example_branch_python_dop_operator_3.py
[2022-09-16T07:58:43.613+0000] {processor.py:650} INFO - DAG(s) dict_keys(['example_branch_dop_operator_v3']) retrieved from /home/airflow/.local/lib/python3.7/site-packages/airflow/example_dags/example_branch_python_dop_operator_3.py
[2022-09-16T07:58:43.633+0000] {logging_mixin.py:115} INFO - [2022-09-16T07:58:43.633+0000] {dag.py:2429} INFO - Sync 1 DAGs
[2022-09-16T07:58:43.656+0000] {logging_mixin.py:115} INFO - [2022-09-16T07:58:43.656+0000] {dag.py:2981} INFO - Setting next_dagrun for example_branch_dop_operator_v3 to 2022-09-16T07:57:00+00:00, run_after=2022-09-16T07:58:00+00:00
[2022-09-16T07:58:43.669+0000] {processor.py:161} INFO - Processing /home/airflow/.local/lib/python3.7/site-packages/airflow/example_dags/example_branch_python_dop_operator_3.py took 0.067 seconds
[2022-09-16T07:59:14.659+0000] {processor.py:153} INFO - Started process (PID=142) to work on /home/airflow/.local/lib/python3.7/site-packages/airflow/example_dags/example_branch_python_dop_operator_3.py
[2022-09-16T07:59:14.660+0000] {processor.py:640} INFO - Processing file /home/airflow/.local/lib/python3.7/site-packages/airflow/example_dags/example_branch_python_dop_operator_3.py for tasks to queue
[2022-09-16T07:59:14.660+0000] {logging_mixin.py:115} INFO - [2022-09-16T07:59:14.660+0000] {dagbag.py:508} INFO - Filling up the DagBag from /home/airflow/.local/lib/python3.7/site-packages/airflow/example_dags/example_branch_python_dop_operator_3.py
[2022-09-16T07:59:14.668+0000] {processor.py:650} INFO - DAG(s) dict_keys(['example_branch_dop_operator_v3']) retrieved from /home/airflow/.local/lib/python3.7/site-packages/airflow/example_dags/example_branch_python_dop_operator_3.py
[2022-09-16T07:59:14.688+0000] {logging_mixin.py:115} INFO - [2022-09-16T07:59:14.688+0000] {dag.py:2429} INFO - Sync 1 DAGs
[2022-09-16T07:59:14.710+0000] {logging_mixin.py:115} INFO - [2022-09-16T07:59:14.710+0000] {dag.py:2981} INFO - Setting next_dagrun for example_branch_dop_operator_v3 to 2022-09-16T07:58:00+00:00, run_after=2022-09-16T07:59:00+00:00
[2022-09-16T07:59:14.720+0000] {processor.py:161} INFO - Processing /home/airflow/.local/lib/python3.7/site-packages/airflow/example_dags/example_branch_python_dop_operator_3.py took 0.063 seconds
[2022-09-16T07:59:45.559+0000] {processor.py:153} INFO - Started process (PID=195) to work on /home/airflow/.local/lib/python3.7/site-packages/airflow/example_dags/example_branch_python_dop_operator_3.py
[2022-09-16T07:59:45.559+0000] {processor.py:640} INFO - Processing file /home/airflow/.local/lib/python3.7/site-packages/airflow/example_dags/example_branch_python_dop_operator_3.py for tasks to queue
[2022-09-16T07:59:45.560+0000] {logging_mixin.py:115} INFO - [2022-09-16T07:59:45.559+0000] {dagbag.py:508} INFO - Filling up the DagBag from /home/airflow/.local/lib/python3.7/site-packages/airflow/example_dags/example_branch_python_dop_operator_3.py
[2022-09-16T07:59:45.566+0000] {processor.py:650} INFO - DAG(s) dict_keys(['example_branch_dop_operator_v3']) retrieved from /home/airflow/.local/lib/python3.7/site-packages/airflow/example_dags/example_branch_python_dop_operator_3.py
[2022-09-16T07:59:45.584+0000] {logging_mixin.py:115} INFO - [2022-09-16T07:59:45.584+0000] {dag.py:2429} INFO - Sync 1 DAGs
[2022-09-16T07:59:45.604+0000] {logging_mixin.py:115} INFO - [2022-09-16T07:59:45.604+0000] {dag.py:2981} INFO - Setting next_dagrun for example_branch_dop_operator_v3 to 2022-09-16T07:58:00+00:00, run_after=2022-09-16T07:59:00+00:00
[2022-09-16T07:59:45.613+0000] {processor.py:161} INFO - Processing /home/airflow/.local/lib/python3.7/site-packages/airflow/example_dags/example_branch_python_dop_operator_3.py took 0.057 seconds
[2022-09-16T08:00:16.342+0000] {processor.py:153} INFO - Started process (PID=257) to work on /home/airflow/.local/lib/python3.7/site-packages/airflow/example_dags/example_branch_python_dop_operator_3.py
[2022-09-16T08:00:16.343+0000] {processor.py:640} INFO - Processing file /home/airflow/.local/lib/python3.7/site-packages/airflow/example_dags/example_branch_python_dop_operator_3.py for tasks to queue
[2022-09-16T08:00:16.344+0000] {logging_mixin.py:115} INFO - [2022-09-16T08:00:16.343+0000] {dagbag.py:508} INFO - Filling up the DagBag from /home/airflow/.local/lib/python3.7/site-packages/airflow/example_dags/example_branch_python_dop_operator_3.py
[2022-09-16T08:00:16.350+0000] {processor.py:650} INFO - DAG(s) dict_keys(['example_branch_dop_operator_v3']) retrieved from /home/airflow/.local/lib/python3.7/site-packages/airflow/example_dags/example_branch_python_dop_operator_3.py
[2022-09-16T08:00:16.368+0000] {logging_mixin.py:115} INFO - [2022-09-16T08:00:16.368+0000] {dag.py:2429} INFO - Sync 1 DAGs
[2022-09-16T08:00:16.388+0000] {logging_mixin.py:115} INFO - [2022-09-16T08:00:16.388+0000] {dag.py:2981} INFO - Setting next_dagrun for example_branch_dop_operator_v3 to 2022-09-16T07:59:00+00:00, run_after=2022-09-16T08:00:00+00:00
[2022-09-16T08:00:16.398+0000] {processor.py:161} INFO - Processing /home/airflow/.local/lib/python3.7/site-packages/airflow/example_dags/example_branch_python_dop_operator_3.py took 0.058 seconds
[2022-09-16T08:00:47.296+0000] {processor.py:153} INFO - Started process (PID=319) to work on /home/airflow/.local/lib/python3.7/site-packages/airflow/example_dags/example_branch_python_dop_operator_3.py
[2022-09-16T08:00:47.297+0000] {processor.py:640} INFO - Processing file /home/airflow/.local/lib/python3.7/site-packages/airflow/example_dags/example_branch_python_dop_operator_3.py for tasks to queue
[2022-09-16T08:00:47.298+0000] {logging_mixin.py:115} INFO - [2022-09-16T08:00:47.298+0000] {dagbag.py:508} INFO - Filling up the DagBag from /home/airflow/.local/lib/python3.7/site-packages/airflow/example_dags/example_branch_python_dop_operator_3.py
[2022-09-16T08:00:47.305+0000] {processor.py:650} INFO - DAG(s) dict_keys(['example_branch_dop_operator_v3']) retrieved from /home/airflow/.local/lib/python3.7/site-packages/airflow/example_dags/example_branch_python_dop_operator_3.py
[2022-09-16T08:00:47.329+0000] {logging_mixin.py:115} INFO - [2022-09-16T08:00:47.329+0000] {dag.py:2429} INFO - Sync 1 DAGs
[2022-09-16T08:00:47.362+0000] {logging_mixin.py:115} INFO - [2022-09-16T08:00:47.362+0000] {dag.py:2981} INFO - Setting next_dagrun for example_branch_dop_operator_v3 to 2022-09-16T07:59:00+00:00, run_after=2022-09-16T08:00:00+00:00
[2022-09-16T08:00:47.375+0000] {processor.py:161} INFO - Processing /home/airflow/.local/lib/python3.7/site-packages/airflow/example_dags/example_branch_python_dop_operator_3.py took 0.080 seconds
[2022-09-16T08:01:18.208+0000] {processor.py:153} INFO - Started process (PID=381) to work on /home/airflow/.local/lib/python3.7/site-packages/airflow/example_dags/example_branch_python_dop_operator_3.py
[2022-09-16T08:01:18.209+0000] {processor.py:640} INFO - Processing file /home/airflow/.local/lib/python3.7/site-packages/airflow/example_dags/example_branch_python_dop_operator_3.py for tasks to queue
[2022-09-16T08:01:18.209+0000] {logging_mixin.py:115} INFO - [2022-09-16T08:01:18.209+0000] {dagbag.py:508} INFO - Filling up the DagBag from /home/airflow/.local/lib/python3.7/site-packages/airflow/example_dags/example_branch_python_dop_operator_3.py
[2022-09-16T08:01:18.218+0000] {processor.py:650} INFO - DAG(s) dict_keys(['example_branch_dop_operator_v3']) retrieved from /home/airflow/.local/lib/python3.7/site-packages/airflow/example_dags/example_branch_python_dop_operator_3.py
[2022-09-16T08:01:18.242+0000] {logging_mixin.py:115} INFO - [2022-09-16T08:01:18.241+0000] {dag.py:2429} INFO - Sync 1 DAGs
[2022-09-16T08:01:18.273+0000] {logging_mixin.py:115} INFO - [2022-09-16T08:01:18.273+0000] {dag.py:2981} INFO - Setting next_dagrun for example_branch_dop_operator_v3 to 2022-09-16T08:00:00+00:00, run_after=2022-09-16T08:01:00+00:00
[2022-09-16T08:01:18.287+0000] {processor.py:161} INFO - Processing /home/airflow/.local/lib/python3.7/site-packages/airflow/example_dags/example_branch_python_dop_operator_3.py took 0.081 seconds
[2022-09-16T08:01:48.389+0000] {processor.py:153} INFO - Started process (PID=433) to work on /home/airflow/.local/lib/python3.7/site-packages/airflow/example_dags/example_branch_python_dop_operator_3.py
[2022-09-16T08:01:48.391+0000] {processor.py:640} INFO - Processing file /home/airflow/.local/lib/python3.7/site-packages/airflow/example_dags/example_branch_python_dop_operator_3.py for tasks to queue
[2022-09-16T08:01:48.391+0000] {logging_mixin.py:115} INFO - [2022-09-16T08:01:48.391+0000] {dagbag.py:508} INFO - Filling up the DagBag from /home/airflow/.local/lib/python3.7/site-packages/airflow/example_dags/example_branch_python_dop_operator_3.py
[2022-09-16T08:01:48.398+0000] {processor.py:650} INFO - DAG(s) dict_keys(['example_branch_dop_operator_v3']) retrieved from /home/airflow/.local/lib/python3.7/site-packages/airflow/example_dags/example_branch_python_dop_operator_3.py
[2022-09-16T08:01:48.415+0000] {logging_mixin.py:115} INFO - [2022-09-16T08:01:48.415+0000] {dag.py:2429} INFO - Sync 1 DAGs
[2022-09-16T08:01:48.436+0000] {logging_mixin.py:115} INFO - [2022-09-16T08:01:48.436+0000] {dag.py:2981} INFO - Setting next_dagrun for example_branch_dop_operator_v3 to 2022-09-16T08:00:00+00:00, run_after=2022-09-16T08:01:00+00:00
[2022-09-16T08:01:48.446+0000] {processor.py:161} INFO - Processing /home/airflow/.local/lib/python3.7/site-packages/airflow/example_dags/example_branch_python_dop_operator_3.py took 0.059 seconds
[2022-09-16T08:02:18.551+0000] {processor.py:153} INFO - Started process (PID=497) to work on /home/airflow/.local/lib/python3.7/site-packages/airflow/example_dags/example_branch_python_dop_operator_3.py
[2022-09-16T08:02:18.553+0000] {processor.py:640} INFO - Processing file /home/airflow/.local/lib/python3.7/site-packages/airflow/example_dags/example_branch_python_dop_operator_3.py for tasks to queue
[2022-09-16T08:02:18.553+0000] {logging_mixin.py:115} INFO - [2022-09-16T08:02:18.553+0000] {dagbag.py:508} INFO - Filling up the DagBag from /home/airflow/.local/lib/python3.7/site-packages/airflow/example_dags/example_branch_python_dop_operator_3.py
[2022-09-16T08:02:18.559+0000] {processor.py:650} INFO - DAG(s) dict_keys(['example_branch_dop_operator_v3']) retrieved from /home/airflow/.local/lib/python3.7/site-packages/airflow/example_dags/example_branch_python_dop_operator_3.py
[2022-09-16T08:02:18.577+0000] {logging_mixin.py:115} INFO - [2022-09-16T08:02:18.576+0000] {dag.py:2429} INFO - Sync 1 DAGs
[2022-09-16T08:02:18.596+0000] {logging_mixin.py:115} INFO - [2022-09-16T08:02:18.596+0000] {dag.py:2981} INFO - Setting next_dagrun for example_branch_dop_operator_v3 to 2022-09-16T08:01:00+00:00, run_after=2022-09-16T08:02:00+00:00
[2022-09-16T08:02:18.606+0000] {processor.py:161} INFO - Processing /home/airflow/.local/lib/python3.7/site-packages/airflow/example_dags/example_branch_python_dop_operator_3.py took 0.057 seconds
[2022-09-16T08:02:48.882+0000] {processor.py:153} INFO - Started process (PID=559) to work on /home/airflow/.local/lib/python3.7/site-packages/airflow/example_dags/example_branch_python_dop_operator_3.py
[2022-09-16T08:02:48.882+0000] {processor.py:640} INFO - Processing file /home/airflow/.local/lib/python3.7/site-packages/airflow/example_dags/example_branch_python_dop_operator_3.py for tasks to queue
[2022-09-16T08:02:48.883+0000] {logging_mixin.py:115} INFO - [2022-09-16T08:02:48.883+0000] {dagbag.py:508} INFO - Filling up the DagBag from /home/airflow/.local/lib/python3.7/site-packages/airflow/example_dags/example_branch_python_dop_operator_3.py
[2022-09-16T08:02:48.892+0000] {processor.py:650} INFO - DAG(s) dict_keys(['example_branch_dop_operator_v3']) retrieved from /home/airflow/.local/lib/python3.7/site-packages/airflow/example_dags/example_branch_python_dop_operator_3.py
[2022-09-16T08:02:48.917+0000] {logging_mixin.py:115} INFO - [2022-09-16T08:02:48.917+0000] {dag.py:2429} INFO - Sync 1 DAGs
[2022-09-16T08:02:48.940+0000] {logging_mixin.py:115} INFO - [2022-09-16T08:02:48.939+0000] {dag.py:2981} INFO - Setting next_dagrun for example_branch_dop_operator_v3 to 2022-09-16T08:01:00+00:00, run_after=2022-09-16T08:02:00+00:00
[2022-09-16T08:02:48.949+0000] {processor.py:161} INFO - Processing /home/airflow/.local/lib/python3.7/site-packages/airflow/example_dags/example_branch_python_dop_operator_3.py took 0.070 seconds
[2022-09-16T08:03:19.054+0000] {processor.py:153} INFO - Started process (PID=612) to work on /home/airflow/.local/lib/python3.7/site-packages/airflow/example_dags/example_branch_python_dop_operator_3.py
[2022-09-16T08:03:19.055+0000] {processor.py:640} INFO - Processing file /home/airflow/.local/lib/python3.7/site-packages/airflow/example_dags/example_branch_python_dop_operator_3.py for tasks to queue
[2022-09-16T08:03:19.055+0000] {logging_mixin.py:115} INFO - [2022-09-16T08:03:19.055+0000] {dagbag.py:508} INFO - Filling up the DagBag from /home/airflow/.local/lib/python3.7/site-packages/airflow/example_dags/example_branch_python_dop_operator_3.py
[2022-09-16T08:03:19.062+0000] {processor.py:650} INFO - DAG(s) dict_keys(['example_branch_dop_operator_v3']) retrieved from /home/airflow/.local/lib/python3.7/site-packages/airflow/example_dags/example_branch_python_dop_operator_3.py
[2022-09-16T08:03:19.082+0000] {logging_mixin.py:115} INFO - [2022-09-16T08:03:19.082+0000] {dag.py:2429} INFO - Sync 1 DAGs
[2022-09-16T08:03:19.104+0000] {logging_mixin.py:115} INFO - [2022-09-16T08:03:19.104+0000] {dag.py:2981} INFO - Setting next_dagrun for example_branch_dop_operator_v3 to 2022-09-16T08:02:00+00:00, run_after=2022-09-16T08:03:00+00:00
[2022-09-16T08:03:19.114+0000] {processor.py:161} INFO - Processing /home/airflow/.local/lib/python3.7/site-packages/airflow/example_dags/example_branch_python_dop_operator_3.py took 0.062 seconds
[2022-09-16T08:04:02.246+0000] {processor.py:153} INFO - Started process (PID=62) to work on /home/airflow/.local/lib/python3.7/site-packages/airflow/example_dags/example_branch_python_dop_operator_3.py
[2022-09-16T08:04:02.247+0000] {processor.py:640} INFO - Processing file /home/airflow/.local/lib/python3.7/site-packages/airflow/example_dags/example_branch_python_dop_operator_3.py for tasks to queue
[2022-09-16T08:04:02.247+0000] {logging_mixin.py:115} INFO - [2022-09-16T08:04:02.247+0000] {dagbag.py:508} INFO - Filling up the DagBag from /home/airflow/.local/lib/python3.7/site-packages/airflow/example_dags/example_branch_python_dop_operator_3.py
[2022-09-16T08:04:02.256+0000] {processor.py:650} INFO - DAG(s) dict_keys(['example_branch_dop_operator_v3']) retrieved from /home/airflow/.local/lib/python3.7/site-packages/airflow/example_dags/example_branch_python_dop_operator_3.py
[2022-09-16T08:04:02.276+0000] {logging_mixin.py:115} INFO - [2022-09-16T08:04:02.275+0000] {dag.py:2429} INFO - Sync 1 DAGs
[2022-09-16T08:04:02.300+0000] {logging_mixin.py:115} INFO - [2022-09-16T08:04:02.300+0000] {dag.py:2981} INFO - Setting next_dagrun for example_branch_dop_operator_v3 to 2022-09-16T08:03:00+00:00, run_after=2022-09-16T08:04:00+00:00
[2022-09-16T08:04:02.314+0000] {processor.py:161} INFO - Processing /home/airflow/.local/lib/python3.7/site-packages/airflow/example_dags/example_branch_python_dop_operator_3.py took 0.070 seconds
[2022-09-16T08:04:32.364+0000] {processor.py:153} INFO - Started process (PID=121) to work on /home/airflow/.local/lib/python3.7/site-packages/airflow/example_dags/example_branch_python_dop_operator_3.py
[2022-09-16T08:04:32.365+0000] {processor.py:640} INFO - Processing file /home/airflow/.local/lib/python3.7/site-packages/airflow/example_dags/example_branch_python_dop_operator_3.py for tasks to queue
[2022-09-16T08:04:32.366+0000] {logging_mixin.py:115} INFO - [2022-09-16T08:04:32.365+0000] {dagbag.py:508} INFO - Filling up the DagBag from /home/airflow/.local/lib/python3.7/site-packages/airflow/example_dags/example_branch_python_dop_operator_3.py
[2022-09-16T08:04:32.377+0000] {processor.py:650} INFO - DAG(s) dict_keys(['example_branch_dop_operator_v3']) retrieved from /home/airflow/.local/lib/python3.7/site-packages/airflow/example_dags/example_branch_python_dop_operator_3.py
[2022-09-16T08:04:32.399+0000] {logging_mixin.py:115} INFO - [2022-09-16T08:04:32.399+0000] {dag.py:2429} INFO - Sync 1 DAGs
[2022-09-16T08:04:32.431+0000] {logging_mixin.py:115} INFO - [2022-09-16T08:04:32.431+0000] {dag.py:2981} INFO - Setting next_dagrun for example_branch_dop_operator_v3 to 2022-09-16T08:03:00+00:00, run_after=2022-09-16T08:04:00+00:00
[2022-09-16T08:04:32.445+0000] {processor.py:161} INFO - Processing /home/airflow/.local/lib/python3.7/site-packages/airflow/example_dags/example_branch_python_dop_operator_3.py took 0.083 seconds
[2022-09-16T08:06:40.057+0000] {processor.py:153} INFO - Started process (PID=62) to work on /home/airflow/.local/lib/python3.7/site-packages/airflow/example_dags/example_branch_python_dop_operator_3.py
[2022-09-16T08:06:40.058+0000] {processor.py:640} INFO - Processing file /home/airflow/.local/lib/python3.7/site-packages/airflow/example_dags/example_branch_python_dop_operator_3.py for tasks to queue
[2022-09-16T08:06:40.059+0000] {logging_mixin.py:115} INFO - [2022-09-16T08:06:40.059+0000] {dagbag.py:508} INFO - Filling up the DagBag from /home/airflow/.local/lib/python3.7/site-packages/airflow/example_dags/example_branch_python_dop_operator_3.py
[2022-09-16T08:06:40.071+0000] {processor.py:650} INFO - DAG(s) dict_keys(['example_branch_dop_operator_v3']) retrieved from /home/airflow/.local/lib/python3.7/site-packages/airflow/example_dags/example_branch_python_dop_operator_3.py
[2022-09-16T08:06:40.088+0000] {logging_mixin.py:115} INFO - [2022-09-16T08:06:40.088+0000] {dag.py:2429} INFO - Sync 1 DAGs
[2022-09-16T08:06:40.112+0000] {logging_mixin.py:115} INFO - [2022-09-16T08:06:40.112+0000] {dag.py:2981} INFO - Setting next_dagrun for example_branch_dop_operator_v3 to 2022-09-16T08:05:00+00:00, run_after=2022-09-16T08:06:00+00:00
[2022-09-16T08:06:40.124+0000] {processor.py:161} INFO - Processing /home/airflow/.local/lib/python3.7/site-packages/airflow/example_dags/example_branch_python_dop_operator_3.py took 0.070 seconds
[2022-09-16T08:08:03.571+0000] {processor.py:153} INFO - Started process (PID=61) to work on /home/airflow/.local/lib/python3.7/site-packages/airflow/example_dags/example_branch_python_dop_operator_3.py
[2022-09-16T08:08:03.573+0000] {processor.py:640} INFO - Processing file /home/airflow/.local/lib/python3.7/site-packages/airflow/example_dags/example_branch_python_dop_operator_3.py for tasks to queue
[2022-09-16T08:08:03.574+0000] {logging_mixin.py:115} INFO - [2022-09-16T08:08:03.574+0000] {dagbag.py:508} INFO - Filling up the DagBag from /home/airflow/.local/lib/python3.7/site-packages/airflow/example_dags/example_branch_python_dop_operator_3.py
[2022-09-16T08:08:03.590+0000] {processor.py:650} INFO - DAG(s) dict_keys(['example_branch_dop_operator_v3']) retrieved from /home/airflow/.local/lib/python3.7/site-packages/airflow/example_dags/example_branch_python_dop_operator_3.py
[2022-09-16T08:08:03.612+0000] {logging_mixin.py:115} INFO - [2022-09-16T08:08:03.612+0000] {dag.py:2429} INFO - Sync 1 DAGs
[2022-09-16T08:08:03.639+0000] {logging_mixin.py:115} INFO - [2022-09-16T08:08:03.639+0000] {dag.py:2981} INFO - Setting next_dagrun for example_branch_dop_operator_v3 to 2022-09-16T08:07:00+00:00, run_after=2022-09-16T08:08:00+00:00
[2022-09-16T08:08:03.650+0000] {processor.py:161} INFO - Processing /home/airflow/.local/lib/python3.7/site-packages/airflow/example_dags/example_branch_python_dop_operator_3.py took 0.082 seconds
[2022-09-16T08:10:13.174+0000] {processor.py:153} INFO - Started process (PID=62) to work on /home/airflow/.local/lib/python3.7/site-packages/airflow/example_dags/example_branch_python_dop_operator_3.py
[2022-09-16T08:10:13.175+0000] {processor.py:640} INFO - Processing file /home/airflow/.local/lib/python3.7/site-packages/airflow/example_dags/example_branch_python_dop_operator_3.py for tasks to queue
[2022-09-16T08:10:13.176+0000] {logging_mixin.py:115} INFO - [2022-09-16T08:10:13.176+0000] {dagbag.py:508} INFO - Filling up the DagBag from /home/airflow/.local/lib/python3.7/site-packages/airflow/example_dags/example_branch_python_dop_operator_3.py
[2022-09-16T08:10:13.186+0000] {processor.py:650} INFO - DAG(s) dict_keys(['example_branch_dop_operator_v3']) retrieved from /home/airflow/.local/lib/python3.7/site-packages/airflow/example_dags/example_branch_python_dop_operator_3.py
[2022-09-16T08:10:13.210+0000] {logging_mixin.py:115} INFO - [2022-09-16T08:10:13.210+0000] {dag.py:2429} INFO - Sync 1 DAGs
[2022-09-16T08:10:13.245+0000] {logging_mixin.py:115} INFO - [2022-09-16T08:10:13.245+0000] {dag.py:2981} INFO - Setting next_dagrun for example_branch_dop_operator_v3 to 2022-09-16T08:09:00+00:00, run_after=2022-09-16T08:10:00+00:00
[2022-09-16T08:10:13.261+0000] {processor.py:161} INFO - Processing /home/airflow/.local/lib/python3.7/site-packages/airflow/example_dags/example_branch_python_dop_operator_3.py took 0.090 seconds
[2022-09-16T08:10:44.386+0000] {processor.py:153} INFO - Started process (PID=124) to work on /home/airflow/.local/lib/python3.7/site-packages/airflow/example_dags/example_branch_python_dop_operator_3.py
[2022-09-16T08:10:44.387+0000] {processor.py:640} INFO - Processing file /home/airflow/.local/lib/python3.7/site-packages/airflow/example_dags/example_branch_python_dop_operator_3.py for tasks to queue
[2022-09-16T08:10:44.387+0000] {logging_mixin.py:115} INFO - [2022-09-16T08:10:44.387+0000] {dagbag.py:508} INFO - Filling up the DagBag from /home/airflow/.local/lib/python3.7/site-packages/airflow/example_dags/example_branch_python_dop_operator_3.py
[2022-09-16T08:10:44.396+0000] {processor.py:650} INFO - DAG(s) dict_keys(['example_branch_dop_operator_v3']) retrieved from /home/airflow/.local/lib/python3.7/site-packages/airflow/example_dags/example_branch_python_dop_operator_3.py
[2022-09-16T08:10:44.413+0000] {logging_mixin.py:115} INFO - [2022-09-16T08:10:44.413+0000] {dag.py:2429} INFO - Sync 1 DAGs
[2022-09-16T08:10:44.442+0000] {logging_mixin.py:115} INFO - [2022-09-16T08:10:44.442+0000] {dag.py:2981} INFO - Setting next_dagrun for example_branch_dop_operator_v3 to 2022-09-16T08:09:00+00:00, run_after=2022-09-16T08:10:00+00:00
[2022-09-16T08:10:44.455+0000] {processor.py:161} INFO - Processing /home/airflow/.local/lib/python3.7/site-packages/airflow/example_dags/example_branch_python_dop_operator_3.py took 0.071 seconds
[2022-09-16T08:13:51.401+0000] {processor.py:153} INFO - Started process (PID=94) to work on /home/airflow/.local/lib/python3.7/site-packages/airflow/example_dags/example_branch_python_dop_operator_3.py
[2022-09-16T08:13:51.402+0000] {processor.py:640} INFO - Processing file /home/airflow/.local/lib/python3.7/site-packages/airflow/example_dags/example_branch_python_dop_operator_3.py for tasks to queue
[2022-09-16T08:13:51.403+0000] {logging_mixin.py:115} INFO - [2022-09-16T08:13:51.403+0000] {dagbag.py:508} INFO - Filling up the DagBag from /home/airflow/.local/lib/python3.7/site-packages/airflow/example_dags/example_branch_python_dop_operator_3.py
[2022-09-16T08:13:51.410+0000] {processor.py:650} INFO - DAG(s) dict_keys(['example_branch_dop_operator_v3']) retrieved from /home/airflow/.local/lib/python3.7/site-packages/airflow/example_dags/example_branch_python_dop_operator_3.py
[2022-09-16T08:13:51.430+0000] {logging_mixin.py:115} INFO - [2022-09-16T08:13:51.430+0000] {dag.py:2429} INFO - Sync 1 DAGs
[2022-09-16T08:13:51.455+0000] {logging_mixin.py:115} INFO - [2022-09-16T08:13:51.455+0000] {dag.py:2981} INFO - Setting next_dagrun for example_branch_dop_operator_v3 to 2022-09-16T08:12:00+00:00, run_after=2022-09-16T08:13:00+00:00
[2022-09-16T08:13:51.466+0000] {processor.py:161} INFO - Processing /home/airflow/.local/lib/python3.7/site-packages/airflow/example_dags/example_branch_python_dop_operator_3.py took 0.067 seconds
[2022-09-16T08:15:36.144+0000] {processor.py:153} INFO - Started process (PID=62) to work on /home/airflow/.local/lib/python3.7/site-packages/airflow/example_dags/example_branch_python_dop_operator_3.py
[2022-09-16T08:15:36.145+0000] {processor.py:640} INFO - Processing file /home/airflow/.local/lib/python3.7/site-packages/airflow/example_dags/example_branch_python_dop_operator_3.py for tasks to queue
[2022-09-16T08:15:36.145+0000] {logging_mixin.py:115} INFO - [2022-09-16T08:15:36.145+0000] {dagbag.py:508} INFO - Filling up the DagBag from /home/airflow/.local/lib/python3.7/site-packages/airflow/example_dags/example_branch_python_dop_operator_3.py
[2022-09-16T08:15:36.155+0000] {processor.py:650} INFO - DAG(s) dict_keys(['example_branch_dop_operator_v3']) retrieved from /home/airflow/.local/lib/python3.7/site-packages/airflow/example_dags/example_branch_python_dop_operator_3.py
[2022-09-16T08:15:36.175+0000] {logging_mixin.py:115} INFO - [2022-09-16T08:15:36.175+0000] {dag.py:2429} INFO - Sync 1 DAGs
[2022-09-16T08:15:36.200+0000] {logging_mixin.py:115} INFO - [2022-09-16T08:15:36.200+0000] {dag.py:2981} INFO - Setting next_dagrun for example_branch_dop_operator_v3 to 2022-09-16T08:14:00+00:00, run_after=2022-09-16T08:15:00+00:00
[2022-09-16T08:15:36.211+0000] {processor.py:161} INFO - Processing /home/airflow/.local/lib/python3.7/site-packages/airflow/example_dags/example_branch_python_dop_operator_3.py took 0.070 seconds
[2022-09-16T08:18:34.106+0000] {processor.py:153} INFO - Started process (PID=105) to work on /home/airflow/.local/lib/python3.7/site-packages/airflow/example_dags/example_branch_python_dop_operator_3.py
[2022-09-16T08:18:34.107+0000] {processor.py:640} INFO - Processing file /home/airflow/.local/lib/python3.7/site-packages/airflow/example_dags/example_branch_python_dop_operator_3.py for tasks to queue
[2022-09-16T08:18:34.107+0000] {logging_mixin.py:115} INFO - [2022-09-16T08:18:34.107+0000] {dagbag.py:508} INFO - Filling up the DagBag from /home/airflow/.local/lib/python3.7/site-packages/airflow/example_dags/example_branch_python_dop_operator_3.py
[2022-09-16T08:18:34.115+0000] {processor.py:650} INFO - DAG(s) dict_keys(['example_branch_dop_operator_v3']) retrieved from /home/airflow/.local/lib/python3.7/site-packages/airflow/example_dags/example_branch_python_dop_operator_3.py
[2022-09-16T08:18:34.136+0000] {logging_mixin.py:115} INFO - [2022-09-16T08:18:34.136+0000] {dag.py:2429} INFO - Sync 1 DAGs
[2022-09-16T08:18:34.161+0000] {logging_mixin.py:115} INFO - [2022-09-16T08:18:34.161+0000] {dag.py:2981} INFO - Setting next_dagrun for example_branch_dop_operator_v3 to 2022-09-16T08:17:00+00:00, run_after=2022-09-16T08:18:00+00:00
[2022-09-16T08:18:34.173+0000] {processor.py:161} INFO - Processing /home/airflow/.local/lib/python3.7/site-packages/airflow/example_dags/example_branch_python_dop_operator_3.py took 0.068 seconds
[2022-09-16T08:19:05.242+0000] {processor.py:153} INFO - Started process (PID=167) to work on /home/airflow/.local/lib/python3.7/site-packages/airflow/example_dags/example_branch_python_dop_operator_3.py
[2022-09-16T08:19:05.242+0000] {processor.py:640} INFO - Processing file /home/airflow/.local/lib/python3.7/site-packages/airflow/example_dags/example_branch_python_dop_operator_3.py for tasks to queue
[2022-09-16T08:19:05.243+0000] {logging_mixin.py:115} INFO - [2022-09-16T08:19:05.243+0000] {dagbag.py:508} INFO - Filling up the DagBag from /home/airflow/.local/lib/python3.7/site-packages/airflow/example_dags/example_branch_python_dop_operator_3.py
[2022-09-16T08:19:05.250+0000] {processor.py:650} INFO - DAG(s) dict_keys(['example_branch_dop_operator_v3']) retrieved from /home/airflow/.local/lib/python3.7/site-packages/airflow/example_dags/example_branch_python_dop_operator_3.py
[2022-09-16T08:19:05.269+0000] {logging_mixin.py:115} INFO - [2022-09-16T08:19:05.269+0000] {dag.py:2429} INFO - Sync 1 DAGs
[2022-09-16T08:19:05.292+0000] {logging_mixin.py:115} INFO - [2022-09-16T08:19:05.292+0000] {dag.py:2981} INFO - Setting next_dagrun for example_branch_dop_operator_v3 to 2022-09-16T08:18:00+00:00, run_after=2022-09-16T08:19:00+00:00
[2022-09-16T08:19:05.302+0000] {processor.py:161} INFO - Processing /home/airflow/.local/lib/python3.7/site-packages/airflow/example_dags/example_branch_python_dop_operator_3.py took 0.063 seconds
