[2022-09-16T07:52:52.146+0000] {processor.py:153} INFO - Started process (PID=51) to work on /home/airflow/.local/lib/python3.7/site-packages/airflow/example_dags/example_sla_dag.py
[2022-09-16T07:52:52.146+0000] {processor.py:640} INFO - Processing file /home/airflow/.local/lib/python3.7/site-packages/airflow/example_dags/example_sla_dag.py for tasks to queue
[2022-09-16T07:52:52.146+0000] {logging_mixin.py:115} INFO - [2022-09-16T07:52:52.146+0000] {dagbag.py:508} INFO - Filling up the DagBag from /home/airflow/.local/lib/python3.7/site-packages/airflow/example_dags/example_sla_dag.py
[2022-09-16T07:52:52.161+0000] {processor.py:650} INFO - DAG(s) dict_keys(['example_sla_dag']) retrieved from /home/airflow/.local/lib/python3.7/site-packages/airflow/example_dags/example_sla_dag.py
[2022-09-16T07:52:52.178+0000] {logging_mixin.py:115} INFO - [2022-09-16T07:52:52.178+0000] {dag.py:2429} INFO - Sync 1 DAGs
[2022-09-16T07:52:52.202+0000] {logging_mixin.py:115} INFO - [2022-09-16T07:52:52.202+0000] {dag.py:2981} INFO - Setting next_dagrun for example_sla_dag to 2022-09-16T07:50:00+00:00, run_after=2022-09-16T07:52:00+00:00
[2022-09-16T07:52:52.212+0000] {processor.py:161} INFO - Processing /home/airflow/.local/lib/python3.7/site-packages/airflow/example_dags/example_sla_dag.py took 0.068 seconds
[2022-09-16T07:53:23.072+0000] {processor.py:153} INFO - Started process (PID=112) to work on /home/airflow/.local/lib/python3.7/site-packages/airflow/example_dags/example_sla_dag.py
[2022-09-16T07:53:23.072+0000] {processor.py:640} INFO - Processing file /home/airflow/.local/lib/python3.7/site-packages/airflow/example_dags/example_sla_dag.py for tasks to queue
[2022-09-16T07:53:23.073+0000] {logging_mixin.py:115} INFO - [2022-09-16T07:53:23.073+0000] {dagbag.py:508} INFO - Filling up the DagBag from /home/airflow/.local/lib/python3.7/site-packages/airflow/example_dags/example_sla_dag.py
[2022-09-16T07:53:23.086+0000] {processor.py:650} INFO - DAG(s) dict_keys(['example_sla_dag']) retrieved from /home/airflow/.local/lib/python3.7/site-packages/airflow/example_dags/example_sla_dag.py
[2022-09-16T07:53:23.102+0000] {logging_mixin.py:115} INFO - [2022-09-16T07:53:23.102+0000] {dag.py:2429} INFO - Sync 1 DAGs
[2022-09-16T07:53:23.120+0000] {logging_mixin.py:115} INFO - [2022-09-16T07:53:23.120+0000] {dag.py:2981} INFO - Setting next_dagrun for example_sla_dag to 2022-09-16T07:50:00+00:00, run_after=2022-09-16T07:52:00+00:00
[2022-09-16T07:53:23.128+0000] {processor.py:161} INFO - Processing /home/airflow/.local/lib/python3.7/site-packages/airflow/example_dags/example_sla_dag.py took 0.059 seconds
[2022-09-16T07:53:53.667+0000] {processor.py:153} INFO - Started process (PID=174) to work on /home/airflow/.local/lib/python3.7/site-packages/airflow/example_dags/example_sla_dag.py
[2022-09-16T07:53:53.667+0000] {processor.py:640} INFO - Processing file /home/airflow/.local/lib/python3.7/site-packages/airflow/example_dags/example_sla_dag.py for tasks to queue
[2022-09-16T07:53:53.667+0000] {logging_mixin.py:115} INFO - [2022-09-16T07:53:53.667+0000] {dagbag.py:508} INFO - Filling up the DagBag from /home/airflow/.local/lib/python3.7/site-packages/airflow/example_dags/example_sla_dag.py
[2022-09-16T07:53:53.681+0000] {processor.py:650} INFO - DAG(s) dict_keys(['example_sla_dag']) retrieved from /home/airflow/.local/lib/python3.7/site-packages/airflow/example_dags/example_sla_dag.py
[2022-09-16T07:53:53.697+0000] {logging_mixin.py:115} INFO - [2022-09-16T07:53:53.697+0000] {dag.py:2429} INFO - Sync 1 DAGs
[2022-09-16T07:53:53.716+0000] {logging_mixin.py:115} INFO - [2022-09-16T07:53:53.716+0000] {dag.py:2981} INFO - Setting next_dagrun for example_sla_dag to 2022-09-16T07:50:00+00:00, run_after=2022-09-16T07:52:00+00:00
[2022-09-16T07:53:53.725+0000] {processor.py:161} INFO - Processing /home/airflow/.local/lib/python3.7/site-packages/airflow/example_dags/example_sla_dag.py took 0.060 seconds
[2022-09-16T07:54:24.420+0000] {processor.py:153} INFO - Started process (PID=236) to work on /home/airflow/.local/lib/python3.7/site-packages/airflow/example_dags/example_sla_dag.py
[2022-09-16T07:54:24.421+0000] {processor.py:640} INFO - Processing file /home/airflow/.local/lib/python3.7/site-packages/airflow/example_dags/example_sla_dag.py for tasks to queue
[2022-09-16T07:54:24.422+0000] {logging_mixin.py:115} INFO - [2022-09-16T07:54:24.421+0000] {dagbag.py:508} INFO - Filling up the DagBag from /home/airflow/.local/lib/python3.7/site-packages/airflow/example_dags/example_sla_dag.py
[2022-09-16T07:54:24.437+0000] {processor.py:650} INFO - DAG(s) dict_keys(['example_sla_dag']) retrieved from /home/airflow/.local/lib/python3.7/site-packages/airflow/example_dags/example_sla_dag.py
[2022-09-16T07:54:24.457+0000] {logging_mixin.py:115} INFO - [2022-09-16T07:54:24.457+0000] {dag.py:2429} INFO - Sync 1 DAGs
[2022-09-16T07:54:24.478+0000] {logging_mixin.py:115} INFO - [2022-09-16T07:54:24.478+0000] {dag.py:2981} INFO - Setting next_dagrun for example_sla_dag to 2022-09-16T07:52:00+00:00, run_after=2022-09-16T07:54:00+00:00
[2022-09-16T07:54:24.490+0000] {processor.py:161} INFO - Processing /home/airflow/.local/lib/python3.7/site-packages/airflow/example_dags/example_sla_dag.py took 0.071 seconds
[2022-09-16T07:54:55.366+0000] {processor.py:153} INFO - Started process (PID=289) to work on /home/airflow/.local/lib/python3.7/site-packages/airflow/example_dags/example_sla_dag.py
[2022-09-16T07:54:55.367+0000] {processor.py:640} INFO - Processing file /home/airflow/.local/lib/python3.7/site-packages/airflow/example_dags/example_sla_dag.py for tasks to queue
[2022-09-16T07:54:55.367+0000] {logging_mixin.py:115} INFO - [2022-09-16T07:54:55.367+0000] {dagbag.py:508} INFO - Filling up the DagBag from /home/airflow/.local/lib/python3.7/site-packages/airflow/example_dags/example_sla_dag.py
[2022-09-16T07:54:55.382+0000] {processor.py:650} INFO - DAG(s) dict_keys(['example_sla_dag']) retrieved from /home/airflow/.local/lib/python3.7/site-packages/airflow/example_dags/example_sla_dag.py
[2022-09-16T07:54:55.398+0000] {logging_mixin.py:115} INFO - [2022-09-16T07:54:55.398+0000] {dag.py:2429} INFO - Sync 1 DAGs
[2022-09-16T07:54:55.424+0000] {logging_mixin.py:115} INFO - [2022-09-16T07:54:55.423+0000] {dag.py:2981} INFO - Setting next_dagrun for example_sla_dag to 2022-09-16T07:52:00+00:00, run_after=2022-09-16T07:54:00+00:00
[2022-09-16T07:54:55.436+0000] {processor.py:161} INFO - Processing /home/airflow/.local/lib/python3.7/site-packages/airflow/example_dags/example_sla_dag.py took 0.072 seconds
[2022-09-16T07:55:26.194+0000] {processor.py:153} INFO - Started process (PID=351) to work on /home/airflow/.local/lib/python3.7/site-packages/airflow/example_dags/example_sla_dag.py
[2022-09-16T07:55:26.195+0000] {processor.py:640} INFO - Processing file /home/airflow/.local/lib/python3.7/site-packages/airflow/example_dags/example_sla_dag.py for tasks to queue
[2022-09-16T07:55:26.195+0000] {logging_mixin.py:115} INFO - [2022-09-16T07:55:26.195+0000] {dagbag.py:508} INFO - Filling up the DagBag from /home/airflow/.local/lib/python3.7/site-packages/airflow/example_dags/example_sla_dag.py
[2022-09-16T07:55:26.214+0000] {processor.py:650} INFO - DAG(s) dict_keys(['example_sla_dag']) retrieved from /home/airflow/.local/lib/python3.7/site-packages/airflow/example_dags/example_sla_dag.py
[2022-09-16T07:55:26.231+0000] {logging_mixin.py:115} INFO - [2022-09-16T07:55:26.231+0000] {dag.py:2429} INFO - Sync 1 DAGs
[2022-09-16T07:55:26.250+0000] {logging_mixin.py:115} INFO - [2022-09-16T07:55:26.250+0000] {dag.py:2981} INFO - Setting next_dagrun for example_sla_dag to 2022-09-16T07:52:00+00:00, run_after=2022-09-16T07:54:00+00:00
[2022-09-16T07:55:26.259+0000] {processor.py:161} INFO - Processing /home/airflow/.local/lib/python3.7/site-packages/airflow/example_dags/example_sla_dag.py took 0.067 seconds
[2022-09-16T07:55:56.879+0000] {processor.py:153} INFO - Started process (PID=413) to work on /home/airflow/.local/lib/python3.7/site-packages/airflow/example_dags/example_sla_dag.py
[2022-09-16T07:55:56.880+0000] {processor.py:640} INFO - Processing file /home/airflow/.local/lib/python3.7/site-packages/airflow/example_dags/example_sla_dag.py for tasks to queue
[2022-09-16T07:55:56.880+0000] {logging_mixin.py:115} INFO - [2022-09-16T07:55:56.880+0000] {dagbag.py:508} INFO - Filling up the DagBag from /home/airflow/.local/lib/python3.7/site-packages/airflow/example_dags/example_sla_dag.py
[2022-09-16T07:55:56.894+0000] {processor.py:650} INFO - DAG(s) dict_keys(['example_sla_dag']) retrieved from /home/airflow/.local/lib/python3.7/site-packages/airflow/example_dags/example_sla_dag.py
[2022-09-16T07:55:56.912+0000] {logging_mixin.py:115} INFO - [2022-09-16T07:55:56.912+0000] {dag.py:2429} INFO - Sync 1 DAGs
[2022-09-16T07:55:56.931+0000] {logging_mixin.py:115} INFO - [2022-09-16T07:55:56.931+0000] {dag.py:2981} INFO - Setting next_dagrun for example_sla_dag to 2022-09-16T07:52:00+00:00, run_after=2022-09-16T07:54:00+00:00
[2022-09-16T07:55:56.941+0000] {processor.py:161} INFO - Processing /home/airflow/.local/lib/python3.7/site-packages/airflow/example_dags/example_sla_dag.py took 0.063 seconds
[2022-09-16T07:56:27.366+0000] {processor.py:153} INFO - Started process (PID=465) to work on /home/airflow/.local/lib/python3.7/site-packages/airflow/example_dags/example_sla_dag.py
[2022-09-16T07:56:27.366+0000] {processor.py:640} INFO - Processing file /home/airflow/.local/lib/python3.7/site-packages/airflow/example_dags/example_sla_dag.py for tasks to queue
[2022-09-16T07:56:27.367+0000] {logging_mixin.py:115} INFO - [2022-09-16T07:56:27.367+0000] {dagbag.py:508} INFO - Filling up the DagBag from /home/airflow/.local/lib/python3.7/site-packages/airflow/example_dags/example_sla_dag.py
[2022-09-16T07:56:27.380+0000] {processor.py:650} INFO - DAG(s) dict_keys(['example_sla_dag']) retrieved from /home/airflow/.local/lib/python3.7/site-packages/airflow/example_dags/example_sla_dag.py
[2022-09-16T07:56:27.397+0000] {logging_mixin.py:115} INFO - [2022-09-16T07:56:27.397+0000] {dag.py:2429} INFO - Sync 1 DAGs
[2022-09-16T07:56:27.418+0000] {logging_mixin.py:115} INFO - [2022-09-16T07:56:27.418+0000] {dag.py:2981} INFO - Setting next_dagrun for example_sla_dag to 2022-09-16T07:54:00+00:00, run_after=2022-09-16T07:56:00+00:00
[2022-09-16T07:56:27.428+0000] {processor.py:161} INFO - Processing /home/airflow/.local/lib/python3.7/site-packages/airflow/example_dags/example_sla_dag.py took 0.064 seconds
[2022-09-16T07:56:58.143+0000] {processor.py:153} INFO - Started process (PID=527) to work on /home/airflow/.local/lib/python3.7/site-packages/airflow/example_dags/example_sla_dag.py
[2022-09-16T07:56:58.144+0000] {processor.py:640} INFO - Processing file /home/airflow/.local/lib/python3.7/site-packages/airflow/example_dags/example_sla_dag.py for tasks to queue
[2022-09-16T07:56:58.144+0000] {logging_mixin.py:115} INFO - [2022-09-16T07:56:58.144+0000] {dagbag.py:508} INFO - Filling up the DagBag from /home/airflow/.local/lib/python3.7/site-packages/airflow/example_dags/example_sla_dag.py
[2022-09-16T07:56:58.158+0000] {processor.py:650} INFO - DAG(s) dict_keys(['example_sla_dag']) retrieved from /home/airflow/.local/lib/python3.7/site-packages/airflow/example_dags/example_sla_dag.py
[2022-09-16T07:56:58.176+0000] {logging_mixin.py:115} INFO - [2022-09-16T07:56:58.176+0000] {dag.py:2429} INFO - Sync 1 DAGs
[2022-09-16T07:56:58.197+0000] {logging_mixin.py:115} INFO - [2022-09-16T07:56:58.197+0000] {dag.py:2981} INFO - Setting next_dagrun for example_sla_dag to 2022-09-16T07:54:00+00:00, run_after=2022-09-16T07:56:00+00:00
[2022-09-16T07:56:58.206+0000] {processor.py:161} INFO - Processing /home/airflow/.local/lib/python3.7/site-packages/airflow/example_dags/example_sla_dag.py took 0.065 seconds
[2022-09-16T07:57:28.626+0000] {processor.py:153} INFO - Started process (PID=589) to work on /home/airflow/.local/lib/python3.7/site-packages/airflow/example_dags/example_sla_dag.py
[2022-09-16T07:57:28.628+0000] {processor.py:640} INFO - Processing file /home/airflow/.local/lib/python3.7/site-packages/airflow/example_dags/example_sla_dag.py for tasks to queue
[2022-09-16T07:57:28.628+0000] {logging_mixin.py:115} INFO - [2022-09-16T07:57:28.628+0000] {dagbag.py:508} INFO - Filling up the DagBag from /home/airflow/.local/lib/python3.7/site-packages/airflow/example_dags/example_sla_dag.py
[2022-09-16T07:57:28.642+0000] {processor.py:650} INFO - DAG(s) dict_keys(['example_sla_dag']) retrieved from /home/airflow/.local/lib/python3.7/site-packages/airflow/example_dags/example_sla_dag.py
[2022-09-16T07:57:28.658+0000] {logging_mixin.py:115} INFO - [2022-09-16T07:57:28.657+0000] {dag.py:2429} INFO - Sync 1 DAGs
[2022-09-16T07:57:28.679+0000] {logging_mixin.py:115} INFO - [2022-09-16T07:57:28.678+0000] {dag.py:2981} INFO - Setting next_dagrun for example_sla_dag to 2022-09-16T07:54:00+00:00, run_after=2022-09-16T07:56:00+00:00
[2022-09-16T07:57:28.688+0000] {processor.py:161} INFO - Processing /home/airflow/.local/lib/python3.7/site-packages/airflow/example_dags/example_sla_dag.py took 0.064 seconds
[2022-09-16T07:58:43.776+0000] {processor.py:153} INFO - Started process (PID=83) to work on /home/airflow/.local/lib/python3.7/site-packages/airflow/example_dags/example_sla_dag.py
[2022-09-16T07:58:43.777+0000] {processor.py:640} INFO - Processing file /home/airflow/.local/lib/python3.7/site-packages/airflow/example_dags/example_sla_dag.py for tasks to queue
[2022-09-16T07:58:43.777+0000] {logging_mixin.py:115} INFO - [2022-09-16T07:58:43.777+0000] {dagbag.py:508} INFO - Filling up the DagBag from /home/airflow/.local/lib/python3.7/site-packages/airflow/example_dags/example_sla_dag.py
[2022-09-16T07:58:43.793+0000] {processor.py:650} INFO - DAG(s) dict_keys(['example_sla_dag']) retrieved from /home/airflow/.local/lib/python3.7/site-packages/airflow/example_dags/example_sla_dag.py
[2022-09-16T07:58:43.810+0000] {logging_mixin.py:115} INFO - [2022-09-16T07:58:43.810+0000] {dag.py:2429} INFO - Sync 1 DAGs
[2022-09-16T07:58:43.831+0000] {logging_mixin.py:115} INFO - [2022-09-16T07:58:43.831+0000] {dag.py:2981} INFO - Setting next_dagrun for example_sla_dag to 2022-09-16T07:56:00+00:00, run_after=2022-09-16T07:58:00+00:00
[2022-09-16T07:58:43.841+0000] {processor.py:161} INFO - Processing /home/airflow/.local/lib/python3.7/site-packages/airflow/example_dags/example_sla_dag.py took 0.067 seconds
[2022-09-16T07:59:14.857+0000] {processor.py:153} INFO - Started process (PID=145) to work on /home/airflow/.local/lib/python3.7/site-packages/airflow/example_dags/example_sla_dag.py
[2022-09-16T07:59:14.858+0000] {processor.py:640} INFO - Processing file /home/airflow/.local/lib/python3.7/site-packages/airflow/example_dags/example_sla_dag.py for tasks to queue
[2022-09-16T07:59:14.858+0000] {logging_mixin.py:115} INFO - [2022-09-16T07:59:14.858+0000] {dagbag.py:508} INFO - Filling up the DagBag from /home/airflow/.local/lib/python3.7/site-packages/airflow/example_dags/example_sla_dag.py
[2022-09-16T07:59:14.875+0000] {processor.py:650} INFO - DAG(s) dict_keys(['example_sla_dag']) retrieved from /home/airflow/.local/lib/python3.7/site-packages/airflow/example_dags/example_sla_dag.py
[2022-09-16T07:59:14.895+0000] {logging_mixin.py:115} INFO - [2022-09-16T07:59:14.895+0000] {dag.py:2429} INFO - Sync 1 DAGs
[2022-09-16T07:59:14.924+0000] {logging_mixin.py:115} INFO - [2022-09-16T07:59:14.924+0000] {dag.py:2981} INFO - Setting next_dagrun for example_sla_dag to 2022-09-16T07:56:00+00:00, run_after=2022-09-16T07:58:00+00:00
[2022-09-16T07:59:14.937+0000] {processor.py:161} INFO - Processing /home/airflow/.local/lib/python3.7/site-packages/airflow/example_dags/example_sla_dag.py took 0.083 seconds
[2022-09-16T07:59:45.739+0000] {processor.py:153} INFO - Started process (PID=198) to work on /home/airflow/.local/lib/python3.7/site-packages/airflow/example_dags/example_sla_dag.py
[2022-09-16T07:59:45.740+0000] {processor.py:640} INFO - Processing file /home/airflow/.local/lib/python3.7/site-packages/airflow/example_dags/example_sla_dag.py for tasks to queue
[2022-09-16T07:59:45.740+0000] {logging_mixin.py:115} INFO - [2022-09-16T07:59:45.740+0000] {dagbag.py:508} INFO - Filling up the DagBag from /home/airflow/.local/lib/python3.7/site-packages/airflow/example_dags/example_sla_dag.py
[2022-09-16T07:59:45.754+0000] {processor.py:650} INFO - DAG(s) dict_keys(['example_sla_dag']) retrieved from /home/airflow/.local/lib/python3.7/site-packages/airflow/example_dags/example_sla_dag.py
[2022-09-16T07:59:45.770+0000] {logging_mixin.py:115} INFO - [2022-09-16T07:59:45.770+0000] {dag.py:2429} INFO - Sync 1 DAGs
[2022-09-16T07:59:45.789+0000] {logging_mixin.py:115} INFO - [2022-09-16T07:59:45.789+0000] {dag.py:2981} INFO - Setting next_dagrun for example_sla_dag to 2022-09-16T07:56:00+00:00, run_after=2022-09-16T07:58:00+00:00
[2022-09-16T07:59:45.798+0000] {processor.py:161} INFO - Processing /home/airflow/.local/lib/python3.7/site-packages/airflow/example_dags/example_sla_dag.py took 0.061 seconds
[2022-09-16T08:00:16.541+0000] {processor.py:153} INFO - Started process (PID=260) to work on /home/airflow/.local/lib/python3.7/site-packages/airflow/example_dags/example_sla_dag.py
[2022-09-16T08:00:16.542+0000] {processor.py:640} INFO - Processing file /home/airflow/.local/lib/python3.7/site-packages/airflow/example_dags/example_sla_dag.py for tasks to queue
[2022-09-16T08:00:16.542+0000] {logging_mixin.py:115} INFO - [2022-09-16T08:00:16.542+0000] {dagbag.py:508} INFO - Filling up the DagBag from /home/airflow/.local/lib/python3.7/site-packages/airflow/example_dags/example_sla_dag.py
[2022-09-16T08:00:16.555+0000] {processor.py:650} INFO - DAG(s) dict_keys(['example_sla_dag']) retrieved from /home/airflow/.local/lib/python3.7/site-packages/airflow/example_dags/example_sla_dag.py
[2022-09-16T08:00:16.571+0000] {logging_mixin.py:115} INFO - [2022-09-16T08:00:16.571+0000] {dag.py:2429} INFO - Sync 1 DAGs
[2022-09-16T08:00:16.590+0000] {logging_mixin.py:115} INFO - [2022-09-16T08:00:16.590+0000] {dag.py:2981} INFO - Setting next_dagrun for example_sla_dag to 2022-09-16T07:58:00+00:00, run_after=2022-09-16T08:00:00+00:00
[2022-09-16T08:00:16.598+0000] {processor.py:161} INFO - Processing /home/airflow/.local/lib/python3.7/site-packages/airflow/example_dags/example_sla_dag.py took 0.059 seconds
[2022-09-16T08:00:47.493+0000] {processor.py:153} INFO - Started process (PID=322) to work on /home/airflow/.local/lib/python3.7/site-packages/airflow/example_dags/example_sla_dag.py
[2022-09-16T08:00:47.494+0000] {processor.py:640} INFO - Processing file /home/airflow/.local/lib/python3.7/site-packages/airflow/example_dags/example_sla_dag.py for tasks to queue
[2022-09-16T08:00:47.495+0000] {logging_mixin.py:115} INFO - [2022-09-16T08:00:47.494+0000] {dagbag.py:508} INFO - Filling up the DagBag from /home/airflow/.local/lib/python3.7/site-packages/airflow/example_dags/example_sla_dag.py
[2022-09-16T08:00:47.510+0000] {processor.py:650} INFO - DAG(s) dict_keys(['example_sla_dag']) retrieved from /home/airflow/.local/lib/python3.7/site-packages/airflow/example_dags/example_sla_dag.py
[2022-09-16T08:00:47.526+0000] {logging_mixin.py:115} INFO - [2022-09-16T08:00:47.526+0000] {dag.py:2429} INFO - Sync 1 DAGs
[2022-09-16T08:00:47.546+0000] {logging_mixin.py:115} INFO - [2022-09-16T08:00:47.546+0000] {dag.py:2981} INFO - Setting next_dagrun for example_sla_dag to 2022-09-16T07:58:00+00:00, run_after=2022-09-16T08:00:00+00:00
[2022-09-16T08:00:47.555+0000] {processor.py:161} INFO - Processing /home/airflow/.local/lib/python3.7/site-packages/airflow/example_dags/example_sla_dag.py took 0.064 seconds
[2022-09-16T08:01:18.444+0000] {processor.py:153} INFO - Started process (PID=384) to work on /home/airflow/.local/lib/python3.7/site-packages/airflow/example_dags/example_sla_dag.py
[2022-09-16T08:01:18.444+0000] {processor.py:640} INFO - Processing file /home/airflow/.local/lib/python3.7/site-packages/airflow/example_dags/example_sla_dag.py for tasks to queue
[2022-09-16T08:01:18.445+0000] {logging_mixin.py:115} INFO - [2022-09-16T08:01:18.445+0000] {dagbag.py:508} INFO - Filling up the DagBag from /home/airflow/.local/lib/python3.7/site-packages/airflow/example_dags/example_sla_dag.py
[2022-09-16T08:01:18.459+0000] {processor.py:650} INFO - DAG(s) dict_keys(['example_sla_dag']) retrieved from /home/airflow/.local/lib/python3.7/site-packages/airflow/example_dags/example_sla_dag.py
[2022-09-16T08:01:18.478+0000] {logging_mixin.py:115} INFO - [2022-09-16T08:01:18.478+0000] {dag.py:2429} INFO - Sync 1 DAGs
[2022-09-16T08:01:18.502+0000] {logging_mixin.py:115} INFO - [2022-09-16T08:01:18.501+0000] {dag.py:2981} INFO - Setting next_dagrun for example_sla_dag to 2022-09-16T07:58:00+00:00, run_after=2022-09-16T08:00:00+00:00
[2022-09-16T08:01:18.512+0000] {processor.py:161} INFO - Processing /home/airflow/.local/lib/python3.7/site-packages/airflow/example_dags/example_sla_dag.py took 0.070 seconds
[2022-09-16T08:01:48.647+0000] {processor.py:153} INFO - Started process (PID=437) to work on /home/airflow/.local/lib/python3.7/site-packages/airflow/example_dags/example_sla_dag.py
[2022-09-16T08:01:48.648+0000] {processor.py:640} INFO - Processing file /home/airflow/.local/lib/python3.7/site-packages/airflow/example_dags/example_sla_dag.py for tasks to queue
[2022-09-16T08:01:48.648+0000] {logging_mixin.py:115} INFO - [2022-09-16T08:01:48.648+0000] {dagbag.py:508} INFO - Filling up the DagBag from /home/airflow/.local/lib/python3.7/site-packages/airflow/example_dags/example_sla_dag.py
[2022-09-16T08:01:48.663+0000] {processor.py:650} INFO - DAG(s) dict_keys(['example_sla_dag']) retrieved from /home/airflow/.local/lib/python3.7/site-packages/airflow/example_dags/example_sla_dag.py
[2022-09-16T08:01:48.679+0000] {logging_mixin.py:115} INFO - [2022-09-16T08:01:48.679+0000] {dag.py:2429} INFO - Sync 1 DAGs
[2022-09-16T08:01:48.699+0000] {logging_mixin.py:115} INFO - [2022-09-16T08:01:48.699+0000] {dag.py:2981} INFO - Setting next_dagrun for example_sla_dag to 2022-09-16T07:58:00+00:00, run_after=2022-09-16T08:00:00+00:00
[2022-09-16T08:01:48.709+0000] {processor.py:161} INFO - Processing /home/airflow/.local/lib/python3.7/site-packages/airflow/example_dags/example_sla_dag.py took 0.064 seconds
[2022-09-16T08:02:18.796+0000] {processor.py:153} INFO - Started process (PID=501) to work on /home/airflow/.local/lib/python3.7/site-packages/airflow/example_dags/example_sla_dag.py
[2022-09-16T08:02:18.797+0000] {processor.py:640} INFO - Processing file /home/airflow/.local/lib/python3.7/site-packages/airflow/example_dags/example_sla_dag.py for tasks to queue
[2022-09-16T08:02:18.797+0000] {logging_mixin.py:115} INFO - [2022-09-16T08:02:18.797+0000] {dagbag.py:508} INFO - Filling up the DagBag from /home/airflow/.local/lib/python3.7/site-packages/airflow/example_dags/example_sla_dag.py
[2022-09-16T08:02:18.811+0000] {processor.py:650} INFO - DAG(s) dict_keys(['example_sla_dag']) retrieved from /home/airflow/.local/lib/python3.7/site-packages/airflow/example_dags/example_sla_dag.py
[2022-09-16T08:02:18.827+0000] {logging_mixin.py:115} INFO - [2022-09-16T08:02:18.827+0000] {dag.py:2429} INFO - Sync 1 DAGs
[2022-09-16T08:02:18.845+0000] {logging_mixin.py:115} INFO - [2022-09-16T08:02:18.845+0000] {dag.py:2981} INFO - Setting next_dagrun for example_sla_dag to 2022-09-16T08:00:00+00:00, run_after=2022-09-16T08:02:00+00:00
[2022-09-16T08:02:18.854+0000] {processor.py:161} INFO - Processing /home/airflow/.local/lib/python3.7/site-packages/airflow/example_dags/example_sla_dag.py took 0.060 seconds
[2022-09-16T08:02:49.012+0000] {processor.py:153} INFO - Started process (PID=562) to work on /home/airflow/.local/lib/python3.7/site-packages/airflow/example_dags/example_sla_dag.py
[2022-09-16T08:02:49.012+0000] {processor.py:640} INFO - Processing file /home/airflow/.local/lib/python3.7/site-packages/airflow/example_dags/example_sla_dag.py for tasks to queue
[2022-09-16T08:02:49.013+0000] {logging_mixin.py:115} INFO - [2022-09-16T08:02:49.013+0000] {dagbag.py:508} INFO - Filling up the DagBag from /home/airflow/.local/lib/python3.7/site-packages/airflow/example_dags/example_sla_dag.py
[2022-09-16T08:02:49.027+0000] {processor.py:650} INFO - DAG(s) dict_keys(['example_sla_dag']) retrieved from /home/airflow/.local/lib/python3.7/site-packages/airflow/example_dags/example_sla_dag.py
[2022-09-16T08:02:49.043+0000] {logging_mixin.py:115} INFO - [2022-09-16T08:02:49.042+0000] {dag.py:2429} INFO - Sync 1 DAGs
[2022-09-16T08:02:49.062+0000] {logging_mixin.py:115} INFO - [2022-09-16T08:02:49.062+0000] {dag.py:2981} INFO - Setting next_dagrun for example_sla_dag to 2022-09-16T08:00:00+00:00, run_after=2022-09-16T08:02:00+00:00
[2022-09-16T08:02:49.070+0000] {processor.py:161} INFO - Processing /home/airflow/.local/lib/python3.7/site-packages/airflow/example_dags/example_sla_dag.py took 0.061 seconds
[2022-09-16T08:03:19.177+0000] {processor.py:153} INFO - Started process (PID=615) to work on /home/airflow/.local/lib/python3.7/site-packages/airflow/example_dags/example_sla_dag.py
[2022-09-16T08:03:19.178+0000] {processor.py:640} INFO - Processing file /home/airflow/.local/lib/python3.7/site-packages/airflow/example_dags/example_sla_dag.py for tasks to queue
[2022-09-16T08:03:19.178+0000] {logging_mixin.py:115} INFO - [2022-09-16T08:03:19.178+0000] {dagbag.py:508} INFO - Filling up the DagBag from /home/airflow/.local/lib/python3.7/site-packages/airflow/example_dags/example_sla_dag.py
[2022-09-16T08:03:19.192+0000] {processor.py:650} INFO - DAG(s) dict_keys(['example_sla_dag']) retrieved from /home/airflow/.local/lib/python3.7/site-packages/airflow/example_dags/example_sla_dag.py
[2022-09-16T08:03:19.207+0000] {logging_mixin.py:115} INFO - [2022-09-16T08:03:19.207+0000] {dag.py:2429} INFO - Sync 1 DAGs
[2022-09-16T08:03:19.227+0000] {logging_mixin.py:115} INFO - [2022-09-16T08:03:19.227+0000] {dag.py:2981} INFO - Setting next_dagrun for example_sla_dag to 2022-09-16T08:00:00+00:00, run_after=2022-09-16T08:02:00+00:00
[2022-09-16T08:03:19.237+0000] {processor.py:161} INFO - Processing /home/airflow/.local/lib/python3.7/site-packages/airflow/example_dags/example_sla_dag.py took 0.062 seconds
[2022-09-16T08:04:02.493+0000] {processor.py:153} INFO - Started process (PID=65) to work on /home/airflow/.local/lib/python3.7/site-packages/airflow/example_dags/example_sla_dag.py
[2022-09-16T08:04:02.494+0000] {processor.py:640} INFO - Processing file /home/airflow/.local/lib/python3.7/site-packages/airflow/example_dags/example_sla_dag.py for tasks to queue
[2022-09-16T08:04:02.494+0000] {logging_mixin.py:115} INFO - [2022-09-16T08:04:02.494+0000] {dagbag.py:508} INFO - Filling up the DagBag from /home/airflow/.local/lib/python3.7/site-packages/airflow/example_dags/example_sla_dag.py
[2022-09-16T08:04:02.516+0000] {processor.py:650} INFO - DAG(s) dict_keys(['example_sla_dag']) retrieved from /home/airflow/.local/lib/python3.7/site-packages/airflow/example_dags/example_sla_dag.py
[2022-09-16T08:04:02.570+0000] {logging_mixin.py:115} INFO - [2022-09-16T08:04:02.570+0000] {dag.py:2429} INFO - Sync 1 DAGs
[2022-09-16T08:04:02.600+0000] {logging_mixin.py:115} INFO - [2022-09-16T08:04:02.600+0000] {dag.py:2981} INFO - Setting next_dagrun for example_sla_dag to 2022-09-16T08:02:00+00:00, run_after=2022-09-16T08:04:00+00:00
[2022-09-16T08:04:02.613+0000] {processor.py:161} INFO - Processing /home/airflow/.local/lib/python3.7/site-packages/airflow/example_dags/example_sla_dag.py took 0.123 seconds
[2022-09-16T08:04:32.901+0000] {processor.py:153} INFO - Started process (PID=127) to work on /home/airflow/.local/lib/python3.7/site-packages/airflow/example_dags/example_sla_dag.py
[2022-09-16T08:04:32.902+0000] {processor.py:640} INFO - Processing file /home/airflow/.local/lib/python3.7/site-packages/airflow/example_dags/example_sla_dag.py for tasks to queue
[2022-09-16T08:04:32.903+0000] {logging_mixin.py:115} INFO - [2022-09-16T08:04:32.902+0000] {dagbag.py:508} INFO - Filling up the DagBag from /home/airflow/.local/lib/python3.7/site-packages/airflow/example_dags/example_sla_dag.py
[2022-09-16T08:04:32.917+0000] {processor.py:650} INFO - DAG(s) dict_keys(['example_sla_dag']) retrieved from /home/airflow/.local/lib/python3.7/site-packages/airflow/example_dags/example_sla_dag.py
[2022-09-16T08:04:32.934+0000] {logging_mixin.py:115} INFO - [2022-09-16T08:04:32.933+0000] {dag.py:2429} INFO - Sync 1 DAGs
[2022-09-16T08:04:32.953+0000] {logging_mixin.py:115} INFO - [2022-09-16T08:04:32.953+0000] {dag.py:2981} INFO - Setting next_dagrun for example_sla_dag to 2022-09-16T08:02:00+00:00, run_after=2022-09-16T08:04:00+00:00
[2022-09-16T08:04:32.963+0000] {processor.py:161} INFO - Processing /home/airflow/.local/lib/python3.7/site-packages/airflow/example_dags/example_sla_dag.py took 0.063 seconds
[2022-09-16T08:06:40.257+0000] {processor.py:153} INFO - Started process (PID=65) to work on /home/airflow/.local/lib/python3.7/site-packages/airflow/example_dags/example_sla_dag.py
[2022-09-16T08:06:40.260+0000] {processor.py:640} INFO - Processing file /home/airflow/.local/lib/python3.7/site-packages/airflow/example_dags/example_sla_dag.py for tasks to queue
[2022-09-16T08:06:40.261+0000] {logging_mixin.py:115} INFO - [2022-09-16T08:06:40.260+0000] {dagbag.py:508} INFO - Filling up the DagBag from /home/airflow/.local/lib/python3.7/site-packages/airflow/example_dags/example_sla_dag.py
[2022-09-16T08:06:40.286+0000] {processor.py:650} INFO - DAG(s) dict_keys(['example_sla_dag']) retrieved from /home/airflow/.local/lib/python3.7/site-packages/airflow/example_dags/example_sla_dag.py
[2022-09-16T08:06:40.311+0000] {logging_mixin.py:115} INFO - [2022-09-16T08:06:40.311+0000] {dag.py:2429} INFO - Sync 1 DAGs
[2022-09-16T08:06:40.344+0000] {logging_mixin.py:115} INFO - [2022-09-16T08:06:40.344+0000] {dag.py:2981} INFO - Setting next_dagrun for example_sla_dag to 2022-09-16T08:04:00+00:00, run_after=2022-09-16T08:06:00+00:00
[2022-09-16T08:06:40.356+0000] {processor.py:161} INFO - Processing /home/airflow/.local/lib/python3.7/site-packages/airflow/example_dags/example_sla_dag.py took 0.102 seconds
[2022-09-16T08:08:03.813+0000] {processor.py:153} INFO - Started process (PID=64) to work on /home/airflow/.local/lib/python3.7/site-packages/airflow/example_dags/example_sla_dag.py
[2022-09-16T08:08:03.814+0000] {processor.py:640} INFO - Processing file /home/airflow/.local/lib/python3.7/site-packages/airflow/example_dags/example_sla_dag.py for tasks to queue
[2022-09-16T08:08:03.815+0000] {logging_mixin.py:115} INFO - [2022-09-16T08:08:03.815+0000] {dagbag.py:508} INFO - Filling up the DagBag from /home/airflow/.local/lib/python3.7/site-packages/airflow/example_dags/example_sla_dag.py
[2022-09-16T08:08:03.836+0000] {processor.py:650} INFO - DAG(s) dict_keys(['example_sla_dag']) retrieved from /home/airflow/.local/lib/python3.7/site-packages/airflow/example_dags/example_sla_dag.py
[2022-09-16T08:08:03.858+0000] {logging_mixin.py:115} INFO - [2022-09-16T08:08:03.858+0000] {dag.py:2429} INFO - Sync 1 DAGs
[2022-09-16T08:08:03.879+0000] {logging_mixin.py:115} INFO - [2022-09-16T08:08:03.879+0000] {dag.py:2981} INFO - Setting next_dagrun for example_sla_dag to 2022-09-16T08:06:00+00:00, run_after=2022-09-16T08:08:00+00:00
[2022-09-16T08:08:03.890+0000] {processor.py:161} INFO - Processing /home/airflow/.local/lib/python3.7/site-packages/airflow/example_dags/example_sla_dag.py took 0.078 seconds
[2022-09-16T08:10:13.429+0000] {processor.py:153} INFO - Started process (PID=65) to work on /home/airflow/.local/lib/python3.7/site-packages/airflow/example_dags/example_sla_dag.py
[2022-09-16T08:10:13.430+0000] {processor.py:640} INFO - Processing file /home/airflow/.local/lib/python3.7/site-packages/airflow/example_dags/example_sla_dag.py for tasks to queue
[2022-09-16T08:10:13.430+0000] {logging_mixin.py:115} INFO - [2022-09-16T08:10:13.430+0000] {dagbag.py:508} INFO - Filling up the DagBag from /home/airflow/.local/lib/python3.7/site-packages/airflow/example_dags/example_sla_dag.py
[2022-09-16T08:10:13.447+0000] {processor.py:650} INFO - DAG(s) dict_keys(['example_sla_dag']) retrieved from /home/airflow/.local/lib/python3.7/site-packages/airflow/example_dags/example_sla_dag.py
[2022-09-16T08:10:13.468+0000] {logging_mixin.py:115} INFO - [2022-09-16T08:10:13.468+0000] {dag.py:2429} INFO - Sync 1 DAGs
[2022-09-16T08:10:13.496+0000] {logging_mixin.py:115} INFO - [2022-09-16T08:10:13.496+0000] {dag.py:2981} INFO - Setting next_dagrun for example_sla_dag to 2022-09-16T08:08:00+00:00, run_after=2022-09-16T08:10:00+00:00
[2022-09-16T08:10:13.507+0000] {processor.py:161} INFO - Processing /home/airflow/.local/lib/python3.7/site-packages/airflow/example_dags/example_sla_dag.py took 0.080 seconds
[2022-09-16T08:10:44.613+0000] {processor.py:153} INFO - Started process (PID=127) to work on /home/airflow/.local/lib/python3.7/site-packages/airflow/example_dags/example_sla_dag.py
[2022-09-16T08:10:44.614+0000] {processor.py:640} INFO - Processing file /home/airflow/.local/lib/python3.7/site-packages/airflow/example_dags/example_sla_dag.py for tasks to queue
[2022-09-16T08:10:44.614+0000] {logging_mixin.py:115} INFO - [2022-09-16T08:10:44.614+0000] {dagbag.py:508} INFO - Filling up the DagBag from /home/airflow/.local/lib/python3.7/site-packages/airflow/example_dags/example_sla_dag.py
[2022-09-16T08:10:44.629+0000] {processor.py:650} INFO - DAG(s) dict_keys(['example_sla_dag']) retrieved from /home/airflow/.local/lib/python3.7/site-packages/airflow/example_dags/example_sla_dag.py
[2022-09-16T08:10:44.645+0000] {logging_mixin.py:115} INFO - [2022-09-16T08:10:44.645+0000] {dag.py:2429} INFO - Sync 1 DAGs
[2022-09-16T08:10:44.665+0000] {logging_mixin.py:115} INFO - [2022-09-16T08:10:44.665+0000] {dag.py:2981} INFO - Setting next_dagrun for example_sla_dag to 2022-09-16T08:08:00+00:00, run_after=2022-09-16T08:10:00+00:00
[2022-09-16T08:10:44.674+0000] {processor.py:161} INFO - Processing /home/airflow/.local/lib/python3.7/site-packages/airflow/example_dags/example_sla_dag.py took 0.063 seconds
[2022-09-16T08:13:51.554+0000] {processor.py:153} INFO - Started process (PID=97) to work on /home/airflow/.local/lib/python3.7/site-packages/airflow/example_dags/example_sla_dag.py
[2022-09-16T08:13:51.555+0000] {processor.py:640} INFO - Processing file /home/airflow/.local/lib/python3.7/site-packages/airflow/example_dags/example_sla_dag.py for tasks to queue
[2022-09-16T08:13:51.555+0000] {logging_mixin.py:115} INFO - [2022-09-16T08:13:51.555+0000] {dagbag.py:508} INFO - Filling up the DagBag from /home/airflow/.local/lib/python3.7/site-packages/airflow/example_dags/example_sla_dag.py
[2022-09-16T08:13:51.570+0000] {processor.py:650} INFO - DAG(s) dict_keys(['example_sla_dag']) retrieved from /home/airflow/.local/lib/python3.7/site-packages/airflow/example_dags/example_sla_dag.py
[2022-09-16T08:13:51.589+0000] {logging_mixin.py:115} INFO - [2022-09-16T08:13:51.589+0000] {dag.py:2429} INFO - Sync 1 DAGs
[2022-09-16T08:13:51.610+0000] {logging_mixin.py:115} INFO - [2022-09-16T08:13:51.610+0000] {dag.py:2981} INFO - Setting next_dagrun for example_sla_dag to 2022-09-16T08:10:00+00:00, run_after=2022-09-16T08:12:00+00:00
[2022-09-16T08:13:51.621+0000] {processor.py:161} INFO - Processing /home/airflow/.local/lib/python3.7/site-packages/airflow/example_dags/example_sla_dag.py took 0.069 seconds
[2022-09-16T08:15:36.353+0000] {processor.py:153} INFO - Started process (PID=65) to work on /home/airflow/.local/lib/python3.7/site-packages/airflow/example_dags/example_sla_dag.py
[2022-09-16T08:15:36.354+0000] {processor.py:640} INFO - Processing file /home/airflow/.local/lib/python3.7/site-packages/airflow/example_dags/example_sla_dag.py for tasks to queue
[2022-09-16T08:15:36.354+0000] {logging_mixin.py:115} INFO - [2022-09-16T08:15:36.354+0000] {dagbag.py:508} INFO - Filling up the DagBag from /home/airflow/.local/lib/python3.7/site-packages/airflow/example_dags/example_sla_dag.py
[2022-09-16T08:15:36.376+0000] {processor.py:650} INFO - DAG(s) dict_keys(['example_sla_dag']) retrieved from /home/airflow/.local/lib/python3.7/site-packages/airflow/example_dags/example_sla_dag.py
[2022-09-16T08:15:36.402+0000] {logging_mixin.py:115} INFO - [2022-09-16T08:15:36.402+0000] {dag.py:2429} INFO - Sync 1 DAGs
[2022-09-16T08:15:36.427+0000] {logging_mixin.py:115} INFO - [2022-09-16T08:15:36.426+0000] {dag.py:2981} INFO - Setting next_dagrun for example_sla_dag to 2022-09-16T08:12:00+00:00, run_after=2022-09-16T08:14:00+00:00
[2022-09-16T08:15:36.438+0000] {processor.py:161} INFO - Processing /home/airflow/.local/lib/python3.7/site-packages/airflow/example_dags/example_sla_dag.py took 0.088 seconds
[2022-09-16T08:18:34.236+0000] {processor.py:153} INFO - Started process (PID=108) to work on /home/airflow/.local/lib/python3.7/site-packages/airflow/example_dags/example_sla_dag.py
[2022-09-16T08:18:34.237+0000] {processor.py:640} INFO - Processing file /home/airflow/.local/lib/python3.7/site-packages/airflow/example_dags/example_sla_dag.py for tasks to queue
[2022-09-16T08:18:34.237+0000] {logging_mixin.py:115} INFO - [2022-09-16T08:18:34.237+0000] {dagbag.py:508} INFO - Filling up the DagBag from /home/airflow/.local/lib/python3.7/site-packages/airflow/example_dags/example_sla_dag.py
[2022-09-16T08:18:34.252+0000] {processor.py:650} INFO - DAG(s) dict_keys(['example_sla_dag']) retrieved from /home/airflow/.local/lib/python3.7/site-packages/airflow/example_dags/example_sla_dag.py
[2022-09-16T08:18:34.269+0000] {logging_mixin.py:115} INFO - [2022-09-16T08:18:34.268+0000] {dag.py:2429} INFO - Sync 1 DAGs
[2022-09-16T08:18:34.288+0000] {logging_mixin.py:115} INFO - [2022-09-16T08:18:34.288+0000] {dag.py:2981} INFO - Setting next_dagrun for example_sla_dag to 2022-09-16T08:16:00+00:00, run_after=2022-09-16T08:18:00+00:00
[2022-09-16T08:18:34.297+0000] {processor.py:161} INFO - Processing /home/airflow/.local/lib/python3.7/site-packages/airflow/example_dags/example_sla_dag.py took 0.064 seconds
[2022-09-16T08:19:05.499+0000] {processor.py:153} INFO - Started process (PID=170) to work on /home/airflow/.local/lib/python3.7/site-packages/airflow/example_dags/example_sla_dag.py
[2022-09-16T08:19:05.500+0000] {processor.py:640} INFO - Processing file /home/airflow/.local/lib/python3.7/site-packages/airflow/example_dags/example_sla_dag.py for tasks to queue
[2022-09-16T08:19:05.500+0000] {logging_mixin.py:115} INFO - [2022-09-16T08:19:05.500+0000] {dagbag.py:508} INFO - Filling up the DagBag from /home/airflow/.local/lib/python3.7/site-packages/airflow/example_dags/example_sla_dag.py
[2022-09-16T08:19:05.514+0000] {processor.py:650} INFO - DAG(s) dict_keys(['example_sla_dag']) retrieved from /home/airflow/.local/lib/python3.7/site-packages/airflow/example_dags/example_sla_dag.py
[2022-09-16T08:19:05.530+0000] {logging_mixin.py:115} INFO - [2022-09-16T08:19:05.530+0000] {dag.py:2429} INFO - Sync 1 DAGs
[2022-09-16T08:19:05.552+0000] {logging_mixin.py:115} INFO - [2022-09-16T08:19:05.552+0000] {dag.py:2981} INFO - Setting next_dagrun for example_sla_dag to 2022-09-16T08:16:00+00:00, run_after=2022-09-16T08:18:00+00:00
[2022-09-16T08:19:05.561+0000] {processor.py:161} INFO - Processing /home/airflow/.local/lib/python3.7/site-packages/airflow/example_dags/example_sla_dag.py took 0.063 seconds
