[2022-09-16T07:52:53.234+0000] {processor.py:153} INFO - Started process (PID=70) to work on /home/airflow/.local/lib/python3.7/site-packages/airflow/example_dags/example_latest_only.py
[2022-09-16T07:52:53.234+0000] {processor.py:640} INFO - Processing file /home/airflow/.local/lib/python3.7/site-packages/airflow/example_dags/example_latest_only.py for tasks to queue
[2022-09-16T07:52:53.235+0000] {logging_mixin.py:115} INFO - [2022-09-16T07:52:53.235+0000] {dagbag.py:508} INFO - Filling up the DagBag from /home/airflow/.local/lib/python3.7/site-packages/airflow/example_dags/example_latest_only.py
[2022-09-16T07:52:53.240+0000] {processor.py:650} INFO - DAG(s) dict_keys(['latest_only']) retrieved from /home/airflow/.local/lib/python3.7/site-packages/airflow/example_dags/example_latest_only.py
[2022-09-16T07:52:53.272+0000] {logging_mixin.py:115} INFO - [2022-09-16T07:52:53.272+0000] {dag.py:2429} INFO - Sync 1 DAGs
[2022-09-16T07:52:53.301+0000] {logging_mixin.py:115} INFO - [2022-09-16T07:52:53.301+0000] {dag.py:2981} INFO - Setting next_dagrun for latest_only to 2022-09-16T03:52:53.301318+00:00, run_after=2022-09-16T07:52:53.301318+00:00
[2022-09-16T07:52:53.317+0000] {processor.py:161} INFO - Processing /home/airflow/.local/lib/python3.7/site-packages/airflow/example_dags/example_latest_only.py took 0.086 seconds
[2022-09-16T07:53:23.976+0000] {processor.py:153} INFO - Started process (PID=131) to work on /home/airflow/.local/lib/python3.7/site-packages/airflow/example_dags/example_latest_only.py
[2022-09-16T07:53:23.977+0000] {processor.py:640} INFO - Processing file /home/airflow/.local/lib/python3.7/site-packages/airflow/example_dags/example_latest_only.py for tasks to queue
[2022-09-16T07:53:23.977+0000] {logging_mixin.py:115} INFO - [2022-09-16T07:53:23.977+0000] {dagbag.py:508} INFO - Filling up the DagBag from /home/airflow/.local/lib/python3.7/site-packages/airflow/example_dags/example_latest_only.py
[2022-09-16T07:53:23.980+0000] {processor.py:650} INFO - DAG(s) dict_keys(['latest_only']) retrieved from /home/airflow/.local/lib/python3.7/site-packages/airflow/example_dags/example_latest_only.py
[2022-09-16T07:53:23.998+0000] {logging_mixin.py:115} INFO - [2022-09-16T07:53:23.998+0000] {dag.py:2429} INFO - Sync 1 DAGs
[2022-09-16T07:53:24.013+0000] {logging_mixin.py:115} INFO - [2022-09-16T07:53:24.013+0000] {dag.py:2981} INFO - Setting next_dagrun for latest_only to 2022-09-16T03:53:24.013664+00:00, run_after=2022-09-16T07:53:24.013664+00:00
[2022-09-16T07:53:24.022+0000] {processor.py:161} INFO - Processing /home/airflow/.local/lib/python3.7/site-packages/airflow/example_dags/example_latest_only.py took 0.048 seconds
[2022-09-16T07:53:54.561+0000] {processor.py:153} INFO - Started process (PID=193) to work on /home/airflow/.local/lib/python3.7/site-packages/airflow/example_dags/example_latest_only.py
[2022-09-16T07:53:54.561+0000] {processor.py:640} INFO - Processing file /home/airflow/.local/lib/python3.7/site-packages/airflow/example_dags/example_latest_only.py for tasks to queue
[2022-09-16T07:53:54.562+0000] {logging_mixin.py:115} INFO - [2022-09-16T07:53:54.562+0000] {dagbag.py:508} INFO - Filling up the DagBag from /home/airflow/.local/lib/python3.7/site-packages/airflow/example_dags/example_latest_only.py
[2022-09-16T07:53:54.565+0000] {processor.py:650} INFO - DAG(s) dict_keys(['latest_only']) retrieved from /home/airflow/.local/lib/python3.7/site-packages/airflow/example_dags/example_latest_only.py
[2022-09-16T07:53:54.582+0000] {logging_mixin.py:115} INFO - [2022-09-16T07:53:54.582+0000] {dag.py:2429} INFO - Sync 1 DAGs
[2022-09-16T07:53:54.598+0000] {logging_mixin.py:115} INFO - [2022-09-16T07:53:54.598+0000] {dag.py:2981} INFO - Setting next_dagrun for latest_only to 2022-09-16T03:53:54.597952+00:00, run_after=2022-09-16T07:53:54.597952+00:00
[2022-09-16T07:53:54.607+0000] {processor.py:161} INFO - Processing /home/airflow/.local/lib/python3.7/site-packages/airflow/example_dags/example_latest_only.py took 0.048 seconds
[2022-09-16T07:54:25.527+0000] {processor.py:153} INFO - Started process (PID=255) to work on /home/airflow/.local/lib/python3.7/site-packages/airflow/example_dags/example_latest_only.py
[2022-09-16T07:54:25.528+0000] {processor.py:640} INFO - Processing file /home/airflow/.local/lib/python3.7/site-packages/airflow/example_dags/example_latest_only.py for tasks to queue
[2022-09-16T07:54:25.528+0000] {logging_mixin.py:115} INFO - [2022-09-16T07:54:25.528+0000] {dagbag.py:508} INFO - Filling up the DagBag from /home/airflow/.local/lib/python3.7/site-packages/airflow/example_dags/example_latest_only.py
[2022-09-16T07:54:25.531+0000] {processor.py:650} INFO - DAG(s) dict_keys(['latest_only']) retrieved from /home/airflow/.local/lib/python3.7/site-packages/airflow/example_dags/example_latest_only.py
[2022-09-16T07:54:25.549+0000] {logging_mixin.py:115} INFO - [2022-09-16T07:54:25.549+0000] {dag.py:2429} INFO - Sync 1 DAGs
[2022-09-16T07:54:25.566+0000] {logging_mixin.py:115} INFO - [2022-09-16T07:54:25.566+0000] {dag.py:2981} INFO - Setting next_dagrun for latest_only to 2022-09-16T03:54:25.566438+00:00, run_after=2022-09-16T07:54:25.566438+00:00
[2022-09-16T07:54:25.577+0000] {processor.py:161} INFO - Processing /home/airflow/.local/lib/python3.7/site-packages/airflow/example_dags/example_latest_only.py took 0.052 seconds
[2022-09-16T07:54:56.375+0000] {processor.py:153} INFO - Started process (PID=308) to work on /home/airflow/.local/lib/python3.7/site-packages/airflow/example_dags/example_latest_only.py
[2022-09-16T07:54:56.375+0000] {processor.py:640} INFO - Processing file /home/airflow/.local/lib/python3.7/site-packages/airflow/example_dags/example_latest_only.py for tasks to queue
[2022-09-16T07:54:56.376+0000] {logging_mixin.py:115} INFO - [2022-09-16T07:54:56.376+0000] {dagbag.py:508} INFO - Filling up the DagBag from /home/airflow/.local/lib/python3.7/site-packages/airflow/example_dags/example_latest_only.py
[2022-09-16T07:54:56.379+0000] {processor.py:650} INFO - DAG(s) dict_keys(['latest_only']) retrieved from /home/airflow/.local/lib/python3.7/site-packages/airflow/example_dags/example_latest_only.py
[2022-09-16T07:54:56.396+0000] {logging_mixin.py:115} INFO - [2022-09-16T07:54:56.396+0000] {dag.py:2429} INFO - Sync 1 DAGs
[2022-09-16T07:54:56.413+0000] {logging_mixin.py:115} INFO - [2022-09-16T07:54:56.413+0000] {dag.py:2981} INFO - Setting next_dagrun for latest_only to 2022-09-16T03:54:56.412879+00:00, run_after=2022-09-16T07:54:56.412879+00:00
[2022-09-16T07:54:56.422+0000] {processor.py:161} INFO - Processing /home/airflow/.local/lib/python3.7/site-packages/airflow/example_dags/example_latest_only.py took 0.049 seconds
[2022-09-16T07:55:27.083+0000] {processor.py:153} INFO - Started process (PID=370) to work on /home/airflow/.local/lib/python3.7/site-packages/airflow/example_dags/example_latest_only.py
[2022-09-16T07:55:27.084+0000] {processor.py:640} INFO - Processing file /home/airflow/.local/lib/python3.7/site-packages/airflow/example_dags/example_latest_only.py for tasks to queue
[2022-09-16T07:55:27.084+0000] {logging_mixin.py:115} INFO - [2022-09-16T07:55:27.084+0000] {dagbag.py:508} INFO - Filling up the DagBag from /home/airflow/.local/lib/python3.7/site-packages/airflow/example_dags/example_latest_only.py
[2022-09-16T07:55:27.087+0000] {processor.py:650} INFO - DAG(s) dict_keys(['latest_only']) retrieved from /home/airflow/.local/lib/python3.7/site-packages/airflow/example_dags/example_latest_only.py
[2022-09-16T07:55:27.106+0000] {logging_mixin.py:115} INFO - [2022-09-16T07:55:27.105+0000] {dag.py:2429} INFO - Sync 1 DAGs
[2022-09-16T07:55:27.122+0000] {logging_mixin.py:115} INFO - [2022-09-16T07:55:27.122+0000] {dag.py:2981} INFO - Setting next_dagrun for latest_only to 2022-09-16T03:55:27.122234+00:00, run_after=2022-09-16T07:55:27.122234+00:00
[2022-09-16T07:55:27.132+0000] {processor.py:161} INFO - Processing /home/airflow/.local/lib/python3.7/site-packages/airflow/example_dags/example_latest_only.py took 0.050 seconds
[2022-09-16T07:55:57.725+0000] {processor.py:153} INFO - Started process (PID=432) to work on /home/airflow/.local/lib/python3.7/site-packages/airflow/example_dags/example_latest_only.py
[2022-09-16T07:55:57.725+0000] {processor.py:640} INFO - Processing file /home/airflow/.local/lib/python3.7/site-packages/airflow/example_dags/example_latest_only.py for tasks to queue
[2022-09-16T07:55:57.726+0000] {logging_mixin.py:115} INFO - [2022-09-16T07:55:57.726+0000] {dagbag.py:508} INFO - Filling up the DagBag from /home/airflow/.local/lib/python3.7/site-packages/airflow/example_dags/example_latest_only.py
[2022-09-16T07:55:57.729+0000] {processor.py:650} INFO - DAG(s) dict_keys(['latest_only']) retrieved from /home/airflow/.local/lib/python3.7/site-packages/airflow/example_dags/example_latest_only.py
[2022-09-16T07:55:57.746+0000] {logging_mixin.py:115} INFO - [2022-09-16T07:55:57.746+0000] {dag.py:2429} INFO - Sync 1 DAGs
[2022-09-16T07:55:57.762+0000] {logging_mixin.py:115} INFO - [2022-09-16T07:55:57.762+0000] {dag.py:2981} INFO - Setting next_dagrun for latest_only to 2022-09-16T03:55:57.762439+00:00, run_after=2022-09-16T07:55:57.762439+00:00
[2022-09-16T07:55:57.773+0000] {processor.py:161} INFO - Processing /home/airflow/.local/lib/python3.7/site-packages/airflow/example_dags/example_latest_only.py took 0.051 seconds
[2022-09-16T07:56:28.395+0000] {processor.py:153} INFO - Started process (PID=493) to work on /home/airflow/.local/lib/python3.7/site-packages/airflow/example_dags/example_latest_only.py
[2022-09-16T07:56:28.396+0000] {processor.py:640} INFO - Processing file /home/airflow/.local/lib/python3.7/site-packages/airflow/example_dags/example_latest_only.py for tasks to queue
[2022-09-16T07:56:28.396+0000] {logging_mixin.py:115} INFO - [2022-09-16T07:56:28.396+0000] {dagbag.py:508} INFO - Filling up the DagBag from /home/airflow/.local/lib/python3.7/site-packages/airflow/example_dags/example_latest_only.py
[2022-09-16T07:56:28.400+0000] {processor.py:650} INFO - DAG(s) dict_keys(['latest_only']) retrieved from /home/airflow/.local/lib/python3.7/site-packages/airflow/example_dags/example_latest_only.py
[2022-09-16T07:56:28.421+0000] {logging_mixin.py:115} INFO - [2022-09-16T07:56:28.421+0000] {dag.py:2429} INFO - Sync 1 DAGs
[2022-09-16T07:56:28.438+0000] {logging_mixin.py:115} INFO - [2022-09-16T07:56:28.438+0000] {dag.py:2981} INFO - Setting next_dagrun for latest_only to 2022-09-16T03:56:28.438442+00:00, run_after=2022-09-16T07:56:28.438442+00:00
[2022-09-16T07:56:28.448+0000] {processor.py:161} INFO - Processing /home/airflow/.local/lib/python3.7/site-packages/airflow/example_dags/example_latest_only.py took 0.055 seconds
[2022-09-16T07:56:58.968+0000] {processor.py:153} INFO - Started process (PID=546) to work on /home/airflow/.local/lib/python3.7/site-packages/airflow/example_dags/example_latest_only.py
[2022-09-16T07:56:58.968+0000] {processor.py:640} INFO - Processing file /home/airflow/.local/lib/python3.7/site-packages/airflow/example_dags/example_latest_only.py for tasks to queue
[2022-09-16T07:56:58.969+0000] {logging_mixin.py:115} INFO - [2022-09-16T07:56:58.969+0000] {dagbag.py:508} INFO - Filling up the DagBag from /home/airflow/.local/lib/python3.7/site-packages/airflow/example_dags/example_latest_only.py
[2022-09-16T07:56:58.972+0000] {processor.py:650} INFO - DAG(s) dict_keys(['latest_only']) retrieved from /home/airflow/.local/lib/python3.7/site-packages/airflow/example_dags/example_latest_only.py
[2022-09-16T07:56:58.989+0000] {logging_mixin.py:115} INFO - [2022-09-16T07:56:58.989+0000] {dag.py:2429} INFO - Sync 1 DAGs
[2022-09-16T07:56:59.005+0000] {logging_mixin.py:115} INFO - [2022-09-16T07:56:59.005+0000] {dag.py:2981} INFO - Setting next_dagrun for latest_only to 2022-09-16T03:56:59.005569+00:00, run_after=2022-09-16T07:56:59.005569+00:00
[2022-09-16T07:56:59.015+0000] {processor.py:161} INFO - Processing /home/airflow/.local/lib/python3.7/site-packages/airflow/example_dags/example_latest_only.py took 0.049 seconds
[2022-09-16T07:57:29.523+0000] {processor.py:153} INFO - Started process (PID=608) to work on /home/airflow/.local/lib/python3.7/site-packages/airflow/example_dags/example_latest_only.py
[2022-09-16T07:57:29.523+0000] {processor.py:640} INFO - Processing file /home/airflow/.local/lib/python3.7/site-packages/airflow/example_dags/example_latest_only.py for tasks to queue
[2022-09-16T07:57:29.524+0000] {logging_mixin.py:115} INFO - [2022-09-16T07:57:29.524+0000] {dagbag.py:508} INFO - Filling up the DagBag from /home/airflow/.local/lib/python3.7/site-packages/airflow/example_dags/example_latest_only.py
[2022-09-16T07:57:29.527+0000] {processor.py:650} INFO - DAG(s) dict_keys(['latest_only']) retrieved from /home/airflow/.local/lib/python3.7/site-packages/airflow/example_dags/example_latest_only.py
[2022-09-16T07:57:29.546+0000] {logging_mixin.py:115} INFO - [2022-09-16T07:57:29.546+0000] {dag.py:2429} INFO - Sync 1 DAGs
[2022-09-16T07:57:29.563+0000] {logging_mixin.py:115} INFO - [2022-09-16T07:57:29.563+0000] {dag.py:2981} INFO - Setting next_dagrun for latest_only to 2022-09-16T03:57:29.562998+00:00, run_after=2022-09-16T07:57:29.562998+00:00
[2022-09-16T07:57:29.573+0000] {processor.py:161} INFO - Processing /home/airflow/.local/lib/python3.7/site-packages/airflow/example_dags/example_latest_only.py took 0.052 seconds
[2022-09-16T07:58:44.760+0000] {processor.py:153} INFO - Started process (PID=102) to work on /home/airflow/.local/lib/python3.7/site-packages/airflow/example_dags/example_latest_only.py
[2022-09-16T07:58:44.760+0000] {processor.py:640} INFO - Processing file /home/airflow/.local/lib/python3.7/site-packages/airflow/example_dags/example_latest_only.py for tasks to queue
[2022-09-16T07:58:44.761+0000] {logging_mixin.py:115} INFO - [2022-09-16T07:58:44.761+0000] {dagbag.py:508} INFO - Filling up the DagBag from /home/airflow/.local/lib/python3.7/site-packages/airflow/example_dags/example_latest_only.py
[2022-09-16T07:58:44.765+0000] {processor.py:650} INFO - DAG(s) dict_keys(['latest_only']) retrieved from /home/airflow/.local/lib/python3.7/site-packages/airflow/example_dags/example_latest_only.py
[2022-09-16T07:58:44.783+0000] {logging_mixin.py:115} INFO - [2022-09-16T07:58:44.783+0000] {dag.py:2429} INFO - Sync 1 DAGs
[2022-09-16T07:58:44.800+0000] {logging_mixin.py:115} INFO - [2022-09-16T07:58:44.800+0000] {dag.py:2981} INFO - Setting next_dagrun for latest_only to 2022-09-16T03:58:44.799778+00:00, run_after=2022-09-16T07:58:44.799778+00:00
[2022-09-16T07:58:44.809+0000] {processor.py:161} INFO - Processing /home/airflow/.local/lib/python3.7/site-packages/airflow/example_dags/example_latest_only.py took 0.052 seconds
[2022-09-16T07:59:15.786+0000] {processor.py:153} INFO - Started process (PID=164) to work on /home/airflow/.local/lib/python3.7/site-packages/airflow/example_dags/example_latest_only.py
[2022-09-16T07:59:15.787+0000] {processor.py:640} INFO - Processing file /home/airflow/.local/lib/python3.7/site-packages/airflow/example_dags/example_latest_only.py for tasks to queue
[2022-09-16T07:59:15.787+0000] {logging_mixin.py:115} INFO - [2022-09-16T07:59:15.787+0000] {dagbag.py:508} INFO - Filling up the DagBag from /home/airflow/.local/lib/python3.7/site-packages/airflow/example_dags/example_latest_only.py
[2022-09-16T07:59:15.791+0000] {processor.py:650} INFO - DAG(s) dict_keys(['latest_only']) retrieved from /home/airflow/.local/lib/python3.7/site-packages/airflow/example_dags/example_latest_only.py
[2022-09-16T07:59:15.810+0000] {logging_mixin.py:115} INFO - [2022-09-16T07:59:15.810+0000] {dag.py:2429} INFO - Sync 1 DAGs
[2022-09-16T07:59:15.827+0000] {logging_mixin.py:115} INFO - [2022-09-16T07:59:15.827+0000] {dag.py:2981} INFO - Setting next_dagrun for latest_only to 2022-09-16T03:59:15.827113+00:00, run_after=2022-09-16T07:59:15.827113+00:00
[2022-09-16T07:59:15.836+0000] {processor.py:161} INFO - Processing /home/airflow/.local/lib/python3.7/site-packages/airflow/example_dags/example_latest_only.py took 0.052 seconds
[2022-09-16T07:59:46.593+0000] {processor.py:153} INFO - Started process (PID=217) to work on /home/airflow/.local/lib/python3.7/site-packages/airflow/example_dags/example_latest_only.py
[2022-09-16T07:59:46.593+0000] {processor.py:640} INFO - Processing file /home/airflow/.local/lib/python3.7/site-packages/airflow/example_dags/example_latest_only.py for tasks to queue
[2022-09-16T07:59:46.594+0000] {logging_mixin.py:115} INFO - [2022-09-16T07:59:46.594+0000] {dagbag.py:508} INFO - Filling up the DagBag from /home/airflow/.local/lib/python3.7/site-packages/airflow/example_dags/example_latest_only.py
[2022-09-16T07:59:46.597+0000] {processor.py:650} INFO - DAG(s) dict_keys(['latest_only']) retrieved from /home/airflow/.local/lib/python3.7/site-packages/airflow/example_dags/example_latest_only.py
[2022-09-16T07:59:46.615+0000] {logging_mixin.py:115} INFO - [2022-09-16T07:59:46.615+0000] {dag.py:2429} INFO - Sync 1 DAGs
[2022-09-16T07:59:46.633+0000] {logging_mixin.py:115} INFO - [2022-09-16T07:59:46.633+0000] {dag.py:2981} INFO - Setting next_dagrun for latest_only to 2022-09-16T03:59:46.632883+00:00, run_after=2022-09-16T07:59:46.632883+00:00
[2022-09-16T07:59:46.642+0000] {processor.py:161} INFO - Processing /home/airflow/.local/lib/python3.7/site-packages/airflow/example_dags/example_latest_only.py took 0.051 seconds
[2022-09-16T08:00:17.454+0000] {processor.py:153} INFO - Started process (PID=279) to work on /home/airflow/.local/lib/python3.7/site-packages/airflow/example_dags/example_latest_only.py
[2022-09-16T08:00:17.454+0000] {processor.py:640} INFO - Processing file /home/airflow/.local/lib/python3.7/site-packages/airflow/example_dags/example_latest_only.py for tasks to queue
[2022-09-16T08:00:17.455+0000] {logging_mixin.py:115} INFO - [2022-09-16T08:00:17.455+0000] {dagbag.py:508} INFO - Filling up the DagBag from /home/airflow/.local/lib/python3.7/site-packages/airflow/example_dags/example_latest_only.py
[2022-09-16T08:00:17.458+0000] {processor.py:650} INFO - DAG(s) dict_keys(['latest_only']) retrieved from /home/airflow/.local/lib/python3.7/site-packages/airflow/example_dags/example_latest_only.py
[2022-09-16T08:00:17.478+0000] {logging_mixin.py:115} INFO - [2022-09-16T08:00:17.478+0000] {dag.py:2429} INFO - Sync 1 DAGs
[2022-09-16T08:00:17.495+0000] {logging_mixin.py:115} INFO - [2022-09-16T08:00:17.495+0000] {dag.py:2981} INFO - Setting next_dagrun for latest_only to 2022-09-16T04:00:17.495100+00:00, run_after=2022-09-16T08:00:17.495100+00:00
[2022-09-16T08:00:17.506+0000] {processor.py:161} INFO - Processing /home/airflow/.local/lib/python3.7/site-packages/airflow/example_dags/example_latest_only.py took 0.054 seconds
[2022-09-16T08:00:48.544+0000] {processor.py:153} INFO - Started process (PID=341) to work on /home/airflow/.local/lib/python3.7/site-packages/airflow/example_dags/example_latest_only.py
[2022-09-16T08:00:48.545+0000] {processor.py:640} INFO - Processing file /home/airflow/.local/lib/python3.7/site-packages/airflow/example_dags/example_latest_only.py for tasks to queue
[2022-09-16T08:00:48.545+0000] {logging_mixin.py:115} INFO - [2022-09-16T08:00:48.545+0000] {dagbag.py:508} INFO - Filling up the DagBag from /home/airflow/.local/lib/python3.7/site-packages/airflow/example_dags/example_latest_only.py
[2022-09-16T08:00:48.549+0000] {processor.py:650} INFO - DAG(s) dict_keys(['latest_only']) retrieved from /home/airflow/.local/lib/python3.7/site-packages/airflow/example_dags/example_latest_only.py
[2022-09-16T08:00:48.608+0000] {logging_mixin.py:115} INFO - [2022-09-16T08:00:48.608+0000] {dag.py:2429} INFO - Sync 1 DAGs
[2022-09-16T08:00:48.633+0000] {logging_mixin.py:115} INFO - [2022-09-16T08:00:48.633+0000] {dag.py:2981} INFO - Setting next_dagrun for latest_only to 2022-09-16T04:00:48.632879+00:00, run_after=2022-09-16T08:00:48.632879+00:00
[2022-09-16T08:00:48.660+0000] {processor.py:161} INFO - Processing /home/airflow/.local/lib/python3.7/site-packages/airflow/example_dags/example_latest_only.py took 0.119 seconds
[2022-09-16T08:01:19.371+0000] {processor.py:153} INFO - Started process (PID=403) to work on /home/airflow/.local/lib/python3.7/site-packages/airflow/example_dags/example_latest_only.py
[2022-09-16T08:01:19.372+0000] {processor.py:640} INFO - Processing file /home/airflow/.local/lib/python3.7/site-packages/airflow/example_dags/example_latest_only.py for tasks to queue
[2022-09-16T08:01:19.372+0000] {logging_mixin.py:115} INFO - [2022-09-16T08:01:19.372+0000] {dagbag.py:508} INFO - Filling up the DagBag from /home/airflow/.local/lib/python3.7/site-packages/airflow/example_dags/example_latest_only.py
[2022-09-16T08:01:19.376+0000] {processor.py:650} INFO - DAG(s) dict_keys(['latest_only']) retrieved from /home/airflow/.local/lib/python3.7/site-packages/airflow/example_dags/example_latest_only.py
[2022-09-16T08:01:19.393+0000] {logging_mixin.py:115} INFO - [2022-09-16T08:01:19.393+0000] {dag.py:2429} INFO - Sync 1 DAGs
[2022-09-16T08:01:19.410+0000] {logging_mixin.py:115} INFO - [2022-09-16T08:01:19.410+0000] {dag.py:2981} INFO - Setting next_dagrun for latest_only to 2022-09-16T04:01:19.410318+00:00, run_after=2022-09-16T08:01:19.410318+00:00
[2022-09-16T08:01:19.421+0000] {processor.py:161} INFO - Processing /home/airflow/.local/lib/python3.7/site-packages/airflow/example_dags/example_latest_only.py took 0.052 seconds
[2022-09-16T08:01:50.565+0000] {processor.py:153} INFO - Started process (PID=456) to work on /home/airflow/.local/lib/python3.7/site-packages/airflow/example_dags/example_latest_only.py
[2022-09-16T08:01:50.565+0000] {processor.py:640} INFO - Processing file /home/airflow/.local/lib/python3.7/site-packages/airflow/example_dags/example_latest_only.py for tasks to queue
[2022-09-16T08:01:50.566+0000] {logging_mixin.py:115} INFO - [2022-09-16T08:01:50.565+0000] {dagbag.py:508} INFO - Filling up the DagBag from /home/airflow/.local/lib/python3.7/site-packages/airflow/example_dags/example_latest_only.py
[2022-09-16T08:01:50.569+0000] {processor.py:650} INFO - DAG(s) dict_keys(['latest_only']) retrieved from /home/airflow/.local/lib/python3.7/site-packages/airflow/example_dags/example_latest_only.py
[2022-09-16T08:01:50.588+0000] {logging_mixin.py:115} INFO - [2022-09-16T08:01:50.588+0000] {dag.py:2429} INFO - Sync 1 DAGs
[2022-09-16T08:01:50.605+0000] {logging_mixin.py:115} INFO - [2022-09-16T08:01:50.604+0000] {dag.py:2981} INFO - Setting next_dagrun for latest_only to 2022-09-16T04:01:50.604752+00:00, run_after=2022-09-16T08:01:50.604752+00:00
[2022-09-16T08:01:50.614+0000] {processor.py:161} INFO - Processing /home/airflow/.local/lib/python3.7/site-packages/airflow/example_dags/example_latest_only.py took 0.051 seconds
[2022-09-16T08:02:20.841+0000] {processor.py:153} INFO - Started process (PID=520) to work on /home/airflow/.local/lib/python3.7/site-packages/airflow/example_dags/example_latest_only.py
[2022-09-16T08:02:20.841+0000] {processor.py:640} INFO - Processing file /home/airflow/.local/lib/python3.7/site-packages/airflow/example_dags/example_latest_only.py for tasks to queue
[2022-09-16T08:02:20.841+0000] {logging_mixin.py:115} INFO - [2022-09-16T08:02:20.841+0000] {dagbag.py:508} INFO - Filling up the DagBag from /home/airflow/.local/lib/python3.7/site-packages/airflow/example_dags/example_latest_only.py
[2022-09-16T08:02:20.845+0000] {processor.py:650} INFO - DAG(s) dict_keys(['latest_only']) retrieved from /home/airflow/.local/lib/python3.7/site-packages/airflow/example_dags/example_latest_only.py
[2022-09-16T08:02:20.862+0000] {logging_mixin.py:115} INFO - [2022-09-16T08:02:20.862+0000] {dag.py:2429} INFO - Sync 1 DAGs
[2022-09-16T08:02:20.879+0000] {logging_mixin.py:115} INFO - [2022-09-16T08:02:20.879+0000] {dag.py:2981} INFO - Setting next_dagrun for latest_only to 2022-09-16T04:02:20.879652+00:00, run_after=2022-09-16T08:02:20.879652+00:00
[2022-09-16T08:02:20.889+0000] {processor.py:161} INFO - Processing /home/airflow/.local/lib/python3.7/site-packages/airflow/example_dags/example_latest_only.py took 0.050 seconds
[2022-09-16T08:02:51.075+0000] {processor.py:153} INFO - Started process (PID=582) to work on /home/airflow/.local/lib/python3.7/site-packages/airflow/example_dags/example_latest_only.py
[2022-09-16T08:02:51.076+0000] {processor.py:640} INFO - Processing file /home/airflow/.local/lib/python3.7/site-packages/airflow/example_dags/example_latest_only.py for tasks to queue
[2022-09-16T08:02:51.076+0000] {logging_mixin.py:115} INFO - [2022-09-16T08:02:51.076+0000] {dagbag.py:508} INFO - Filling up the DagBag from /home/airflow/.local/lib/python3.7/site-packages/airflow/example_dags/example_latest_only.py
[2022-09-16T08:02:51.079+0000] {processor.py:650} INFO - DAG(s) dict_keys(['latest_only']) retrieved from /home/airflow/.local/lib/python3.7/site-packages/airflow/example_dags/example_latest_only.py
[2022-09-16T08:02:51.098+0000] {logging_mixin.py:115} INFO - [2022-09-16T08:02:51.098+0000] {dag.py:2429} INFO - Sync 1 DAGs
[2022-09-16T08:02:51.116+0000] {logging_mixin.py:115} INFO - [2022-09-16T08:02:51.116+0000] {dag.py:2981} INFO - Setting next_dagrun for latest_only to 2022-09-16T04:02:51.115933+00:00, run_after=2022-09-16T08:02:51.115933+00:00
[2022-09-16T08:02:51.125+0000] {processor.py:161} INFO - Processing /home/airflow/.local/lib/python3.7/site-packages/airflow/example_dags/example_latest_only.py took 0.051 seconds
[2022-09-16T08:03:21.398+0000] {processor.py:153} INFO - Started process (PID=644) to work on /home/airflow/.local/lib/python3.7/site-packages/airflow/example_dags/example_latest_only.py
[2022-09-16T08:03:21.399+0000] {processor.py:640} INFO - Processing file /home/airflow/.local/lib/python3.7/site-packages/airflow/example_dags/example_latest_only.py for tasks to queue
[2022-09-16T08:03:21.399+0000] {logging_mixin.py:115} INFO - [2022-09-16T08:03:21.399+0000] {dagbag.py:508} INFO - Filling up the DagBag from /home/airflow/.local/lib/python3.7/site-packages/airflow/example_dags/example_latest_only.py
[2022-09-16T08:03:21.402+0000] {processor.py:650} INFO - DAG(s) dict_keys(['latest_only']) retrieved from /home/airflow/.local/lib/python3.7/site-packages/airflow/example_dags/example_latest_only.py
[2022-09-16T08:03:21.422+0000] {logging_mixin.py:115} INFO - [2022-09-16T08:03:21.422+0000] {dag.py:2429} INFO - Sync 1 DAGs
[2022-09-16T08:03:21.440+0000] {logging_mixin.py:115} INFO - [2022-09-16T08:03:21.440+0000] {dag.py:2981} INFO - Setting next_dagrun for latest_only to 2022-09-16T04:03:21.440668+00:00, run_after=2022-09-16T08:03:21.440668+00:00
[2022-09-16T08:03:21.452+0000] {processor.py:161} INFO - Processing /home/airflow/.local/lib/python3.7/site-packages/airflow/example_dags/example_latest_only.py took 0.056 seconds
[2022-09-16T08:04:03.650+0000] {processor.py:153} INFO - Started process (PID=84) to work on /home/airflow/.local/lib/python3.7/site-packages/airflow/example_dags/example_latest_only.py
[2022-09-16T08:04:03.651+0000] {processor.py:640} INFO - Processing file /home/airflow/.local/lib/python3.7/site-packages/airflow/example_dags/example_latest_only.py for tasks to queue
[2022-09-16T08:04:03.651+0000] {logging_mixin.py:115} INFO - [2022-09-16T08:04:03.651+0000] {dagbag.py:508} INFO - Filling up the DagBag from /home/airflow/.local/lib/python3.7/site-packages/airflow/example_dags/example_latest_only.py
[2022-09-16T08:04:03.657+0000] {processor.py:650} INFO - DAG(s) dict_keys(['latest_only']) retrieved from /home/airflow/.local/lib/python3.7/site-packages/airflow/example_dags/example_latest_only.py
[2022-09-16T08:04:03.680+0000] {logging_mixin.py:115} INFO - [2022-09-16T08:04:03.680+0000] {dag.py:2429} INFO - Sync 1 DAGs
[2022-09-16T08:04:03.704+0000] {logging_mixin.py:115} INFO - [2022-09-16T08:04:03.704+0000] {dag.py:2981} INFO - Setting next_dagrun for latest_only to 2022-09-16T04:04:03.704339+00:00, run_after=2022-09-16T08:04:03.704339+00:00
[2022-09-16T08:04:03.717+0000] {processor.py:161} INFO - Processing /home/airflow/.local/lib/python3.7/site-packages/airflow/example_dags/example_latest_only.py took 0.069 seconds
[2022-09-16T08:04:33.998+0000] {processor.py:153} INFO - Started process (PID=146) to work on /home/airflow/.local/lib/python3.7/site-packages/airflow/example_dags/example_latest_only.py
[2022-09-16T08:04:33.999+0000] {processor.py:640} INFO - Processing file /home/airflow/.local/lib/python3.7/site-packages/airflow/example_dags/example_latest_only.py for tasks to queue
[2022-09-16T08:04:33.999+0000] {logging_mixin.py:115} INFO - [2022-09-16T08:04:33.999+0000] {dagbag.py:508} INFO - Filling up the DagBag from /home/airflow/.local/lib/python3.7/site-packages/airflow/example_dags/example_latest_only.py
[2022-09-16T08:04:34.004+0000] {processor.py:650} INFO - DAG(s) dict_keys(['latest_only']) retrieved from /home/airflow/.local/lib/python3.7/site-packages/airflow/example_dags/example_latest_only.py
[2022-09-16T08:04:34.020+0000] {logging_mixin.py:115} INFO - [2022-09-16T08:04:34.020+0000] {dag.py:2429} INFO - Sync 1 DAGs
[2022-09-16T08:04:34.040+0000] {logging_mixin.py:115} INFO - [2022-09-16T08:04:34.040+0000] {dag.py:2981} INFO - Setting next_dagrun for latest_only to 2022-09-16T04:04:34.040322+00:00, run_after=2022-09-16T08:04:34.040322+00:00
[2022-09-16T08:04:34.051+0000] {processor.py:161} INFO - Processing /home/airflow/.local/lib/python3.7/site-packages/airflow/example_dags/example_latest_only.py took 0.055 seconds
[2022-09-16T08:06:41.420+0000] {processor.py:153} INFO - Started process (PID=84) to work on /home/airflow/.local/lib/python3.7/site-packages/airflow/example_dags/example_latest_only.py
[2022-09-16T08:06:41.420+0000] {processor.py:640} INFO - Processing file /home/airflow/.local/lib/python3.7/site-packages/airflow/example_dags/example_latest_only.py for tasks to queue
[2022-09-16T08:06:41.421+0000] {logging_mixin.py:115} INFO - [2022-09-16T08:06:41.421+0000] {dagbag.py:508} INFO - Filling up the DagBag from /home/airflow/.local/lib/python3.7/site-packages/airflow/example_dags/example_latest_only.py
[2022-09-16T08:06:41.427+0000] {processor.py:650} INFO - DAG(s) dict_keys(['latest_only']) retrieved from /home/airflow/.local/lib/python3.7/site-packages/airflow/example_dags/example_latest_only.py
[2022-09-16T08:06:41.444+0000] {logging_mixin.py:115} INFO - [2022-09-16T08:06:41.444+0000] {dag.py:2429} INFO - Sync 1 DAGs
[2022-09-16T08:06:41.463+0000] {logging_mixin.py:115} INFO - [2022-09-16T08:06:41.463+0000] {dag.py:2981} INFO - Setting next_dagrun for latest_only to 2022-09-16T04:06:41.463526+00:00, run_after=2022-09-16T08:06:41.463526+00:00
[2022-09-16T08:06:41.477+0000] {processor.py:161} INFO - Processing /home/airflow/.local/lib/python3.7/site-packages/airflow/example_dags/example_latest_only.py took 0.060 seconds
[2022-09-16T08:08:05.004+0000] {processor.py:153} INFO - Started process (PID=83) to work on /home/airflow/.local/lib/python3.7/site-packages/airflow/example_dags/example_latest_only.py
[2022-09-16T08:08:05.005+0000] {processor.py:640} INFO - Processing file /home/airflow/.local/lib/python3.7/site-packages/airflow/example_dags/example_latest_only.py for tasks to queue
[2022-09-16T08:08:05.005+0000] {logging_mixin.py:115} INFO - [2022-09-16T08:08:05.005+0000] {dagbag.py:508} INFO - Filling up the DagBag from /home/airflow/.local/lib/python3.7/site-packages/airflow/example_dags/example_latest_only.py
[2022-09-16T08:08:05.012+0000] {processor.py:650} INFO - DAG(s) dict_keys(['latest_only']) retrieved from /home/airflow/.local/lib/python3.7/site-packages/airflow/example_dags/example_latest_only.py
[2022-09-16T08:08:05.036+0000] {logging_mixin.py:115} INFO - [2022-09-16T08:08:05.036+0000] {dag.py:2429} INFO - Sync 1 DAGs
[2022-09-16T08:08:05.060+0000] {logging_mixin.py:115} INFO - [2022-09-16T08:08:05.060+0000] {dag.py:2981} INFO - Setting next_dagrun for latest_only to 2022-09-16T04:08:05.060260+00:00, run_after=2022-09-16T08:08:05.060260+00:00
[2022-09-16T08:08:05.072+0000] {processor.py:161} INFO - Processing /home/airflow/.local/lib/python3.7/site-packages/airflow/example_dags/example_latest_only.py took 0.070 seconds
[2022-09-16T08:10:14.515+0000] {processor.py:153} INFO - Started process (PID=84) to work on /home/airflow/.local/lib/python3.7/site-packages/airflow/example_dags/example_latest_only.py
[2022-09-16T08:10:14.516+0000] {processor.py:640} INFO - Processing file /home/airflow/.local/lib/python3.7/site-packages/airflow/example_dags/example_latest_only.py for tasks to queue
[2022-09-16T08:10:14.516+0000] {logging_mixin.py:115} INFO - [2022-09-16T08:10:14.516+0000] {dagbag.py:508} INFO - Filling up the DagBag from /home/airflow/.local/lib/python3.7/site-packages/airflow/example_dags/example_latest_only.py
[2022-09-16T08:10:14.522+0000] {processor.py:650} INFO - DAG(s) dict_keys(['latest_only']) retrieved from /home/airflow/.local/lib/python3.7/site-packages/airflow/example_dags/example_latest_only.py
[2022-09-16T08:10:14.541+0000] {logging_mixin.py:115} INFO - [2022-09-16T08:10:14.541+0000] {dag.py:2429} INFO - Sync 1 DAGs
[2022-09-16T08:10:14.561+0000] {logging_mixin.py:115} INFO - [2022-09-16T08:10:14.561+0000] {dag.py:2981} INFO - Setting next_dagrun for latest_only to 2022-09-16T04:10:14.560922+00:00, run_after=2022-09-16T08:10:14.560922+00:00
[2022-09-16T08:10:14.572+0000] {processor.py:161} INFO - Processing /home/airflow/.local/lib/python3.7/site-packages/airflow/example_dags/example_latest_only.py took 0.060 seconds
[2022-09-16T08:10:45.599+0000] {processor.py:153} INFO - Started process (PID=146) to work on /home/airflow/.local/lib/python3.7/site-packages/airflow/example_dags/example_latest_only.py
[2022-09-16T08:10:45.600+0000] {processor.py:640} INFO - Processing file /home/airflow/.local/lib/python3.7/site-packages/airflow/example_dags/example_latest_only.py for tasks to queue
[2022-09-16T08:10:45.600+0000] {logging_mixin.py:115} INFO - [2022-09-16T08:10:45.600+0000] {dagbag.py:508} INFO - Filling up the DagBag from /home/airflow/.local/lib/python3.7/site-packages/airflow/example_dags/example_latest_only.py
[2022-09-16T08:10:45.605+0000] {processor.py:650} INFO - DAG(s) dict_keys(['latest_only']) retrieved from /home/airflow/.local/lib/python3.7/site-packages/airflow/example_dags/example_latest_only.py
[2022-09-16T08:10:45.622+0000] {logging_mixin.py:115} INFO - [2022-09-16T08:10:45.621+0000] {dag.py:2429} INFO - Sync 1 DAGs
[2022-09-16T08:10:45.640+0000] {logging_mixin.py:115} INFO - [2022-09-16T08:10:45.640+0000] {dag.py:2981} INFO - Setting next_dagrun for latest_only to 2022-09-16T04:10:45.640382+00:00, run_after=2022-09-16T08:10:45.640382+00:00
[2022-09-16T08:10:45.650+0000] {processor.py:161} INFO - Processing /home/airflow/.local/lib/python3.7/site-packages/airflow/example_dags/example_latest_only.py took 0.052 seconds
[2022-09-16T08:13:52.684+0000] {processor.py:153} INFO - Started process (PID=116) to work on /home/airflow/.local/lib/python3.7/site-packages/airflow/example_dags/example_latest_only.py
[2022-09-16T08:13:52.685+0000] {processor.py:640} INFO - Processing file /home/airflow/.local/lib/python3.7/site-packages/airflow/example_dags/example_latest_only.py for tasks to queue
[2022-09-16T08:13:52.685+0000] {logging_mixin.py:115} INFO - [2022-09-16T08:13:52.685+0000] {dagbag.py:508} INFO - Filling up the DagBag from /home/airflow/.local/lib/python3.7/site-packages/airflow/example_dags/example_latest_only.py
[2022-09-16T08:13:52.689+0000] {processor.py:650} INFO - DAG(s) dict_keys(['latest_only']) retrieved from /home/airflow/.local/lib/python3.7/site-packages/airflow/example_dags/example_latest_only.py
[2022-09-16T08:13:52.711+0000] {logging_mixin.py:115} INFO - [2022-09-16T08:13:52.711+0000] {dag.py:2429} INFO - Sync 1 DAGs
[2022-09-16T08:13:52.733+0000] {logging_mixin.py:115} INFO - [2022-09-16T08:13:52.733+0000] {dag.py:2981} INFO - Setting next_dagrun for latest_only to 2022-09-16T04:13:52.733360+00:00, run_after=2022-09-16T08:13:52.733360+00:00
[2022-09-16T08:13:52.743+0000] {processor.py:161} INFO - Processing /home/airflow/.local/lib/python3.7/site-packages/airflow/example_dags/example_latest_only.py took 0.061 seconds
[2022-09-16T08:15:37.429+0000] {processor.py:153} INFO - Started process (PID=84) to work on /home/airflow/.local/lib/python3.7/site-packages/airflow/example_dags/example_latest_only.py
[2022-09-16T08:15:37.430+0000] {processor.py:640} INFO - Processing file /home/airflow/.local/lib/python3.7/site-packages/airflow/example_dags/example_latest_only.py for tasks to queue
[2022-09-16T08:15:37.431+0000] {logging_mixin.py:115} INFO - [2022-09-16T08:15:37.431+0000] {dagbag.py:508} INFO - Filling up the DagBag from /home/airflow/.local/lib/python3.7/site-packages/airflow/example_dags/example_latest_only.py
[2022-09-16T08:15:37.437+0000] {processor.py:650} INFO - DAG(s) dict_keys(['latest_only']) retrieved from /home/airflow/.local/lib/python3.7/site-packages/airflow/example_dags/example_latest_only.py
[2022-09-16T08:15:37.457+0000] {logging_mixin.py:115} INFO - [2022-09-16T08:15:37.457+0000] {dag.py:2429} INFO - Sync 1 DAGs
[2022-09-16T08:15:37.476+0000] {logging_mixin.py:115} INFO - [2022-09-16T08:15:37.475+0000] {dag.py:2981} INFO - Setting next_dagrun for latest_only to 2022-09-16T04:15:37.475687+00:00, run_after=2022-09-16T08:15:37.475687+00:00
[2022-09-16T08:15:37.485+0000] {processor.py:161} INFO - Processing /home/airflow/.local/lib/python3.7/site-packages/airflow/example_dags/example_latest_only.py took 0.058 seconds
[2022-09-16T08:18:35.253+0000] {processor.py:153} INFO - Started process (PID=136) to work on /home/airflow/.local/lib/python3.7/site-packages/airflow/example_dags/example_latest_only.py
[2022-09-16T08:18:35.254+0000] {processor.py:640} INFO - Processing file /home/airflow/.local/lib/python3.7/site-packages/airflow/example_dags/example_latest_only.py for tasks to queue
[2022-09-16T08:18:35.254+0000] {logging_mixin.py:115} INFO - [2022-09-16T08:18:35.254+0000] {dagbag.py:508} INFO - Filling up the DagBag from /home/airflow/.local/lib/python3.7/site-packages/airflow/example_dags/example_latest_only.py
[2022-09-16T08:18:35.258+0000] {processor.py:650} INFO - DAG(s) dict_keys(['latest_only']) retrieved from /home/airflow/.local/lib/python3.7/site-packages/airflow/example_dags/example_latest_only.py
[2022-09-16T08:18:35.286+0000] {logging_mixin.py:115} INFO - [2022-09-16T08:18:35.286+0000] {dag.py:2429} INFO - Sync 1 DAGs
[2022-09-16T08:18:35.309+0000] {logging_mixin.py:115} INFO - [2022-09-16T08:18:35.309+0000] {dag.py:2981} INFO - Setting next_dagrun for latest_only to 2022-09-16T04:18:35.309363+00:00, run_after=2022-09-16T08:18:35.309363+00:00
[2022-09-16T08:18:35.321+0000] {processor.py:161} INFO - Processing /home/airflow/.local/lib/python3.7/site-packages/airflow/example_dags/example_latest_only.py took 0.071 seconds
[2022-09-16T08:19:06.578+0000] {processor.py:153} INFO - Started process (PID=189) to work on /home/airflow/.local/lib/python3.7/site-packages/airflow/example_dags/example_latest_only.py
[2022-09-16T08:19:06.579+0000] {processor.py:640} INFO - Processing file /home/airflow/.local/lib/python3.7/site-packages/airflow/example_dags/example_latest_only.py for tasks to queue
[2022-09-16T08:19:06.580+0000] {logging_mixin.py:115} INFO - [2022-09-16T08:19:06.579+0000] {dagbag.py:508} INFO - Filling up the DagBag from /home/airflow/.local/lib/python3.7/site-packages/airflow/example_dags/example_latest_only.py
[2022-09-16T08:19:06.585+0000] {processor.py:650} INFO - DAG(s) dict_keys(['latest_only']) retrieved from /home/airflow/.local/lib/python3.7/site-packages/airflow/example_dags/example_latest_only.py
[2022-09-16T08:19:06.613+0000] {logging_mixin.py:115} INFO - [2022-09-16T08:19:06.613+0000] {dag.py:2429} INFO - Sync 1 DAGs
[2022-09-16T08:19:06.648+0000] {logging_mixin.py:115} INFO - [2022-09-16T08:19:06.647+0000] {dag.py:2981} INFO - Setting next_dagrun for latest_only to 2022-09-16T04:19:06.646996+00:00, run_after=2022-09-16T08:19:06.646996+00:00
[2022-09-16T08:19:06.665+0000] {processor.py:161} INFO - Processing /home/airflow/.local/lib/python3.7/site-packages/airflow/example_dags/example_latest_only.py took 0.090 seconds
