[2022-09-16T07:52:52.560+0000] {processor.py:153} INFO - Started process (PID=59) to work on /home/airflow/.local/lib/python3.7/site-packages/airflow/example_dags/example_branch_datetime_operator.py
[2022-09-16T07:52:52.560+0000] {processor.py:640} INFO - Processing file /home/airflow/.local/lib/python3.7/site-packages/airflow/example_dags/example_branch_datetime_operator.py for tasks to queue
[2022-09-16T07:52:52.561+0000] {logging_mixin.py:115} INFO - [2022-09-16T07:52:52.561+0000] {dagbag.py:508} INFO - Filling up the DagBag from /home/airflow/.local/lib/python3.7/site-packages/airflow/example_dags/example_branch_datetime_operator.py
[2022-09-16T07:52:52.568+0000] {processor.py:650} INFO - DAG(s) dict_keys(['example_branch_datetime_operator', 'example_branch_datetime_operator_2']) retrieved from /home/airflow/.local/lib/python3.7/site-packages/airflow/example_dags/example_branch_datetime_operator.py
[2022-09-16T07:52:52.589+0000] {logging_mixin.py:115} INFO - [2022-09-16T07:52:52.589+0000] {dag.py:2429} INFO - Sync 2 DAGs
[2022-09-16T07:52:52.608+0000] {logging_mixin.py:115} INFO - [2022-09-16T07:52:52.608+0000] {dag.py:2981} INFO - Setting next_dagrun for example_branch_datetime_operator to 2022-09-15T00:00:00+00:00, run_after=2022-09-16T00:00:00+00:00
[2022-09-16T07:52:52.610+0000] {logging_mixin.py:115} INFO - [2022-09-16T07:52:52.609+0000] {dag.py:2981} INFO - Setting next_dagrun for example_branch_datetime_operator_2 to 2022-09-15T00:00:00+00:00, run_after=2022-09-16T00:00:00+00:00
[2022-09-16T07:52:52.620+0000] {processor.py:161} INFO - Processing /home/airflow/.local/lib/python3.7/site-packages/airflow/example_dags/example_branch_datetime_operator.py took 0.062 seconds
[2022-09-16T07:53:23.386+0000] {processor.py:153} INFO - Started process (PID=120) to work on /home/airflow/.local/lib/python3.7/site-packages/airflow/example_dags/example_branch_datetime_operator.py
[2022-09-16T07:53:23.387+0000] {processor.py:640} INFO - Processing file /home/airflow/.local/lib/python3.7/site-packages/airflow/example_dags/example_branch_datetime_operator.py for tasks to queue
[2022-09-16T07:53:23.388+0000] {logging_mixin.py:115} INFO - [2022-09-16T07:53:23.387+0000] {dagbag.py:508} INFO - Filling up the DagBag from /home/airflow/.local/lib/python3.7/site-packages/airflow/example_dags/example_branch_datetime_operator.py
[2022-09-16T07:53:23.394+0000] {processor.py:650} INFO - DAG(s) dict_keys(['example_branch_datetime_operator', 'example_branch_datetime_operator_2']) retrieved from /home/airflow/.local/lib/python3.7/site-packages/airflow/example_dags/example_branch_datetime_operator.py
[2022-09-16T07:53:23.417+0000] {logging_mixin.py:115} INFO - [2022-09-16T07:53:23.416+0000] {dag.py:2429} INFO - Sync 2 DAGs
[2022-09-16T07:53:23.436+0000] {logging_mixin.py:115} INFO - [2022-09-16T07:53:23.436+0000] {dag.py:2981} INFO - Setting next_dagrun for example_branch_datetime_operator to 2022-09-15T00:00:00+00:00, run_after=2022-09-16T00:00:00+00:00
[2022-09-16T07:53:23.438+0000] {logging_mixin.py:115} INFO - [2022-09-16T07:53:23.438+0000] {dag.py:2981} INFO - Setting next_dagrun for example_branch_datetime_operator_2 to 2022-09-15T00:00:00+00:00, run_after=2022-09-16T00:00:00+00:00
[2022-09-16T07:53:23.448+0000] {processor.py:161} INFO - Processing /home/airflow/.local/lib/python3.7/site-packages/airflow/example_dags/example_branch_datetime_operator.py took 0.063 seconds
[2022-09-16T07:53:54.055+0000] {processor.py:153} INFO - Started process (PID=182) to work on /home/airflow/.local/lib/python3.7/site-packages/airflow/example_dags/example_branch_datetime_operator.py
[2022-09-16T07:53:54.056+0000] {processor.py:640} INFO - Processing file /home/airflow/.local/lib/python3.7/site-packages/airflow/example_dags/example_branch_datetime_operator.py for tasks to queue
[2022-09-16T07:53:54.056+0000] {logging_mixin.py:115} INFO - [2022-09-16T07:53:54.056+0000] {dagbag.py:508} INFO - Filling up the DagBag from /home/airflow/.local/lib/python3.7/site-packages/airflow/example_dags/example_branch_datetime_operator.py
[2022-09-16T07:53:54.063+0000] {processor.py:650} INFO - DAG(s) dict_keys(['example_branch_datetime_operator', 'example_branch_datetime_operator_2']) retrieved from /home/airflow/.local/lib/python3.7/site-packages/airflow/example_dags/example_branch_datetime_operator.py
[2022-09-16T07:53:54.084+0000] {logging_mixin.py:115} INFO - [2022-09-16T07:53:54.084+0000] {dag.py:2429} INFO - Sync 2 DAGs
[2022-09-16T07:53:54.102+0000] {logging_mixin.py:115} INFO - [2022-09-16T07:53:54.102+0000] {dag.py:2981} INFO - Setting next_dagrun for example_branch_datetime_operator to 2022-09-15T00:00:00+00:00, run_after=2022-09-16T00:00:00+00:00
[2022-09-16T07:53:54.103+0000] {logging_mixin.py:115} INFO - [2022-09-16T07:53:54.103+0000] {dag.py:2981} INFO - Setting next_dagrun for example_branch_datetime_operator_2 to 2022-09-15T00:00:00+00:00, run_after=2022-09-16T00:00:00+00:00
[2022-09-16T07:53:54.113+0000] {processor.py:161} INFO - Processing /home/airflow/.local/lib/python3.7/site-packages/airflow/example_dags/example_branch_datetime_operator.py took 0.061 seconds
[2022-09-16T07:54:24.868+0000] {processor.py:153} INFO - Started process (PID=244) to work on /home/airflow/.local/lib/python3.7/site-packages/airflow/example_dags/example_branch_datetime_operator.py
[2022-09-16T07:54:24.869+0000] {processor.py:640} INFO - Processing file /home/airflow/.local/lib/python3.7/site-packages/airflow/example_dags/example_branch_datetime_operator.py for tasks to queue
[2022-09-16T07:54:24.869+0000] {logging_mixin.py:115} INFO - [2022-09-16T07:54:24.869+0000] {dagbag.py:508} INFO - Filling up the DagBag from /home/airflow/.local/lib/python3.7/site-packages/airflow/example_dags/example_branch_datetime_operator.py
[2022-09-16T07:54:24.879+0000] {processor.py:650} INFO - DAG(s) dict_keys(['example_branch_datetime_operator', 'example_branch_datetime_operator_2']) retrieved from /home/airflow/.local/lib/python3.7/site-packages/airflow/example_dags/example_branch_datetime_operator.py
[2022-09-16T07:54:24.907+0000] {logging_mixin.py:115} INFO - [2022-09-16T07:54:24.907+0000] {dag.py:2429} INFO - Sync 2 DAGs
[2022-09-16T07:54:24.930+0000] {logging_mixin.py:115} INFO - [2022-09-16T07:54:24.930+0000] {dag.py:2981} INFO - Setting next_dagrun for example_branch_datetime_operator to 2022-09-15T00:00:00+00:00, run_after=2022-09-16T00:00:00+00:00
[2022-09-16T07:54:24.932+0000] {logging_mixin.py:115} INFO - [2022-09-16T07:54:24.932+0000] {dag.py:2981} INFO - Setting next_dagrun for example_branch_datetime_operator_2 to 2022-09-15T00:00:00+00:00, run_after=2022-09-16T00:00:00+00:00
[2022-09-16T07:54:24.944+0000] {processor.py:161} INFO - Processing /home/airflow/.local/lib/python3.7/site-packages/airflow/example_dags/example_branch_datetime_operator.py took 0.078 seconds
[2022-09-16T07:54:55.786+0000] {processor.py:153} INFO - Started process (PID=297) to work on /home/airflow/.local/lib/python3.7/site-packages/airflow/example_dags/example_branch_datetime_operator.py
[2022-09-16T07:54:55.787+0000] {processor.py:640} INFO - Processing file /home/airflow/.local/lib/python3.7/site-packages/airflow/example_dags/example_branch_datetime_operator.py for tasks to queue
[2022-09-16T07:54:55.787+0000] {logging_mixin.py:115} INFO - [2022-09-16T07:54:55.787+0000] {dagbag.py:508} INFO - Filling up the DagBag from /home/airflow/.local/lib/python3.7/site-packages/airflow/example_dags/example_branch_datetime_operator.py
[2022-09-16T07:54:55.794+0000] {processor.py:650} INFO - DAG(s) dict_keys(['example_branch_datetime_operator', 'example_branch_datetime_operator_2']) retrieved from /home/airflow/.local/lib/python3.7/site-packages/airflow/example_dags/example_branch_datetime_operator.py
[2022-09-16T07:54:55.817+0000] {logging_mixin.py:115} INFO - [2022-09-16T07:54:55.816+0000] {dag.py:2429} INFO - Sync 2 DAGs
[2022-09-16T07:54:55.838+0000] {logging_mixin.py:115} INFO - [2022-09-16T07:54:55.838+0000] {dag.py:2981} INFO - Setting next_dagrun for example_branch_datetime_operator to 2022-09-15T00:00:00+00:00, run_after=2022-09-16T00:00:00+00:00
[2022-09-16T07:54:55.841+0000] {logging_mixin.py:115} INFO - [2022-09-16T07:54:55.841+0000] {dag.py:2981} INFO - Setting next_dagrun for example_branch_datetime_operator_2 to 2022-09-15T00:00:00+00:00, run_after=2022-09-16T00:00:00+00:00
[2022-09-16T07:54:55.854+0000] {processor.py:161} INFO - Processing /home/airflow/.local/lib/python3.7/site-packages/airflow/example_dags/example_branch_datetime_operator.py took 0.070 seconds
[2022-09-16T07:55:26.523+0000] {processor.py:153} INFO - Started process (PID=359) to work on /home/airflow/.local/lib/python3.7/site-packages/airflow/example_dags/example_branch_datetime_operator.py
[2022-09-16T07:55:26.524+0000] {processor.py:640} INFO - Processing file /home/airflow/.local/lib/python3.7/site-packages/airflow/example_dags/example_branch_datetime_operator.py for tasks to queue
[2022-09-16T07:55:26.524+0000] {logging_mixin.py:115} INFO - [2022-09-16T07:55:26.524+0000] {dagbag.py:508} INFO - Filling up the DagBag from /home/airflow/.local/lib/python3.7/site-packages/airflow/example_dags/example_branch_datetime_operator.py
[2022-09-16T07:55:26.533+0000] {processor.py:650} INFO - DAG(s) dict_keys(['example_branch_datetime_operator', 'example_branch_datetime_operator_2']) retrieved from /home/airflow/.local/lib/python3.7/site-packages/airflow/example_dags/example_branch_datetime_operator.py
[2022-09-16T07:55:26.553+0000] {logging_mixin.py:115} INFO - [2022-09-16T07:55:26.553+0000] {dag.py:2429} INFO - Sync 2 DAGs
[2022-09-16T07:55:26.572+0000] {logging_mixin.py:115} INFO - [2022-09-16T07:55:26.571+0000] {dag.py:2981} INFO - Setting next_dagrun for example_branch_datetime_operator to 2022-09-15T00:00:00+00:00, run_after=2022-09-16T00:00:00+00:00
[2022-09-16T07:55:26.573+0000] {logging_mixin.py:115} INFO - [2022-09-16T07:55:26.573+0000] {dag.py:2981} INFO - Setting next_dagrun for example_branch_datetime_operator_2 to 2022-09-15T00:00:00+00:00, run_after=2022-09-16T00:00:00+00:00
[2022-09-16T07:55:26.584+0000] {processor.py:161} INFO - Processing /home/airflow/.local/lib/python3.7/site-packages/airflow/example_dags/example_branch_datetime_operator.py took 0.062 seconds
[2022-09-16T07:55:57.179+0000] {processor.py:153} INFO - Started process (PID=421) to work on /home/airflow/.local/lib/python3.7/site-packages/airflow/example_dags/example_branch_datetime_operator.py
[2022-09-16T07:55:57.180+0000] {processor.py:640} INFO - Processing file /home/airflow/.local/lib/python3.7/site-packages/airflow/example_dags/example_branch_datetime_operator.py for tasks to queue
[2022-09-16T07:55:57.180+0000] {logging_mixin.py:115} INFO - [2022-09-16T07:55:57.180+0000] {dagbag.py:508} INFO - Filling up the DagBag from /home/airflow/.local/lib/python3.7/site-packages/airflow/example_dags/example_branch_datetime_operator.py
[2022-09-16T07:55:57.187+0000] {processor.py:650} INFO - DAG(s) dict_keys(['example_branch_datetime_operator', 'example_branch_datetime_operator_2']) retrieved from /home/airflow/.local/lib/python3.7/site-packages/airflow/example_dags/example_branch_datetime_operator.py
[2022-09-16T07:55:57.207+0000] {logging_mixin.py:115} INFO - [2022-09-16T07:55:57.207+0000] {dag.py:2429} INFO - Sync 2 DAGs
[2022-09-16T07:55:57.225+0000] {logging_mixin.py:115} INFO - [2022-09-16T07:55:57.224+0000] {dag.py:2981} INFO - Setting next_dagrun for example_branch_datetime_operator to 2022-09-15T00:00:00+00:00, run_after=2022-09-16T00:00:00+00:00
[2022-09-16T07:55:57.226+0000] {logging_mixin.py:115} INFO - [2022-09-16T07:55:57.226+0000] {dag.py:2981} INFO - Setting next_dagrun for example_branch_datetime_operator_2 to 2022-09-15T00:00:00+00:00, run_after=2022-09-16T00:00:00+00:00
[2022-09-16T07:55:57.238+0000] {processor.py:161} INFO - Processing /home/airflow/.local/lib/python3.7/site-packages/airflow/example_dags/example_branch_datetime_operator.py took 0.061 seconds
[2022-09-16T07:56:27.728+0000] {processor.py:153} INFO - Started process (PID=480) to work on /home/airflow/.local/lib/python3.7/site-packages/airflow/example_dags/example_branch_datetime_operator.py
[2022-09-16T07:56:27.729+0000] {processor.py:640} INFO - Processing file /home/airflow/.local/lib/python3.7/site-packages/airflow/example_dags/example_branch_datetime_operator.py for tasks to queue
[2022-09-16T07:56:27.729+0000] {logging_mixin.py:115} INFO - [2022-09-16T07:56:27.729+0000] {dagbag.py:508} INFO - Filling up the DagBag from /home/airflow/.local/lib/python3.7/site-packages/airflow/example_dags/example_branch_datetime_operator.py
[2022-09-16T07:56:27.737+0000] {processor.py:650} INFO - DAG(s) dict_keys(['example_branch_datetime_operator', 'example_branch_datetime_operator_2']) retrieved from /home/airflow/.local/lib/python3.7/site-packages/airflow/example_dags/example_branch_datetime_operator.py
[2022-09-16T07:56:27.763+0000] {logging_mixin.py:115} INFO - [2022-09-16T07:56:27.762+0000] {dag.py:2429} INFO - Sync 2 DAGs
[2022-09-16T07:56:27.783+0000] {logging_mixin.py:115} INFO - [2022-09-16T07:56:27.783+0000] {dag.py:2981} INFO - Setting next_dagrun for example_branch_datetime_operator to 2022-09-15T00:00:00+00:00, run_after=2022-09-16T00:00:00+00:00
[2022-09-16T07:56:27.785+0000] {logging_mixin.py:115} INFO - [2022-09-16T07:56:27.784+0000] {dag.py:2981} INFO - Setting next_dagrun for example_branch_datetime_operator_2 to 2022-09-15T00:00:00+00:00, run_after=2022-09-16T00:00:00+00:00
[2022-09-16T07:56:27.795+0000] {processor.py:161} INFO - Processing /home/airflow/.local/lib/python3.7/site-packages/airflow/example_dags/example_branch_datetime_operator.py took 0.069 seconds
[2022-09-16T07:56:58.465+0000] {processor.py:153} INFO - Started process (PID=535) to work on /home/airflow/.local/lib/python3.7/site-packages/airflow/example_dags/example_branch_datetime_operator.py
[2022-09-16T07:56:58.466+0000] {processor.py:640} INFO - Processing file /home/airflow/.local/lib/python3.7/site-packages/airflow/example_dags/example_branch_datetime_operator.py for tasks to queue
[2022-09-16T07:56:58.466+0000] {logging_mixin.py:115} INFO - [2022-09-16T07:56:58.466+0000] {dagbag.py:508} INFO - Filling up the DagBag from /home/airflow/.local/lib/python3.7/site-packages/airflow/example_dags/example_branch_datetime_operator.py
[2022-09-16T07:56:58.472+0000] {processor.py:650} INFO - DAG(s) dict_keys(['example_branch_datetime_operator', 'example_branch_datetime_operator_2']) retrieved from /home/airflow/.local/lib/python3.7/site-packages/airflow/example_dags/example_branch_datetime_operator.py
[2022-09-16T07:56:58.492+0000] {logging_mixin.py:115} INFO - [2022-09-16T07:56:58.492+0000] {dag.py:2429} INFO - Sync 2 DAGs
[2022-09-16T07:56:58.511+0000] {logging_mixin.py:115} INFO - [2022-09-16T07:56:58.511+0000] {dag.py:2981} INFO - Setting next_dagrun for example_branch_datetime_operator to 2022-09-15T00:00:00+00:00, run_after=2022-09-16T00:00:00+00:00
[2022-09-16T07:56:58.512+0000] {logging_mixin.py:115} INFO - [2022-09-16T07:56:58.512+0000] {dag.py:2981} INFO - Setting next_dagrun for example_branch_datetime_operator_2 to 2022-09-15T00:00:00+00:00, run_after=2022-09-16T00:00:00+00:00
[2022-09-16T07:56:58.522+0000] {processor.py:161} INFO - Processing /home/airflow/.local/lib/python3.7/site-packages/airflow/example_dags/example_branch_datetime_operator.py took 0.059 seconds
[2022-09-16T07:57:28.947+0000] {processor.py:153} INFO - Started process (PID=597) to work on /home/airflow/.local/lib/python3.7/site-packages/airflow/example_dags/example_branch_datetime_operator.py
[2022-09-16T07:57:28.948+0000] {processor.py:640} INFO - Processing file /home/airflow/.local/lib/python3.7/site-packages/airflow/example_dags/example_branch_datetime_operator.py for tasks to queue
[2022-09-16T07:57:28.948+0000] {logging_mixin.py:115} INFO - [2022-09-16T07:57:28.948+0000] {dagbag.py:508} INFO - Filling up the DagBag from /home/airflow/.local/lib/python3.7/site-packages/airflow/example_dags/example_branch_datetime_operator.py
[2022-09-16T07:57:28.954+0000] {processor.py:650} INFO - DAG(s) dict_keys(['example_branch_datetime_operator', 'example_branch_datetime_operator_2']) retrieved from /home/airflow/.local/lib/python3.7/site-packages/airflow/example_dags/example_branch_datetime_operator.py
[2022-09-16T07:57:28.974+0000] {logging_mixin.py:115} INFO - [2022-09-16T07:57:28.974+0000] {dag.py:2429} INFO - Sync 2 DAGs
[2022-09-16T07:57:28.992+0000] {logging_mixin.py:115} INFO - [2022-09-16T07:57:28.991+0000] {dag.py:2981} INFO - Setting next_dagrun for example_branch_datetime_operator to 2022-09-15T00:00:00+00:00, run_after=2022-09-16T00:00:00+00:00
[2022-09-16T07:57:28.993+0000] {logging_mixin.py:115} INFO - [2022-09-16T07:57:28.993+0000] {dag.py:2981} INFO - Setting next_dagrun for example_branch_datetime_operator_2 to 2022-09-15T00:00:00+00:00, run_after=2022-09-16T00:00:00+00:00
[2022-09-16T07:57:29.002+0000] {processor.py:161} INFO - Processing /home/airflow/.local/lib/python3.7/site-packages/airflow/example_dags/example_branch_datetime_operator.py took 0.057 seconds
[2022-09-16T07:58:44.108+0000] {processor.py:153} INFO - Started process (PID=91) to work on /home/airflow/.local/lib/python3.7/site-packages/airflow/example_dags/example_branch_datetime_operator.py
[2022-09-16T07:58:44.109+0000] {processor.py:640} INFO - Processing file /home/airflow/.local/lib/python3.7/site-packages/airflow/example_dags/example_branch_datetime_operator.py for tasks to queue
[2022-09-16T07:58:44.109+0000] {logging_mixin.py:115} INFO - [2022-09-16T07:58:44.109+0000] {dagbag.py:508} INFO - Filling up the DagBag from /home/airflow/.local/lib/python3.7/site-packages/airflow/example_dags/example_branch_datetime_operator.py
[2022-09-16T07:58:44.117+0000] {processor.py:650} INFO - DAG(s) dict_keys(['example_branch_datetime_operator', 'example_branch_datetime_operator_2']) retrieved from /home/airflow/.local/lib/python3.7/site-packages/airflow/example_dags/example_branch_datetime_operator.py
[2022-09-16T07:58:44.137+0000] {logging_mixin.py:115} INFO - [2022-09-16T07:58:44.136+0000] {dag.py:2429} INFO - Sync 2 DAGs
[2022-09-16T07:58:44.155+0000] {logging_mixin.py:115} INFO - [2022-09-16T07:58:44.155+0000] {dag.py:2981} INFO - Setting next_dagrun for example_branch_datetime_operator to 2022-09-15T00:00:00+00:00, run_after=2022-09-16T00:00:00+00:00
[2022-09-16T07:58:44.158+0000] {logging_mixin.py:115} INFO - [2022-09-16T07:58:44.157+0000] {dag.py:2981} INFO - Setting next_dagrun for example_branch_datetime_operator_2 to 2022-09-15T00:00:00+00:00, run_after=2022-09-16T00:00:00+00:00
[2022-09-16T07:58:44.168+0000] {processor.py:161} INFO - Processing /home/airflow/.local/lib/python3.7/site-packages/airflow/example_dags/example_branch_datetime_operator.py took 0.062 seconds
[2022-09-16T07:59:15.230+0000] {processor.py:153} INFO - Started process (PID=153) to work on /home/airflow/.local/lib/python3.7/site-packages/airflow/example_dags/example_branch_datetime_operator.py
[2022-09-16T07:59:15.230+0000] {processor.py:640} INFO - Processing file /home/airflow/.local/lib/python3.7/site-packages/airflow/example_dags/example_branch_datetime_operator.py for tasks to queue
[2022-09-16T07:59:15.231+0000] {logging_mixin.py:115} INFO - [2022-09-16T07:59:15.231+0000] {dagbag.py:508} INFO - Filling up the DagBag from /home/airflow/.local/lib/python3.7/site-packages/airflow/example_dags/example_branch_datetime_operator.py
[2022-09-16T07:59:15.238+0000] {processor.py:650} INFO - DAG(s) dict_keys(['example_branch_datetime_operator', 'example_branch_datetime_operator_2']) retrieved from /home/airflow/.local/lib/python3.7/site-packages/airflow/example_dags/example_branch_datetime_operator.py
[2022-09-16T07:59:15.263+0000] {logging_mixin.py:115} INFO - [2022-09-16T07:59:15.263+0000] {dag.py:2429} INFO - Sync 2 DAGs
[2022-09-16T07:59:15.284+0000] {logging_mixin.py:115} INFO - [2022-09-16T07:59:15.283+0000] {dag.py:2981} INFO - Setting next_dagrun for example_branch_datetime_operator to 2022-09-15T00:00:00+00:00, run_after=2022-09-16T00:00:00+00:00
[2022-09-16T07:59:15.285+0000] {logging_mixin.py:115} INFO - [2022-09-16T07:59:15.285+0000] {dag.py:2981} INFO - Setting next_dagrun for example_branch_datetime_operator_2 to 2022-09-15T00:00:00+00:00, run_after=2022-09-16T00:00:00+00:00
[2022-09-16T07:59:15.296+0000] {processor.py:161} INFO - Processing /home/airflow/.local/lib/python3.7/site-packages/airflow/example_dags/example_branch_datetime_operator.py took 0.069 seconds
[2022-09-16T07:59:46.059+0000] {processor.py:153} INFO - Started process (PID=206) to work on /home/airflow/.local/lib/python3.7/site-packages/airflow/example_dags/example_branch_datetime_operator.py
[2022-09-16T07:59:46.059+0000] {processor.py:640} INFO - Processing file /home/airflow/.local/lib/python3.7/site-packages/airflow/example_dags/example_branch_datetime_operator.py for tasks to queue
[2022-09-16T07:59:46.060+0000] {logging_mixin.py:115} INFO - [2022-09-16T07:59:46.060+0000] {dagbag.py:508} INFO - Filling up the DagBag from /home/airflow/.local/lib/python3.7/site-packages/airflow/example_dags/example_branch_datetime_operator.py
[2022-09-16T07:59:46.066+0000] {processor.py:650} INFO - DAG(s) dict_keys(['example_branch_datetime_operator', 'example_branch_datetime_operator_2']) retrieved from /home/airflow/.local/lib/python3.7/site-packages/airflow/example_dags/example_branch_datetime_operator.py
[2022-09-16T07:59:46.086+0000] {logging_mixin.py:115} INFO - [2022-09-16T07:59:46.086+0000] {dag.py:2429} INFO - Sync 2 DAGs
[2022-09-16T07:59:46.105+0000] {logging_mixin.py:115} INFO - [2022-09-16T07:59:46.105+0000] {dag.py:2981} INFO - Setting next_dagrun for example_branch_datetime_operator to 2022-09-15T00:00:00+00:00, run_after=2022-09-16T00:00:00+00:00
[2022-09-16T07:59:46.107+0000] {logging_mixin.py:115} INFO - [2022-09-16T07:59:46.107+0000] {dag.py:2981} INFO - Setting next_dagrun for example_branch_datetime_operator_2 to 2022-09-15T00:00:00+00:00, run_after=2022-09-16T00:00:00+00:00
[2022-09-16T07:59:46.116+0000] {processor.py:161} INFO - Processing /home/airflow/.local/lib/python3.7/site-packages/airflow/example_dags/example_branch_datetime_operator.py took 0.060 seconds
[2022-09-16T08:00:16.949+0000] {processor.py:153} INFO - Started process (PID=268) to work on /home/airflow/.local/lib/python3.7/site-packages/airflow/example_dags/example_branch_datetime_operator.py
[2022-09-16T08:00:16.949+0000] {processor.py:640} INFO - Processing file /home/airflow/.local/lib/python3.7/site-packages/airflow/example_dags/example_branch_datetime_operator.py for tasks to queue
[2022-09-16T08:00:16.950+0000] {logging_mixin.py:115} INFO - [2022-09-16T08:00:16.950+0000] {dagbag.py:508} INFO - Filling up the DagBag from /home/airflow/.local/lib/python3.7/site-packages/airflow/example_dags/example_branch_datetime_operator.py
[2022-09-16T08:00:16.956+0000] {processor.py:650} INFO - DAG(s) dict_keys(['example_branch_datetime_operator', 'example_branch_datetime_operator_2']) retrieved from /home/airflow/.local/lib/python3.7/site-packages/airflow/example_dags/example_branch_datetime_operator.py
[2022-09-16T08:00:16.976+0000] {logging_mixin.py:115} INFO - [2022-09-16T08:00:16.976+0000] {dag.py:2429} INFO - Sync 2 DAGs
[2022-09-16T08:00:16.993+0000] {logging_mixin.py:115} INFO - [2022-09-16T08:00:16.993+0000] {dag.py:2981} INFO - Setting next_dagrun for example_branch_datetime_operator to 2022-09-15T00:00:00+00:00, run_after=2022-09-16T00:00:00+00:00
[2022-09-16T08:00:16.995+0000] {logging_mixin.py:115} INFO - [2022-09-16T08:00:16.995+0000] {dag.py:2981} INFO - Setting next_dagrun for example_branch_datetime_operator_2 to 2022-09-15T00:00:00+00:00, run_after=2022-09-16T00:00:00+00:00
[2022-09-16T08:00:17.005+0000] {processor.py:161} INFO - Processing /home/airflow/.local/lib/python3.7/site-packages/airflow/example_dags/example_branch_datetime_operator.py took 0.058 seconds
[2022-09-16T08:00:47.842+0000] {processor.py:153} INFO - Started process (PID=330) to work on /home/airflow/.local/lib/python3.7/site-packages/airflow/example_dags/example_branch_datetime_operator.py
[2022-09-16T08:00:47.843+0000] {processor.py:640} INFO - Processing file /home/airflow/.local/lib/python3.7/site-packages/airflow/example_dags/example_branch_datetime_operator.py for tasks to queue
[2022-09-16T08:00:47.843+0000] {logging_mixin.py:115} INFO - [2022-09-16T08:00:47.843+0000] {dagbag.py:508} INFO - Filling up the DagBag from /home/airflow/.local/lib/python3.7/site-packages/airflow/example_dags/example_branch_datetime_operator.py
[2022-09-16T08:00:47.850+0000] {processor.py:650} INFO - DAG(s) dict_keys(['example_branch_datetime_operator', 'example_branch_datetime_operator_2']) retrieved from /home/airflow/.local/lib/python3.7/site-packages/airflow/example_dags/example_branch_datetime_operator.py
[2022-09-16T08:00:47.871+0000] {logging_mixin.py:115} INFO - [2022-09-16T08:00:47.870+0000] {dag.py:2429} INFO - Sync 2 DAGs
[2022-09-16T08:00:47.889+0000] {logging_mixin.py:115} INFO - [2022-09-16T08:00:47.889+0000] {dag.py:2981} INFO - Setting next_dagrun for example_branch_datetime_operator to 2022-09-15T00:00:00+00:00, run_after=2022-09-16T00:00:00+00:00
[2022-09-16T08:00:47.890+0000] {logging_mixin.py:115} INFO - [2022-09-16T08:00:47.890+0000] {dag.py:2981} INFO - Setting next_dagrun for example_branch_datetime_operator_2 to 2022-09-15T00:00:00+00:00, run_after=2022-09-16T00:00:00+00:00
[2022-09-16T08:00:47.901+0000] {processor.py:161} INFO - Processing /home/airflow/.local/lib/python3.7/site-packages/airflow/example_dags/example_branch_datetime_operator.py took 0.061 seconds
[2022-09-16T08:01:18.859+0000] {processor.py:153} INFO - Started process (PID=392) to work on /home/airflow/.local/lib/python3.7/site-packages/airflow/example_dags/example_branch_datetime_operator.py
[2022-09-16T08:01:18.860+0000] {processor.py:640} INFO - Processing file /home/airflow/.local/lib/python3.7/site-packages/airflow/example_dags/example_branch_datetime_operator.py for tasks to queue
[2022-09-16T08:01:18.860+0000] {logging_mixin.py:115} INFO - [2022-09-16T08:01:18.860+0000] {dagbag.py:508} INFO - Filling up the DagBag from /home/airflow/.local/lib/python3.7/site-packages/airflow/example_dags/example_branch_datetime_operator.py
[2022-09-16T08:01:18.867+0000] {processor.py:650} INFO - DAG(s) dict_keys(['example_branch_datetime_operator', 'example_branch_datetime_operator_2']) retrieved from /home/airflow/.local/lib/python3.7/site-packages/airflow/example_dags/example_branch_datetime_operator.py
[2022-09-16T08:01:18.890+0000] {logging_mixin.py:115} INFO - [2022-09-16T08:01:18.890+0000] {dag.py:2429} INFO - Sync 2 DAGs
[2022-09-16T08:01:18.909+0000] {logging_mixin.py:115} INFO - [2022-09-16T08:01:18.909+0000] {dag.py:2981} INFO - Setting next_dagrun for example_branch_datetime_operator to 2022-09-15T00:00:00+00:00, run_after=2022-09-16T00:00:00+00:00
[2022-09-16T08:01:18.910+0000] {logging_mixin.py:115} INFO - [2022-09-16T08:01:18.910+0000] {dag.py:2981} INFO - Setting next_dagrun for example_branch_datetime_operator_2 to 2022-09-15T00:00:00+00:00, run_after=2022-09-16T00:00:00+00:00
[2022-09-16T08:01:18.920+0000] {processor.py:161} INFO - Processing /home/airflow/.local/lib/python3.7/site-packages/airflow/example_dags/example_branch_datetime_operator.py took 0.063 seconds
[2022-09-16T08:01:48.980+0000] {processor.py:153} INFO - Started process (PID=445) to work on /home/airflow/.local/lib/python3.7/site-packages/airflow/example_dags/example_branch_datetime_operator.py
[2022-09-16T08:01:48.981+0000] {processor.py:640} INFO - Processing file /home/airflow/.local/lib/python3.7/site-packages/airflow/example_dags/example_branch_datetime_operator.py for tasks to queue
[2022-09-16T08:01:48.981+0000] {logging_mixin.py:115} INFO - [2022-09-16T08:01:48.981+0000] {dagbag.py:508} INFO - Filling up the DagBag from /home/airflow/.local/lib/python3.7/site-packages/airflow/example_dags/example_branch_datetime_operator.py
[2022-09-16T08:01:48.988+0000] {processor.py:650} INFO - DAG(s) dict_keys(['example_branch_datetime_operator', 'example_branch_datetime_operator_2']) retrieved from /home/airflow/.local/lib/python3.7/site-packages/airflow/example_dags/example_branch_datetime_operator.py
[2022-09-16T08:01:49.008+0000] {logging_mixin.py:115} INFO - [2022-09-16T08:01:49.008+0000] {dag.py:2429} INFO - Sync 2 DAGs
[2022-09-16T08:01:49.027+0000] {logging_mixin.py:115} INFO - [2022-09-16T08:01:49.027+0000] {dag.py:2981} INFO - Setting next_dagrun for example_branch_datetime_operator to 2022-09-15T00:00:00+00:00, run_after=2022-09-16T00:00:00+00:00
[2022-09-16T08:01:49.028+0000] {logging_mixin.py:115} INFO - [2022-09-16T08:01:49.028+0000] {dag.py:2981} INFO - Setting next_dagrun for example_branch_datetime_operator_2 to 2022-09-15T00:00:00+00:00, run_after=2022-09-16T00:00:00+00:00
[2022-09-16T08:01:49.039+0000] {processor.py:161} INFO - Processing /home/airflow/.local/lib/python3.7/site-packages/airflow/example_dags/example_branch_datetime_operator.py took 0.061 seconds
[2022-09-16T08:02:19.194+0000] {processor.py:153} INFO - Started process (PID=509) to work on /home/airflow/.local/lib/python3.7/site-packages/airflow/example_dags/example_branch_datetime_operator.py
[2022-09-16T08:02:19.195+0000] {processor.py:640} INFO - Processing file /home/airflow/.local/lib/python3.7/site-packages/airflow/example_dags/example_branch_datetime_operator.py for tasks to queue
[2022-09-16T08:02:19.195+0000] {logging_mixin.py:115} INFO - [2022-09-16T08:02:19.195+0000] {dagbag.py:508} INFO - Filling up the DagBag from /home/airflow/.local/lib/python3.7/site-packages/airflow/example_dags/example_branch_datetime_operator.py
[2022-09-16T08:02:19.202+0000] {processor.py:650} INFO - DAG(s) dict_keys(['example_branch_datetime_operator', 'example_branch_datetime_operator_2']) retrieved from /home/airflow/.local/lib/python3.7/site-packages/airflow/example_dags/example_branch_datetime_operator.py
[2022-09-16T08:02:19.222+0000] {logging_mixin.py:115} INFO - [2022-09-16T08:02:19.222+0000] {dag.py:2429} INFO - Sync 2 DAGs
[2022-09-16T08:02:19.240+0000] {logging_mixin.py:115} INFO - [2022-09-16T08:02:19.240+0000] {dag.py:2981} INFO - Setting next_dagrun for example_branch_datetime_operator to 2022-09-15T00:00:00+00:00, run_after=2022-09-16T00:00:00+00:00
[2022-09-16T08:02:19.241+0000] {logging_mixin.py:115} INFO - [2022-09-16T08:02:19.241+0000] {dag.py:2981} INFO - Setting next_dagrun for example_branch_datetime_operator_2 to 2022-09-15T00:00:00+00:00, run_after=2022-09-16T00:00:00+00:00
[2022-09-16T08:02:19.250+0000] {processor.py:161} INFO - Processing /home/airflow/.local/lib/python3.7/site-packages/airflow/example_dags/example_branch_datetime_operator.py took 0.058 seconds
[2022-09-16T08:02:49.447+0000] {processor.py:153} INFO - Started process (PID=571) to work on /home/airflow/.local/lib/python3.7/site-packages/airflow/example_dags/example_branch_datetime_operator.py
[2022-09-16T08:02:49.447+0000] {processor.py:640} INFO - Processing file /home/airflow/.local/lib/python3.7/site-packages/airflow/example_dags/example_branch_datetime_operator.py for tasks to queue
[2022-09-16T08:02:49.448+0000] {logging_mixin.py:115} INFO - [2022-09-16T08:02:49.448+0000] {dagbag.py:508} INFO - Filling up the DagBag from /home/airflow/.local/lib/python3.7/site-packages/airflow/example_dags/example_branch_datetime_operator.py
[2022-09-16T08:02:49.454+0000] {processor.py:650} INFO - DAG(s) dict_keys(['example_branch_datetime_operator', 'example_branch_datetime_operator_2']) retrieved from /home/airflow/.local/lib/python3.7/site-packages/airflow/example_dags/example_branch_datetime_operator.py
[2022-09-16T08:02:49.475+0000] {logging_mixin.py:115} INFO - [2022-09-16T08:02:49.474+0000] {dag.py:2429} INFO - Sync 2 DAGs
[2022-09-16T08:02:49.492+0000] {logging_mixin.py:115} INFO - [2022-09-16T08:02:49.492+0000] {dag.py:2981} INFO - Setting next_dagrun for example_branch_datetime_operator to 2022-09-15T00:00:00+00:00, run_after=2022-09-16T00:00:00+00:00
[2022-09-16T08:02:49.494+0000] {logging_mixin.py:115} INFO - [2022-09-16T08:02:49.493+0000] {dag.py:2981} INFO - Setting next_dagrun for example_branch_datetime_operator_2 to 2022-09-15T00:00:00+00:00, run_after=2022-09-16T00:00:00+00:00
[2022-09-16T08:02:49.503+0000] {processor.py:161} INFO - Processing /home/airflow/.local/lib/python3.7/site-packages/airflow/example_dags/example_branch_datetime_operator.py took 0.058 seconds
[2022-09-16T08:03:19.667+0000] {processor.py:153} INFO - Started process (PID=624) to work on /home/airflow/.local/lib/python3.7/site-packages/airflow/example_dags/example_branch_datetime_operator.py
[2022-09-16T08:03:19.668+0000] {processor.py:640} INFO - Processing file /home/airflow/.local/lib/python3.7/site-packages/airflow/example_dags/example_branch_datetime_operator.py for tasks to queue
[2022-09-16T08:03:19.668+0000] {logging_mixin.py:115} INFO - [2022-09-16T08:03:19.668+0000] {dagbag.py:508} INFO - Filling up the DagBag from /home/airflow/.local/lib/python3.7/site-packages/airflow/example_dags/example_branch_datetime_operator.py
[2022-09-16T08:03:19.675+0000] {processor.py:650} INFO - DAG(s) dict_keys(['example_branch_datetime_operator', 'example_branch_datetime_operator_2']) retrieved from /home/airflow/.local/lib/python3.7/site-packages/airflow/example_dags/example_branch_datetime_operator.py
[2022-09-16T08:03:19.696+0000] {logging_mixin.py:115} INFO - [2022-09-16T08:03:19.696+0000] {dag.py:2429} INFO - Sync 2 DAGs
[2022-09-16T08:03:19.714+0000] {logging_mixin.py:115} INFO - [2022-09-16T08:03:19.714+0000] {dag.py:2981} INFO - Setting next_dagrun for example_branch_datetime_operator to 2022-09-15T00:00:00+00:00, run_after=2022-09-16T00:00:00+00:00
[2022-09-16T08:03:19.715+0000] {logging_mixin.py:115} INFO - [2022-09-16T08:03:19.715+0000] {dag.py:2981} INFO - Setting next_dagrun for example_branch_datetime_operator_2 to 2022-09-15T00:00:00+00:00, run_after=2022-09-16T00:00:00+00:00
[2022-09-16T08:03:19.725+0000] {processor.py:161} INFO - Processing /home/airflow/.local/lib/python3.7/site-packages/airflow/example_dags/example_branch_datetime_operator.py took 0.060 seconds
[2022-09-16T08:04:02.957+0000] {processor.py:153} INFO - Started process (PID=73) to work on /home/airflow/.local/lib/python3.7/site-packages/airflow/example_dags/example_branch_datetime_operator.py
[2022-09-16T08:04:02.958+0000] {processor.py:640} INFO - Processing file /home/airflow/.local/lib/python3.7/site-packages/airflow/example_dags/example_branch_datetime_operator.py for tasks to queue
[2022-09-16T08:04:02.958+0000] {logging_mixin.py:115} INFO - [2022-09-16T08:04:02.958+0000] {dagbag.py:508} INFO - Filling up the DagBag from /home/airflow/.local/lib/python3.7/site-packages/airflow/example_dags/example_branch_datetime_operator.py
[2022-09-16T08:04:02.967+0000] {processor.py:650} INFO - DAG(s) dict_keys(['example_branch_datetime_operator', 'example_branch_datetime_operator_2']) retrieved from /home/airflow/.local/lib/python3.7/site-packages/airflow/example_dags/example_branch_datetime_operator.py
[2022-09-16T08:04:02.988+0000] {logging_mixin.py:115} INFO - [2022-09-16T08:04:02.988+0000] {dag.py:2429} INFO - Sync 2 DAGs
[2022-09-16T08:04:03.015+0000] {logging_mixin.py:115} INFO - [2022-09-16T08:04:03.015+0000] {dag.py:2981} INFO - Setting next_dagrun for example_branch_datetime_operator to 2022-09-15T00:00:00+00:00, run_after=2022-09-16T00:00:00+00:00
[2022-09-16T08:04:03.017+0000] {logging_mixin.py:115} INFO - [2022-09-16T08:04:03.017+0000] {dag.py:2981} INFO - Setting next_dagrun for example_branch_datetime_operator_2 to 2022-09-15T00:00:00+00:00, run_after=2022-09-16T00:00:00+00:00
[2022-09-16T08:04:03.029+0000] {processor.py:161} INFO - Processing /home/airflow/.local/lib/python3.7/site-packages/airflow/example_dags/example_branch_datetime_operator.py took 0.074 seconds
[2022-09-16T08:04:33.438+0000] {processor.py:153} INFO - Started process (PID=135) to work on /home/airflow/.local/lib/python3.7/site-packages/airflow/example_dags/example_branch_datetime_operator.py
[2022-09-16T08:04:33.439+0000] {processor.py:640} INFO - Processing file /home/airflow/.local/lib/python3.7/site-packages/airflow/example_dags/example_branch_datetime_operator.py for tasks to queue
[2022-09-16T08:04:33.439+0000] {logging_mixin.py:115} INFO - [2022-09-16T08:04:33.439+0000] {dagbag.py:508} INFO - Filling up the DagBag from /home/airflow/.local/lib/python3.7/site-packages/airflow/example_dags/example_branch_datetime_operator.py
[2022-09-16T08:04:33.449+0000] {processor.py:650} INFO - DAG(s) dict_keys(['example_branch_datetime_operator', 'example_branch_datetime_operator_2']) retrieved from /home/airflow/.local/lib/python3.7/site-packages/airflow/example_dags/example_branch_datetime_operator.py
[2022-09-16T08:04:33.471+0000] {logging_mixin.py:115} INFO - [2022-09-16T08:04:33.471+0000] {dag.py:2429} INFO - Sync 2 DAGs
[2022-09-16T08:04:33.491+0000] {logging_mixin.py:115} INFO - [2022-09-16T08:04:33.491+0000] {dag.py:2981} INFO - Setting next_dagrun for example_branch_datetime_operator to 2022-09-15T00:00:00+00:00, run_after=2022-09-16T00:00:00+00:00
[2022-09-16T08:04:33.493+0000] {logging_mixin.py:115} INFO - [2022-09-16T08:04:33.493+0000] {dag.py:2981} INFO - Setting next_dagrun for example_branch_datetime_operator_2 to 2022-09-15T00:00:00+00:00, run_after=2022-09-16T00:00:00+00:00
[2022-09-16T08:04:33.506+0000] {processor.py:161} INFO - Processing /home/airflow/.local/lib/python3.7/site-packages/airflow/example_dags/example_branch_datetime_operator.py took 0.070 seconds
[2022-09-16T08:06:40.746+0000] {processor.py:153} INFO - Started process (PID=73) to work on /home/airflow/.local/lib/python3.7/site-packages/airflow/example_dags/example_branch_datetime_operator.py
[2022-09-16T08:06:40.747+0000] {processor.py:640} INFO - Processing file /home/airflow/.local/lib/python3.7/site-packages/airflow/example_dags/example_branch_datetime_operator.py for tasks to queue
[2022-09-16T08:06:40.747+0000] {logging_mixin.py:115} INFO - [2022-09-16T08:06:40.747+0000] {dagbag.py:508} INFO - Filling up the DagBag from /home/airflow/.local/lib/python3.7/site-packages/airflow/example_dags/example_branch_datetime_operator.py
[2022-09-16T08:06:40.756+0000] {processor.py:650} INFO - DAG(s) dict_keys(['example_branch_datetime_operator', 'example_branch_datetime_operator_2']) retrieved from /home/airflow/.local/lib/python3.7/site-packages/airflow/example_dags/example_branch_datetime_operator.py
[2022-09-16T08:06:40.780+0000] {logging_mixin.py:115} INFO - [2022-09-16T08:06:40.780+0000] {dag.py:2429} INFO - Sync 2 DAGs
[2022-09-16T08:06:40.802+0000] {logging_mixin.py:115} INFO - [2022-09-16T08:06:40.802+0000] {dag.py:2981} INFO - Setting next_dagrun for example_branch_datetime_operator to 2022-09-15T00:00:00+00:00, run_after=2022-09-16T00:00:00+00:00
[2022-09-16T08:06:40.804+0000] {logging_mixin.py:115} INFO - [2022-09-16T08:06:40.804+0000] {dag.py:2981} INFO - Setting next_dagrun for example_branch_datetime_operator_2 to 2022-09-15T00:00:00+00:00, run_after=2022-09-16T00:00:00+00:00
[2022-09-16T08:06:40.816+0000] {processor.py:161} INFO - Processing /home/airflow/.local/lib/python3.7/site-packages/airflow/example_dags/example_branch_datetime_operator.py took 0.072 seconds
[2022-09-16T08:08:04.347+0000] {processor.py:153} INFO - Started process (PID=72) to work on /home/airflow/.local/lib/python3.7/site-packages/airflow/example_dags/example_branch_datetime_operator.py
[2022-09-16T08:08:04.348+0000] {processor.py:640} INFO - Processing file /home/airflow/.local/lib/python3.7/site-packages/airflow/example_dags/example_branch_datetime_operator.py for tasks to queue
[2022-09-16T08:08:04.348+0000] {logging_mixin.py:115} INFO - [2022-09-16T08:08:04.348+0000] {dagbag.py:508} INFO - Filling up the DagBag from /home/airflow/.local/lib/python3.7/site-packages/airflow/example_dags/example_branch_datetime_operator.py
[2022-09-16T08:08:04.362+0000] {processor.py:650} INFO - DAG(s) dict_keys(['example_branch_datetime_operator', 'example_branch_datetime_operator_2']) retrieved from /home/airflow/.local/lib/python3.7/site-packages/airflow/example_dags/example_branch_datetime_operator.py
[2022-09-16T08:08:04.387+0000] {logging_mixin.py:115} INFO - [2022-09-16T08:08:04.387+0000] {dag.py:2429} INFO - Sync 2 DAGs
[2022-09-16T08:08:04.407+0000] {logging_mixin.py:115} INFO - [2022-09-16T08:08:04.407+0000] {dag.py:2981} INFO - Setting next_dagrun for example_branch_datetime_operator to 2022-09-15T00:00:00+00:00, run_after=2022-09-16T00:00:00+00:00
[2022-09-16T08:08:04.409+0000] {logging_mixin.py:115} INFO - [2022-09-16T08:08:04.409+0000] {dag.py:2981} INFO - Setting next_dagrun for example_branch_datetime_operator_2 to 2022-09-15T00:00:00+00:00, run_after=2022-09-16T00:00:00+00:00
[2022-09-16T08:08:04.421+0000] {processor.py:161} INFO - Processing /home/airflow/.local/lib/python3.7/site-packages/airflow/example_dags/example_branch_datetime_operator.py took 0.077 seconds
[2022-09-16T08:10:13.851+0000] {processor.py:153} INFO - Started process (PID=73) to work on /home/airflow/.local/lib/python3.7/site-packages/airflow/example_dags/example_branch_datetime_operator.py
[2022-09-16T08:10:13.851+0000] {processor.py:640} INFO - Processing file /home/airflow/.local/lib/python3.7/site-packages/airflow/example_dags/example_branch_datetime_operator.py for tasks to queue
[2022-09-16T08:10:13.852+0000] {logging_mixin.py:115} INFO - [2022-09-16T08:10:13.852+0000] {dagbag.py:508} INFO - Filling up the DagBag from /home/airflow/.local/lib/python3.7/site-packages/airflow/example_dags/example_branch_datetime_operator.py
[2022-09-16T08:10:13.863+0000] {processor.py:650} INFO - DAG(s) dict_keys(['example_branch_datetime_operator', 'example_branch_datetime_operator_2']) retrieved from /home/airflow/.local/lib/python3.7/site-packages/airflow/example_dags/example_branch_datetime_operator.py
[2022-09-16T08:10:13.888+0000] {logging_mixin.py:115} INFO - [2022-09-16T08:10:13.888+0000] {dag.py:2429} INFO - Sync 2 DAGs
[2022-09-16T08:10:13.909+0000] {logging_mixin.py:115} INFO - [2022-09-16T08:10:13.909+0000] {dag.py:2981} INFO - Setting next_dagrun for example_branch_datetime_operator to 2022-09-15T00:00:00+00:00, run_after=2022-09-16T00:00:00+00:00
[2022-09-16T08:10:13.911+0000] {logging_mixin.py:115} INFO - [2022-09-16T08:10:13.911+0000] {dag.py:2981} INFO - Setting next_dagrun for example_branch_datetime_operator_2 to 2022-09-15T00:00:00+00:00, run_after=2022-09-16T00:00:00+00:00
[2022-09-16T08:10:13.924+0000] {processor.py:161} INFO - Processing /home/airflow/.local/lib/python3.7/site-packages/airflow/example_dags/example_branch_datetime_operator.py took 0.075 seconds
[2022-09-16T08:10:45.035+0000] {processor.py:153} INFO - Started process (PID=135) to work on /home/airflow/.local/lib/python3.7/site-packages/airflow/example_dags/example_branch_datetime_operator.py
[2022-09-16T08:10:45.036+0000] {processor.py:640} INFO - Processing file /home/airflow/.local/lib/python3.7/site-packages/airflow/example_dags/example_branch_datetime_operator.py for tasks to queue
[2022-09-16T08:10:45.036+0000] {logging_mixin.py:115} INFO - [2022-09-16T08:10:45.036+0000] {dagbag.py:508} INFO - Filling up the DagBag from /home/airflow/.local/lib/python3.7/site-packages/airflow/example_dags/example_branch_datetime_operator.py
[2022-09-16T08:10:45.045+0000] {processor.py:650} INFO - DAG(s) dict_keys(['example_branch_datetime_operator', 'example_branch_datetime_operator_2']) retrieved from /home/airflow/.local/lib/python3.7/site-packages/airflow/example_dags/example_branch_datetime_operator.py
[2022-09-16T08:10:45.064+0000] {logging_mixin.py:115} INFO - [2022-09-16T08:10:45.064+0000] {dag.py:2429} INFO - Sync 2 DAGs
[2022-09-16T08:10:45.083+0000] {logging_mixin.py:115} INFO - [2022-09-16T08:10:45.082+0000] {dag.py:2981} INFO - Setting next_dagrun for example_branch_datetime_operator to 2022-09-15T00:00:00+00:00, run_after=2022-09-16T00:00:00+00:00
[2022-09-16T08:10:45.084+0000] {logging_mixin.py:115} INFO - [2022-09-16T08:10:45.084+0000] {dag.py:2981} INFO - Setting next_dagrun for example_branch_datetime_operator_2 to 2022-09-15T00:00:00+00:00, run_after=2022-09-16T00:00:00+00:00
[2022-09-16T08:10:45.096+0000] {processor.py:161} INFO - Processing /home/airflow/.local/lib/python3.7/site-packages/airflow/example_dags/example_branch_datetime_operator.py took 0.063 seconds
[2022-09-16T08:13:52.032+0000] {processor.py:153} INFO - Started process (PID=105) to work on /home/airflow/.local/lib/python3.7/site-packages/airflow/example_dags/example_branch_datetime_operator.py
[2022-09-16T08:13:52.032+0000] {processor.py:640} INFO - Processing file /home/airflow/.local/lib/python3.7/site-packages/airflow/example_dags/example_branch_datetime_operator.py for tasks to queue
[2022-09-16T08:13:52.033+0000] {logging_mixin.py:115} INFO - [2022-09-16T08:13:52.033+0000] {dagbag.py:508} INFO - Filling up the DagBag from /home/airflow/.local/lib/python3.7/site-packages/airflow/example_dags/example_branch_datetime_operator.py
[2022-09-16T08:13:52.042+0000] {processor.py:650} INFO - DAG(s) dict_keys(['example_branch_datetime_operator', 'example_branch_datetime_operator_2']) retrieved from /home/airflow/.local/lib/python3.7/site-packages/airflow/example_dags/example_branch_datetime_operator.py
[2022-09-16T08:13:52.067+0000] {logging_mixin.py:115} INFO - [2022-09-16T08:13:52.067+0000] {dag.py:2429} INFO - Sync 2 DAGs
[2022-09-16T08:13:52.085+0000] {logging_mixin.py:115} INFO - [2022-09-16T08:13:52.085+0000] {dag.py:2981} INFO - Setting next_dagrun for example_branch_datetime_operator to 2022-09-15T00:00:00+00:00, run_after=2022-09-16T00:00:00+00:00
[2022-09-16T08:13:52.087+0000] {logging_mixin.py:115} INFO - [2022-09-16T08:13:52.087+0000] {dag.py:2981} INFO - Setting next_dagrun for example_branch_datetime_operator_2 to 2022-09-15T00:00:00+00:00, run_after=2022-09-16T00:00:00+00:00
[2022-09-16T08:13:52.097+0000] {processor.py:161} INFO - Processing /home/airflow/.local/lib/python3.7/site-packages/airflow/example_dags/example_branch_datetime_operator.py took 0.067 seconds
[2022-09-16T08:15:36.736+0000] {processor.py:153} INFO - Started process (PID=73) to work on /home/airflow/.local/lib/python3.7/site-packages/airflow/example_dags/example_branch_datetime_operator.py
[2022-09-16T08:15:36.736+0000] {processor.py:640} INFO - Processing file /home/airflow/.local/lib/python3.7/site-packages/airflow/example_dags/example_branch_datetime_operator.py for tasks to queue
[2022-09-16T08:15:36.737+0000] {logging_mixin.py:115} INFO - [2022-09-16T08:15:36.737+0000] {dagbag.py:508} INFO - Filling up the DagBag from /home/airflow/.local/lib/python3.7/site-packages/airflow/example_dags/example_branch_datetime_operator.py
[2022-09-16T08:15:36.746+0000] {processor.py:650} INFO - DAG(s) dict_keys(['example_branch_datetime_operator', 'example_branch_datetime_operator_2']) retrieved from /home/airflow/.local/lib/python3.7/site-packages/airflow/example_dags/example_branch_datetime_operator.py
[2022-09-16T08:15:36.765+0000] {logging_mixin.py:115} INFO - [2022-09-16T08:15:36.765+0000] {dag.py:2429} INFO - Sync 2 DAGs
[2022-09-16T08:15:36.785+0000] {logging_mixin.py:115} INFO - [2022-09-16T08:15:36.785+0000] {dag.py:2981} INFO - Setting next_dagrun for example_branch_datetime_operator to 2022-09-15T00:00:00+00:00, run_after=2022-09-16T00:00:00+00:00
[2022-09-16T08:15:36.787+0000] {logging_mixin.py:115} INFO - [2022-09-16T08:15:36.787+0000] {dag.py:2981} INFO - Setting next_dagrun for example_branch_datetime_operator_2 to 2022-09-15T00:00:00+00:00, run_after=2022-09-16T00:00:00+00:00
[2022-09-16T08:15:36.799+0000] {processor.py:161} INFO - Processing /home/airflow/.local/lib/python3.7/site-packages/airflow/example_dags/example_branch_datetime_operator.py took 0.065 seconds
[2022-09-16T08:18:34.634+0000] {processor.py:153} INFO - Started process (PID=123) to work on /home/airflow/.local/lib/python3.7/site-packages/airflow/example_dags/example_branch_datetime_operator.py
[2022-09-16T08:18:34.635+0000] {processor.py:640} INFO - Processing file /home/airflow/.local/lib/python3.7/site-packages/airflow/example_dags/example_branch_datetime_operator.py for tasks to queue
[2022-09-16T08:18:34.635+0000] {logging_mixin.py:115} INFO - [2022-09-16T08:18:34.635+0000] {dagbag.py:508} INFO - Filling up the DagBag from /home/airflow/.local/lib/python3.7/site-packages/airflow/example_dags/example_branch_datetime_operator.py
[2022-09-16T08:18:34.646+0000] {processor.py:650} INFO - DAG(s) dict_keys(['example_branch_datetime_operator', 'example_branch_datetime_operator_2']) retrieved from /home/airflow/.local/lib/python3.7/site-packages/airflow/example_dags/example_branch_datetime_operator.py
[2022-09-16T08:18:34.676+0000] {logging_mixin.py:115} INFO - [2022-09-16T08:18:34.676+0000] {dag.py:2429} INFO - Sync 2 DAGs
[2022-09-16T08:18:34.698+0000] {logging_mixin.py:115} INFO - [2022-09-16T08:18:34.697+0000] {dag.py:2981} INFO - Setting next_dagrun for example_branch_datetime_operator to 2022-09-15T00:00:00+00:00, run_after=2022-09-16T00:00:00+00:00
[2022-09-16T08:18:34.699+0000] {logging_mixin.py:115} INFO - [2022-09-16T08:18:34.699+0000] {dag.py:2981} INFO - Setting next_dagrun for example_branch_datetime_operator_2 to 2022-09-15T00:00:00+00:00, run_after=2022-09-16T00:00:00+00:00
[2022-09-16T08:18:34.711+0000] {processor.py:161} INFO - Processing /home/airflow/.local/lib/python3.7/site-packages/airflow/example_dags/example_branch_datetime_operator.py took 0.080 seconds
[2022-09-16T08:19:05.874+0000] {processor.py:153} INFO - Started process (PID=178) to work on /home/airflow/.local/lib/python3.7/site-packages/airflow/example_dags/example_branch_datetime_operator.py
[2022-09-16T08:19:05.875+0000] {processor.py:640} INFO - Processing file /home/airflow/.local/lib/python3.7/site-packages/airflow/example_dags/example_branch_datetime_operator.py for tasks to queue
[2022-09-16T08:19:05.876+0000] {logging_mixin.py:115} INFO - [2022-09-16T08:19:05.876+0000] {dagbag.py:508} INFO - Filling up the DagBag from /home/airflow/.local/lib/python3.7/site-packages/airflow/example_dags/example_branch_datetime_operator.py
[2022-09-16T08:19:05.884+0000] {processor.py:650} INFO - DAG(s) dict_keys(['example_branch_datetime_operator', 'example_branch_datetime_operator_2']) retrieved from /home/airflow/.local/lib/python3.7/site-packages/airflow/example_dags/example_branch_datetime_operator.py
[2022-09-16T08:19:05.905+0000] {logging_mixin.py:115} INFO - [2022-09-16T08:19:05.905+0000] {dag.py:2429} INFO - Sync 2 DAGs
[2022-09-16T08:19:05.925+0000] {logging_mixin.py:115} INFO - [2022-09-16T08:19:05.925+0000] {dag.py:2981} INFO - Setting next_dagrun for example_branch_datetime_operator to 2022-09-15T00:00:00+00:00, run_after=2022-09-16T00:00:00+00:00
[2022-09-16T08:19:05.926+0000] {logging_mixin.py:115} INFO - [2022-09-16T08:19:05.926+0000] {dag.py:2981} INFO - Setting next_dagrun for example_branch_datetime_operator_2 to 2022-09-15T00:00:00+00:00, run_after=2022-09-16T00:00:00+00:00
[2022-09-16T08:19:05.937+0000] {processor.py:161} INFO - Processing /home/airflow/.local/lib/python3.7/site-packages/airflow/example_dags/example_branch_datetime_operator.py took 0.065 seconds
