[2022-09-16T07:52:53.344+0000] {processor.py:153} INFO - Started process (PID=77) to work on /home/airflow/.local/lib/python3.7/site-packages/airflow/example_dags/example_branch_day_of_week_operator.py
[2022-09-16T07:52:53.344+0000] {processor.py:640} INFO - Processing file /home/airflow/.local/lib/python3.7/site-packages/airflow/example_dags/example_branch_day_of_week_operator.py for tasks to queue
[2022-09-16T07:52:53.345+0000] {logging_mixin.py:115} INFO - [2022-09-16T07:52:53.345+0000] {dagbag.py:508} INFO - Filling up the DagBag from /home/airflow/.local/lib/python3.7/site-packages/airflow/example_dags/example_branch_day_of_week_operator.py
[2022-09-16T07:52:53.354+0000] {processor.py:650} INFO - DAG(s) dict_keys(['example_weekday_branch_operator']) retrieved from /home/airflow/.local/lib/python3.7/site-packages/airflow/example_dags/example_branch_day_of_week_operator.py
[2022-09-16T07:52:53.413+0000] {logging_mixin.py:115} INFO - [2022-09-16T07:52:53.413+0000] {dag.py:2429} INFO - Sync 1 DAGs
[2022-09-16T07:52:53.442+0000] {logging_mixin.py:115} INFO - [2022-09-16T07:52:53.442+0000] {dag.py:2981} INFO - Setting next_dagrun for example_weekday_branch_operator to 2022-09-15T00:00:00+00:00, run_after=2022-09-16T00:00:00+00:00
[2022-09-16T07:52:53.455+0000] {processor.py:161} INFO - Processing /home/airflow/.local/lib/python3.7/site-packages/airflow/example_dags/example_branch_day_of_week_operator.py took 0.114 seconds
[2022-09-16T07:53:24.034+0000] {processor.py:153} INFO - Started process (PID=133) to work on /home/airflow/.local/lib/python3.7/site-packages/airflow/example_dags/example_branch_day_of_week_operator.py
[2022-09-16T07:53:24.034+0000] {processor.py:640} INFO - Processing file /home/airflow/.local/lib/python3.7/site-packages/airflow/example_dags/example_branch_day_of_week_operator.py for tasks to queue
[2022-09-16T07:53:24.035+0000] {logging_mixin.py:115} INFO - [2022-09-16T07:53:24.035+0000] {dagbag.py:508} INFO - Filling up the DagBag from /home/airflow/.local/lib/python3.7/site-packages/airflow/example_dags/example_branch_day_of_week_operator.py
[2022-09-16T07:53:24.040+0000] {processor.py:650} INFO - DAG(s) dict_keys(['example_weekday_branch_operator']) retrieved from /home/airflow/.local/lib/python3.7/site-packages/airflow/example_dags/example_branch_day_of_week_operator.py
[2022-09-16T07:53:24.057+0000] {logging_mixin.py:115} INFO - [2022-09-16T07:53:24.057+0000] {dag.py:2429} INFO - Sync 1 DAGs
[2022-09-16T07:53:24.073+0000] {logging_mixin.py:115} INFO - [2022-09-16T07:53:24.073+0000] {dag.py:2981} INFO - Setting next_dagrun for example_weekday_branch_operator to 2022-09-15T00:00:00+00:00, run_after=2022-09-16T00:00:00+00:00
[2022-09-16T07:53:24.082+0000] {processor.py:161} INFO - Processing /home/airflow/.local/lib/python3.7/site-packages/airflow/example_dags/example_branch_day_of_week_operator.py took 0.050 seconds
[2022-09-16T07:53:54.618+0000] {processor.py:153} INFO - Started process (PID=195) to work on /home/airflow/.local/lib/python3.7/site-packages/airflow/example_dags/example_branch_day_of_week_operator.py
[2022-09-16T07:53:54.619+0000] {processor.py:640} INFO - Processing file /home/airflow/.local/lib/python3.7/site-packages/airflow/example_dags/example_branch_day_of_week_operator.py for tasks to queue
[2022-09-16T07:53:54.619+0000] {logging_mixin.py:115} INFO - [2022-09-16T07:53:54.619+0000] {dagbag.py:508} INFO - Filling up the DagBag from /home/airflow/.local/lib/python3.7/site-packages/airflow/example_dags/example_branch_day_of_week_operator.py
[2022-09-16T07:53:54.625+0000] {processor.py:650} INFO - DAG(s) dict_keys(['example_weekday_branch_operator']) retrieved from /home/airflow/.local/lib/python3.7/site-packages/airflow/example_dags/example_branch_day_of_week_operator.py
[2022-09-16T07:53:54.642+0000] {logging_mixin.py:115} INFO - [2022-09-16T07:53:54.642+0000] {dag.py:2429} INFO - Sync 1 DAGs
[2022-09-16T07:53:54.659+0000] {logging_mixin.py:115} INFO - [2022-09-16T07:53:54.659+0000] {dag.py:2981} INFO - Setting next_dagrun for example_weekday_branch_operator to 2022-09-15T00:00:00+00:00, run_after=2022-09-16T00:00:00+00:00
[2022-09-16T07:53:54.668+0000] {processor.py:161} INFO - Processing /home/airflow/.local/lib/python3.7/site-packages/airflow/example_dags/example_branch_day_of_week_operator.py took 0.051 seconds
[2022-09-16T07:54:25.591+0000] {processor.py:153} INFO - Started process (PID=257) to work on /home/airflow/.local/lib/python3.7/site-packages/airflow/example_dags/example_branch_day_of_week_operator.py
[2022-09-16T07:54:25.592+0000] {processor.py:640} INFO - Processing file /home/airflow/.local/lib/python3.7/site-packages/airflow/example_dags/example_branch_day_of_week_operator.py for tasks to queue
[2022-09-16T07:54:25.592+0000] {logging_mixin.py:115} INFO - [2022-09-16T07:54:25.592+0000] {dagbag.py:508} INFO - Filling up the DagBag from /home/airflow/.local/lib/python3.7/site-packages/airflow/example_dags/example_branch_day_of_week_operator.py
[2022-09-16T07:54:25.599+0000] {processor.py:650} INFO - DAG(s) dict_keys(['example_weekday_branch_operator']) retrieved from /home/airflow/.local/lib/python3.7/site-packages/airflow/example_dags/example_branch_day_of_week_operator.py
[2022-09-16T07:54:25.618+0000] {logging_mixin.py:115} INFO - [2022-09-16T07:54:25.618+0000] {dag.py:2429} INFO - Sync 1 DAGs
[2022-09-16T07:54:25.637+0000] {logging_mixin.py:115} INFO - [2022-09-16T07:54:25.637+0000] {dag.py:2981} INFO - Setting next_dagrun for example_weekday_branch_operator to 2022-09-15T00:00:00+00:00, run_after=2022-09-16T00:00:00+00:00
[2022-09-16T07:54:25.648+0000] {processor.py:161} INFO - Processing /home/airflow/.local/lib/python3.7/site-packages/airflow/example_dags/example_branch_day_of_week_operator.py took 0.059 seconds
[2022-09-16T07:54:56.439+0000] {processor.py:153} INFO - Started process (PID=310) to work on /home/airflow/.local/lib/python3.7/site-packages/airflow/example_dags/example_branch_day_of_week_operator.py
[2022-09-16T07:54:56.440+0000] {processor.py:640} INFO - Processing file /home/airflow/.local/lib/python3.7/site-packages/airflow/example_dags/example_branch_day_of_week_operator.py for tasks to queue
[2022-09-16T07:54:56.440+0000] {logging_mixin.py:115} INFO - [2022-09-16T07:54:56.440+0000] {dagbag.py:508} INFO - Filling up the DagBag from /home/airflow/.local/lib/python3.7/site-packages/airflow/example_dags/example_branch_day_of_week_operator.py
[2022-09-16T07:54:56.446+0000] {processor.py:650} INFO - DAG(s) dict_keys(['example_weekday_branch_operator']) retrieved from /home/airflow/.local/lib/python3.7/site-packages/airflow/example_dags/example_branch_day_of_week_operator.py
[2022-09-16T07:54:56.463+0000] {logging_mixin.py:115} INFO - [2022-09-16T07:54:56.463+0000] {dag.py:2429} INFO - Sync 1 DAGs
[2022-09-16T07:54:56.480+0000] {logging_mixin.py:115} INFO - [2022-09-16T07:54:56.480+0000] {dag.py:2981} INFO - Setting next_dagrun for example_weekday_branch_operator to 2022-09-15T00:00:00+00:00, run_after=2022-09-16T00:00:00+00:00
[2022-09-16T07:54:56.489+0000] {processor.py:161} INFO - Processing /home/airflow/.local/lib/python3.7/site-packages/airflow/example_dags/example_branch_day_of_week_operator.py took 0.051 seconds
[2022-09-16T07:55:27.147+0000] {processor.py:153} INFO - Started process (PID=372) to work on /home/airflow/.local/lib/python3.7/site-packages/airflow/example_dags/example_branch_day_of_week_operator.py
[2022-09-16T07:55:27.148+0000] {processor.py:640} INFO - Processing file /home/airflow/.local/lib/python3.7/site-packages/airflow/example_dags/example_branch_day_of_week_operator.py for tasks to queue
[2022-09-16T07:55:27.148+0000] {logging_mixin.py:115} INFO - [2022-09-16T07:55:27.148+0000] {dagbag.py:508} INFO - Filling up the DagBag from /home/airflow/.local/lib/python3.7/site-packages/airflow/example_dags/example_branch_day_of_week_operator.py
[2022-09-16T07:55:27.155+0000] {processor.py:650} INFO - DAG(s) dict_keys(['example_weekday_branch_operator']) retrieved from /home/airflow/.local/lib/python3.7/site-packages/airflow/example_dags/example_branch_day_of_week_operator.py
[2022-09-16T07:55:27.173+0000] {logging_mixin.py:115} INFO - [2022-09-16T07:55:27.172+0000] {dag.py:2429} INFO - Sync 1 DAGs
[2022-09-16T07:55:27.190+0000] {logging_mixin.py:115} INFO - [2022-09-16T07:55:27.190+0000] {dag.py:2981} INFO - Setting next_dagrun for example_weekday_branch_operator to 2022-09-15T00:00:00+00:00, run_after=2022-09-16T00:00:00+00:00
[2022-09-16T07:55:27.200+0000] {processor.py:161} INFO - Processing /home/airflow/.local/lib/python3.7/site-packages/airflow/example_dags/example_branch_day_of_week_operator.py took 0.054 seconds
[2022-09-16T07:55:57.786+0000] {processor.py:153} INFO - Started process (PID=434) to work on /home/airflow/.local/lib/python3.7/site-packages/airflow/example_dags/example_branch_day_of_week_operator.py
[2022-09-16T07:55:57.787+0000] {processor.py:640} INFO - Processing file /home/airflow/.local/lib/python3.7/site-packages/airflow/example_dags/example_branch_day_of_week_operator.py for tasks to queue
[2022-09-16T07:55:57.787+0000] {logging_mixin.py:115} INFO - [2022-09-16T07:55:57.787+0000] {dagbag.py:508} INFO - Filling up the DagBag from /home/airflow/.local/lib/python3.7/site-packages/airflow/example_dags/example_branch_day_of_week_operator.py
[2022-09-16T07:55:57.792+0000] {processor.py:650} INFO - DAG(s) dict_keys(['example_weekday_branch_operator']) retrieved from /home/airflow/.local/lib/python3.7/site-packages/airflow/example_dags/example_branch_day_of_week_operator.py
[2022-09-16T07:55:57.809+0000] {logging_mixin.py:115} INFO - [2022-09-16T07:55:57.809+0000] {dag.py:2429} INFO - Sync 1 DAGs
[2022-09-16T07:55:57.826+0000] {logging_mixin.py:115} INFO - [2022-09-16T07:55:57.826+0000] {dag.py:2981} INFO - Setting next_dagrun for example_weekday_branch_operator to 2022-09-15T00:00:00+00:00, run_after=2022-09-16T00:00:00+00:00
[2022-09-16T07:55:57.837+0000] {processor.py:161} INFO - Processing /home/airflow/.local/lib/python3.7/site-packages/airflow/example_dags/example_branch_day_of_week_operator.py took 0.053 seconds
[2022-09-16T07:56:28.462+0000] {processor.py:153} INFO - Started process (PID=495) to work on /home/airflow/.local/lib/python3.7/site-packages/airflow/example_dags/example_branch_day_of_week_operator.py
[2022-09-16T07:56:28.462+0000] {processor.py:640} INFO - Processing file /home/airflow/.local/lib/python3.7/site-packages/airflow/example_dags/example_branch_day_of_week_operator.py for tasks to queue
[2022-09-16T07:56:28.463+0000] {logging_mixin.py:115} INFO - [2022-09-16T07:56:28.463+0000] {dagbag.py:508} INFO - Filling up the DagBag from /home/airflow/.local/lib/python3.7/site-packages/airflow/example_dags/example_branch_day_of_week_operator.py
[2022-09-16T07:56:28.469+0000] {processor.py:650} INFO - DAG(s) dict_keys(['example_weekday_branch_operator']) retrieved from /home/airflow/.local/lib/python3.7/site-packages/airflow/example_dags/example_branch_day_of_week_operator.py
[2022-09-16T07:56:28.490+0000] {logging_mixin.py:115} INFO - [2022-09-16T07:56:28.490+0000] {dag.py:2429} INFO - Sync 1 DAGs
[2022-09-16T07:56:28.510+0000] {logging_mixin.py:115} INFO - [2022-09-16T07:56:28.510+0000] {dag.py:2981} INFO - Setting next_dagrun for example_weekday_branch_operator to 2022-09-15T00:00:00+00:00, run_after=2022-09-16T00:00:00+00:00
[2022-09-16T07:56:28.521+0000] {processor.py:161} INFO - Processing /home/airflow/.local/lib/python3.7/site-packages/airflow/example_dags/example_branch_day_of_week_operator.py took 0.061 seconds
[2022-09-16T07:56:59.027+0000] {processor.py:153} INFO - Started process (PID=548) to work on /home/airflow/.local/lib/python3.7/site-packages/airflow/example_dags/example_branch_day_of_week_operator.py
[2022-09-16T07:56:59.028+0000] {processor.py:640} INFO - Processing file /home/airflow/.local/lib/python3.7/site-packages/airflow/example_dags/example_branch_day_of_week_operator.py for tasks to queue
[2022-09-16T07:56:59.028+0000] {logging_mixin.py:115} INFO - [2022-09-16T07:56:59.028+0000] {dagbag.py:508} INFO - Filling up the DagBag from /home/airflow/.local/lib/python3.7/site-packages/airflow/example_dags/example_branch_day_of_week_operator.py
[2022-09-16T07:56:59.033+0000] {processor.py:650} INFO - DAG(s) dict_keys(['example_weekday_branch_operator']) retrieved from /home/airflow/.local/lib/python3.7/site-packages/airflow/example_dags/example_branch_day_of_week_operator.py
[2022-09-16T07:56:59.051+0000] {logging_mixin.py:115} INFO - [2022-09-16T07:56:59.051+0000] {dag.py:2429} INFO - Sync 1 DAGs
[2022-09-16T07:56:59.068+0000] {logging_mixin.py:115} INFO - [2022-09-16T07:56:59.068+0000] {dag.py:2981} INFO - Setting next_dagrun for example_weekday_branch_operator to 2022-09-15T00:00:00+00:00, run_after=2022-09-16T00:00:00+00:00
[2022-09-16T07:56:59.078+0000] {processor.py:161} INFO - Processing /home/airflow/.local/lib/python3.7/site-packages/airflow/example_dags/example_branch_day_of_week_operator.py took 0.053 seconds
[2022-09-16T07:57:29.586+0000] {processor.py:153} INFO - Started process (PID=610) to work on /home/airflow/.local/lib/python3.7/site-packages/airflow/example_dags/example_branch_day_of_week_operator.py
[2022-09-16T07:57:29.587+0000] {processor.py:640} INFO - Processing file /home/airflow/.local/lib/python3.7/site-packages/airflow/example_dags/example_branch_day_of_week_operator.py for tasks to queue
[2022-09-16T07:57:29.588+0000] {logging_mixin.py:115} INFO - [2022-09-16T07:57:29.588+0000] {dagbag.py:508} INFO - Filling up the DagBag from /home/airflow/.local/lib/python3.7/site-packages/airflow/example_dags/example_branch_day_of_week_operator.py
[2022-09-16T07:57:29.593+0000] {processor.py:650} INFO - DAG(s) dict_keys(['example_weekday_branch_operator']) retrieved from /home/airflow/.local/lib/python3.7/site-packages/airflow/example_dags/example_branch_day_of_week_operator.py
[2022-09-16T07:57:29.612+0000] {logging_mixin.py:115} INFO - [2022-09-16T07:57:29.611+0000] {dag.py:2429} INFO - Sync 1 DAGs
[2022-09-16T07:57:29.629+0000] {logging_mixin.py:115} INFO - [2022-09-16T07:57:29.629+0000] {dag.py:2981} INFO - Setting next_dagrun for example_weekday_branch_operator to 2022-09-15T00:00:00+00:00, run_after=2022-09-16T00:00:00+00:00
[2022-09-16T07:57:29.639+0000] {processor.py:161} INFO - Processing /home/airflow/.local/lib/python3.7/site-packages/airflow/example_dags/example_branch_day_of_week_operator.py took 0.055 seconds
[2022-09-16T07:58:44.823+0000] {processor.py:153} INFO - Started process (PID=104) to work on /home/airflow/.local/lib/python3.7/site-packages/airflow/example_dags/example_branch_day_of_week_operator.py
[2022-09-16T07:58:44.823+0000] {processor.py:640} INFO - Processing file /home/airflow/.local/lib/python3.7/site-packages/airflow/example_dags/example_branch_day_of_week_operator.py for tasks to queue
[2022-09-16T07:58:44.824+0000] {logging_mixin.py:115} INFO - [2022-09-16T07:58:44.824+0000] {dagbag.py:508} INFO - Filling up the DagBag from /home/airflow/.local/lib/python3.7/site-packages/airflow/example_dags/example_branch_day_of_week_operator.py
[2022-09-16T07:58:44.831+0000] {processor.py:650} INFO - DAG(s) dict_keys(['example_weekday_branch_operator']) retrieved from /home/airflow/.local/lib/python3.7/site-packages/airflow/example_dags/example_branch_day_of_week_operator.py
[2022-09-16T07:58:44.849+0000] {logging_mixin.py:115} INFO - [2022-09-16T07:58:44.849+0000] {dag.py:2429} INFO - Sync 1 DAGs
[2022-09-16T07:58:44.870+0000] {logging_mixin.py:115} INFO - [2022-09-16T07:58:44.870+0000] {dag.py:2981} INFO - Setting next_dagrun for example_weekday_branch_operator to 2022-09-15T00:00:00+00:00, run_after=2022-09-16T00:00:00+00:00
[2022-09-16T07:58:44.880+0000] {processor.py:161} INFO - Processing /home/airflow/.local/lib/python3.7/site-packages/airflow/example_dags/example_branch_day_of_week_operator.py took 0.060 seconds
[2022-09-16T07:59:15.851+0000] {processor.py:153} INFO - Started process (PID=166) to work on /home/airflow/.local/lib/python3.7/site-packages/airflow/example_dags/example_branch_day_of_week_operator.py
[2022-09-16T07:59:15.851+0000] {processor.py:640} INFO - Processing file /home/airflow/.local/lib/python3.7/site-packages/airflow/example_dags/example_branch_day_of_week_operator.py for tasks to queue
[2022-09-16T07:59:15.852+0000] {logging_mixin.py:115} INFO - [2022-09-16T07:59:15.852+0000] {dagbag.py:508} INFO - Filling up the DagBag from /home/airflow/.local/lib/python3.7/site-packages/airflow/example_dags/example_branch_day_of_week_operator.py
[2022-09-16T07:59:15.858+0000] {processor.py:650} INFO - DAG(s) dict_keys(['example_weekday_branch_operator']) retrieved from /home/airflow/.local/lib/python3.7/site-packages/airflow/example_dags/example_branch_day_of_week_operator.py
[2022-09-16T07:59:15.877+0000] {logging_mixin.py:115} INFO - [2022-09-16T07:59:15.877+0000] {dag.py:2429} INFO - Sync 1 DAGs
[2022-09-16T07:59:15.895+0000] {logging_mixin.py:115} INFO - [2022-09-16T07:59:15.895+0000] {dag.py:2981} INFO - Setting next_dagrun for example_weekday_branch_operator to 2022-09-15T00:00:00+00:00, run_after=2022-09-16T00:00:00+00:00
[2022-09-16T07:59:15.905+0000] {processor.py:161} INFO - Processing /home/airflow/.local/lib/python3.7/site-packages/airflow/example_dags/example_branch_day_of_week_operator.py took 0.056 seconds
[2022-09-16T07:59:46.657+0000] {processor.py:153} INFO - Started process (PID=219) to work on /home/airflow/.local/lib/python3.7/site-packages/airflow/example_dags/example_branch_day_of_week_operator.py
[2022-09-16T07:59:46.657+0000] {processor.py:640} INFO - Processing file /home/airflow/.local/lib/python3.7/site-packages/airflow/example_dags/example_branch_day_of_week_operator.py for tasks to queue
[2022-09-16T07:59:46.657+0000] {logging_mixin.py:115} INFO - [2022-09-16T07:59:46.657+0000] {dagbag.py:508} INFO - Filling up the DagBag from /home/airflow/.local/lib/python3.7/site-packages/airflow/example_dags/example_branch_day_of_week_operator.py
[2022-09-16T07:59:46.663+0000] {processor.py:650} INFO - DAG(s) dict_keys(['example_weekday_branch_operator']) retrieved from /home/airflow/.local/lib/python3.7/site-packages/airflow/example_dags/example_branch_day_of_week_operator.py
[2022-09-16T07:59:46.681+0000] {logging_mixin.py:115} INFO - [2022-09-16T07:59:46.681+0000] {dag.py:2429} INFO - Sync 1 DAGs
[2022-09-16T07:59:46.699+0000] {logging_mixin.py:115} INFO - [2022-09-16T07:59:46.699+0000] {dag.py:2981} INFO - Setting next_dagrun for example_weekday_branch_operator to 2022-09-15T00:00:00+00:00, run_after=2022-09-16T00:00:00+00:00
[2022-09-16T07:59:46.709+0000] {processor.py:161} INFO - Processing /home/airflow/.local/lib/python3.7/site-packages/airflow/example_dags/example_branch_day_of_week_operator.py took 0.054 seconds
[2022-09-16T08:00:17.580+0000] {processor.py:153} INFO - Started process (PID=281) to work on /home/airflow/.local/lib/python3.7/site-packages/airflow/example_dags/example_branch_day_of_week_operator.py
[2022-09-16T08:00:17.580+0000] {processor.py:640} INFO - Processing file /home/airflow/.local/lib/python3.7/site-packages/airflow/example_dags/example_branch_day_of_week_operator.py for tasks to queue
[2022-09-16T08:00:17.581+0000] {logging_mixin.py:115} INFO - [2022-09-16T08:00:17.581+0000] {dagbag.py:508} INFO - Filling up the DagBag from /home/airflow/.local/lib/python3.7/site-packages/airflow/example_dags/example_branch_day_of_week_operator.py
[2022-09-16T08:00:17.587+0000] {processor.py:650} INFO - DAG(s) dict_keys(['example_weekday_branch_operator']) retrieved from /home/airflow/.local/lib/python3.7/site-packages/airflow/example_dags/example_branch_day_of_week_operator.py
[2022-09-16T08:00:17.605+0000] {logging_mixin.py:115} INFO - [2022-09-16T08:00:17.605+0000] {dag.py:2429} INFO - Sync 1 DAGs
[2022-09-16T08:00:17.623+0000] {logging_mixin.py:115} INFO - [2022-09-16T08:00:17.623+0000] {dag.py:2981} INFO - Setting next_dagrun for example_weekday_branch_operator to 2022-09-15T00:00:00+00:00, run_after=2022-09-16T00:00:00+00:00
[2022-09-16T08:00:17.632+0000] {processor.py:161} INFO - Processing /home/airflow/.local/lib/python3.7/site-packages/airflow/example_dags/example_branch_day_of_week_operator.py took 0.054 seconds
[2022-09-16T08:00:48.685+0000] {processor.py:153} INFO - Started process (PID=343) to work on /home/airflow/.local/lib/python3.7/site-packages/airflow/example_dags/example_branch_day_of_week_operator.py
[2022-09-16T08:00:48.686+0000] {processor.py:640} INFO - Processing file /home/airflow/.local/lib/python3.7/site-packages/airflow/example_dags/example_branch_day_of_week_operator.py for tasks to queue
[2022-09-16T08:00:48.686+0000] {logging_mixin.py:115} INFO - [2022-09-16T08:00:48.686+0000] {dagbag.py:508} INFO - Filling up the DagBag from /home/airflow/.local/lib/python3.7/site-packages/airflow/example_dags/example_branch_day_of_week_operator.py
[2022-09-16T08:00:48.695+0000] {processor.py:650} INFO - DAG(s) dict_keys(['example_weekday_branch_operator']) retrieved from /home/airflow/.local/lib/python3.7/site-packages/airflow/example_dags/example_branch_day_of_week_operator.py
[2022-09-16T08:00:48.722+0000] {logging_mixin.py:115} INFO - [2022-09-16T08:00:48.722+0000] {dag.py:2429} INFO - Sync 1 DAGs
[2022-09-16T08:00:48.760+0000] {logging_mixin.py:115} INFO - [2022-09-16T08:00:48.759+0000] {dag.py:2981} INFO - Setting next_dagrun for example_weekday_branch_operator to 2022-09-15T00:00:00+00:00, run_after=2022-09-16T00:00:00+00:00
[2022-09-16T08:00:48.780+0000] {processor.py:161} INFO - Processing /home/airflow/.local/lib/python3.7/site-packages/airflow/example_dags/example_branch_day_of_week_operator.py took 0.099 seconds
[2022-09-16T08:01:19.496+0000] {processor.py:153} INFO - Started process (PID=405) to work on /home/airflow/.local/lib/python3.7/site-packages/airflow/example_dags/example_branch_day_of_week_operator.py
[2022-09-16T08:01:19.497+0000] {processor.py:640} INFO - Processing file /home/airflow/.local/lib/python3.7/site-packages/airflow/example_dags/example_branch_day_of_week_operator.py for tasks to queue
[2022-09-16T08:01:19.498+0000] {logging_mixin.py:115} INFO - [2022-09-16T08:01:19.497+0000] {dagbag.py:508} INFO - Filling up the DagBag from /home/airflow/.local/lib/python3.7/site-packages/airflow/example_dags/example_branch_day_of_week_operator.py
[2022-09-16T08:01:19.503+0000] {processor.py:650} INFO - DAG(s) dict_keys(['example_weekday_branch_operator']) retrieved from /home/airflow/.local/lib/python3.7/site-packages/airflow/example_dags/example_branch_day_of_week_operator.py
[2022-09-16T08:01:19.521+0000] {logging_mixin.py:115} INFO - [2022-09-16T08:01:19.521+0000] {dag.py:2429} INFO - Sync 1 DAGs
[2022-09-16T08:01:19.539+0000] {logging_mixin.py:115} INFO - [2022-09-16T08:01:19.539+0000] {dag.py:2981} INFO - Setting next_dagrun for example_weekday_branch_operator to 2022-09-15T00:00:00+00:00, run_after=2022-09-16T00:00:00+00:00
[2022-09-16T08:01:19.548+0000] {processor.py:161} INFO - Processing /home/airflow/.local/lib/python3.7/site-packages/airflow/example_dags/example_branch_day_of_week_operator.py took 0.054 seconds
[2022-09-16T08:01:50.628+0000] {processor.py:153} INFO - Started process (PID=458) to work on /home/airflow/.local/lib/python3.7/site-packages/airflow/example_dags/example_branch_day_of_week_operator.py
[2022-09-16T08:01:50.629+0000] {processor.py:640} INFO - Processing file /home/airflow/.local/lib/python3.7/site-packages/airflow/example_dags/example_branch_day_of_week_operator.py for tasks to queue
[2022-09-16T08:01:50.629+0000] {logging_mixin.py:115} INFO - [2022-09-16T08:01:50.629+0000] {dagbag.py:508} INFO - Filling up the DagBag from /home/airflow/.local/lib/python3.7/site-packages/airflow/example_dags/example_branch_day_of_week_operator.py
[2022-09-16T08:01:50.635+0000] {processor.py:650} INFO - DAG(s) dict_keys(['example_weekday_branch_operator']) retrieved from /home/airflow/.local/lib/python3.7/site-packages/airflow/example_dags/example_branch_day_of_week_operator.py
[2022-09-16T08:01:50.653+0000] {logging_mixin.py:115} INFO - [2022-09-16T08:01:50.653+0000] {dag.py:2429} INFO - Sync 1 DAGs
[2022-09-16T08:01:50.671+0000] {logging_mixin.py:115} INFO - [2022-09-16T08:01:50.671+0000] {dag.py:2981} INFO - Setting next_dagrun for example_weekday_branch_operator to 2022-09-15T00:00:00+00:00, run_after=2022-09-16T00:00:00+00:00
[2022-09-16T08:01:50.680+0000] {processor.py:161} INFO - Processing /home/airflow/.local/lib/python3.7/site-packages/airflow/example_dags/example_branch_day_of_week_operator.py took 0.054 seconds
[2022-09-16T08:02:20.970+0000] {processor.py:153} INFO - Started process (PID=522) to work on /home/airflow/.local/lib/python3.7/site-packages/airflow/example_dags/example_branch_day_of_week_operator.py
[2022-09-16T08:02:20.970+0000] {processor.py:640} INFO - Processing file /home/airflow/.local/lib/python3.7/site-packages/airflow/example_dags/example_branch_day_of_week_operator.py for tasks to queue
[2022-09-16T08:02:20.971+0000] {logging_mixin.py:115} INFO - [2022-09-16T08:02:20.971+0000] {dagbag.py:508} INFO - Filling up the DagBag from /home/airflow/.local/lib/python3.7/site-packages/airflow/example_dags/example_branch_day_of_week_operator.py
[2022-09-16T08:02:20.976+0000] {processor.py:650} INFO - DAG(s) dict_keys(['example_weekday_branch_operator']) retrieved from /home/airflow/.local/lib/python3.7/site-packages/airflow/example_dags/example_branch_day_of_week_operator.py
[2022-09-16T08:02:20.994+0000] {logging_mixin.py:115} INFO - [2022-09-16T08:02:20.994+0000] {dag.py:2429} INFO - Sync 1 DAGs
[2022-09-16T08:02:21.013+0000] {logging_mixin.py:115} INFO - [2022-09-16T08:02:21.012+0000] {dag.py:2981} INFO - Setting next_dagrun for example_weekday_branch_operator to 2022-09-15T00:00:00+00:00, run_after=2022-09-16T00:00:00+00:00
[2022-09-16T08:02:21.023+0000] {processor.py:161} INFO - Processing /home/airflow/.local/lib/python3.7/site-packages/airflow/example_dags/example_branch_day_of_week_operator.py took 0.055 seconds
[2022-09-16T08:02:51.141+0000] {processor.py:153} INFO - Started process (PID=584) to work on /home/airflow/.local/lib/python3.7/site-packages/airflow/example_dags/example_branch_day_of_week_operator.py
[2022-09-16T08:02:51.141+0000] {processor.py:640} INFO - Processing file /home/airflow/.local/lib/python3.7/site-packages/airflow/example_dags/example_branch_day_of_week_operator.py for tasks to queue
[2022-09-16T08:02:51.142+0000] {logging_mixin.py:115} INFO - [2022-09-16T08:02:51.142+0000] {dagbag.py:508} INFO - Filling up the DagBag from /home/airflow/.local/lib/python3.7/site-packages/airflow/example_dags/example_branch_day_of_week_operator.py
[2022-09-16T08:02:51.147+0000] {processor.py:650} INFO - DAG(s) dict_keys(['example_weekday_branch_operator']) retrieved from /home/airflow/.local/lib/python3.7/site-packages/airflow/example_dags/example_branch_day_of_week_operator.py
[2022-09-16T08:02:51.165+0000] {logging_mixin.py:115} INFO - [2022-09-16T08:02:51.165+0000] {dag.py:2429} INFO - Sync 1 DAGs
[2022-09-16T08:02:51.183+0000] {logging_mixin.py:115} INFO - [2022-09-16T08:02:51.183+0000] {dag.py:2981} INFO - Setting next_dagrun for example_weekday_branch_operator to 2022-09-15T00:00:00+00:00, run_after=2022-09-16T00:00:00+00:00
[2022-09-16T08:02:51.192+0000] {processor.py:161} INFO - Processing /home/airflow/.local/lib/python3.7/site-packages/airflow/example_dags/example_branch_day_of_week_operator.py took 0.053 seconds
[2022-09-16T08:03:21.530+0000] {processor.py:153} INFO - Started process (PID=646) to work on /home/airflow/.local/lib/python3.7/site-packages/airflow/example_dags/example_branch_day_of_week_operator.py
[2022-09-16T08:03:21.530+0000] {processor.py:640} INFO - Processing file /home/airflow/.local/lib/python3.7/site-packages/airflow/example_dags/example_branch_day_of_week_operator.py for tasks to queue
[2022-09-16T08:03:21.531+0000] {logging_mixin.py:115} INFO - [2022-09-16T08:03:21.531+0000] {dagbag.py:508} INFO - Filling up the DagBag from /home/airflow/.local/lib/python3.7/site-packages/airflow/example_dags/example_branch_day_of_week_operator.py
[2022-09-16T08:03:21.536+0000] {processor.py:650} INFO - DAG(s) dict_keys(['example_weekday_branch_operator']) retrieved from /home/airflow/.local/lib/python3.7/site-packages/airflow/example_dags/example_branch_day_of_week_operator.py
[2022-09-16T08:03:21.555+0000] {logging_mixin.py:115} INFO - [2022-09-16T08:03:21.555+0000] {dag.py:2429} INFO - Sync 1 DAGs
[2022-09-16T08:03:21.574+0000] {logging_mixin.py:115} INFO - [2022-09-16T08:03:21.574+0000] {dag.py:2981} INFO - Setting next_dagrun for example_weekday_branch_operator to 2022-09-15T00:00:00+00:00, run_after=2022-09-16T00:00:00+00:00
[2022-09-16T08:03:21.584+0000] {processor.py:161} INFO - Processing /home/airflow/.local/lib/python3.7/site-packages/airflow/example_dags/example_branch_day_of_week_operator.py took 0.056 seconds
[2022-09-16T08:04:03.736+0000] {processor.py:153} INFO - Started process (PID=86) to work on /home/airflow/.local/lib/python3.7/site-packages/airflow/example_dags/example_branch_day_of_week_operator.py
[2022-09-16T08:04:03.737+0000] {processor.py:640} INFO - Processing file /home/airflow/.local/lib/python3.7/site-packages/airflow/example_dags/example_branch_day_of_week_operator.py for tasks to queue
[2022-09-16T08:04:03.737+0000] {logging_mixin.py:115} INFO - [2022-09-16T08:04:03.737+0000] {dagbag.py:508} INFO - Filling up the DagBag from /home/airflow/.local/lib/python3.7/site-packages/airflow/example_dags/example_branch_day_of_week_operator.py
[2022-09-16T08:04:03.747+0000] {processor.py:650} INFO - DAG(s) dict_keys(['example_weekday_branch_operator']) retrieved from /home/airflow/.local/lib/python3.7/site-packages/airflow/example_dags/example_branch_day_of_week_operator.py
[2022-09-16T08:04:03.765+0000] {logging_mixin.py:115} INFO - [2022-09-16T08:04:03.764+0000] {dag.py:2429} INFO - Sync 1 DAGs
[2022-09-16T08:04:03.784+0000] {logging_mixin.py:115} INFO - [2022-09-16T08:04:03.784+0000] {dag.py:2981} INFO - Setting next_dagrun for example_weekday_branch_operator to 2022-09-15T00:00:00+00:00, run_after=2022-09-16T00:00:00+00:00
[2022-09-16T08:04:03.795+0000] {processor.py:161} INFO - Processing /home/airflow/.local/lib/python3.7/site-packages/airflow/example_dags/example_branch_day_of_week_operator.py took 0.061 seconds
[2022-09-16T08:04:34.066+0000] {processor.py:153} INFO - Started process (PID=148) to work on /home/airflow/.local/lib/python3.7/site-packages/airflow/example_dags/example_branch_day_of_week_operator.py
[2022-09-16T08:04:34.066+0000] {processor.py:640} INFO - Processing file /home/airflow/.local/lib/python3.7/site-packages/airflow/example_dags/example_branch_day_of_week_operator.py for tasks to queue
[2022-09-16T08:04:34.067+0000] {logging_mixin.py:115} INFO - [2022-09-16T08:04:34.067+0000] {dagbag.py:508} INFO - Filling up the DagBag from /home/airflow/.local/lib/python3.7/site-packages/airflow/example_dags/example_branch_day_of_week_operator.py
[2022-09-16T08:04:34.074+0000] {processor.py:650} INFO - DAG(s) dict_keys(['example_weekday_branch_operator']) retrieved from /home/airflow/.local/lib/python3.7/site-packages/airflow/example_dags/example_branch_day_of_week_operator.py
[2022-09-16T08:04:34.089+0000] {logging_mixin.py:115} INFO - [2022-09-16T08:04:34.089+0000] {dag.py:2429} INFO - Sync 1 DAGs
[2022-09-16T08:04:34.108+0000] {logging_mixin.py:115} INFO - [2022-09-16T08:04:34.108+0000] {dag.py:2981} INFO - Setting next_dagrun for example_weekday_branch_operator to 2022-09-15T00:00:00+00:00, run_after=2022-09-16T00:00:00+00:00
[2022-09-16T08:04:34.118+0000] {processor.py:161} INFO - Processing /home/airflow/.local/lib/python3.7/site-packages/airflow/example_dags/example_branch_day_of_week_operator.py took 0.054 seconds
[2022-09-16T08:06:41.494+0000] {processor.py:153} INFO - Started process (PID=86) to work on /home/airflow/.local/lib/python3.7/site-packages/airflow/example_dags/example_branch_day_of_week_operator.py
[2022-09-16T08:06:41.494+0000] {processor.py:640} INFO - Processing file /home/airflow/.local/lib/python3.7/site-packages/airflow/example_dags/example_branch_day_of_week_operator.py for tasks to queue
[2022-09-16T08:06:41.495+0000] {logging_mixin.py:115} INFO - [2022-09-16T08:06:41.495+0000] {dagbag.py:508} INFO - Filling up the DagBag from /home/airflow/.local/lib/python3.7/site-packages/airflow/example_dags/example_branch_day_of_week_operator.py
[2022-09-16T08:06:41.502+0000] {processor.py:650} INFO - DAG(s) dict_keys(['example_weekday_branch_operator']) retrieved from /home/airflow/.local/lib/python3.7/site-packages/airflow/example_dags/example_branch_day_of_week_operator.py
[2022-09-16T08:06:41.522+0000] {logging_mixin.py:115} INFO - [2022-09-16T08:06:41.521+0000] {dag.py:2429} INFO - Sync 1 DAGs
[2022-09-16T08:06:41.543+0000] {logging_mixin.py:115} INFO - [2022-09-16T08:06:41.543+0000] {dag.py:2981} INFO - Setting next_dagrun for example_weekday_branch_operator to 2022-09-15T00:00:00+00:00, run_after=2022-09-16T00:00:00+00:00
[2022-09-16T08:06:41.555+0000] {processor.py:161} INFO - Processing /home/airflow/.local/lib/python3.7/site-packages/airflow/example_dags/example_branch_day_of_week_operator.py took 0.063 seconds
[2022-09-16T08:08:05.088+0000] {processor.py:153} INFO - Started process (PID=85) to work on /home/airflow/.local/lib/python3.7/site-packages/airflow/example_dags/example_branch_day_of_week_operator.py
[2022-09-16T08:08:05.089+0000] {processor.py:640} INFO - Processing file /home/airflow/.local/lib/python3.7/site-packages/airflow/example_dags/example_branch_day_of_week_operator.py for tasks to queue
[2022-09-16T08:08:05.090+0000] {logging_mixin.py:115} INFO - [2022-09-16T08:08:05.090+0000] {dagbag.py:508} INFO - Filling up the DagBag from /home/airflow/.local/lib/python3.7/site-packages/airflow/example_dags/example_branch_day_of_week_operator.py
[2022-09-16T08:08:05.100+0000] {processor.py:650} INFO - DAG(s) dict_keys(['example_weekday_branch_operator']) retrieved from /home/airflow/.local/lib/python3.7/site-packages/airflow/example_dags/example_branch_day_of_week_operator.py
[2022-09-16T08:08:05.121+0000] {logging_mixin.py:115} INFO - [2022-09-16T08:08:05.121+0000] {dag.py:2429} INFO - Sync 1 DAGs
[2022-09-16T08:08:05.149+0000] {logging_mixin.py:115} INFO - [2022-09-16T08:08:05.148+0000] {dag.py:2981} INFO - Setting next_dagrun for example_weekday_branch_operator to 2022-09-15T00:00:00+00:00, run_after=2022-09-16T00:00:00+00:00
[2022-09-16T08:08:05.162+0000] {processor.py:161} INFO - Processing /home/airflow/.local/lib/python3.7/site-packages/airflow/example_dags/example_branch_day_of_week_operator.py took 0.076 seconds
[2022-09-16T08:10:14.592+0000] {processor.py:153} INFO - Started process (PID=86) to work on /home/airflow/.local/lib/python3.7/site-packages/airflow/example_dags/example_branch_day_of_week_operator.py
[2022-09-16T08:10:14.593+0000] {processor.py:640} INFO - Processing file /home/airflow/.local/lib/python3.7/site-packages/airflow/example_dags/example_branch_day_of_week_operator.py for tasks to queue
[2022-09-16T08:10:14.593+0000] {logging_mixin.py:115} INFO - [2022-09-16T08:10:14.593+0000] {dagbag.py:508} INFO - Filling up the DagBag from /home/airflow/.local/lib/python3.7/site-packages/airflow/example_dags/example_branch_day_of_week_operator.py
[2022-09-16T08:10:14.602+0000] {processor.py:650} INFO - DAG(s) dict_keys(['example_weekday_branch_operator']) retrieved from /home/airflow/.local/lib/python3.7/site-packages/airflow/example_dags/example_branch_day_of_week_operator.py
[2022-09-16T08:10:14.621+0000] {logging_mixin.py:115} INFO - [2022-09-16T08:10:14.621+0000] {dag.py:2429} INFO - Sync 1 DAGs
[2022-09-16T08:10:14.643+0000] {logging_mixin.py:115} INFO - [2022-09-16T08:10:14.642+0000] {dag.py:2981} INFO - Setting next_dagrun for example_weekday_branch_operator to 2022-09-15T00:00:00+00:00, run_after=2022-09-16T00:00:00+00:00
[2022-09-16T08:10:14.654+0000] {processor.py:161} INFO - Processing /home/airflow/.local/lib/python3.7/site-packages/airflow/example_dags/example_branch_day_of_week_operator.py took 0.065 seconds
[2022-09-16T08:10:45.665+0000] {processor.py:153} INFO - Started process (PID=148) to work on /home/airflow/.local/lib/python3.7/site-packages/airflow/example_dags/example_branch_day_of_week_operator.py
[2022-09-16T08:10:45.666+0000] {processor.py:640} INFO - Processing file /home/airflow/.local/lib/python3.7/site-packages/airflow/example_dags/example_branch_day_of_week_operator.py for tasks to queue
[2022-09-16T08:10:45.666+0000] {logging_mixin.py:115} INFO - [2022-09-16T08:10:45.666+0000] {dagbag.py:508} INFO - Filling up the DagBag from /home/airflow/.local/lib/python3.7/site-packages/airflow/example_dags/example_branch_day_of_week_operator.py
[2022-09-16T08:10:45.673+0000] {processor.py:650} INFO - DAG(s) dict_keys(['example_weekday_branch_operator']) retrieved from /home/airflow/.local/lib/python3.7/site-packages/airflow/example_dags/example_branch_day_of_week_operator.py
[2022-09-16T08:10:45.690+0000] {logging_mixin.py:115} INFO - [2022-09-16T08:10:45.690+0000] {dag.py:2429} INFO - Sync 1 DAGs
[2022-09-16T08:10:45.710+0000] {logging_mixin.py:115} INFO - [2022-09-16T08:10:45.710+0000] {dag.py:2981} INFO - Setting next_dagrun for example_weekday_branch_operator to 2022-09-15T00:00:00+00:00, run_after=2022-09-16T00:00:00+00:00
[2022-09-16T08:10:45.720+0000] {processor.py:161} INFO - Processing /home/airflow/.local/lib/python3.7/site-packages/airflow/example_dags/example_branch_day_of_week_operator.py took 0.056 seconds
[2022-09-16T08:13:52.752+0000] {processor.py:153} INFO - Started process (PID=118) to work on /home/airflow/.local/lib/python3.7/site-packages/airflow/example_dags/example_branch_day_of_week_operator.py
[2022-09-16T08:13:52.753+0000] {processor.py:640} INFO - Processing file /home/airflow/.local/lib/python3.7/site-packages/airflow/example_dags/example_branch_day_of_week_operator.py for tasks to queue
[2022-09-16T08:13:52.753+0000] {logging_mixin.py:115} INFO - [2022-09-16T08:13:52.753+0000] {dagbag.py:508} INFO - Filling up the DagBag from /home/airflow/.local/lib/python3.7/site-packages/airflow/example_dags/example_branch_day_of_week_operator.py
[2022-09-16T08:13:52.760+0000] {processor.py:650} INFO - DAG(s) dict_keys(['example_weekday_branch_operator']) retrieved from /home/airflow/.local/lib/python3.7/site-packages/airflow/example_dags/example_branch_day_of_week_operator.py
[2022-09-16T08:13:52.778+0000] {logging_mixin.py:115} INFO - [2022-09-16T08:13:52.777+0000] {dag.py:2429} INFO - Sync 1 DAGs
[2022-09-16T08:13:52.797+0000] {logging_mixin.py:115} INFO - [2022-09-16T08:13:52.797+0000] {dag.py:2981} INFO - Setting next_dagrun for example_weekday_branch_operator to 2022-09-15T00:00:00+00:00, run_after=2022-09-16T00:00:00+00:00
[2022-09-16T08:13:52.807+0000] {processor.py:161} INFO - Processing /home/airflow/.local/lib/python3.7/site-packages/airflow/example_dags/example_branch_day_of_week_operator.py took 0.056 seconds
[2022-09-16T08:15:37.502+0000] {processor.py:153} INFO - Started process (PID=86) to work on /home/airflow/.local/lib/python3.7/site-packages/airflow/example_dags/example_branch_day_of_week_operator.py
[2022-09-16T08:15:37.503+0000] {processor.py:640} INFO - Processing file /home/airflow/.local/lib/python3.7/site-packages/airflow/example_dags/example_branch_day_of_week_operator.py for tasks to queue
[2022-09-16T08:15:37.504+0000] {logging_mixin.py:115} INFO - [2022-09-16T08:15:37.504+0000] {dagbag.py:508} INFO - Filling up the DagBag from /home/airflow/.local/lib/python3.7/site-packages/airflow/example_dags/example_branch_day_of_week_operator.py
[2022-09-16T08:15:37.512+0000] {processor.py:650} INFO - DAG(s) dict_keys(['example_weekday_branch_operator']) retrieved from /home/airflow/.local/lib/python3.7/site-packages/airflow/example_dags/example_branch_day_of_week_operator.py
[2022-09-16T08:15:37.529+0000] {logging_mixin.py:115} INFO - [2022-09-16T08:15:37.529+0000] {dag.py:2429} INFO - Sync 1 DAGs
[2022-09-16T08:15:37.547+0000] {logging_mixin.py:115} INFO - [2022-09-16T08:15:37.547+0000] {dag.py:2981} INFO - Setting next_dagrun for example_weekday_branch_operator to 2022-09-15T00:00:00+00:00, run_after=2022-09-16T00:00:00+00:00
[2022-09-16T08:15:37.556+0000] {processor.py:161} INFO - Processing /home/airflow/.local/lib/python3.7/site-packages/airflow/example_dags/example_branch_day_of_week_operator.py took 0.056 seconds
[2022-09-16T08:18:35.335+0000] {processor.py:153} INFO - Started process (PID=138) to work on /home/airflow/.local/lib/python3.7/site-packages/airflow/example_dags/example_branch_day_of_week_operator.py
[2022-09-16T08:18:35.336+0000] {processor.py:640} INFO - Processing file /home/airflow/.local/lib/python3.7/site-packages/airflow/example_dags/example_branch_day_of_week_operator.py for tasks to queue
[2022-09-16T08:18:35.336+0000] {logging_mixin.py:115} INFO - [2022-09-16T08:18:35.336+0000] {dagbag.py:508} INFO - Filling up the DagBag from /home/airflow/.local/lib/python3.7/site-packages/airflow/example_dags/example_branch_day_of_week_operator.py
[2022-09-16T08:18:35.344+0000] {processor.py:650} INFO - DAG(s) dict_keys(['example_weekday_branch_operator']) retrieved from /home/airflow/.local/lib/python3.7/site-packages/airflow/example_dags/example_branch_day_of_week_operator.py
[2022-09-16T08:18:35.363+0000] {logging_mixin.py:115} INFO - [2022-09-16T08:18:35.363+0000] {dag.py:2429} INFO - Sync 1 DAGs
[2022-09-16T08:18:35.382+0000] {logging_mixin.py:115} INFO - [2022-09-16T08:18:35.382+0000] {dag.py:2981} INFO - Setting next_dagrun for example_weekday_branch_operator to 2022-09-15T00:00:00+00:00, run_after=2022-09-16T00:00:00+00:00
[2022-09-16T08:18:35.393+0000] {processor.py:161} INFO - Processing /home/airflow/.local/lib/python3.7/site-packages/airflow/example_dags/example_branch_day_of_week_operator.py took 0.060 seconds
[2022-09-16T08:19:06.698+0000] {processor.py:153} INFO - Started process (PID=191) to work on /home/airflow/.local/lib/python3.7/site-packages/airflow/example_dags/example_branch_day_of_week_operator.py
[2022-09-16T08:19:06.699+0000] {processor.py:640} INFO - Processing file /home/airflow/.local/lib/python3.7/site-packages/airflow/example_dags/example_branch_day_of_week_operator.py for tasks to queue
[2022-09-16T08:19:06.700+0000] {logging_mixin.py:115} INFO - [2022-09-16T08:19:06.700+0000] {dagbag.py:508} INFO - Filling up the DagBag from /home/airflow/.local/lib/python3.7/site-packages/airflow/example_dags/example_branch_day_of_week_operator.py
[2022-09-16T08:19:06.709+0000] {processor.py:650} INFO - DAG(s) dict_keys(['example_weekday_branch_operator']) retrieved from /home/airflow/.local/lib/python3.7/site-packages/airflow/example_dags/example_branch_day_of_week_operator.py
[2022-09-16T08:19:06.732+0000] {logging_mixin.py:115} INFO - [2022-09-16T08:19:06.731+0000] {dag.py:2429} INFO - Sync 1 DAGs
[2022-09-16T08:19:06.754+0000] {logging_mixin.py:115} INFO - [2022-09-16T08:19:06.754+0000] {dag.py:2981} INFO - Setting next_dagrun for example_weekday_branch_operator to 2022-09-15T00:00:00+00:00, run_after=2022-09-16T00:00:00+00:00
[2022-09-16T08:19:06.767+0000] {processor.py:161} INFO - Processing /home/airflow/.local/lib/python3.7/site-packages/airflow/example_dags/example_branch_day_of_week_operator.py took 0.071 seconds
