[2022-09-16T07:52:52.710+0000] {processor.py:153} INFO - Started process (PID=62) to work on /home/airflow/.local/lib/python3.7/site-packages/airflow/example_dags/example_complex.py
[2022-09-16T07:52:52.710+0000] {processor.py:640} INFO - Processing file /home/airflow/.local/lib/python3.7/site-packages/airflow/example_dags/example_complex.py for tasks to queue
[2022-09-16T07:52:52.711+0000] {logging_mixin.py:115} INFO - [2022-09-16T07:52:52.711+0000] {dagbag.py:508} INFO - Filling up the DagBag from /home/airflow/.local/lib/python3.7/site-packages/airflow/example_dags/example_complex.py
[2022-09-16T07:52:52.721+0000] {processor.py:650} INFO - DAG(s) dict_keys(['example_complex']) retrieved from /home/airflow/.local/lib/python3.7/site-packages/airflow/example_dags/example_complex.py
[2022-09-16T07:52:52.745+0000] {logging_mixin.py:115} INFO - [2022-09-16T07:52:52.744+0000] {dag.py:2429} INFO - Sync 1 DAGs
[2022-09-16T07:52:52.761+0000] {logging_mixin.py:115} INFO - [2022-09-16T07:52:52.761+0000] {dag.py:2981} INFO - Setting next_dagrun for example_complex to None, run_after=None
[2022-09-16T07:52:52.771+0000] {processor.py:161} INFO - Processing /home/airflow/.local/lib/python3.7/site-packages/airflow/example_dags/example_complex.py took 0.063 seconds
[2022-09-16T07:53:23.522+0000] {processor.py:153} INFO - Started process (PID=123) to work on /home/airflow/.local/lib/python3.7/site-packages/airflow/example_dags/example_complex.py
[2022-09-16T07:53:23.523+0000] {processor.py:640} INFO - Processing file /home/airflow/.local/lib/python3.7/site-packages/airflow/example_dags/example_complex.py for tasks to queue
[2022-09-16T07:53:23.523+0000] {logging_mixin.py:115} INFO - [2022-09-16T07:53:23.523+0000] {dagbag.py:508} INFO - Filling up the DagBag from /home/airflow/.local/lib/python3.7/site-packages/airflow/example_dags/example_complex.py
[2022-09-16T07:53:23.535+0000] {processor.py:650} INFO - DAG(s) dict_keys(['example_complex']) retrieved from /home/airflow/.local/lib/python3.7/site-packages/airflow/example_dags/example_complex.py
[2022-09-16T07:53:23.557+0000] {logging_mixin.py:115} INFO - [2022-09-16T07:53:23.557+0000] {dag.py:2429} INFO - Sync 1 DAGs
[2022-09-16T07:53:23.573+0000] {logging_mixin.py:115} INFO - [2022-09-16T07:53:23.573+0000] {dag.py:2981} INFO - Setting next_dagrun for example_complex to None, run_after=None
[2022-09-16T07:53:23.582+0000] {processor.py:161} INFO - Processing /home/airflow/.local/lib/python3.7/site-packages/airflow/example_dags/example_complex.py took 0.062 seconds
[2022-09-16T07:53:54.199+0000] {processor.py:153} INFO - Started process (PID=185) to work on /home/airflow/.local/lib/python3.7/site-packages/airflow/example_dags/example_complex.py
[2022-09-16T07:53:54.200+0000] {processor.py:640} INFO - Processing file /home/airflow/.local/lib/python3.7/site-packages/airflow/example_dags/example_complex.py for tasks to queue
[2022-09-16T07:53:54.200+0000] {logging_mixin.py:115} INFO - [2022-09-16T07:53:54.200+0000] {dagbag.py:508} INFO - Filling up the DagBag from /home/airflow/.local/lib/python3.7/site-packages/airflow/example_dags/example_complex.py
[2022-09-16T07:53:54.210+0000] {processor.py:650} INFO - DAG(s) dict_keys(['example_complex']) retrieved from /home/airflow/.local/lib/python3.7/site-packages/airflow/example_dags/example_complex.py
[2022-09-16T07:53:54.234+0000] {logging_mixin.py:115} INFO - [2022-09-16T07:53:54.234+0000] {dag.py:2429} INFO - Sync 1 DAGs
[2022-09-16T07:53:54.254+0000] {logging_mixin.py:115} INFO - [2022-09-16T07:53:54.254+0000] {dag.py:2981} INFO - Setting next_dagrun for example_complex to None, run_after=None
[2022-09-16T07:53:54.265+0000] {processor.py:161} INFO - Processing /home/airflow/.local/lib/python3.7/site-packages/airflow/example_dags/example_complex.py took 0.068 seconds
[2022-09-16T07:54:25.032+0000] {processor.py:153} INFO - Started process (PID=247) to work on /home/airflow/.local/lib/python3.7/site-packages/airflow/example_dags/example_complex.py
[2022-09-16T07:54:25.033+0000] {processor.py:640} INFO - Processing file /home/airflow/.local/lib/python3.7/site-packages/airflow/example_dags/example_complex.py for tasks to queue
[2022-09-16T07:54:25.033+0000] {logging_mixin.py:115} INFO - [2022-09-16T07:54:25.033+0000] {dagbag.py:508} INFO - Filling up the DagBag from /home/airflow/.local/lib/python3.7/site-packages/airflow/example_dags/example_complex.py
[2022-09-16T07:54:25.048+0000] {processor.py:650} INFO - DAG(s) dict_keys(['example_complex']) retrieved from /home/airflow/.local/lib/python3.7/site-packages/airflow/example_dags/example_complex.py
[2022-09-16T07:54:25.081+0000] {logging_mixin.py:115} INFO - [2022-09-16T07:54:25.081+0000] {dag.py:2429} INFO - Sync 1 DAGs
[2022-09-16T07:54:25.102+0000] {logging_mixin.py:115} INFO - [2022-09-16T07:54:25.102+0000] {dag.py:2981} INFO - Setting next_dagrun for example_complex to None, run_after=None
[2022-09-16T07:54:25.113+0000] {processor.py:161} INFO - Processing /home/airflow/.local/lib/python3.7/site-packages/airflow/example_dags/example_complex.py took 0.084 seconds
[2022-09-16T07:54:55.941+0000] {processor.py:153} INFO - Started process (PID=300) to work on /home/airflow/.local/lib/python3.7/site-packages/airflow/example_dags/example_complex.py
[2022-09-16T07:54:55.942+0000] {processor.py:640} INFO - Processing file /home/airflow/.local/lib/python3.7/site-packages/airflow/example_dags/example_complex.py for tasks to queue
[2022-09-16T07:54:55.942+0000] {logging_mixin.py:115} INFO - [2022-09-16T07:54:55.942+0000] {dagbag.py:508} INFO - Filling up the DagBag from /home/airflow/.local/lib/python3.7/site-packages/airflow/example_dags/example_complex.py
[2022-09-16T07:54:55.952+0000] {processor.py:650} INFO - DAG(s) dict_keys(['example_complex']) retrieved from /home/airflow/.local/lib/python3.7/site-packages/airflow/example_dags/example_complex.py
[2022-09-16T07:54:55.978+0000] {logging_mixin.py:115} INFO - [2022-09-16T07:54:55.977+0000] {dag.py:2429} INFO - Sync 1 DAGs
[2022-09-16T07:54:55.995+0000] {logging_mixin.py:115} INFO - [2022-09-16T07:54:55.995+0000] {dag.py:2981} INFO - Setting next_dagrun for example_complex to None, run_after=None
[2022-09-16T07:54:56.005+0000] {processor.py:161} INFO - Processing /home/airflow/.local/lib/python3.7/site-packages/airflow/example_dags/example_complex.py took 0.066 seconds
[2022-09-16T07:55:26.667+0000] {processor.py:153} INFO - Started process (PID=362) to work on /home/airflow/.local/lib/python3.7/site-packages/airflow/example_dags/example_complex.py
[2022-09-16T07:55:26.668+0000] {processor.py:640} INFO - Processing file /home/airflow/.local/lib/python3.7/site-packages/airflow/example_dags/example_complex.py for tasks to queue
[2022-09-16T07:55:26.668+0000] {logging_mixin.py:115} INFO - [2022-09-16T07:55:26.668+0000] {dagbag.py:508} INFO - Filling up the DagBag from /home/airflow/.local/lib/python3.7/site-packages/airflow/example_dags/example_complex.py
[2022-09-16T07:55:26.679+0000] {processor.py:650} INFO - DAG(s) dict_keys(['example_complex']) retrieved from /home/airflow/.local/lib/python3.7/site-packages/airflow/example_dags/example_complex.py
[2022-09-16T07:55:26.710+0000] {logging_mixin.py:115} INFO - [2022-09-16T07:55:26.710+0000] {dag.py:2429} INFO - Sync 1 DAGs
[2022-09-16T07:55:26.727+0000] {logging_mixin.py:115} INFO - [2022-09-16T07:55:26.727+0000] {dag.py:2981} INFO - Setting next_dagrun for example_complex to None, run_after=None
[2022-09-16T07:55:26.739+0000] {processor.py:161} INFO - Processing /home/airflow/.local/lib/python3.7/site-packages/airflow/example_dags/example_complex.py took 0.075 seconds
[2022-09-16T07:55:57.327+0000] {processor.py:153} INFO - Started process (PID=424) to work on /home/airflow/.local/lib/python3.7/site-packages/airflow/example_dags/example_complex.py
[2022-09-16T07:55:57.328+0000] {processor.py:640} INFO - Processing file /home/airflow/.local/lib/python3.7/site-packages/airflow/example_dags/example_complex.py for tasks to queue
[2022-09-16T07:55:57.328+0000] {logging_mixin.py:115} INFO - [2022-09-16T07:55:57.328+0000] {dagbag.py:508} INFO - Filling up the DagBag from /home/airflow/.local/lib/python3.7/site-packages/airflow/example_dags/example_complex.py
[2022-09-16T07:55:57.339+0000] {processor.py:650} INFO - DAG(s) dict_keys(['example_complex']) retrieved from /home/airflow/.local/lib/python3.7/site-packages/airflow/example_dags/example_complex.py
[2022-09-16T07:55:57.362+0000] {logging_mixin.py:115} INFO - [2022-09-16T07:55:57.362+0000] {dag.py:2429} INFO - Sync 1 DAGs
[2022-09-16T07:55:57.380+0000] {logging_mixin.py:115} INFO - [2022-09-16T07:55:57.380+0000] {dag.py:2981} INFO - Setting next_dagrun for example_complex to None, run_after=None
[2022-09-16T07:55:57.391+0000] {processor.py:161} INFO - Processing /home/airflow/.local/lib/python3.7/site-packages/airflow/example_dags/example_complex.py took 0.066 seconds
[2022-09-16T07:56:27.880+0000] {processor.py:153} INFO - Started process (PID=484) to work on /home/airflow/.local/lib/python3.7/site-packages/airflow/example_dags/example_complex.py
[2022-09-16T07:56:27.880+0000] {processor.py:640} INFO - Processing file /home/airflow/.local/lib/python3.7/site-packages/airflow/example_dags/example_complex.py for tasks to queue
[2022-09-16T07:56:27.881+0000] {logging_mixin.py:115} INFO - [2022-09-16T07:56:27.881+0000] {dagbag.py:508} INFO - Filling up the DagBag from /home/airflow/.local/lib/python3.7/site-packages/airflow/example_dags/example_complex.py
[2022-09-16T07:56:27.891+0000] {processor.py:650} INFO - DAG(s) dict_keys(['example_complex']) retrieved from /home/airflow/.local/lib/python3.7/site-packages/airflow/example_dags/example_complex.py
[2022-09-16T07:56:27.914+0000] {logging_mixin.py:115} INFO - [2022-09-16T07:56:27.914+0000] {dag.py:2429} INFO - Sync 1 DAGs
[2022-09-16T07:56:27.932+0000] {logging_mixin.py:115} INFO - [2022-09-16T07:56:27.932+0000] {dag.py:2981} INFO - Setting next_dagrun for example_complex to None, run_after=None
[2022-09-16T07:56:27.943+0000] {processor.py:161} INFO - Processing /home/airflow/.local/lib/python3.7/site-packages/airflow/example_dags/example_complex.py took 0.066 seconds
[2022-09-16T07:56:58.601+0000] {processor.py:153} INFO - Started process (PID=538) to work on /home/airflow/.local/lib/python3.7/site-packages/airflow/example_dags/example_complex.py
[2022-09-16T07:56:58.601+0000] {processor.py:640} INFO - Processing file /home/airflow/.local/lib/python3.7/site-packages/airflow/example_dags/example_complex.py for tasks to queue
[2022-09-16T07:56:58.602+0000] {logging_mixin.py:115} INFO - [2022-09-16T07:56:58.602+0000] {dagbag.py:508} INFO - Filling up the DagBag from /home/airflow/.local/lib/python3.7/site-packages/airflow/example_dags/example_complex.py
[2022-09-16T07:56:58.611+0000] {processor.py:650} INFO - DAG(s) dict_keys(['example_complex']) retrieved from /home/airflow/.local/lib/python3.7/site-packages/airflow/example_dags/example_complex.py
[2022-09-16T07:56:58.633+0000] {logging_mixin.py:115} INFO - [2022-09-16T07:56:58.633+0000] {dag.py:2429} INFO - Sync 1 DAGs
[2022-09-16T07:56:58.651+0000] {logging_mixin.py:115} INFO - [2022-09-16T07:56:58.651+0000] {dag.py:2981} INFO - Setting next_dagrun for example_complex to None, run_after=None
[2022-09-16T07:56:58.661+0000] {processor.py:161} INFO - Processing /home/airflow/.local/lib/python3.7/site-packages/airflow/example_dags/example_complex.py took 0.062 seconds
[2022-09-16T07:57:29.037+0000] {processor.py:153} INFO - Started process (PID=600) to work on /home/airflow/.local/lib/python3.7/site-packages/airflow/example_dags/example_complex.py
[2022-09-16T07:57:29.037+0000] {processor.py:640} INFO - Processing file /home/airflow/.local/lib/python3.7/site-packages/airflow/example_dags/example_complex.py for tasks to queue
[2022-09-16T07:57:29.038+0000] {logging_mixin.py:115} INFO - [2022-09-16T07:57:29.038+0000] {dagbag.py:508} INFO - Filling up the DagBag from /home/airflow/.local/lib/python3.7/site-packages/airflow/example_dags/example_complex.py
[2022-09-16T07:57:29.047+0000] {processor.py:650} INFO - DAG(s) dict_keys(['example_complex']) retrieved from /home/airflow/.local/lib/python3.7/site-packages/airflow/example_dags/example_complex.py
[2022-09-16T07:57:29.069+0000] {logging_mixin.py:115} INFO - [2022-09-16T07:57:29.069+0000] {dag.py:2429} INFO - Sync 1 DAGs
[2022-09-16T07:57:29.085+0000] {logging_mixin.py:115} INFO - [2022-09-16T07:57:29.085+0000] {dag.py:2981} INFO - Setting next_dagrun for example_complex to None, run_after=None
[2022-09-16T07:57:29.095+0000] {processor.py:161} INFO - Processing /home/airflow/.local/lib/python3.7/site-packages/airflow/example_dags/example_complex.py took 0.060 seconds
[2022-09-16T07:58:44.264+0000] {processor.py:153} INFO - Started process (PID=94) to work on /home/airflow/.local/lib/python3.7/site-packages/airflow/example_dags/example_complex.py
[2022-09-16T07:58:44.264+0000] {processor.py:640} INFO - Processing file /home/airflow/.local/lib/python3.7/site-packages/airflow/example_dags/example_complex.py for tasks to queue
[2022-09-16T07:58:44.265+0000] {logging_mixin.py:115} INFO - [2022-09-16T07:58:44.265+0000] {dagbag.py:508} INFO - Filling up the DagBag from /home/airflow/.local/lib/python3.7/site-packages/airflow/example_dags/example_complex.py
[2022-09-16T07:58:44.277+0000] {processor.py:650} INFO - DAG(s) dict_keys(['example_complex']) retrieved from /home/airflow/.local/lib/python3.7/site-packages/airflow/example_dags/example_complex.py
[2022-09-16T07:58:44.297+0000] {logging_mixin.py:115} INFO - [2022-09-16T07:58:44.297+0000] {dag.py:2429} INFO - Sync 1 DAGs
[2022-09-16T07:58:44.313+0000] {logging_mixin.py:115} INFO - [2022-09-16T07:58:44.313+0000] {dag.py:2981} INFO - Setting next_dagrun for example_complex to None, run_after=None
[2022-09-16T07:58:44.323+0000] {processor.py:161} INFO - Processing /home/airflow/.local/lib/python3.7/site-packages/airflow/example_dags/example_complex.py took 0.061 seconds
[2022-09-16T07:59:15.387+0000] {processor.py:153} INFO - Started process (PID=156) to work on /home/airflow/.local/lib/python3.7/site-packages/airflow/example_dags/example_complex.py
[2022-09-16T07:59:15.388+0000] {processor.py:640} INFO - Processing file /home/airflow/.local/lib/python3.7/site-packages/airflow/example_dags/example_complex.py for tasks to queue
[2022-09-16T07:59:15.389+0000] {logging_mixin.py:115} INFO - [2022-09-16T07:59:15.389+0000] {dagbag.py:508} INFO - Filling up the DagBag from /home/airflow/.local/lib/python3.7/site-packages/airflow/example_dags/example_complex.py
[2022-09-16T07:59:15.400+0000] {processor.py:650} INFO - DAG(s) dict_keys(['example_complex']) retrieved from /home/airflow/.local/lib/python3.7/site-packages/airflow/example_dags/example_complex.py
[2022-09-16T07:59:15.423+0000] {logging_mixin.py:115} INFO - [2022-09-16T07:59:15.422+0000] {dag.py:2429} INFO - Sync 1 DAGs
[2022-09-16T07:59:15.440+0000] {logging_mixin.py:115} INFO - [2022-09-16T07:59:15.440+0000] {dag.py:2981} INFO - Setting next_dagrun for example_complex to None, run_after=None
[2022-09-16T07:59:15.450+0000] {processor.py:161} INFO - Processing /home/airflow/.local/lib/python3.7/site-packages/airflow/example_dags/example_complex.py took 0.064 seconds
[2022-09-16T07:59:46.199+0000] {processor.py:153} INFO - Started process (PID=209) to work on /home/airflow/.local/lib/python3.7/site-packages/airflow/example_dags/example_complex.py
[2022-09-16T07:59:46.200+0000] {processor.py:640} INFO - Processing file /home/airflow/.local/lib/python3.7/site-packages/airflow/example_dags/example_complex.py for tasks to queue
[2022-09-16T07:59:46.200+0000] {logging_mixin.py:115} INFO - [2022-09-16T07:59:46.200+0000] {dagbag.py:508} INFO - Filling up the DagBag from /home/airflow/.local/lib/python3.7/site-packages/airflow/example_dags/example_complex.py
[2022-09-16T07:59:46.210+0000] {processor.py:650} INFO - DAG(s) dict_keys(['example_complex']) retrieved from /home/airflow/.local/lib/python3.7/site-packages/airflow/example_dags/example_complex.py
[2022-09-16T07:59:46.233+0000] {logging_mixin.py:115} INFO - [2022-09-16T07:59:46.233+0000] {dag.py:2429} INFO - Sync 1 DAGs
[2022-09-16T07:59:46.249+0000] {logging_mixin.py:115} INFO - [2022-09-16T07:59:46.249+0000] {dag.py:2981} INFO - Setting next_dagrun for example_complex to None, run_after=None
[2022-09-16T07:59:46.258+0000] {processor.py:161} INFO - Processing /home/airflow/.local/lib/python3.7/site-packages/airflow/example_dags/example_complex.py took 0.061 seconds
[2022-09-16T08:00:17.088+0000] {processor.py:153} INFO - Started process (PID=271) to work on /home/airflow/.local/lib/python3.7/site-packages/airflow/example_dags/example_complex.py
[2022-09-16T08:00:17.089+0000] {processor.py:640} INFO - Processing file /home/airflow/.local/lib/python3.7/site-packages/airflow/example_dags/example_complex.py for tasks to queue
[2022-09-16T08:00:17.089+0000] {logging_mixin.py:115} INFO - [2022-09-16T08:00:17.089+0000] {dagbag.py:508} INFO - Filling up the DagBag from /home/airflow/.local/lib/python3.7/site-packages/airflow/example_dags/example_complex.py
[2022-09-16T08:00:17.098+0000] {processor.py:650} INFO - DAG(s) dict_keys(['example_complex']) retrieved from /home/airflow/.local/lib/python3.7/site-packages/airflow/example_dags/example_complex.py
[2022-09-16T08:00:17.121+0000] {logging_mixin.py:115} INFO - [2022-09-16T08:00:17.121+0000] {dag.py:2429} INFO - Sync 1 DAGs
[2022-09-16T08:00:17.137+0000] {logging_mixin.py:115} INFO - [2022-09-16T08:00:17.137+0000] {dag.py:2981} INFO - Setting next_dagrun for example_complex to None, run_after=None
[2022-09-16T08:00:17.146+0000] {processor.py:161} INFO - Processing /home/airflow/.local/lib/python3.7/site-packages/airflow/example_dags/example_complex.py took 0.060 seconds
[2022-09-16T08:00:47.992+0000] {processor.py:153} INFO - Started process (PID=333) to work on /home/airflow/.local/lib/python3.7/site-packages/airflow/example_dags/example_complex.py
[2022-09-16T08:00:47.992+0000] {processor.py:640} INFO - Processing file /home/airflow/.local/lib/python3.7/site-packages/airflow/example_dags/example_complex.py for tasks to queue
[2022-09-16T08:00:47.993+0000] {logging_mixin.py:115} INFO - [2022-09-16T08:00:47.993+0000] {dagbag.py:508} INFO - Filling up the DagBag from /home/airflow/.local/lib/python3.7/site-packages/airflow/example_dags/example_complex.py
[2022-09-16T08:00:48.004+0000] {processor.py:650} INFO - DAG(s) dict_keys(['example_complex']) retrieved from /home/airflow/.local/lib/python3.7/site-packages/airflow/example_dags/example_complex.py
[2022-09-16T08:00:48.027+0000] {logging_mixin.py:115} INFO - [2022-09-16T08:00:48.027+0000] {dag.py:2429} INFO - Sync 1 DAGs
[2022-09-16T08:00:48.045+0000] {logging_mixin.py:115} INFO - [2022-09-16T08:00:48.045+0000] {dag.py:2981} INFO - Setting next_dagrun for example_complex to None, run_after=None
[2022-09-16T08:00:48.055+0000] {processor.py:161} INFO - Processing /home/airflow/.local/lib/python3.7/site-packages/airflow/example_dags/example_complex.py took 0.066 seconds
[2022-09-16T08:01:19.005+0000] {processor.py:153} INFO - Started process (PID=395) to work on /home/airflow/.local/lib/python3.7/site-packages/airflow/example_dags/example_complex.py
[2022-09-16T08:01:19.006+0000] {processor.py:640} INFO - Processing file /home/airflow/.local/lib/python3.7/site-packages/airflow/example_dags/example_complex.py for tasks to queue
[2022-09-16T08:01:19.006+0000] {logging_mixin.py:115} INFO - [2022-09-16T08:01:19.006+0000] {dagbag.py:508} INFO - Filling up the DagBag from /home/airflow/.local/lib/python3.7/site-packages/airflow/example_dags/example_complex.py
[2022-09-16T08:01:19.016+0000] {processor.py:650} INFO - DAG(s) dict_keys(['example_complex']) retrieved from /home/airflow/.local/lib/python3.7/site-packages/airflow/example_dags/example_complex.py
[2022-09-16T08:01:19.038+0000] {logging_mixin.py:115} INFO - [2022-09-16T08:01:19.038+0000] {dag.py:2429} INFO - Sync 1 DAGs
[2022-09-16T08:01:19.055+0000] {logging_mixin.py:115} INFO - [2022-09-16T08:01:19.055+0000] {dag.py:2981} INFO - Setting next_dagrun for example_complex to None, run_after=None
[2022-09-16T08:01:19.065+0000] {processor.py:161} INFO - Processing /home/airflow/.local/lib/python3.7/site-packages/airflow/example_dags/example_complex.py took 0.062 seconds
[2022-09-16T08:01:50.062+0000] {processor.py:153} INFO - Started process (PID=448) to work on /home/airflow/.local/lib/python3.7/site-packages/airflow/example_dags/example_complex.py
[2022-09-16T08:01:50.063+0000] {processor.py:640} INFO - Processing file /home/airflow/.local/lib/python3.7/site-packages/airflow/example_dags/example_complex.py for tasks to queue
[2022-09-16T08:01:50.063+0000] {logging_mixin.py:115} INFO - [2022-09-16T08:01:50.063+0000] {dagbag.py:508} INFO - Filling up the DagBag from /home/airflow/.local/lib/python3.7/site-packages/airflow/example_dags/example_complex.py
[2022-09-16T08:01:50.073+0000] {processor.py:650} INFO - DAG(s) dict_keys(['example_complex']) retrieved from /home/airflow/.local/lib/python3.7/site-packages/airflow/example_dags/example_complex.py
[2022-09-16T08:01:50.096+0000] {logging_mixin.py:115} INFO - [2022-09-16T08:01:50.096+0000] {dag.py:2429} INFO - Sync 1 DAGs
[2022-09-16T08:01:50.114+0000] {logging_mixin.py:115} INFO - [2022-09-16T08:01:50.114+0000] {dag.py:2981} INFO - Setting next_dagrun for example_complex to None, run_after=None
[2022-09-16T08:01:50.124+0000] {processor.py:161} INFO - Processing /home/airflow/.local/lib/python3.7/site-packages/airflow/example_dags/example_complex.py took 0.064 seconds
[2022-09-16T08:02:20.267+0000] {processor.py:153} INFO - Started process (PID=511) to work on /home/airflow/.local/lib/python3.7/site-packages/airflow/example_dags/example_complex.py
[2022-09-16T08:02:20.268+0000] {processor.py:640} INFO - Processing file /home/airflow/.local/lib/python3.7/site-packages/airflow/example_dags/example_complex.py for tasks to queue
[2022-09-16T08:02:20.268+0000] {logging_mixin.py:115} INFO - [2022-09-16T08:02:20.268+0000] {dagbag.py:508} INFO - Filling up the DagBag from /home/airflow/.local/lib/python3.7/site-packages/airflow/example_dags/example_complex.py
[2022-09-16T08:02:20.278+0000] {processor.py:650} INFO - DAG(s) dict_keys(['example_complex']) retrieved from /home/airflow/.local/lib/python3.7/site-packages/airflow/example_dags/example_complex.py
[2022-09-16T08:02:20.301+0000] {logging_mixin.py:115} INFO - [2022-09-16T08:02:20.301+0000] {dag.py:2429} INFO - Sync 1 DAGs
[2022-09-16T08:02:20.317+0000] {logging_mixin.py:115} INFO - [2022-09-16T08:02:20.317+0000] {dag.py:2981} INFO - Setting next_dagrun for example_complex to None, run_after=None
[2022-09-16T08:02:20.326+0000] {processor.py:161} INFO - Processing /home/airflow/.local/lib/python3.7/site-packages/airflow/example_dags/example_complex.py took 0.061 seconds
[2022-09-16T08:02:50.521+0000] {processor.py:153} INFO - Started process (PID=573) to work on /home/airflow/.local/lib/python3.7/site-packages/airflow/example_dags/example_complex.py
[2022-09-16T08:02:50.522+0000] {processor.py:640} INFO - Processing file /home/airflow/.local/lib/python3.7/site-packages/airflow/example_dags/example_complex.py for tasks to queue
[2022-09-16T08:02:50.523+0000] {logging_mixin.py:115} INFO - [2022-09-16T08:02:50.523+0000] {dagbag.py:508} INFO - Filling up the DagBag from /home/airflow/.local/lib/python3.7/site-packages/airflow/example_dags/example_complex.py
[2022-09-16T08:02:50.533+0000] {processor.py:650} INFO - DAG(s) dict_keys(['example_complex']) retrieved from /home/airflow/.local/lib/python3.7/site-packages/airflow/example_dags/example_complex.py
[2022-09-16T08:02:50.555+0000] {logging_mixin.py:115} INFO - [2022-09-16T08:02:50.555+0000] {dag.py:2429} INFO - Sync 1 DAGs
[2022-09-16T08:02:50.572+0000] {logging_mixin.py:115} INFO - [2022-09-16T08:02:50.572+0000] {dag.py:2981} INFO - Setting next_dagrun for example_complex to None, run_after=None
[2022-09-16T08:02:50.583+0000] {processor.py:161} INFO - Processing /home/airflow/.local/lib/python3.7/site-packages/airflow/example_dags/example_complex.py took 0.063 seconds
[2022-09-16T08:03:20.743+0000] {processor.py:153} INFO - Started process (PID=626) to work on /home/airflow/.local/lib/python3.7/site-packages/airflow/example_dags/example_complex.py
[2022-09-16T08:03:20.744+0000] {processor.py:640} INFO - Processing file /home/airflow/.local/lib/python3.7/site-packages/airflow/example_dags/example_complex.py for tasks to queue
[2022-09-16T08:03:20.744+0000] {logging_mixin.py:115} INFO - [2022-09-16T08:03:20.744+0000] {dagbag.py:508} INFO - Filling up the DagBag from /home/airflow/.local/lib/python3.7/site-packages/airflow/example_dags/example_complex.py
[2022-09-16T08:03:20.754+0000] {processor.py:650} INFO - DAG(s) dict_keys(['example_complex']) retrieved from /home/airflow/.local/lib/python3.7/site-packages/airflow/example_dags/example_complex.py
[2022-09-16T08:03:20.777+0000] {logging_mixin.py:115} INFO - [2022-09-16T08:03:20.777+0000] {dag.py:2429} INFO - Sync 1 DAGs
[2022-09-16T08:03:20.793+0000] {logging_mixin.py:115} INFO - [2022-09-16T08:03:20.793+0000] {dag.py:2981} INFO - Setting next_dagrun for example_complex to None, run_after=None
[2022-09-16T08:03:20.802+0000] {processor.py:161} INFO - Processing /home/airflow/.local/lib/python3.7/site-packages/airflow/example_dags/example_complex.py took 0.061 seconds
[2022-09-16T08:04:03.150+0000] {processor.py:153} INFO - Started process (PID=76) to work on /home/airflow/.local/lib/python3.7/site-packages/airflow/example_dags/example_complex.py
[2022-09-16T08:04:03.151+0000] {processor.py:640} INFO - Processing file /home/airflow/.local/lib/python3.7/site-packages/airflow/example_dags/example_complex.py for tasks to queue
[2022-09-16T08:04:03.151+0000] {logging_mixin.py:115} INFO - [2022-09-16T08:04:03.151+0000] {dagbag.py:508} INFO - Filling up the DagBag from /home/airflow/.local/lib/python3.7/site-packages/airflow/example_dags/example_complex.py
[2022-09-16T08:04:03.164+0000] {processor.py:650} INFO - DAG(s) dict_keys(['example_complex']) retrieved from /home/airflow/.local/lib/python3.7/site-packages/airflow/example_dags/example_complex.py
[2022-09-16T08:04:03.191+0000] {logging_mixin.py:115} INFO - [2022-09-16T08:04:03.191+0000] {dag.py:2429} INFO - Sync 1 DAGs
[2022-09-16T08:04:03.215+0000] {logging_mixin.py:115} INFO - [2022-09-16T08:04:03.214+0000] {dag.py:2981} INFO - Setting next_dagrun for example_complex to None, run_after=None
[2022-09-16T08:04:03.228+0000] {processor.py:161} INFO - Processing /home/airflow/.local/lib/python3.7/site-packages/airflow/example_dags/example_complex.py took 0.081 seconds
[2022-09-16T08:04:33.598+0000] {processor.py:153} INFO - Started process (PID=138) to work on /home/airflow/.local/lib/python3.7/site-packages/airflow/example_dags/example_complex.py
[2022-09-16T08:04:33.599+0000] {processor.py:640} INFO - Processing file /home/airflow/.local/lib/python3.7/site-packages/airflow/example_dags/example_complex.py for tasks to queue
[2022-09-16T08:04:33.599+0000] {logging_mixin.py:115} INFO - [2022-09-16T08:04:33.599+0000] {dagbag.py:508} INFO - Filling up the DagBag from /home/airflow/.local/lib/python3.7/site-packages/airflow/example_dags/example_complex.py
[2022-09-16T08:04:33.610+0000] {processor.py:650} INFO - DAG(s) dict_keys(['example_complex']) retrieved from /home/airflow/.local/lib/python3.7/site-packages/airflow/example_dags/example_complex.py
[2022-09-16T08:04:33.632+0000] {logging_mixin.py:115} INFO - [2022-09-16T08:04:33.632+0000] {dag.py:2429} INFO - Sync 1 DAGs
[2022-09-16T08:04:33.654+0000] {logging_mixin.py:115} INFO - [2022-09-16T08:04:33.653+0000] {dag.py:2981} INFO - Setting next_dagrun for example_complex to None, run_after=None
[2022-09-16T08:04:33.665+0000] {processor.py:161} INFO - Processing /home/airflow/.local/lib/python3.7/site-packages/airflow/example_dags/example_complex.py took 0.068 seconds
[2022-09-16T08:06:40.915+0000] {processor.py:153} INFO - Started process (PID=76) to work on /home/airflow/.local/lib/python3.7/site-packages/airflow/example_dags/example_complex.py
[2022-09-16T08:06:40.916+0000] {processor.py:640} INFO - Processing file /home/airflow/.local/lib/python3.7/site-packages/airflow/example_dags/example_complex.py for tasks to queue
[2022-09-16T08:06:40.917+0000] {logging_mixin.py:115} INFO - [2022-09-16T08:06:40.916+0000] {dagbag.py:508} INFO - Filling up the DagBag from /home/airflow/.local/lib/python3.7/site-packages/airflow/example_dags/example_complex.py
[2022-09-16T08:06:40.933+0000] {processor.py:650} INFO - DAG(s) dict_keys(['example_complex']) retrieved from /home/airflow/.local/lib/python3.7/site-packages/airflow/example_dags/example_complex.py
[2022-09-16T08:06:40.956+0000] {logging_mixin.py:115} INFO - [2022-09-16T08:06:40.956+0000] {dag.py:2429} INFO - Sync 1 DAGs
[2022-09-16T08:06:40.974+0000] {logging_mixin.py:115} INFO - [2022-09-16T08:06:40.974+0000] {dag.py:2981} INFO - Setting next_dagrun for example_complex to None, run_after=None
[2022-09-16T08:06:40.985+0000] {processor.py:161} INFO - Processing /home/airflow/.local/lib/python3.7/site-packages/airflow/example_dags/example_complex.py took 0.071 seconds
[2022-09-16T08:08:04.520+0000] {processor.py:153} INFO - Started process (PID=75) to work on /home/airflow/.local/lib/python3.7/site-packages/airflow/example_dags/example_complex.py
[2022-09-16T08:08:04.521+0000] {processor.py:640} INFO - Processing file /home/airflow/.local/lib/python3.7/site-packages/airflow/example_dags/example_complex.py for tasks to queue
[2022-09-16T08:08:04.522+0000] {logging_mixin.py:115} INFO - [2022-09-16T08:08:04.521+0000] {dagbag.py:508} INFO - Filling up the DagBag from /home/airflow/.local/lib/python3.7/site-packages/airflow/example_dags/example_complex.py
[2022-09-16T08:08:04.534+0000] {processor.py:650} INFO - DAG(s) dict_keys(['example_complex']) retrieved from /home/airflow/.local/lib/python3.7/site-packages/airflow/example_dags/example_complex.py
[2022-09-16T08:08:04.560+0000] {logging_mixin.py:115} INFO - [2022-09-16T08:08:04.560+0000] {dag.py:2429} INFO - Sync 1 DAGs
[2022-09-16T08:08:04.579+0000] {logging_mixin.py:115} INFO - [2022-09-16T08:08:04.579+0000] {dag.py:2981} INFO - Setting next_dagrun for example_complex to None, run_after=None
[2022-09-16T08:08:04.590+0000] {processor.py:161} INFO - Processing /home/airflow/.local/lib/python3.7/site-packages/airflow/example_dags/example_complex.py took 0.072 seconds
[2022-09-16T08:10:14.031+0000] {processor.py:153} INFO - Started process (PID=76) to work on /home/airflow/.local/lib/python3.7/site-packages/airflow/example_dags/example_complex.py
[2022-09-16T08:10:14.032+0000] {processor.py:640} INFO - Processing file /home/airflow/.local/lib/python3.7/site-packages/airflow/example_dags/example_complex.py for tasks to queue
[2022-09-16T08:10:14.033+0000] {logging_mixin.py:115} INFO - [2022-09-16T08:10:14.033+0000] {dagbag.py:508} INFO - Filling up the DagBag from /home/airflow/.local/lib/python3.7/site-packages/airflow/example_dags/example_complex.py
[2022-09-16T08:10:14.051+0000] {processor.py:650} INFO - DAG(s) dict_keys(['example_complex']) retrieved from /home/airflow/.local/lib/python3.7/site-packages/airflow/example_dags/example_complex.py
[2022-09-16T08:10:14.083+0000] {logging_mixin.py:115} INFO - [2022-09-16T08:10:14.083+0000] {dag.py:2429} INFO - Sync 1 DAGs
[2022-09-16T08:10:14.109+0000] {logging_mixin.py:115} INFO - [2022-09-16T08:10:14.108+0000] {dag.py:2981} INFO - Setting next_dagrun for example_complex to None, run_after=None
[2022-09-16T08:10:14.122+0000] {processor.py:161} INFO - Processing /home/airflow/.local/lib/python3.7/site-packages/airflow/example_dags/example_complex.py took 0.093 seconds
[2022-09-16T08:10:45.186+0000] {processor.py:153} INFO - Started process (PID=138) to work on /home/airflow/.local/lib/python3.7/site-packages/airflow/example_dags/example_complex.py
[2022-09-16T08:10:45.186+0000] {processor.py:640} INFO - Processing file /home/airflow/.local/lib/python3.7/site-packages/airflow/example_dags/example_complex.py for tasks to queue
[2022-09-16T08:10:45.187+0000] {logging_mixin.py:115} INFO - [2022-09-16T08:10:45.187+0000] {dagbag.py:508} INFO - Filling up the DagBag from /home/airflow/.local/lib/python3.7/site-packages/airflow/example_dags/example_complex.py
[2022-09-16T08:10:45.198+0000] {processor.py:650} INFO - DAG(s) dict_keys(['example_complex']) retrieved from /home/airflow/.local/lib/python3.7/site-packages/airflow/example_dags/example_complex.py
[2022-09-16T08:10:45.218+0000] {logging_mixin.py:115} INFO - [2022-09-16T08:10:45.218+0000] {dag.py:2429} INFO - Sync 1 DAGs
[2022-09-16T08:10:45.236+0000] {logging_mixin.py:115} INFO - [2022-09-16T08:10:45.236+0000] {dag.py:2981} INFO - Setting next_dagrun for example_complex to None, run_after=None
[2022-09-16T08:10:45.245+0000] {processor.py:161} INFO - Processing /home/airflow/.local/lib/python3.7/site-packages/airflow/example_dags/example_complex.py took 0.061 seconds
[2022-09-16T08:13:52.192+0000] {processor.py:153} INFO - Started process (PID=108) to work on /home/airflow/.local/lib/python3.7/site-packages/airflow/example_dags/example_complex.py
[2022-09-16T08:13:52.192+0000] {processor.py:640} INFO - Processing file /home/airflow/.local/lib/python3.7/site-packages/airflow/example_dags/example_complex.py for tasks to queue
[2022-09-16T08:13:52.193+0000] {logging_mixin.py:115} INFO - [2022-09-16T08:13:52.193+0000] {dagbag.py:508} INFO - Filling up the DagBag from /home/airflow/.local/lib/python3.7/site-packages/airflow/example_dags/example_complex.py
[2022-09-16T08:13:52.206+0000] {processor.py:650} INFO - DAG(s) dict_keys(['example_complex']) retrieved from /home/airflow/.local/lib/python3.7/site-packages/airflow/example_dags/example_complex.py
[2022-09-16T08:13:52.228+0000] {logging_mixin.py:115} INFO - [2022-09-16T08:13:52.227+0000] {dag.py:2429} INFO - Sync 1 DAGs
[2022-09-16T08:13:52.245+0000] {logging_mixin.py:115} INFO - [2022-09-16T08:13:52.245+0000] {dag.py:2981} INFO - Setting next_dagrun for example_complex to None, run_after=None
[2022-09-16T08:13:52.258+0000] {processor.py:161} INFO - Processing /home/airflow/.local/lib/python3.7/site-packages/airflow/example_dags/example_complex.py took 0.068 seconds
[2022-09-16T08:15:36.907+0000] {processor.py:153} INFO - Started process (PID=76) to work on /home/airflow/.local/lib/python3.7/site-packages/airflow/example_dags/example_complex.py
[2022-09-16T08:15:36.908+0000] {processor.py:640} INFO - Processing file /home/airflow/.local/lib/python3.7/site-packages/airflow/example_dags/example_complex.py for tasks to queue
[2022-09-16T08:15:36.908+0000] {logging_mixin.py:115} INFO - [2022-09-16T08:15:36.908+0000] {dagbag.py:508} INFO - Filling up the DagBag from /home/airflow/.local/lib/python3.7/site-packages/airflow/example_dags/example_complex.py
[2022-09-16T08:15:36.921+0000] {processor.py:650} INFO - DAG(s) dict_keys(['example_complex']) retrieved from /home/airflow/.local/lib/python3.7/site-packages/airflow/example_dags/example_complex.py
[2022-09-16T08:15:36.949+0000] {logging_mixin.py:115} INFO - [2022-09-16T08:15:36.949+0000] {dag.py:2429} INFO - Sync 1 DAGs
[2022-09-16T08:15:36.972+0000] {logging_mixin.py:115} INFO - [2022-09-16T08:15:36.971+0000] {dag.py:2981} INFO - Setting next_dagrun for example_complex to None, run_after=None
[2022-09-16T08:15:36.984+0000] {processor.py:161} INFO - Processing /home/airflow/.local/lib/python3.7/site-packages/airflow/example_dags/example_complex.py took 0.078 seconds
[2022-09-16T08:18:34.799+0000] {processor.py:153} INFO - Started process (PID=128) to work on /home/airflow/.local/lib/python3.7/site-packages/airflow/example_dags/example_complex.py
[2022-09-16T08:18:34.800+0000] {processor.py:640} INFO - Processing file /home/airflow/.local/lib/python3.7/site-packages/airflow/example_dags/example_complex.py for tasks to queue
[2022-09-16T08:18:34.800+0000] {logging_mixin.py:115} INFO - [2022-09-16T08:18:34.800+0000] {dagbag.py:508} INFO - Filling up the DagBag from /home/airflow/.local/lib/python3.7/site-packages/airflow/example_dags/example_complex.py
[2022-09-16T08:18:34.812+0000] {processor.py:650} INFO - DAG(s) dict_keys(['example_complex']) retrieved from /home/airflow/.local/lib/python3.7/site-packages/airflow/example_dags/example_complex.py
[2022-09-16T08:18:34.843+0000] {logging_mixin.py:115} INFO - [2022-09-16T08:18:34.843+0000] {dag.py:2429} INFO - Sync 1 DAGs
[2022-09-16T08:18:34.869+0000] {logging_mixin.py:115} INFO - [2022-09-16T08:18:34.869+0000] {dag.py:2981} INFO - Setting next_dagrun for example_complex to None, run_after=None
[2022-09-16T08:18:34.890+0000] {processor.py:161} INFO - Processing /home/airflow/.local/lib/python3.7/site-packages/airflow/example_dags/example_complex.py took 0.093 seconds
[2022-09-16T08:19:06.045+0000] {processor.py:153} INFO - Started process (PID=181) to work on /home/airflow/.local/lib/python3.7/site-packages/airflow/example_dags/example_complex.py
[2022-09-16T08:19:06.046+0000] {processor.py:640} INFO - Processing file /home/airflow/.local/lib/python3.7/site-packages/airflow/example_dags/example_complex.py for tasks to queue
[2022-09-16T08:19:06.046+0000] {logging_mixin.py:115} INFO - [2022-09-16T08:19:06.046+0000] {dagbag.py:508} INFO - Filling up the DagBag from /home/airflow/.local/lib/python3.7/site-packages/airflow/example_dags/example_complex.py
[2022-09-16T08:19:06.056+0000] {processor.py:650} INFO - DAG(s) dict_keys(['example_complex']) retrieved from /home/airflow/.local/lib/python3.7/site-packages/airflow/example_dags/example_complex.py
[2022-09-16T08:19:06.083+0000] {logging_mixin.py:115} INFO - [2022-09-16T08:19:06.083+0000] {dag.py:2429} INFO - Sync 1 DAGs
[2022-09-16T08:19:06.100+0000] {logging_mixin.py:115} INFO - [2022-09-16T08:19:06.100+0000] {dag.py:2981} INFO - Setting next_dagrun for example_complex to None, run_after=None
[2022-09-16T08:19:06.110+0000] {processor.py:161} INFO - Processing /home/airflow/.local/lib/python3.7/site-packages/airflow/example_dags/example_complex.py took 0.067 seconds
