[2022-09-16T07:52:52.631+0000] {processor.py:153} INFO - Started process (PID=61) to work on /home/airflow/.local/lib/python3.7/site-packages/airflow/example_dags/example_branch_operator.py
[2022-09-16T07:52:52.632+0000] {processor.py:640} INFO - Processing file /home/airflow/.local/lib/python3.7/site-packages/airflow/example_dags/example_branch_operator.py for tasks to queue
[2022-09-16T07:52:52.632+0000] {logging_mixin.py:115} INFO - [2022-09-16T07:52:52.632+0000] {dagbag.py:508} INFO - Filling up the DagBag from /home/airflow/.local/lib/python3.7/site-packages/airflow/example_dags/example_branch_operator.py
[2022-09-16T07:52:52.641+0000] {processor.py:650} INFO - DAG(s) dict_keys(['example_branch_operator']) retrieved from /home/airflow/.local/lib/python3.7/site-packages/airflow/example_dags/example_branch_operator.py
[2022-09-16T07:52:52.663+0000] {logging_mixin.py:115} INFO - [2022-09-16T07:52:52.663+0000] {dag.py:2429} INFO - Sync 1 DAGs
[2022-09-16T07:52:52.687+0000] {logging_mixin.py:115} INFO - [2022-09-16T07:52:52.687+0000] {dag.py:2981} INFO - Setting next_dagrun for example_branch_operator to 2022-09-15T00:00:00+00:00, run_after=2022-09-16T00:00:00+00:00
[2022-09-16T07:52:52.697+0000] {processor.py:161} INFO - Processing /home/airflow/.local/lib/python3.7/site-packages/airflow/example_dags/example_branch_operator.py took 0.068 seconds
[2022-09-16T07:53:23.459+0000] {processor.py:153} INFO - Started process (PID=122) to work on /home/airflow/.local/lib/python3.7/site-packages/airflow/example_dags/example_branch_operator.py
[2022-09-16T07:53:23.460+0000] {processor.py:640} INFO - Processing file /home/airflow/.local/lib/python3.7/site-packages/airflow/example_dags/example_branch_operator.py for tasks to queue
[2022-09-16T07:53:23.460+0000] {logging_mixin.py:115} INFO - [2022-09-16T07:53:23.460+0000] {dagbag.py:508} INFO - Filling up the DagBag from /home/airflow/.local/lib/python3.7/site-packages/airflow/example_dags/example_branch_operator.py
[2022-09-16T07:53:23.469+0000] {processor.py:650} INFO - DAG(s) dict_keys(['example_branch_operator']) retrieved from /home/airflow/.local/lib/python3.7/site-packages/airflow/example_dags/example_branch_operator.py
[2022-09-16T07:53:23.486+0000] {logging_mixin.py:115} INFO - [2022-09-16T07:53:23.486+0000] {dag.py:2429} INFO - Sync 1 DAGs
[2022-09-16T07:53:23.502+0000] {logging_mixin.py:115} INFO - [2022-09-16T07:53:23.502+0000] {dag.py:2981} INFO - Setting next_dagrun for example_branch_operator to 2022-09-15T00:00:00+00:00, run_after=2022-09-16T00:00:00+00:00
[2022-09-16T07:53:23.511+0000] {processor.py:161} INFO - Processing /home/airflow/.local/lib/python3.7/site-packages/airflow/example_dags/example_branch_operator.py took 0.054 seconds
[2022-09-16T07:53:54.127+0000] {processor.py:153} INFO - Started process (PID=184) to work on /home/airflow/.local/lib/python3.7/site-packages/airflow/example_dags/example_branch_operator.py
[2022-09-16T07:53:54.127+0000] {processor.py:640} INFO - Processing file /home/airflow/.local/lib/python3.7/site-packages/airflow/example_dags/example_branch_operator.py for tasks to queue
[2022-09-16T07:53:54.128+0000] {logging_mixin.py:115} INFO - [2022-09-16T07:53:54.127+0000] {dagbag.py:508} INFO - Filling up the DagBag from /home/airflow/.local/lib/python3.7/site-packages/airflow/example_dags/example_branch_operator.py
[2022-09-16T07:53:54.137+0000] {processor.py:650} INFO - DAG(s) dict_keys(['example_branch_operator']) retrieved from /home/airflow/.local/lib/python3.7/site-packages/airflow/example_dags/example_branch_operator.py
[2022-09-16T07:53:54.154+0000] {logging_mixin.py:115} INFO - [2022-09-16T07:53:54.154+0000] {dag.py:2429} INFO - Sync 1 DAGs
[2022-09-16T07:53:54.175+0000] {logging_mixin.py:115} INFO - [2022-09-16T07:53:54.175+0000] {dag.py:2981} INFO - Setting next_dagrun for example_branch_operator to 2022-09-15T00:00:00+00:00, run_after=2022-09-16T00:00:00+00:00
[2022-09-16T07:53:54.185+0000] {processor.py:161} INFO - Processing /home/airflow/.local/lib/python3.7/site-packages/airflow/example_dags/example_branch_operator.py took 0.061 seconds
[2022-09-16T07:54:24.960+0000] {processor.py:153} INFO - Started process (PID=246) to work on /home/airflow/.local/lib/python3.7/site-packages/airflow/example_dags/example_branch_operator.py
[2022-09-16T07:54:24.961+0000] {processor.py:640} INFO - Processing file /home/airflow/.local/lib/python3.7/site-packages/airflow/example_dags/example_branch_operator.py for tasks to queue
[2022-09-16T07:54:24.961+0000] {logging_mixin.py:115} INFO - [2022-09-16T07:54:24.961+0000] {dagbag.py:508} INFO - Filling up the DagBag from /home/airflow/.local/lib/python3.7/site-packages/airflow/example_dags/example_branch_operator.py
[2022-09-16T07:54:24.971+0000] {processor.py:650} INFO - DAG(s) dict_keys(['example_branch_operator']) retrieved from /home/airflow/.local/lib/python3.7/site-packages/airflow/example_dags/example_branch_operator.py
[2022-09-16T07:54:24.989+0000] {logging_mixin.py:115} INFO - [2022-09-16T07:54:24.989+0000] {dag.py:2429} INFO - Sync 1 DAGs
[2022-09-16T07:54:25.007+0000] {logging_mixin.py:115} INFO - [2022-09-16T07:54:25.007+0000] {dag.py:2981} INFO - Setting next_dagrun for example_branch_operator to 2022-09-15T00:00:00+00:00, run_after=2022-09-16T00:00:00+00:00
[2022-09-16T07:54:25.018+0000] {processor.py:161} INFO - Processing /home/airflow/.local/lib/python3.7/site-packages/airflow/example_dags/example_branch_operator.py took 0.059 seconds
[2022-09-16T07:54:55.868+0000] {processor.py:153} INFO - Started process (PID=299) to work on /home/airflow/.local/lib/python3.7/site-packages/airflow/example_dags/example_branch_operator.py
[2022-09-16T07:54:55.869+0000] {processor.py:640} INFO - Processing file /home/airflow/.local/lib/python3.7/site-packages/airflow/example_dags/example_branch_operator.py for tasks to queue
[2022-09-16T07:54:55.869+0000] {logging_mixin.py:115} INFO - [2022-09-16T07:54:55.869+0000] {dagbag.py:508} INFO - Filling up the DagBag from /home/airflow/.local/lib/python3.7/site-packages/airflow/example_dags/example_branch_operator.py
[2022-09-16T07:54:55.879+0000] {processor.py:650} INFO - DAG(s) dict_keys(['example_branch_operator']) retrieved from /home/airflow/.local/lib/python3.7/site-packages/airflow/example_dags/example_branch_operator.py
[2022-09-16T07:54:55.898+0000] {logging_mixin.py:115} INFO - [2022-09-16T07:54:55.898+0000] {dag.py:2429} INFO - Sync 1 DAGs
[2022-09-16T07:54:55.919+0000] {logging_mixin.py:115} INFO - [2022-09-16T07:54:55.918+0000] {dag.py:2981} INFO - Setting next_dagrun for example_branch_operator to 2022-09-15T00:00:00+00:00, run_after=2022-09-16T00:00:00+00:00
[2022-09-16T07:54:55.928+0000] {processor.py:161} INFO - Processing /home/airflow/.local/lib/python3.7/site-packages/airflow/example_dags/example_branch_operator.py took 0.062 seconds
[2022-09-16T07:55:26.597+0000] {processor.py:153} INFO - Started process (PID=361) to work on /home/airflow/.local/lib/python3.7/site-packages/airflow/example_dags/example_branch_operator.py
[2022-09-16T07:55:26.598+0000] {processor.py:640} INFO - Processing file /home/airflow/.local/lib/python3.7/site-packages/airflow/example_dags/example_branch_operator.py for tasks to queue
[2022-09-16T07:55:26.599+0000] {logging_mixin.py:115} INFO - [2022-09-16T07:55:26.599+0000] {dagbag.py:508} INFO - Filling up the DagBag from /home/airflow/.local/lib/python3.7/site-packages/airflow/example_dags/example_branch_operator.py
[2022-09-16T07:55:26.608+0000] {processor.py:650} INFO - DAG(s) dict_keys(['example_branch_operator']) retrieved from /home/airflow/.local/lib/python3.7/site-packages/airflow/example_dags/example_branch_operator.py
[2022-09-16T07:55:26.626+0000] {logging_mixin.py:115} INFO - [2022-09-16T07:55:26.625+0000] {dag.py:2429} INFO - Sync 1 DAGs
[2022-09-16T07:55:26.643+0000] {logging_mixin.py:115} INFO - [2022-09-16T07:55:26.643+0000] {dag.py:2981} INFO - Setting next_dagrun for example_branch_operator to 2022-09-15T00:00:00+00:00, run_after=2022-09-16T00:00:00+00:00
[2022-09-16T07:55:26.653+0000] {processor.py:161} INFO - Processing /home/airflow/.local/lib/python3.7/site-packages/airflow/example_dags/example_branch_operator.py took 0.057 seconds
[2022-09-16T07:55:57.253+0000] {processor.py:153} INFO - Started process (PID=423) to work on /home/airflow/.local/lib/python3.7/site-packages/airflow/example_dags/example_branch_operator.py
[2022-09-16T07:55:57.254+0000] {processor.py:640} INFO - Processing file /home/airflow/.local/lib/python3.7/site-packages/airflow/example_dags/example_branch_operator.py for tasks to queue
[2022-09-16T07:55:57.254+0000] {logging_mixin.py:115} INFO - [2022-09-16T07:55:57.254+0000] {dagbag.py:508} INFO - Filling up the DagBag from /home/airflow/.local/lib/python3.7/site-packages/airflow/example_dags/example_branch_operator.py
[2022-09-16T07:55:57.264+0000] {processor.py:650} INFO - DAG(s) dict_keys(['example_branch_operator']) retrieved from /home/airflow/.local/lib/python3.7/site-packages/airflow/example_dags/example_branch_operator.py
[2022-09-16T07:55:57.282+0000] {logging_mixin.py:115} INFO - [2022-09-16T07:55:57.281+0000] {dag.py:2429} INFO - Sync 1 DAGs
[2022-09-16T07:55:57.301+0000] {logging_mixin.py:115} INFO - [2022-09-16T07:55:57.301+0000] {dag.py:2981} INFO - Setting next_dagrun for example_branch_operator to 2022-09-15T00:00:00+00:00, run_after=2022-09-16T00:00:00+00:00
[2022-09-16T07:55:57.312+0000] {processor.py:161} INFO - Processing /home/airflow/.local/lib/python3.7/site-packages/airflow/example_dags/example_branch_operator.py took 0.061 seconds
[2022-09-16T07:56:27.808+0000] {processor.py:153} INFO - Started process (PID=481) to work on /home/airflow/.local/lib/python3.7/site-packages/airflow/example_dags/example_branch_operator.py
[2022-09-16T07:56:27.809+0000] {processor.py:640} INFO - Processing file /home/airflow/.local/lib/python3.7/site-packages/airflow/example_dags/example_branch_operator.py for tasks to queue
[2022-09-16T07:56:27.810+0000] {logging_mixin.py:115} INFO - [2022-09-16T07:56:27.810+0000] {dagbag.py:508} INFO - Filling up the DagBag from /home/airflow/.local/lib/python3.7/site-packages/airflow/example_dags/example_branch_operator.py
[2022-09-16T07:56:27.820+0000] {processor.py:650} INFO - DAG(s) dict_keys(['example_branch_operator']) retrieved from /home/airflow/.local/lib/python3.7/site-packages/airflow/example_dags/example_branch_operator.py
[2022-09-16T07:56:27.837+0000] {logging_mixin.py:115} INFO - [2022-09-16T07:56:27.837+0000] {dag.py:2429} INFO - Sync 1 DAGs
[2022-09-16T07:56:27.855+0000] {logging_mixin.py:115} INFO - [2022-09-16T07:56:27.855+0000] {dag.py:2981} INFO - Setting next_dagrun for example_branch_operator to 2022-09-15T00:00:00+00:00, run_after=2022-09-16T00:00:00+00:00
[2022-09-16T07:56:27.865+0000] {processor.py:161} INFO - Processing /home/airflow/.local/lib/python3.7/site-packages/airflow/example_dags/example_branch_operator.py took 0.059 seconds
[2022-09-16T07:56:58.534+0000] {processor.py:153} INFO - Started process (PID=537) to work on /home/airflow/.local/lib/python3.7/site-packages/airflow/example_dags/example_branch_operator.py
[2022-09-16T07:56:58.535+0000] {processor.py:640} INFO - Processing file /home/airflow/.local/lib/python3.7/site-packages/airflow/example_dags/example_branch_operator.py for tasks to queue
[2022-09-16T07:56:58.535+0000] {logging_mixin.py:115} INFO - [2022-09-16T07:56:58.535+0000] {dagbag.py:508} INFO - Filling up the DagBag from /home/airflow/.local/lib/python3.7/site-packages/airflow/example_dags/example_branch_operator.py
[2022-09-16T07:56:58.545+0000] {processor.py:650} INFO - DAG(s) dict_keys(['example_branch_operator']) retrieved from /home/airflow/.local/lib/python3.7/site-packages/airflow/example_dags/example_branch_operator.py
[2022-09-16T07:56:58.562+0000] {logging_mixin.py:115} INFO - [2022-09-16T07:56:58.561+0000] {dag.py:2429} INFO - Sync 1 DAGs
[2022-09-16T07:56:58.580+0000] {logging_mixin.py:115} INFO - [2022-09-16T07:56:58.580+0000] {dag.py:2981} INFO - Setting next_dagrun for example_branch_operator to 2022-09-15T00:00:00+00:00, run_after=2022-09-16T00:00:00+00:00
[2022-09-16T07:56:58.589+0000] {processor.py:161} INFO - Processing /home/airflow/.local/lib/python3.7/site-packages/airflow/example_dags/example_branch_operator.py took 0.056 seconds
[2022-09-16T07:57:28.970+0000] {processor.py:153} INFO - Started process (PID=598) to work on /home/airflow/.local/lib/python3.7/site-packages/airflow/example_dags/example_branch_operator.py
[2022-09-16T07:57:28.971+0000] {processor.py:640} INFO - Processing file /home/airflow/.local/lib/python3.7/site-packages/airflow/example_dags/example_branch_operator.py for tasks to queue
[2022-09-16T07:57:28.971+0000] {logging_mixin.py:115} INFO - [2022-09-16T07:57:28.971+0000] {dagbag.py:508} INFO - Filling up the DagBag from /home/airflow/.local/lib/python3.7/site-packages/airflow/example_dags/example_branch_operator.py
[2022-09-16T07:57:28.980+0000] {processor.py:650} INFO - DAG(s) dict_keys(['example_branch_operator']) retrieved from /home/airflow/.local/lib/python3.7/site-packages/airflow/example_dags/example_branch_operator.py
[2022-09-16T07:57:28.996+0000] {logging_mixin.py:115} INFO - [2022-09-16T07:57:28.996+0000] {dag.py:2429} INFO - Sync 1 DAGs
[2022-09-16T07:57:29.014+0000] {logging_mixin.py:115} INFO - [2022-09-16T07:57:29.014+0000] {dag.py:2981} INFO - Setting next_dagrun for example_branch_operator to 2022-09-15T00:00:00+00:00, run_after=2022-09-16T00:00:00+00:00
[2022-09-16T07:57:29.024+0000] {processor.py:161} INFO - Processing /home/airflow/.local/lib/python3.7/site-packages/airflow/example_dags/example_branch_operator.py took 0.056 seconds
[2022-09-16T07:58:44.184+0000] {processor.py:153} INFO - Started process (PID=93) to work on /home/airflow/.local/lib/python3.7/site-packages/airflow/example_dags/example_branch_operator.py
[2022-09-16T07:58:44.185+0000] {processor.py:640} INFO - Processing file /home/airflow/.local/lib/python3.7/site-packages/airflow/example_dags/example_branch_operator.py for tasks to queue
[2022-09-16T07:58:44.185+0000] {logging_mixin.py:115} INFO - [2022-09-16T07:58:44.185+0000] {dagbag.py:508} INFO - Filling up the DagBag from /home/airflow/.local/lib/python3.7/site-packages/airflow/example_dags/example_branch_operator.py
[2022-09-16T07:58:44.199+0000] {processor.py:650} INFO - DAG(s) dict_keys(['example_branch_operator']) retrieved from /home/airflow/.local/lib/python3.7/site-packages/airflow/example_dags/example_branch_operator.py
[2022-09-16T07:58:44.222+0000] {logging_mixin.py:115} INFO - [2022-09-16T07:58:44.221+0000] {dag.py:2429} INFO - Sync 1 DAGs
[2022-09-16T07:58:44.241+0000] {logging_mixin.py:115} INFO - [2022-09-16T07:58:44.241+0000] {dag.py:2981} INFO - Setting next_dagrun for example_branch_operator to 2022-09-15T00:00:00+00:00, run_after=2022-09-16T00:00:00+00:00
[2022-09-16T07:58:44.250+0000] {processor.py:161} INFO - Processing /home/airflow/.local/lib/python3.7/site-packages/airflow/example_dags/example_branch_operator.py took 0.069 seconds
[2022-09-16T07:59:15.313+0000] {processor.py:153} INFO - Started process (PID=155) to work on /home/airflow/.local/lib/python3.7/site-packages/airflow/example_dags/example_branch_operator.py
[2022-09-16T07:59:15.314+0000] {processor.py:640} INFO - Processing file /home/airflow/.local/lib/python3.7/site-packages/airflow/example_dags/example_branch_operator.py for tasks to queue
[2022-09-16T07:59:15.314+0000] {logging_mixin.py:115} INFO - [2022-09-16T07:59:15.314+0000] {dagbag.py:508} INFO - Filling up the DagBag from /home/airflow/.local/lib/python3.7/site-packages/airflow/example_dags/example_branch_operator.py
[2022-09-16T07:59:15.327+0000] {processor.py:650} INFO - DAG(s) dict_keys(['example_branch_operator']) retrieved from /home/airflow/.local/lib/python3.7/site-packages/airflow/example_dags/example_branch_operator.py
[2022-09-16T07:59:15.346+0000] {logging_mixin.py:115} INFO - [2022-09-16T07:59:15.346+0000] {dag.py:2429} INFO - Sync 1 DAGs
[2022-09-16T07:59:15.364+0000] {logging_mixin.py:115} INFO - [2022-09-16T07:59:15.364+0000] {dag.py:2981} INFO - Setting next_dagrun for example_branch_operator to 2022-09-15T00:00:00+00:00, run_after=2022-09-16T00:00:00+00:00
[2022-09-16T07:59:15.373+0000] {processor.py:161} INFO - Processing /home/airflow/.local/lib/python3.7/site-packages/airflow/example_dags/example_branch_operator.py took 0.062 seconds
[2022-09-16T07:59:46.131+0000] {processor.py:153} INFO - Started process (PID=208) to work on /home/airflow/.local/lib/python3.7/site-packages/airflow/example_dags/example_branch_operator.py
[2022-09-16T07:59:46.131+0000] {processor.py:640} INFO - Processing file /home/airflow/.local/lib/python3.7/site-packages/airflow/example_dags/example_branch_operator.py for tasks to queue
[2022-09-16T07:59:46.131+0000] {logging_mixin.py:115} INFO - [2022-09-16T07:59:46.131+0000] {dagbag.py:508} INFO - Filling up the DagBag from /home/airflow/.local/lib/python3.7/site-packages/airflow/example_dags/example_branch_operator.py
[2022-09-16T07:59:46.141+0000] {processor.py:650} INFO - DAG(s) dict_keys(['example_branch_operator']) retrieved from /home/airflow/.local/lib/python3.7/site-packages/airflow/example_dags/example_branch_operator.py
[2022-09-16T07:59:46.158+0000] {logging_mixin.py:115} INFO - [2022-09-16T07:59:46.158+0000] {dag.py:2429} INFO - Sync 1 DAGs
[2022-09-16T07:59:46.177+0000] {logging_mixin.py:115} INFO - [2022-09-16T07:59:46.177+0000] {dag.py:2981} INFO - Setting next_dagrun for example_branch_operator to 2022-09-15T00:00:00+00:00, run_after=2022-09-16T00:00:00+00:00
[2022-09-16T07:59:46.186+0000] {processor.py:161} INFO - Processing /home/airflow/.local/lib/python3.7/site-packages/airflow/example_dags/example_branch_operator.py took 0.057 seconds
[2022-09-16T08:00:17.020+0000] {processor.py:153} INFO - Started process (PID=270) to work on /home/airflow/.local/lib/python3.7/site-packages/airflow/example_dags/example_branch_operator.py
[2022-09-16T08:00:17.020+0000] {processor.py:640} INFO - Processing file /home/airflow/.local/lib/python3.7/site-packages/airflow/example_dags/example_branch_operator.py for tasks to queue
[2022-09-16T08:00:17.021+0000] {logging_mixin.py:115} INFO - [2022-09-16T08:00:17.021+0000] {dagbag.py:508} INFO - Filling up the DagBag from /home/airflow/.local/lib/python3.7/site-packages/airflow/example_dags/example_branch_operator.py
[2022-09-16T08:00:17.030+0000] {processor.py:650} INFO - DAG(s) dict_keys(['example_branch_operator']) retrieved from /home/airflow/.local/lib/python3.7/site-packages/airflow/example_dags/example_branch_operator.py
[2022-09-16T08:00:17.046+0000] {logging_mixin.py:115} INFO - [2022-09-16T08:00:17.046+0000] {dag.py:2429} INFO - Sync 1 DAGs
[2022-09-16T08:00:17.064+0000] {logging_mixin.py:115} INFO - [2022-09-16T08:00:17.064+0000] {dag.py:2981} INFO - Setting next_dagrun for example_branch_operator to 2022-09-15T00:00:00+00:00, run_after=2022-09-16T00:00:00+00:00
[2022-09-16T08:00:17.074+0000] {processor.py:161} INFO - Processing /home/airflow/.local/lib/python3.7/site-packages/airflow/example_dags/example_branch_operator.py took 0.056 seconds
[2022-09-16T08:00:47.917+0000] {processor.py:153} INFO - Started process (PID=332) to work on /home/airflow/.local/lib/python3.7/site-packages/airflow/example_dags/example_branch_operator.py
[2022-09-16T08:00:47.918+0000] {processor.py:640} INFO - Processing file /home/airflow/.local/lib/python3.7/site-packages/airflow/example_dags/example_branch_operator.py for tasks to queue
[2022-09-16T08:00:47.918+0000] {logging_mixin.py:115} INFO - [2022-09-16T08:00:47.918+0000] {dagbag.py:508} INFO - Filling up the DagBag from /home/airflow/.local/lib/python3.7/site-packages/airflow/example_dags/example_branch_operator.py
[2022-09-16T08:00:47.928+0000] {processor.py:650} INFO - DAG(s) dict_keys(['example_branch_operator']) retrieved from /home/airflow/.local/lib/python3.7/site-packages/airflow/example_dags/example_branch_operator.py
[2022-09-16T08:00:47.945+0000] {logging_mixin.py:115} INFO - [2022-09-16T08:00:47.945+0000] {dag.py:2429} INFO - Sync 1 DAGs
[2022-09-16T08:00:47.964+0000] {logging_mixin.py:115} INFO - [2022-09-16T08:00:47.964+0000] {dag.py:2981} INFO - Setting next_dagrun for example_branch_operator to 2022-09-15T00:00:00+00:00, run_after=2022-09-16T00:00:00+00:00
[2022-09-16T08:00:47.975+0000] {processor.py:161} INFO - Processing /home/airflow/.local/lib/python3.7/site-packages/airflow/example_dags/example_branch_operator.py took 0.060 seconds
[2022-09-16T08:01:18.936+0000] {processor.py:153} INFO - Started process (PID=394) to work on /home/airflow/.local/lib/python3.7/site-packages/airflow/example_dags/example_branch_operator.py
[2022-09-16T08:01:18.936+0000] {processor.py:640} INFO - Processing file /home/airflow/.local/lib/python3.7/site-packages/airflow/example_dags/example_branch_operator.py for tasks to queue
[2022-09-16T08:01:18.937+0000] {logging_mixin.py:115} INFO - [2022-09-16T08:01:18.937+0000] {dagbag.py:508} INFO - Filling up the DagBag from /home/airflow/.local/lib/python3.7/site-packages/airflow/example_dags/example_branch_operator.py
[2022-09-16T08:01:18.947+0000] {processor.py:650} INFO - DAG(s) dict_keys(['example_branch_operator']) retrieved from /home/airflow/.local/lib/python3.7/site-packages/airflow/example_dags/example_branch_operator.py
[2022-09-16T08:01:18.965+0000] {logging_mixin.py:115} INFO - [2022-09-16T08:01:18.965+0000] {dag.py:2429} INFO - Sync 1 DAGs
[2022-09-16T08:01:18.982+0000] {logging_mixin.py:115} INFO - [2022-09-16T08:01:18.982+0000] {dag.py:2981} INFO - Setting next_dagrun for example_branch_operator to 2022-09-15T00:00:00+00:00, run_after=2022-09-16T00:00:00+00:00
[2022-09-16T08:01:18.991+0000] {processor.py:161} INFO - Processing /home/airflow/.local/lib/python3.7/site-packages/airflow/example_dags/example_branch_operator.py took 0.057 seconds
[2022-09-16T08:01:49.006+0000] {processor.py:153} INFO - Started process (PID=446) to work on /home/airflow/.local/lib/python3.7/site-packages/airflow/example_dags/example_branch_operator.py
[2022-09-16T08:01:49.006+0000] {processor.py:640} INFO - Processing file /home/airflow/.local/lib/python3.7/site-packages/airflow/example_dags/example_branch_operator.py for tasks to queue
[2022-09-16T08:01:49.007+0000] {logging_mixin.py:115} INFO - [2022-09-16T08:01:49.007+0000] {dagbag.py:508} INFO - Filling up the DagBag from /home/airflow/.local/lib/python3.7/site-packages/airflow/example_dags/example_branch_operator.py
[2022-09-16T08:01:49.017+0000] {processor.py:650} INFO - DAG(s) dict_keys(['example_branch_operator']) retrieved from /home/airflow/.local/lib/python3.7/site-packages/airflow/example_dags/example_branch_operator.py
[2022-09-16T08:01:49.034+0000] {logging_mixin.py:115} INFO - [2022-09-16T08:01:49.034+0000] {dag.py:2429} INFO - Sync 1 DAGs
[2022-09-16T08:01:49.053+0000] {logging_mixin.py:115} INFO - [2022-09-16T08:01:49.053+0000] {dag.py:2981} INFO - Setting next_dagrun for example_branch_operator to 2022-09-15T00:00:00+00:00, run_after=2022-09-16T00:00:00+00:00
[2022-09-16T08:01:49.063+0000] {processor.py:161} INFO - Processing /home/airflow/.local/lib/python3.7/site-packages/airflow/example_dags/example_branch_operator.py took 0.060 seconds
[2022-09-16T08:02:19.202+0000] {processor.py:153} INFO - Started process (PID=510) to work on /home/airflow/.local/lib/python3.7/site-packages/airflow/example_dags/example_branch_operator.py
[2022-09-16T08:02:19.203+0000] {processor.py:640} INFO - Processing file /home/airflow/.local/lib/python3.7/site-packages/airflow/example_dags/example_branch_operator.py for tasks to queue
[2022-09-16T08:02:19.203+0000] {logging_mixin.py:115} INFO - [2022-09-16T08:02:19.203+0000] {dagbag.py:508} INFO - Filling up the DagBag from /home/airflow/.local/lib/python3.7/site-packages/airflow/example_dags/example_branch_operator.py
[2022-09-16T08:02:19.214+0000] {processor.py:650} INFO - DAG(s) dict_keys(['example_branch_operator']) retrieved from /home/airflow/.local/lib/python3.7/site-packages/airflow/example_dags/example_branch_operator.py
[2022-09-16T08:02:19.231+0000] {logging_mixin.py:115} INFO - [2022-09-16T08:02:19.231+0000] {dag.py:2429} INFO - Sync 1 DAGs
[2022-09-16T08:02:19.248+0000] {logging_mixin.py:115} INFO - [2022-09-16T08:02:19.248+0000] {dag.py:2981} INFO - Setting next_dagrun for example_branch_operator to 2022-09-15T00:00:00+00:00, run_after=2022-09-16T00:00:00+00:00
[2022-09-16T08:02:19.257+0000] {processor.py:161} INFO - Processing /home/airflow/.local/lib/python3.7/site-packages/airflow/example_dags/example_branch_operator.py took 0.057 seconds
[2022-09-16T08:02:49.465+0000] {processor.py:153} INFO - Started process (PID=572) to work on /home/airflow/.local/lib/python3.7/site-packages/airflow/example_dags/example_branch_operator.py
[2022-09-16T08:02:49.465+0000] {processor.py:640} INFO - Processing file /home/airflow/.local/lib/python3.7/site-packages/airflow/example_dags/example_branch_operator.py for tasks to queue
[2022-09-16T08:02:49.466+0000] {logging_mixin.py:115} INFO - [2022-09-16T08:02:49.466+0000] {dagbag.py:508} INFO - Filling up the DagBag from /home/airflow/.local/lib/python3.7/site-packages/airflow/example_dags/example_branch_operator.py
[2022-09-16T08:02:49.475+0000] {processor.py:650} INFO - DAG(s) dict_keys(['example_branch_operator']) retrieved from /home/airflow/.local/lib/python3.7/site-packages/airflow/example_dags/example_branch_operator.py
[2022-09-16T08:02:49.491+0000] {logging_mixin.py:115} INFO - [2022-09-16T08:02:49.491+0000] {dag.py:2429} INFO - Sync 1 DAGs
[2022-09-16T08:02:49.509+0000] {logging_mixin.py:115} INFO - [2022-09-16T08:02:49.509+0000] {dag.py:2981} INFO - Setting next_dagrun for example_branch_operator to 2022-09-15T00:00:00+00:00, run_after=2022-09-16T00:00:00+00:00
[2022-09-16T08:02:49.520+0000] {processor.py:161} INFO - Processing /home/airflow/.local/lib/python3.7/site-packages/airflow/example_dags/example_branch_operator.py took 0.057 seconds
[2022-09-16T08:03:19.696+0000] {processor.py:153} INFO - Started process (PID=625) to work on /home/airflow/.local/lib/python3.7/site-packages/airflow/example_dags/example_branch_operator.py
[2022-09-16T08:03:19.696+0000] {processor.py:640} INFO - Processing file /home/airflow/.local/lib/python3.7/site-packages/airflow/example_dags/example_branch_operator.py for tasks to queue
[2022-09-16T08:03:19.697+0000] {logging_mixin.py:115} INFO - [2022-09-16T08:03:19.697+0000] {dagbag.py:508} INFO - Filling up the DagBag from /home/airflow/.local/lib/python3.7/site-packages/airflow/example_dags/example_branch_operator.py
[2022-09-16T08:03:19.706+0000] {processor.py:650} INFO - DAG(s) dict_keys(['example_branch_operator']) retrieved from /home/airflow/.local/lib/python3.7/site-packages/airflow/example_dags/example_branch_operator.py
[2022-09-16T08:03:19.722+0000] {logging_mixin.py:115} INFO - [2022-09-16T08:03:19.722+0000] {dag.py:2429} INFO - Sync 1 DAGs
[2022-09-16T08:03:19.739+0000] {logging_mixin.py:115} INFO - [2022-09-16T08:03:19.739+0000] {dag.py:2981} INFO - Setting next_dagrun for example_branch_operator to 2022-09-15T00:00:00+00:00, run_after=2022-09-16T00:00:00+00:00
[2022-09-16T08:03:19.749+0000] {processor.py:161} INFO - Processing /home/airflow/.local/lib/python3.7/site-packages/airflow/example_dags/example_branch_operator.py took 0.056 seconds
[2022-09-16T08:04:03.047+0000] {processor.py:153} INFO - Started process (PID=75) to work on /home/airflow/.local/lib/python3.7/site-packages/airflow/example_dags/example_branch_operator.py
[2022-09-16T08:04:03.048+0000] {processor.py:640} INFO - Processing file /home/airflow/.local/lib/python3.7/site-packages/airflow/example_dags/example_branch_operator.py for tasks to queue
[2022-09-16T08:04:03.049+0000] {logging_mixin.py:115} INFO - [2022-09-16T08:04:03.049+0000] {dagbag.py:508} INFO - Filling up the DagBag from /home/airflow/.local/lib/python3.7/site-packages/airflow/example_dags/example_branch_operator.py
[2022-09-16T08:04:03.062+0000] {processor.py:650} INFO - DAG(s) dict_keys(['example_branch_operator']) retrieved from /home/airflow/.local/lib/python3.7/site-packages/airflow/example_dags/example_branch_operator.py
[2022-09-16T08:04:03.088+0000] {logging_mixin.py:115} INFO - [2022-09-16T08:04:03.088+0000] {dag.py:2429} INFO - Sync 1 DAGs
[2022-09-16T08:04:03.117+0000] {logging_mixin.py:115} INFO - [2022-09-16T08:04:03.117+0000] {dag.py:2981} INFO - Setting next_dagrun for example_branch_operator to 2022-09-15T00:00:00+00:00, run_after=2022-09-16T00:00:00+00:00
[2022-09-16T08:04:03.130+0000] {processor.py:161} INFO - Processing /home/airflow/.local/lib/python3.7/site-packages/airflow/example_dags/example_branch_operator.py took 0.085 seconds
[2022-09-16T08:04:33.522+0000] {processor.py:153} INFO - Started process (PID=137) to work on /home/airflow/.local/lib/python3.7/site-packages/airflow/example_dags/example_branch_operator.py
[2022-09-16T08:04:33.523+0000] {processor.py:640} INFO - Processing file /home/airflow/.local/lib/python3.7/site-packages/airflow/example_dags/example_branch_operator.py for tasks to queue
[2022-09-16T08:04:33.523+0000] {logging_mixin.py:115} INFO - [2022-09-16T08:04:33.523+0000] {dagbag.py:508} INFO - Filling up the DagBag from /home/airflow/.local/lib/python3.7/site-packages/airflow/example_dags/example_branch_operator.py
[2022-09-16T08:04:33.533+0000] {processor.py:650} INFO - DAG(s) dict_keys(['example_branch_operator']) retrieved from /home/airflow/.local/lib/python3.7/site-packages/airflow/example_dags/example_branch_operator.py
[2022-09-16T08:04:33.552+0000] {logging_mixin.py:115} INFO - [2022-09-16T08:04:33.551+0000] {dag.py:2429} INFO - Sync 1 DAGs
[2022-09-16T08:04:33.571+0000] {logging_mixin.py:115} INFO - [2022-09-16T08:04:33.571+0000] {dag.py:2981} INFO - Setting next_dagrun for example_branch_operator to 2022-09-15T00:00:00+00:00, run_after=2022-09-16T00:00:00+00:00
[2022-09-16T08:04:33.583+0000] {processor.py:161} INFO - Processing /home/airflow/.local/lib/python3.7/site-packages/airflow/example_dags/example_branch_operator.py took 0.063 seconds
[2022-09-16T08:06:40.835+0000] {processor.py:153} INFO - Started process (PID=75) to work on /home/airflow/.local/lib/python3.7/site-packages/airflow/example_dags/example_branch_operator.py
[2022-09-16T08:06:40.836+0000] {processor.py:640} INFO - Processing file /home/airflow/.local/lib/python3.7/site-packages/airflow/example_dags/example_branch_operator.py for tasks to queue
[2022-09-16T08:06:40.836+0000] {logging_mixin.py:115} INFO - [2022-09-16T08:06:40.836+0000] {dagbag.py:508} INFO - Filling up the DagBag from /home/airflow/.local/lib/python3.7/site-packages/airflow/example_dags/example_branch_operator.py
[2022-09-16T08:06:40.846+0000] {processor.py:650} INFO - DAG(s) dict_keys(['example_branch_operator']) retrieved from /home/airflow/.local/lib/python3.7/site-packages/airflow/example_dags/example_branch_operator.py
[2022-09-16T08:06:40.866+0000] {logging_mixin.py:115} INFO - [2022-09-16T08:06:40.865+0000] {dag.py:2429} INFO - Sync 1 DAGs
[2022-09-16T08:06:40.887+0000] {logging_mixin.py:115} INFO - [2022-09-16T08:06:40.887+0000] {dag.py:2981} INFO - Setting next_dagrun for example_branch_operator to 2022-09-15T00:00:00+00:00, run_after=2022-09-16T00:00:00+00:00
[2022-09-16T08:06:40.898+0000] {processor.py:161} INFO - Processing /home/airflow/.local/lib/python3.7/site-packages/airflow/example_dags/example_branch_operator.py took 0.065 seconds
[2022-09-16T08:08:04.441+0000] {processor.py:153} INFO - Started process (PID=74) to work on /home/airflow/.local/lib/python3.7/site-packages/airflow/example_dags/example_branch_operator.py
[2022-09-16T08:08:04.442+0000] {processor.py:640} INFO - Processing file /home/airflow/.local/lib/python3.7/site-packages/airflow/example_dags/example_branch_operator.py for tasks to queue
[2022-09-16T08:08:04.442+0000] {logging_mixin.py:115} INFO - [2022-09-16T08:08:04.442+0000] {dagbag.py:508} INFO - Filling up the DagBag from /home/airflow/.local/lib/python3.7/site-packages/airflow/example_dags/example_branch_operator.py
[2022-09-16T08:08:04.452+0000] {processor.py:650} INFO - DAG(s) dict_keys(['example_branch_operator']) retrieved from /home/airflow/.local/lib/python3.7/site-packages/airflow/example_dags/example_branch_operator.py
[2022-09-16T08:08:04.471+0000] {logging_mixin.py:115} INFO - [2022-09-16T08:08:04.471+0000] {dag.py:2429} INFO - Sync 1 DAGs
[2022-09-16T08:08:04.494+0000] {logging_mixin.py:115} INFO - [2022-09-16T08:08:04.494+0000] {dag.py:2981} INFO - Setting next_dagrun for example_branch_operator to 2022-09-15T00:00:00+00:00, run_after=2022-09-16T00:00:00+00:00
[2022-09-16T08:08:04.505+0000] {processor.py:161} INFO - Processing /home/airflow/.local/lib/python3.7/site-packages/airflow/example_dags/example_branch_operator.py took 0.066 seconds
[2022-09-16T08:10:13.943+0000] {processor.py:153} INFO - Started process (PID=75) to work on /home/airflow/.local/lib/python3.7/site-packages/airflow/example_dags/example_branch_operator.py
[2022-09-16T08:10:13.944+0000] {processor.py:640} INFO - Processing file /home/airflow/.local/lib/python3.7/site-packages/airflow/example_dags/example_branch_operator.py for tasks to queue
[2022-09-16T08:10:13.944+0000] {logging_mixin.py:115} INFO - [2022-09-16T08:10:13.944+0000] {dagbag.py:508} INFO - Filling up the DagBag from /home/airflow/.local/lib/python3.7/site-packages/airflow/example_dags/example_branch_operator.py
[2022-09-16T08:10:13.955+0000] {processor.py:650} INFO - DAG(s) dict_keys(['example_branch_operator']) retrieved from /home/airflow/.local/lib/python3.7/site-packages/airflow/example_dags/example_branch_operator.py
[2022-09-16T08:10:13.974+0000] {logging_mixin.py:115} INFO - [2022-09-16T08:10:13.974+0000] {dag.py:2429} INFO - Sync 1 DAGs
[2022-09-16T08:10:13.997+0000] {logging_mixin.py:115} INFO - [2022-09-16T08:10:13.997+0000] {dag.py:2981} INFO - Setting next_dagrun for example_branch_operator to 2022-09-15T00:00:00+00:00, run_after=2022-09-16T00:00:00+00:00
[2022-09-16T08:10:14.011+0000] {processor.py:161} INFO - Processing /home/airflow/.local/lib/python3.7/site-packages/airflow/example_dags/example_branch_operator.py took 0.071 seconds
[2022-09-16T08:10:45.112+0000] {processor.py:153} INFO - Started process (PID=137) to work on /home/airflow/.local/lib/python3.7/site-packages/airflow/example_dags/example_branch_operator.py
[2022-09-16T08:10:45.113+0000] {processor.py:640} INFO - Processing file /home/airflow/.local/lib/python3.7/site-packages/airflow/example_dags/example_branch_operator.py for tasks to queue
[2022-09-16T08:10:45.114+0000] {logging_mixin.py:115} INFO - [2022-09-16T08:10:45.113+0000] {dagbag.py:508} INFO - Filling up the DagBag from /home/airflow/.local/lib/python3.7/site-packages/airflow/example_dags/example_branch_operator.py
[2022-09-16T08:10:45.123+0000] {processor.py:650} INFO - DAG(s) dict_keys(['example_branch_operator']) retrieved from /home/airflow/.local/lib/python3.7/site-packages/airflow/example_dags/example_branch_operator.py
[2022-09-16T08:10:45.141+0000] {logging_mixin.py:115} INFO - [2022-09-16T08:10:45.141+0000] {dag.py:2429} INFO - Sync 1 DAGs
[2022-09-16T08:10:45.161+0000] {logging_mixin.py:115} INFO - [2022-09-16T08:10:45.161+0000] {dag.py:2981} INFO - Setting next_dagrun for example_branch_operator to 2022-09-15T00:00:00+00:00, run_after=2022-09-16T00:00:00+00:00
[2022-09-16T08:10:45.170+0000] {processor.py:161} INFO - Processing /home/airflow/.local/lib/python3.7/site-packages/airflow/example_dags/example_branch_operator.py took 0.060 seconds
[2022-09-16T08:13:52.113+0000] {processor.py:153} INFO - Started process (PID=107) to work on /home/airflow/.local/lib/python3.7/site-packages/airflow/example_dags/example_branch_operator.py
[2022-09-16T08:13:52.114+0000] {processor.py:640} INFO - Processing file /home/airflow/.local/lib/python3.7/site-packages/airflow/example_dags/example_branch_operator.py for tasks to queue
[2022-09-16T08:13:52.114+0000] {logging_mixin.py:115} INFO - [2022-09-16T08:13:52.114+0000] {dagbag.py:508} INFO - Filling up the DagBag from /home/airflow/.local/lib/python3.7/site-packages/airflow/example_dags/example_branch_operator.py
[2022-09-16T08:13:52.125+0000] {processor.py:650} INFO - DAG(s) dict_keys(['example_branch_operator']) retrieved from /home/airflow/.local/lib/python3.7/site-packages/airflow/example_dags/example_branch_operator.py
[2022-09-16T08:13:52.144+0000] {logging_mixin.py:115} INFO - [2022-09-16T08:13:52.143+0000] {dag.py:2429} INFO - Sync 1 DAGs
[2022-09-16T08:13:52.163+0000] {logging_mixin.py:115} INFO - [2022-09-16T08:13:52.163+0000] {dag.py:2981} INFO - Setting next_dagrun for example_branch_operator to 2022-09-15T00:00:00+00:00, run_after=2022-09-16T00:00:00+00:00
[2022-09-16T08:13:52.174+0000] {processor.py:161} INFO - Processing /home/airflow/.local/lib/python3.7/site-packages/airflow/example_dags/example_branch_operator.py took 0.062 seconds
[2022-09-16T08:15:36.818+0000] {processor.py:153} INFO - Started process (PID=75) to work on /home/airflow/.local/lib/python3.7/site-packages/airflow/example_dags/example_branch_operator.py
[2022-09-16T08:15:36.818+0000] {processor.py:640} INFO - Processing file /home/airflow/.local/lib/python3.7/site-packages/airflow/example_dags/example_branch_operator.py for tasks to queue
[2022-09-16T08:15:36.819+0000] {logging_mixin.py:115} INFO - [2022-09-16T08:15:36.819+0000] {dagbag.py:508} INFO - Filling up the DagBag from /home/airflow/.local/lib/python3.7/site-packages/airflow/example_dags/example_branch_operator.py
[2022-09-16T08:15:36.829+0000] {processor.py:650} INFO - DAG(s) dict_keys(['example_branch_operator']) retrieved from /home/airflow/.local/lib/python3.7/site-packages/airflow/example_dags/example_branch_operator.py
[2022-09-16T08:15:36.851+0000] {logging_mixin.py:115} INFO - [2022-09-16T08:15:36.851+0000] {dag.py:2429} INFO - Sync 1 DAGs
[2022-09-16T08:15:36.876+0000] {logging_mixin.py:115} INFO - [2022-09-16T08:15:36.876+0000] {dag.py:2981} INFO - Setting next_dagrun for example_branch_operator to 2022-09-15T00:00:00+00:00, run_after=2022-09-16T00:00:00+00:00
[2022-09-16T08:15:36.888+0000] {processor.py:161} INFO - Processing /home/airflow/.local/lib/python3.7/site-packages/airflow/example_dags/example_branch_operator.py took 0.073 seconds
[2022-09-16T08:18:34.725+0000] {processor.py:153} INFO - Started process (PID=127) to work on /home/airflow/.local/lib/python3.7/site-packages/airflow/example_dags/example_branch_operator.py
[2022-09-16T08:18:34.726+0000] {processor.py:640} INFO - Processing file /home/airflow/.local/lib/python3.7/site-packages/airflow/example_dags/example_branch_operator.py for tasks to queue
[2022-09-16T08:18:34.726+0000] {logging_mixin.py:115} INFO - [2022-09-16T08:18:34.726+0000] {dagbag.py:508} INFO - Filling up the DagBag from /home/airflow/.local/lib/python3.7/site-packages/airflow/example_dags/example_branch_operator.py
[2022-09-16T08:18:34.735+0000] {processor.py:650} INFO - DAG(s) dict_keys(['example_branch_operator']) retrieved from /home/airflow/.local/lib/python3.7/site-packages/airflow/example_dags/example_branch_operator.py
[2022-09-16T08:18:34.755+0000] {logging_mixin.py:115} INFO - [2022-09-16T08:18:34.754+0000] {dag.py:2429} INFO - Sync 1 DAGs
[2022-09-16T08:18:34.775+0000] {logging_mixin.py:115} INFO - [2022-09-16T08:18:34.775+0000] {dag.py:2981} INFO - Setting next_dagrun for example_branch_operator to 2022-09-15T00:00:00+00:00, run_after=2022-09-16T00:00:00+00:00
[2022-09-16T08:18:34.786+0000] {processor.py:161} INFO - Processing /home/airflow/.local/lib/python3.7/site-packages/airflow/example_dags/example_branch_operator.py took 0.063 seconds
[2022-09-16T08:19:05.952+0000] {processor.py:153} INFO - Started process (PID=180) to work on /home/airflow/.local/lib/python3.7/site-packages/airflow/example_dags/example_branch_operator.py
[2022-09-16T08:19:05.953+0000] {processor.py:640} INFO - Processing file /home/airflow/.local/lib/python3.7/site-packages/airflow/example_dags/example_branch_operator.py for tasks to queue
[2022-09-16T08:19:05.953+0000] {logging_mixin.py:115} INFO - [2022-09-16T08:19:05.953+0000] {dagbag.py:508} INFO - Filling up the DagBag from /home/airflow/.local/lib/python3.7/site-packages/airflow/example_dags/example_branch_operator.py
[2022-09-16T08:19:05.965+0000] {processor.py:650} INFO - DAG(s) dict_keys(['example_branch_operator']) retrieved from /home/airflow/.local/lib/python3.7/site-packages/airflow/example_dags/example_branch_operator.py
[2022-09-16T08:19:05.990+0000] {logging_mixin.py:115} INFO - [2022-09-16T08:19:05.990+0000] {dag.py:2429} INFO - Sync 1 DAGs
[2022-09-16T08:19:06.018+0000] {logging_mixin.py:115} INFO - [2022-09-16T08:19:06.018+0000] {dag.py:2981} INFO - Setting next_dagrun for example_branch_operator to 2022-09-15T00:00:00+00:00, run_after=2022-09-16T00:00:00+00:00
[2022-09-16T08:19:06.031+0000] {processor.py:161} INFO - Processing /home/airflow/.local/lib/python3.7/site-packages/airflow/example_dags/example_branch_operator.py took 0.081 seconds
