[2022-09-16T07:52:53.248+0000] {processor.py:153} INFO - Started process (PID=71) to work on /home/airflow/.local/lib/python3.7/site-packages/airflow/example_dags/example_latest_only_with_trigger.py
[2022-09-16T07:52:53.249+0000] {processor.py:640} INFO - Processing file /home/airflow/.local/lib/python3.7/site-packages/airflow/example_dags/example_latest_only_with_trigger.py for tasks to queue
[2022-09-16T07:52:53.250+0000] {logging_mixin.py:115} INFO - [2022-09-16T07:52:53.249+0000] {dagbag.py:508} INFO - Filling up the DagBag from /home/airflow/.local/lib/python3.7/site-packages/airflow/example_dags/example_latest_only_with_trigger.py
[2022-09-16T07:52:53.255+0000] {processor.py:650} INFO - DAG(s) dict_keys(['latest_only_with_trigger']) retrieved from /home/airflow/.local/lib/python3.7/site-packages/airflow/example_dags/example_latest_only_with_trigger.py
[2022-09-16T07:52:53.284+0000] {logging_mixin.py:115} INFO - [2022-09-16T07:52:53.284+0000] {dag.py:2429} INFO - Sync 1 DAGs
[2022-09-16T07:52:53.311+0000] {logging_mixin.py:115} INFO - [2022-09-16T07:52:53.310+0000] {dag.py:2981} INFO - Setting next_dagrun for latest_only_with_trigger to 2022-09-16T03:52:53.310717+00:00, run_after=2022-09-16T07:52:53.310717+00:00
[2022-09-16T07:52:53.332+0000] {processor.py:161} INFO - Processing /home/airflow/.local/lib/python3.7/site-packages/airflow/example_dags/example_latest_only_with_trigger.py took 0.087 seconds
[2022-09-16T07:53:23.979+0000] {processor.py:153} INFO - Started process (PID=132) to work on /home/airflow/.local/lib/python3.7/site-packages/airflow/example_dags/example_latest_only_with_trigger.py
[2022-09-16T07:53:23.979+0000] {processor.py:640} INFO - Processing file /home/airflow/.local/lib/python3.7/site-packages/airflow/example_dags/example_latest_only_with_trigger.py for tasks to queue
[2022-09-16T07:53:23.980+0000] {logging_mixin.py:115} INFO - [2022-09-16T07:53:23.980+0000] {dagbag.py:508} INFO - Filling up the DagBag from /home/airflow/.local/lib/python3.7/site-packages/airflow/example_dags/example_latest_only_with_trigger.py
[2022-09-16T07:53:23.983+0000] {processor.py:650} INFO - DAG(s) dict_keys(['latest_only_with_trigger']) retrieved from /home/airflow/.local/lib/python3.7/site-packages/airflow/example_dags/example_latest_only_with_trigger.py
[2022-09-16T07:53:24.001+0000] {logging_mixin.py:115} INFO - [2022-09-16T07:53:24.000+0000] {dag.py:2429} INFO - Sync 1 DAGs
[2022-09-16T07:53:24.016+0000] {logging_mixin.py:115} INFO - [2022-09-16T07:53:24.016+0000] {dag.py:2981} INFO - Setting next_dagrun for latest_only_with_trigger to 2022-09-16T03:53:24.016304+00:00, run_after=2022-09-16T07:53:24.016304+00:00
[2022-09-16T07:53:24.025+0000] {processor.py:161} INFO - Processing /home/airflow/.local/lib/python3.7/site-packages/airflow/example_dags/example_latest_only_with_trigger.py took 0.048 seconds
[2022-09-16T07:53:54.614+0000] {processor.py:153} INFO - Started process (PID=194) to work on /home/airflow/.local/lib/python3.7/site-packages/airflow/example_dags/example_latest_only_with_trigger.py
[2022-09-16T07:53:54.615+0000] {processor.py:640} INFO - Processing file /home/airflow/.local/lib/python3.7/site-packages/airflow/example_dags/example_latest_only_with_trigger.py for tasks to queue
[2022-09-16T07:53:54.615+0000] {logging_mixin.py:115} INFO - [2022-09-16T07:53:54.615+0000] {dagbag.py:508} INFO - Filling up the DagBag from /home/airflow/.local/lib/python3.7/site-packages/airflow/example_dags/example_latest_only_with_trigger.py
[2022-09-16T07:53:54.619+0000] {processor.py:650} INFO - DAG(s) dict_keys(['latest_only_with_trigger']) retrieved from /home/airflow/.local/lib/python3.7/site-packages/airflow/example_dags/example_latest_only_with_trigger.py
[2022-09-16T07:53:54.637+0000] {logging_mixin.py:115} INFO - [2022-09-16T07:53:54.637+0000] {dag.py:2429} INFO - Sync 1 DAGs
[2022-09-16T07:53:54.653+0000] {logging_mixin.py:115} INFO - [2022-09-16T07:53:54.653+0000] {dag.py:2981} INFO - Setting next_dagrun for latest_only_with_trigger to 2022-09-16T03:53:54.653205+00:00, run_after=2022-09-16T07:53:54.653205+00:00
[2022-09-16T07:53:54.663+0000] {processor.py:161} INFO - Processing /home/airflow/.local/lib/python3.7/site-packages/airflow/example_dags/example_latest_only_with_trigger.py took 0.050 seconds
[2022-09-16T07:54:25.577+0000] {processor.py:153} INFO - Started process (PID=256) to work on /home/airflow/.local/lib/python3.7/site-packages/airflow/example_dags/example_latest_only_with_trigger.py
[2022-09-16T07:54:25.578+0000] {processor.py:640} INFO - Processing file /home/airflow/.local/lib/python3.7/site-packages/airflow/example_dags/example_latest_only_with_trigger.py for tasks to queue
[2022-09-16T07:54:25.579+0000] {logging_mixin.py:115} INFO - [2022-09-16T07:54:25.579+0000] {dagbag.py:508} INFO - Filling up the DagBag from /home/airflow/.local/lib/python3.7/site-packages/airflow/example_dags/example_latest_only_with_trigger.py
[2022-09-16T07:54:25.583+0000] {processor.py:650} INFO - DAG(s) dict_keys(['latest_only_with_trigger']) retrieved from /home/airflow/.local/lib/python3.7/site-packages/airflow/example_dags/example_latest_only_with_trigger.py
[2022-09-16T07:54:25.602+0000] {logging_mixin.py:115} INFO - [2022-09-16T07:54:25.602+0000] {dag.py:2429} INFO - Sync 1 DAGs
[2022-09-16T07:54:25.619+0000] {logging_mixin.py:115} INFO - [2022-09-16T07:54:25.619+0000] {dag.py:2981} INFO - Setting next_dagrun for latest_only_with_trigger to 2022-09-16T03:54:25.619525+00:00, run_after=2022-09-16T07:54:25.619525+00:00
[2022-09-16T07:54:25.630+0000] {processor.py:161} INFO - Processing /home/airflow/.local/lib/python3.7/site-packages/airflow/example_dags/example_latest_only_with_trigger.py took 0.055 seconds
[2022-09-16T07:54:56.435+0000] {processor.py:153} INFO - Started process (PID=309) to work on /home/airflow/.local/lib/python3.7/site-packages/airflow/example_dags/example_latest_only_with_trigger.py
[2022-09-16T07:54:56.435+0000] {processor.py:640} INFO - Processing file /home/airflow/.local/lib/python3.7/site-packages/airflow/example_dags/example_latest_only_with_trigger.py for tasks to queue
[2022-09-16T07:54:56.436+0000] {logging_mixin.py:115} INFO - [2022-09-16T07:54:56.436+0000] {dagbag.py:508} INFO - Filling up the DagBag from /home/airflow/.local/lib/python3.7/site-packages/airflow/example_dags/example_latest_only_with_trigger.py
[2022-09-16T07:54:56.440+0000] {processor.py:650} INFO - DAG(s) dict_keys(['latest_only_with_trigger']) retrieved from /home/airflow/.local/lib/python3.7/site-packages/airflow/example_dags/example_latest_only_with_trigger.py
[2022-09-16T07:54:56.458+0000] {logging_mixin.py:115} INFO - [2022-09-16T07:54:56.458+0000] {dag.py:2429} INFO - Sync 1 DAGs
[2022-09-16T07:54:56.473+0000] {logging_mixin.py:115} INFO - [2022-09-16T07:54:56.473+0000] {dag.py:2981} INFO - Setting next_dagrun for latest_only_with_trigger to 2022-09-16T03:54:56.473538+00:00, run_after=2022-09-16T07:54:56.473538+00:00
[2022-09-16T07:54:56.482+0000] {processor.py:161} INFO - Processing /home/airflow/.local/lib/python3.7/site-packages/airflow/example_dags/example_latest_only_with_trigger.py took 0.049 seconds
[2022-09-16T07:55:27.098+0000] {processor.py:153} INFO - Started process (PID=371) to work on /home/airflow/.local/lib/python3.7/site-packages/airflow/example_dags/example_latest_only_with_trigger.py
[2022-09-16T07:55:27.098+0000] {processor.py:640} INFO - Processing file /home/airflow/.local/lib/python3.7/site-packages/airflow/example_dags/example_latest_only_with_trigger.py for tasks to queue
[2022-09-16T07:55:27.099+0000] {logging_mixin.py:115} INFO - [2022-09-16T07:55:27.099+0000] {dagbag.py:508} INFO - Filling up the DagBag from /home/airflow/.local/lib/python3.7/site-packages/airflow/example_dags/example_latest_only_with_trigger.py
[2022-09-16T07:55:27.102+0000] {processor.py:650} INFO - DAG(s) dict_keys(['latest_only_with_trigger']) retrieved from /home/airflow/.local/lib/python3.7/site-packages/airflow/example_dags/example_latest_only_with_trigger.py
[2022-09-16T07:55:27.121+0000] {logging_mixin.py:115} INFO - [2022-09-16T07:55:27.121+0000] {dag.py:2429} INFO - Sync 1 DAGs
[2022-09-16T07:55:27.139+0000] {logging_mixin.py:115} INFO - [2022-09-16T07:55:27.138+0000] {dag.py:2981} INFO - Setting next_dagrun for latest_only_with_trigger to 2022-09-16T03:55:27.138760+00:00, run_after=2022-09-16T07:55:27.138760+00:00
[2022-09-16T07:55:27.149+0000] {processor.py:161} INFO - Processing /home/airflow/.local/lib/python3.7/site-packages/airflow/example_dags/example_latest_only_with_trigger.py took 0.053 seconds
[2022-09-16T07:55:57.768+0000] {processor.py:153} INFO - Started process (PID=433) to work on /home/airflow/.local/lib/python3.7/site-packages/airflow/example_dags/example_latest_only_with_trigger.py
[2022-09-16T07:55:57.770+0000] {processor.py:640} INFO - Processing file /home/airflow/.local/lib/python3.7/site-packages/airflow/example_dags/example_latest_only_with_trigger.py for tasks to queue
[2022-09-16T07:55:57.771+0000] {logging_mixin.py:115} INFO - [2022-09-16T07:55:57.771+0000] {dagbag.py:508} INFO - Filling up the DagBag from /home/airflow/.local/lib/python3.7/site-packages/airflow/example_dags/example_latest_only_with_trigger.py
[2022-09-16T07:55:57.774+0000] {processor.py:650} INFO - DAG(s) dict_keys(['latest_only_with_trigger']) retrieved from /home/airflow/.local/lib/python3.7/site-packages/airflow/example_dags/example_latest_only_with_trigger.py
[2022-09-16T07:55:57.792+0000] {logging_mixin.py:115} INFO - [2022-09-16T07:55:57.792+0000] {dag.py:2429} INFO - Sync 1 DAGs
[2022-09-16T07:55:57.808+0000] {logging_mixin.py:115} INFO - [2022-09-16T07:55:57.808+0000] {dag.py:2981} INFO - Setting next_dagrun for latest_only_with_trigger to 2022-09-16T03:55:57.808451+00:00, run_after=2022-09-16T07:55:57.808451+00:00
[2022-09-16T07:55:57.817+0000] {processor.py:161} INFO - Processing /home/airflow/.local/lib/python3.7/site-packages/airflow/example_dags/example_latest_only_with_trigger.py took 0.051 seconds
[2022-09-16T07:56:28.413+0000] {processor.py:153} INFO - Started process (PID=494) to work on /home/airflow/.local/lib/python3.7/site-packages/airflow/example_dags/example_latest_only_with_trigger.py
[2022-09-16T07:56:28.413+0000] {processor.py:640} INFO - Processing file /home/airflow/.local/lib/python3.7/site-packages/airflow/example_dags/example_latest_only_with_trigger.py for tasks to queue
[2022-09-16T07:56:28.414+0000] {logging_mixin.py:115} INFO - [2022-09-16T07:56:28.413+0000] {dagbag.py:508} INFO - Filling up the DagBag from /home/airflow/.local/lib/python3.7/site-packages/airflow/example_dags/example_latest_only_with_trigger.py
[2022-09-16T07:56:28.417+0000] {processor.py:650} INFO - DAG(s) dict_keys(['latest_only_with_trigger']) retrieved from /home/airflow/.local/lib/python3.7/site-packages/airflow/example_dags/example_latest_only_with_trigger.py
[2022-09-16T07:56:28.442+0000] {logging_mixin.py:115} INFO - [2022-09-16T07:56:28.442+0000] {dag.py:2429} INFO - Sync 1 DAGs
[2022-09-16T07:56:28.466+0000] {logging_mixin.py:115} INFO - [2022-09-16T07:56:28.466+0000] {dag.py:2981} INFO - Setting next_dagrun for latest_only_with_trigger to 2022-09-16T03:56:28.466100+00:00, run_after=2022-09-16T07:56:28.466100+00:00
[2022-09-16T07:56:28.480+0000] {processor.py:161} INFO - Processing /home/airflow/.local/lib/python3.7/site-packages/airflow/example_dags/example_latest_only_with_trigger.py took 0.070 seconds
[2022-09-16T07:56:59.006+0000] {processor.py:153} INFO - Started process (PID=547) to work on /home/airflow/.local/lib/python3.7/site-packages/airflow/example_dags/example_latest_only_with_trigger.py
[2022-09-16T07:56:59.007+0000] {processor.py:640} INFO - Processing file /home/airflow/.local/lib/python3.7/site-packages/airflow/example_dags/example_latest_only_with_trigger.py for tasks to queue
[2022-09-16T07:56:59.008+0000] {logging_mixin.py:115} INFO - [2022-09-16T07:56:59.007+0000] {dagbag.py:508} INFO - Filling up the DagBag from /home/airflow/.local/lib/python3.7/site-packages/airflow/example_dags/example_latest_only_with_trigger.py
[2022-09-16T07:56:59.011+0000] {processor.py:650} INFO - DAG(s) dict_keys(['latest_only_with_trigger']) retrieved from /home/airflow/.local/lib/python3.7/site-packages/airflow/example_dags/example_latest_only_with_trigger.py
[2022-09-16T07:56:59.029+0000] {logging_mixin.py:115} INFO - [2022-09-16T07:56:59.029+0000] {dag.py:2429} INFO - Sync 1 DAGs
[2022-09-16T07:56:59.047+0000] {logging_mixin.py:115} INFO - [2022-09-16T07:56:59.046+0000] {dag.py:2981} INFO - Setting next_dagrun for latest_only_with_trigger to 2022-09-16T03:56:59.046719+00:00, run_after=2022-09-16T07:56:59.046719+00:00
[2022-09-16T07:56:59.056+0000] {processor.py:161} INFO - Processing /home/airflow/.local/lib/python3.7/site-packages/airflow/example_dags/example_latest_only_with_trigger.py took 0.052 seconds
[2022-09-16T07:57:29.535+0000] {processor.py:153} INFO - Started process (PID=609) to work on /home/airflow/.local/lib/python3.7/site-packages/airflow/example_dags/example_latest_only_with_trigger.py
[2022-09-16T07:57:29.535+0000] {processor.py:640} INFO - Processing file /home/airflow/.local/lib/python3.7/site-packages/airflow/example_dags/example_latest_only_with_trigger.py for tasks to queue
[2022-09-16T07:57:29.536+0000] {logging_mixin.py:115} INFO - [2022-09-16T07:57:29.536+0000] {dagbag.py:508} INFO - Filling up the DagBag from /home/airflow/.local/lib/python3.7/site-packages/airflow/example_dags/example_latest_only_with_trigger.py
[2022-09-16T07:57:29.540+0000] {processor.py:650} INFO - DAG(s) dict_keys(['latest_only_with_trigger']) retrieved from /home/airflow/.local/lib/python3.7/site-packages/airflow/example_dags/example_latest_only_with_trigger.py
[2022-09-16T07:57:29.559+0000] {logging_mixin.py:115} INFO - [2022-09-16T07:57:29.559+0000] {dag.py:2429} INFO - Sync 1 DAGs
[2022-09-16T07:57:29.578+0000] {logging_mixin.py:115} INFO - [2022-09-16T07:57:29.578+0000] {dag.py:2981} INFO - Setting next_dagrun for latest_only_with_trigger to 2022-09-16T03:57:29.578582+00:00, run_after=2022-09-16T07:57:29.578582+00:00
[2022-09-16T07:57:29.591+0000] {processor.py:161} INFO - Processing /home/airflow/.local/lib/python3.7/site-packages/airflow/example_dags/example_latest_only_with_trigger.py took 0.059 seconds
[2022-09-16T07:58:44.765+0000] {processor.py:153} INFO - Started process (PID=103) to work on /home/airflow/.local/lib/python3.7/site-packages/airflow/example_dags/example_latest_only_with_trigger.py
[2022-09-16T07:58:44.765+0000] {processor.py:640} INFO - Processing file /home/airflow/.local/lib/python3.7/site-packages/airflow/example_dags/example_latest_only_with_trigger.py for tasks to queue
[2022-09-16T07:58:44.766+0000] {logging_mixin.py:115} INFO - [2022-09-16T07:58:44.766+0000] {dagbag.py:508} INFO - Filling up the DagBag from /home/airflow/.local/lib/python3.7/site-packages/airflow/example_dags/example_latest_only_with_trigger.py
[2022-09-16T07:58:44.770+0000] {processor.py:650} INFO - DAG(s) dict_keys(['latest_only_with_trigger']) retrieved from /home/airflow/.local/lib/python3.7/site-packages/airflow/example_dags/example_latest_only_with_trigger.py
[2022-09-16T07:58:44.788+0000] {logging_mixin.py:115} INFO - [2022-09-16T07:58:44.788+0000] {dag.py:2429} INFO - Sync 1 DAGs
[2022-09-16T07:58:44.805+0000] {logging_mixin.py:115} INFO - [2022-09-16T07:58:44.805+0000] {dag.py:2981} INFO - Setting next_dagrun for latest_only_with_trigger to 2022-09-16T03:58:44.804848+00:00, run_after=2022-09-16T07:58:44.804848+00:00
[2022-09-16T07:58:44.814+0000] {processor.py:161} INFO - Processing /home/airflow/.local/lib/python3.7/site-packages/airflow/example_dags/example_latest_only_with_trigger.py took 0.052 seconds
[2022-09-16T07:59:15.824+0000] {processor.py:153} INFO - Started process (PID=165) to work on /home/airflow/.local/lib/python3.7/site-packages/airflow/example_dags/example_latest_only_with_trigger.py
[2022-09-16T07:59:15.825+0000] {processor.py:640} INFO - Processing file /home/airflow/.local/lib/python3.7/site-packages/airflow/example_dags/example_latest_only_with_trigger.py for tasks to queue
[2022-09-16T07:59:15.825+0000] {logging_mixin.py:115} INFO - [2022-09-16T07:59:15.825+0000] {dagbag.py:508} INFO - Filling up the DagBag from /home/airflow/.local/lib/python3.7/site-packages/airflow/example_dags/example_latest_only_with_trigger.py
[2022-09-16T07:59:15.829+0000] {processor.py:650} INFO - DAG(s) dict_keys(['latest_only_with_trigger']) retrieved from /home/airflow/.local/lib/python3.7/site-packages/airflow/example_dags/example_latest_only_with_trigger.py
[2022-09-16T07:59:15.847+0000] {logging_mixin.py:115} INFO - [2022-09-16T07:59:15.847+0000] {dag.py:2429} INFO - Sync 1 DAGs
[2022-09-16T07:59:15.865+0000] {logging_mixin.py:115} INFO - [2022-09-16T07:59:15.865+0000] {dag.py:2981} INFO - Setting next_dagrun for latest_only_with_trigger to 2022-09-16T03:59:15.864897+00:00, run_after=2022-09-16T07:59:15.864897+00:00
[2022-09-16T07:59:15.875+0000] {processor.py:161} INFO - Processing /home/airflow/.local/lib/python3.7/site-packages/airflow/example_dags/example_latest_only_with_trigger.py took 0.052 seconds
[2022-09-16T07:59:46.618+0000] {processor.py:153} INFO - Started process (PID=218) to work on /home/airflow/.local/lib/python3.7/site-packages/airflow/example_dags/example_latest_only_with_trigger.py
[2022-09-16T07:59:46.618+0000] {processor.py:640} INFO - Processing file /home/airflow/.local/lib/python3.7/site-packages/airflow/example_dags/example_latest_only_with_trigger.py for tasks to queue
[2022-09-16T07:59:46.618+0000] {logging_mixin.py:115} INFO - [2022-09-16T07:59:46.618+0000] {dagbag.py:508} INFO - Filling up the DagBag from /home/airflow/.local/lib/python3.7/site-packages/airflow/example_dags/example_latest_only_with_trigger.py
[2022-09-16T07:59:46.622+0000] {processor.py:650} INFO - DAG(s) dict_keys(['latest_only_with_trigger']) retrieved from /home/airflow/.local/lib/python3.7/site-packages/airflow/example_dags/example_latest_only_with_trigger.py
[2022-09-16T07:59:46.641+0000] {logging_mixin.py:115} INFO - [2022-09-16T07:59:46.641+0000] {dag.py:2429} INFO - Sync 1 DAGs
[2022-09-16T07:59:46.657+0000] {logging_mixin.py:115} INFO - [2022-09-16T07:59:46.657+0000] {dag.py:2981} INFO - Setting next_dagrun for latest_only_with_trigger to 2022-09-16T03:59:46.657612+00:00, run_after=2022-09-16T07:59:46.657612+00:00
[2022-09-16T07:59:46.667+0000] {processor.py:161} INFO - Processing /home/airflow/.local/lib/python3.7/site-packages/airflow/example_dags/example_latest_only_with_trigger.py took 0.051 seconds
[2022-09-16T08:00:17.518+0000] {processor.py:153} INFO - Started process (PID=280) to work on /home/airflow/.local/lib/python3.7/site-packages/airflow/example_dags/example_latest_only_with_trigger.py
[2022-09-16T08:00:17.518+0000] {processor.py:640} INFO - Processing file /home/airflow/.local/lib/python3.7/site-packages/airflow/example_dags/example_latest_only_with_trigger.py for tasks to queue
[2022-09-16T08:00:17.519+0000] {logging_mixin.py:115} INFO - [2022-09-16T08:00:17.518+0000] {dagbag.py:508} INFO - Filling up the DagBag from /home/airflow/.local/lib/python3.7/site-packages/airflow/example_dags/example_latest_only_with_trigger.py
[2022-09-16T08:00:17.522+0000] {processor.py:650} INFO - DAG(s) dict_keys(['latest_only_with_trigger']) retrieved from /home/airflow/.local/lib/python3.7/site-packages/airflow/example_dags/example_latest_only_with_trigger.py
[2022-09-16T08:00:17.541+0000] {logging_mixin.py:115} INFO - [2022-09-16T08:00:17.541+0000] {dag.py:2429} INFO - Sync 1 DAGs
[2022-09-16T08:00:17.557+0000] {logging_mixin.py:115} INFO - [2022-09-16T08:00:17.557+0000] {dag.py:2981} INFO - Setting next_dagrun for latest_only_with_trigger to 2022-09-16T04:00:17.557593+00:00, run_after=2022-09-16T08:00:17.557593+00:00
[2022-09-16T08:00:17.566+0000] {processor.py:161} INFO - Processing /home/airflow/.local/lib/python3.7/site-packages/airflow/example_dags/example_latest_only_with_trigger.py took 0.051 seconds
[2022-09-16T08:00:48.592+0000] {processor.py:153} INFO - Started process (PID=342) to work on /home/airflow/.local/lib/python3.7/site-packages/airflow/example_dags/example_latest_only_with_trigger.py
[2022-09-16T08:00:48.593+0000] {processor.py:640} INFO - Processing file /home/airflow/.local/lib/python3.7/site-packages/airflow/example_dags/example_latest_only_with_trigger.py for tasks to queue
[2022-09-16T08:00:48.593+0000] {logging_mixin.py:115} INFO - [2022-09-16T08:00:48.593+0000] {dagbag.py:508} INFO - Filling up the DagBag from /home/airflow/.local/lib/python3.7/site-packages/airflow/example_dags/example_latest_only_with_trigger.py
[2022-09-16T08:00:48.597+0000] {processor.py:650} INFO - DAG(s) dict_keys(['latest_only_with_trigger']) retrieved from /home/airflow/.local/lib/python3.7/site-packages/airflow/example_dags/example_latest_only_with_trigger.py
[2022-09-16T08:00:48.618+0000] {logging_mixin.py:115} INFO - [2022-09-16T08:00:48.617+0000] {dag.py:2429} INFO - Sync 1 DAGs
[2022-09-16T08:00:48.638+0000] {logging_mixin.py:115} INFO - [2022-09-16T08:00:48.638+0000] {dag.py:2981} INFO - Setting next_dagrun for latest_only_with_trigger to 2022-09-16T04:00:48.637900+00:00, run_after=2022-09-16T08:00:48.637900+00:00
[2022-09-16T08:00:48.661+0000] {processor.py:161} INFO - Processing /home/airflow/.local/lib/python3.7/site-packages/airflow/example_dags/example_latest_only_with_trigger.py took 0.071 seconds
[2022-09-16T08:01:19.431+0000] {processor.py:153} INFO - Started process (PID=404) to work on /home/airflow/.local/lib/python3.7/site-packages/airflow/example_dags/example_latest_only_with_trigger.py
[2022-09-16T08:01:19.432+0000] {processor.py:640} INFO - Processing file /home/airflow/.local/lib/python3.7/site-packages/airflow/example_dags/example_latest_only_with_trigger.py for tasks to queue
[2022-09-16T08:01:19.432+0000] {logging_mixin.py:115} INFO - [2022-09-16T08:01:19.432+0000] {dagbag.py:508} INFO - Filling up the DagBag from /home/airflow/.local/lib/python3.7/site-packages/airflow/example_dags/example_latest_only_with_trigger.py
[2022-09-16T08:01:19.436+0000] {processor.py:650} INFO - DAG(s) dict_keys(['latest_only_with_trigger']) retrieved from /home/airflow/.local/lib/python3.7/site-packages/airflow/example_dags/example_latest_only_with_trigger.py
[2022-09-16T08:01:19.454+0000] {logging_mixin.py:115} INFO - [2022-09-16T08:01:19.454+0000] {dag.py:2429} INFO - Sync 1 DAGs
[2022-09-16T08:01:19.473+0000] {logging_mixin.py:115} INFO - [2022-09-16T08:01:19.473+0000] {dag.py:2981} INFO - Setting next_dagrun for latest_only_with_trigger to 2022-09-16T04:01:19.472938+00:00, run_after=2022-09-16T08:01:19.472938+00:00
[2022-09-16T08:01:19.483+0000] {processor.py:161} INFO - Processing /home/airflow/.local/lib/python3.7/site-packages/airflow/example_dags/example_latest_only_with_trigger.py took 0.053 seconds
[2022-09-16T08:01:50.573+0000] {processor.py:153} INFO - Started process (PID=457) to work on /home/airflow/.local/lib/python3.7/site-packages/airflow/example_dags/example_latest_only_with_trigger.py
[2022-09-16T08:01:50.573+0000] {processor.py:640} INFO - Processing file /home/airflow/.local/lib/python3.7/site-packages/airflow/example_dags/example_latest_only_with_trigger.py for tasks to queue
[2022-09-16T08:01:50.574+0000] {logging_mixin.py:115} INFO - [2022-09-16T08:01:50.574+0000] {dagbag.py:508} INFO - Filling up the DagBag from /home/airflow/.local/lib/python3.7/site-packages/airflow/example_dags/example_latest_only_with_trigger.py
[2022-09-16T08:01:50.578+0000] {processor.py:650} INFO - DAG(s) dict_keys(['latest_only_with_trigger']) retrieved from /home/airflow/.local/lib/python3.7/site-packages/airflow/example_dags/example_latest_only_with_trigger.py
[2022-09-16T08:01:50.596+0000] {logging_mixin.py:115} INFO - [2022-09-16T08:01:50.596+0000] {dag.py:2429} INFO - Sync 1 DAGs
[2022-09-16T08:01:50.612+0000] {logging_mixin.py:115} INFO - [2022-09-16T08:01:50.612+0000] {dag.py:2981} INFO - Setting next_dagrun for latest_only_with_trigger to 2022-09-16T04:01:50.611997+00:00, run_after=2022-09-16T08:01:50.611997+00:00
[2022-09-16T08:01:50.621+0000] {processor.py:161} INFO - Processing /home/airflow/.local/lib/python3.7/site-packages/airflow/example_dags/example_latest_only_with_trigger.py took 0.050 seconds
[2022-09-16T08:02:20.902+0000] {processor.py:153} INFO - Started process (PID=521) to work on /home/airflow/.local/lib/python3.7/site-packages/airflow/example_dags/example_latest_only_with_trigger.py
[2022-09-16T08:02:20.903+0000] {processor.py:640} INFO - Processing file /home/airflow/.local/lib/python3.7/site-packages/airflow/example_dags/example_latest_only_with_trigger.py for tasks to queue
[2022-09-16T08:02:20.903+0000] {logging_mixin.py:115} INFO - [2022-09-16T08:02:20.903+0000] {dagbag.py:508} INFO - Filling up the DagBag from /home/airflow/.local/lib/python3.7/site-packages/airflow/example_dags/example_latest_only_with_trigger.py
[2022-09-16T08:02:20.907+0000] {processor.py:650} INFO - DAG(s) dict_keys(['latest_only_with_trigger']) retrieved from /home/airflow/.local/lib/python3.7/site-packages/airflow/example_dags/example_latest_only_with_trigger.py
[2022-09-16T08:02:20.925+0000] {logging_mixin.py:115} INFO - [2022-09-16T08:02:20.925+0000] {dag.py:2429} INFO - Sync 1 DAGs
[2022-09-16T08:02:20.942+0000] {logging_mixin.py:115} INFO - [2022-09-16T08:02:20.942+0000] {dag.py:2981} INFO - Setting next_dagrun for latest_only_with_trigger to 2022-09-16T04:02:20.942174+00:00, run_after=2022-09-16T08:02:20.942174+00:00
[2022-09-16T08:02:20.953+0000] {processor.py:161} INFO - Processing /home/airflow/.local/lib/python3.7/site-packages/airflow/example_dags/example_latest_only_with_trigger.py took 0.053 seconds
[2022-09-16T08:02:51.087+0000] {processor.py:153} INFO - Started process (PID=583) to work on /home/airflow/.local/lib/python3.7/site-packages/airflow/example_dags/example_latest_only_with_trigger.py
[2022-09-16T08:02:51.088+0000] {processor.py:640} INFO - Processing file /home/airflow/.local/lib/python3.7/site-packages/airflow/example_dags/example_latest_only_with_trigger.py for tasks to queue
[2022-09-16T08:02:51.088+0000] {logging_mixin.py:115} INFO - [2022-09-16T08:02:51.088+0000] {dagbag.py:508} INFO - Filling up the DagBag from /home/airflow/.local/lib/python3.7/site-packages/airflow/example_dags/example_latest_only_with_trigger.py
[2022-09-16T08:02:51.092+0000] {processor.py:650} INFO - DAG(s) dict_keys(['latest_only_with_trigger']) retrieved from /home/airflow/.local/lib/python3.7/site-packages/airflow/example_dags/example_latest_only_with_trigger.py
[2022-09-16T08:02:51.110+0000] {logging_mixin.py:115} INFO - [2022-09-16T08:02:51.110+0000] {dag.py:2429} INFO - Sync 1 DAGs
[2022-09-16T08:02:51.128+0000] {logging_mixin.py:115} INFO - [2022-09-16T08:02:51.128+0000] {dag.py:2981} INFO - Setting next_dagrun for latest_only_with_trigger to 2022-09-16T04:02:51.127830+00:00, run_after=2022-09-16T08:02:51.127830+00:00
[2022-09-16T08:02:51.138+0000] {processor.py:161} INFO - Processing /home/airflow/.local/lib/python3.7/site-packages/airflow/example_dags/example_latest_only_with_trigger.py took 0.053 seconds
[2022-09-16T08:03:21.465+0000] {processor.py:153} INFO - Started process (PID=645) to work on /home/airflow/.local/lib/python3.7/site-packages/airflow/example_dags/example_latest_only_with_trigger.py
[2022-09-16T08:03:21.466+0000] {processor.py:640} INFO - Processing file /home/airflow/.local/lib/python3.7/site-packages/airflow/example_dags/example_latest_only_with_trigger.py for tasks to queue
[2022-09-16T08:03:21.467+0000] {logging_mixin.py:115} INFO - [2022-09-16T08:03:21.467+0000] {dagbag.py:508} INFO - Filling up the DagBag from /home/airflow/.local/lib/python3.7/site-packages/airflow/example_dags/example_latest_only_with_trigger.py
[2022-09-16T08:03:21.470+0000] {processor.py:650} INFO - DAG(s) dict_keys(['latest_only_with_trigger']) retrieved from /home/airflow/.local/lib/python3.7/site-packages/airflow/example_dags/example_latest_only_with_trigger.py
[2022-09-16T08:03:21.489+0000] {logging_mixin.py:115} INFO - [2022-09-16T08:03:21.489+0000] {dag.py:2429} INFO - Sync 1 DAGs
[2022-09-16T08:03:21.507+0000] {logging_mixin.py:115} INFO - [2022-09-16T08:03:21.507+0000] {dag.py:2981} INFO - Setting next_dagrun for latest_only_with_trigger to 2022-09-16T04:03:21.506937+00:00, run_after=2022-09-16T08:03:21.506937+00:00
[2022-09-16T08:03:21.516+0000] {processor.py:161} INFO - Processing /home/airflow/.local/lib/python3.7/site-packages/airflow/example_dags/example_latest_only_with_trigger.py took 0.053 seconds
[2022-09-16T08:04:03.666+0000] {processor.py:153} INFO - Started process (PID=85) to work on /home/airflow/.local/lib/python3.7/site-packages/airflow/example_dags/example_latest_only_with_trigger.py
[2022-09-16T08:04:03.666+0000] {processor.py:640} INFO - Processing file /home/airflow/.local/lib/python3.7/site-packages/airflow/example_dags/example_latest_only_with_trigger.py for tasks to queue
[2022-09-16T08:04:03.667+0000] {logging_mixin.py:115} INFO - [2022-09-16T08:04:03.667+0000] {dagbag.py:508} INFO - Filling up the DagBag from /home/airflow/.local/lib/python3.7/site-packages/airflow/example_dags/example_latest_only_with_trigger.py
[2022-09-16T08:04:03.672+0000] {processor.py:650} INFO - DAG(s) dict_keys(['latest_only_with_trigger']) retrieved from /home/airflow/.local/lib/python3.7/site-packages/airflow/example_dags/example_latest_only_with_trigger.py
[2022-09-16T08:04:03.694+0000] {logging_mixin.py:115} INFO - [2022-09-16T08:04:03.694+0000] {dag.py:2429} INFO - Sync 1 DAGs
[2022-09-16T08:04:03.718+0000] {logging_mixin.py:115} INFO - [2022-09-16T08:04:03.718+0000] {dag.py:2981} INFO - Setting next_dagrun for latest_only_with_trigger to 2022-09-16T04:04:03.718537+00:00, run_after=2022-09-16T08:04:03.718537+00:00
[2022-09-16T08:04:03.732+0000] {processor.py:161} INFO - Processing /home/airflow/.local/lib/python3.7/site-packages/airflow/example_dags/example_latest_only_with_trigger.py took 0.069 seconds
[2022-09-16T08:04:34.037+0000] {processor.py:153} INFO - Started process (PID=147) to work on /home/airflow/.local/lib/python3.7/site-packages/airflow/example_dags/example_latest_only_with_trigger.py
[2022-09-16T08:04:34.038+0000] {processor.py:640} INFO - Processing file /home/airflow/.local/lib/python3.7/site-packages/airflow/example_dags/example_latest_only_with_trigger.py for tasks to queue
[2022-09-16T08:04:34.038+0000] {logging_mixin.py:115} INFO - [2022-09-16T08:04:34.038+0000] {dagbag.py:508} INFO - Filling up the DagBag from /home/airflow/.local/lib/python3.7/site-packages/airflow/example_dags/example_latest_only_with_trigger.py
[2022-09-16T08:04:34.043+0000] {processor.py:650} INFO - DAG(s) dict_keys(['latest_only_with_trigger']) retrieved from /home/airflow/.local/lib/python3.7/site-packages/airflow/example_dags/example_latest_only_with_trigger.py
[2022-09-16T08:04:34.060+0000] {logging_mixin.py:115} INFO - [2022-09-16T08:04:34.060+0000] {dag.py:2429} INFO - Sync 1 DAGs
[2022-09-16T08:04:34.077+0000] {logging_mixin.py:115} INFO - [2022-09-16T08:04:34.077+0000] {dag.py:2981} INFO - Setting next_dagrun for latest_only_with_trigger to 2022-09-16T04:04:34.076963+00:00, run_after=2022-09-16T08:04:34.076963+00:00
[2022-09-16T08:04:34.087+0000] {processor.py:161} INFO - Processing /home/airflow/.local/lib/python3.7/site-packages/airflow/example_dags/example_latest_only_with_trigger.py took 0.053 seconds
[2022-09-16T08:06:41.472+0000] {processor.py:153} INFO - Started process (PID=85) to work on /home/airflow/.local/lib/python3.7/site-packages/airflow/example_dags/example_latest_only_with_trigger.py
[2022-09-16T08:06:41.473+0000] {processor.py:640} INFO - Processing file /home/airflow/.local/lib/python3.7/site-packages/airflow/example_dags/example_latest_only_with_trigger.py for tasks to queue
[2022-09-16T08:06:41.474+0000] {logging_mixin.py:115} INFO - [2022-09-16T08:06:41.474+0000] {dagbag.py:508} INFO - Filling up the DagBag from /home/airflow/.local/lib/python3.7/site-packages/airflow/example_dags/example_latest_only_with_trigger.py
[2022-09-16T08:06:41.480+0000] {processor.py:650} INFO - DAG(s) dict_keys(['latest_only_with_trigger']) retrieved from /home/airflow/.local/lib/python3.7/site-packages/airflow/example_dags/example_latest_only_with_trigger.py
[2022-09-16T08:06:41.498+0000] {logging_mixin.py:115} INFO - [2022-09-16T08:06:41.498+0000] {dag.py:2429} INFO - Sync 1 DAGs
[2022-09-16T08:06:41.520+0000] {logging_mixin.py:115} INFO - [2022-09-16T08:06:41.519+0000] {dag.py:2981} INFO - Setting next_dagrun for latest_only_with_trigger to 2022-09-16T04:06:41.519679+00:00, run_after=2022-09-16T08:06:41.519679+00:00
[2022-09-16T08:06:41.532+0000] {processor.py:161} INFO - Processing /home/airflow/.local/lib/python3.7/site-packages/airflow/example_dags/example_latest_only_with_trigger.py took 0.062 seconds
[2022-09-16T08:08:05.038+0000] {processor.py:153} INFO - Started process (PID=84) to work on /home/airflow/.local/lib/python3.7/site-packages/airflow/example_dags/example_latest_only_with_trigger.py
[2022-09-16T08:08:05.039+0000] {processor.py:640} INFO - Processing file /home/airflow/.local/lib/python3.7/site-packages/airflow/example_dags/example_latest_only_with_trigger.py for tasks to queue
[2022-09-16T08:08:05.039+0000] {logging_mixin.py:115} INFO - [2022-09-16T08:08:05.039+0000] {dagbag.py:508} INFO - Filling up the DagBag from /home/airflow/.local/lib/python3.7/site-packages/airflow/example_dags/example_latest_only_with_trigger.py
[2022-09-16T08:08:05.045+0000] {processor.py:650} INFO - DAG(s) dict_keys(['latest_only_with_trigger']) retrieved from /home/airflow/.local/lib/python3.7/site-packages/airflow/example_dags/example_latest_only_with_trigger.py
[2022-09-16T08:08:05.063+0000] {logging_mixin.py:115} INFO - [2022-09-16T08:08:05.063+0000] {dag.py:2429} INFO - Sync 1 DAGs
[2022-09-16T08:08:05.082+0000] {logging_mixin.py:115} INFO - [2022-09-16T08:08:05.082+0000] {dag.py:2981} INFO - Setting next_dagrun for latest_only_with_trigger to 2022-09-16T04:08:05.082201+00:00, run_after=2022-09-16T08:08:05.082201+00:00
[2022-09-16T08:08:05.093+0000] {processor.py:161} INFO - Processing /home/airflow/.local/lib/python3.7/site-packages/airflow/example_dags/example_latest_only_with_trigger.py took 0.057 seconds
[2022-09-16T08:10:14.573+0000] {processor.py:153} INFO - Started process (PID=85) to work on /home/airflow/.local/lib/python3.7/site-packages/airflow/example_dags/example_latest_only_with_trigger.py
[2022-09-16T08:10:14.573+0000] {processor.py:640} INFO - Processing file /home/airflow/.local/lib/python3.7/site-packages/airflow/example_dags/example_latest_only_with_trigger.py for tasks to queue
[2022-09-16T08:10:14.574+0000] {logging_mixin.py:115} INFO - [2022-09-16T08:10:14.574+0000] {dagbag.py:508} INFO - Filling up the DagBag from /home/airflow/.local/lib/python3.7/site-packages/airflow/example_dags/example_latest_only_with_trigger.py
[2022-09-16T08:10:14.580+0000] {processor.py:650} INFO - DAG(s) dict_keys(['latest_only_with_trigger']) retrieved from /home/airflow/.local/lib/python3.7/site-packages/airflow/example_dags/example_latest_only_with_trigger.py
[2022-09-16T08:10:14.603+0000] {logging_mixin.py:115} INFO - [2022-09-16T08:10:14.603+0000] {dag.py:2429} INFO - Sync 1 DAGs
[2022-09-16T08:10:14.629+0000] {logging_mixin.py:115} INFO - [2022-09-16T08:10:14.628+0000] {dag.py:2981} INFO - Setting next_dagrun for latest_only_with_trigger to 2022-09-16T04:10:14.628576+00:00, run_after=2022-09-16T08:10:14.628576+00:00
[2022-09-16T08:10:14.641+0000] {processor.py:161} INFO - Processing /home/airflow/.local/lib/python3.7/site-packages/airflow/example_dags/example_latest_only_with_trigger.py took 0.071 seconds
[2022-09-16T08:10:45.640+0000] {processor.py:153} INFO - Started process (PID=147) to work on /home/airflow/.local/lib/python3.7/site-packages/airflow/example_dags/example_latest_only_with_trigger.py
[2022-09-16T08:10:45.641+0000] {processor.py:640} INFO - Processing file /home/airflow/.local/lib/python3.7/site-packages/airflow/example_dags/example_latest_only_with_trigger.py for tasks to queue
[2022-09-16T08:10:45.641+0000] {logging_mixin.py:115} INFO - [2022-09-16T08:10:45.641+0000] {dagbag.py:508} INFO - Filling up the DagBag from /home/airflow/.local/lib/python3.7/site-packages/airflow/example_dags/example_latest_only_with_trigger.py
[2022-09-16T08:10:45.647+0000] {processor.py:650} INFO - DAG(s) dict_keys(['latest_only_with_trigger']) retrieved from /home/airflow/.local/lib/python3.7/site-packages/airflow/example_dags/example_latest_only_with_trigger.py
[2022-09-16T08:10:45.664+0000] {logging_mixin.py:115} INFO - [2022-09-16T08:10:45.664+0000] {dag.py:2429} INFO - Sync 1 DAGs
[2022-09-16T08:10:45.680+0000] {logging_mixin.py:115} INFO - [2022-09-16T08:10:45.680+0000] {dag.py:2981} INFO - Setting next_dagrun for latest_only_with_trigger to 2022-09-16T04:10:45.680613+00:00, run_after=2022-09-16T08:10:45.680613+00:00
[2022-09-16T08:10:45.690+0000] {processor.py:161} INFO - Processing /home/airflow/.local/lib/python3.7/site-packages/airflow/example_dags/example_latest_only_with_trigger.py took 0.052 seconds
[2022-09-16T08:13:52.689+0000] {processor.py:153} INFO - Started process (PID=117) to work on /home/airflow/.local/lib/python3.7/site-packages/airflow/example_dags/example_latest_only_with_trigger.py
[2022-09-16T08:13:52.690+0000] {processor.py:640} INFO - Processing file /home/airflow/.local/lib/python3.7/site-packages/airflow/example_dags/example_latest_only_with_trigger.py for tasks to queue
[2022-09-16T08:13:52.690+0000] {logging_mixin.py:115} INFO - [2022-09-16T08:13:52.690+0000] {dagbag.py:508} INFO - Filling up the DagBag from /home/airflow/.local/lib/python3.7/site-packages/airflow/example_dags/example_latest_only_with_trigger.py
[2022-09-16T08:13:52.694+0000] {processor.py:650} INFO - DAG(s) dict_keys(['latest_only_with_trigger']) retrieved from /home/airflow/.local/lib/python3.7/site-packages/airflow/example_dags/example_latest_only_with_trigger.py
[2022-09-16T08:13:52.712+0000] {logging_mixin.py:115} INFO - [2022-09-16T08:13:52.712+0000] {dag.py:2429} INFO - Sync 1 DAGs
[2022-09-16T08:13:52.729+0000] {logging_mixin.py:115} INFO - [2022-09-16T08:13:52.729+0000] {dag.py:2981} INFO - Setting next_dagrun for latest_only_with_trigger to 2022-09-16T04:13:52.729235+00:00, run_after=2022-09-16T08:13:52.729235+00:00
[2022-09-16T08:13:52.738+0000] {processor.py:161} INFO - Processing /home/airflow/.local/lib/python3.7/site-packages/airflow/example_dags/example_latest_only_with_trigger.py took 0.051 seconds
[2022-09-16T08:15:37.489+0000] {processor.py:153} INFO - Started process (PID=85) to work on /home/airflow/.local/lib/python3.7/site-packages/airflow/example_dags/example_latest_only_with_trigger.py
[2022-09-16T08:15:37.490+0000] {processor.py:640} INFO - Processing file /home/airflow/.local/lib/python3.7/site-packages/airflow/example_dags/example_latest_only_with_trigger.py for tasks to queue
[2022-09-16T08:15:37.490+0000] {logging_mixin.py:115} INFO - [2022-09-16T08:15:37.490+0000] {dagbag.py:508} INFO - Filling up the DagBag from /home/airflow/.local/lib/python3.7/site-packages/airflow/example_dags/example_latest_only_with_trigger.py
[2022-09-16T08:15:37.496+0000] {processor.py:650} INFO - DAG(s) dict_keys(['latest_only_with_trigger']) retrieved from /home/airflow/.local/lib/python3.7/site-packages/airflow/example_dags/example_latest_only_with_trigger.py
[2022-09-16T08:15:37.520+0000] {logging_mixin.py:115} INFO - [2022-09-16T08:15:37.520+0000] {dag.py:2429} INFO - Sync 1 DAGs
[2022-09-16T08:15:37.545+0000] {logging_mixin.py:115} INFO - [2022-09-16T08:15:37.545+0000] {dag.py:2981} INFO - Setting next_dagrun for latest_only_with_trigger to 2022-09-16T04:15:37.544897+00:00, run_after=2022-09-16T08:15:37.544897+00:00
[2022-09-16T08:15:37.558+0000] {processor.py:161} INFO - Processing /home/airflow/.local/lib/python3.7/site-packages/airflow/example_dags/example_latest_only_with_trigger.py took 0.072 seconds
[2022-09-16T08:18:35.325+0000] {processor.py:153} INFO - Started process (PID=137) to work on /home/airflow/.local/lib/python3.7/site-packages/airflow/example_dags/example_latest_only_with_trigger.py
[2022-09-16T08:18:35.326+0000] {processor.py:640} INFO - Processing file /home/airflow/.local/lib/python3.7/site-packages/airflow/example_dags/example_latest_only_with_trigger.py for tasks to queue
[2022-09-16T08:18:35.327+0000] {logging_mixin.py:115} INFO - [2022-09-16T08:18:35.327+0000] {dagbag.py:508} INFO - Filling up the DagBag from /home/airflow/.local/lib/python3.7/site-packages/airflow/example_dags/example_latest_only_with_trigger.py
[2022-09-16T08:18:35.331+0000] {processor.py:650} INFO - DAG(s) dict_keys(['latest_only_with_trigger']) retrieved from /home/airflow/.local/lib/python3.7/site-packages/airflow/example_dags/example_latest_only_with_trigger.py
[2022-09-16T08:18:35.356+0000] {logging_mixin.py:115} INFO - [2022-09-16T08:18:35.356+0000] {dag.py:2429} INFO - Sync 1 DAGs
[2022-09-16T08:18:35.378+0000] {logging_mixin.py:115} INFO - [2022-09-16T08:18:35.378+0000] {dag.py:2981} INFO - Setting next_dagrun for latest_only_with_trigger to 2022-09-16T04:18:35.377843+00:00, run_after=2022-09-16T08:18:35.377843+00:00
[2022-09-16T08:18:35.391+0000] {processor.py:161} INFO - Processing /home/airflow/.local/lib/python3.7/site-packages/airflow/example_dags/example_latest_only_with_trigger.py took 0.068 seconds
[2022-09-16T08:19:06.584+0000] {processor.py:153} INFO - Started process (PID=190) to work on /home/airflow/.local/lib/python3.7/site-packages/airflow/example_dags/example_latest_only_with_trigger.py
[2022-09-16T08:19:06.585+0000] {processor.py:640} INFO - Processing file /home/airflow/.local/lib/python3.7/site-packages/airflow/example_dags/example_latest_only_with_trigger.py for tasks to queue
[2022-09-16T08:19:06.585+0000] {logging_mixin.py:115} INFO - [2022-09-16T08:19:06.585+0000] {dagbag.py:508} INFO - Filling up the DagBag from /home/airflow/.local/lib/python3.7/site-packages/airflow/example_dags/example_latest_only_with_trigger.py
[2022-09-16T08:19:06.590+0000] {processor.py:650} INFO - DAG(s) dict_keys(['latest_only_with_trigger']) retrieved from /home/airflow/.local/lib/python3.7/site-packages/airflow/example_dags/example_latest_only_with_trigger.py
[2022-09-16T08:19:06.615+0000] {logging_mixin.py:115} INFO - [2022-09-16T08:19:06.615+0000] {dag.py:2429} INFO - Sync 1 DAGs
[2022-09-16T08:19:06.650+0000] {logging_mixin.py:115} INFO - [2022-09-16T08:19:06.650+0000] {dag.py:2981} INFO - Setting next_dagrun for latest_only_with_trigger to 2022-09-16T04:19:06.649739+00:00, run_after=2022-09-16T08:19:06.649739+00:00
[2022-09-16T08:19:06.665+0000] {processor.py:161} INFO - Processing /home/airflow/.local/lib/python3.7/site-packages/airflow/example_dags/example_latest_only_with_trigger.py took 0.084 seconds
