[2022-09-16T07:52:51.884+0000] {processor.py:153} INFO - Started process (PID=47) to work on /home/airflow/.local/lib/python3.7/site-packages/airflow/example_dags/example_external_task_marker_dag.py
[2022-09-16T07:52:51.885+0000] {processor.py:640} INFO - Processing file /home/airflow/.local/lib/python3.7/site-packages/airflow/example_dags/example_external_task_marker_dag.py for tasks to queue
[2022-09-16T07:52:51.886+0000] {logging_mixin.py:115} INFO - [2022-09-16T07:52:51.886+0000] {dagbag.py:508} INFO - Filling up the DagBag from /home/airflow/.local/lib/python3.7/site-packages/airflow/example_dags/example_external_task_marker_dag.py
[2022-09-16T07:52:51.889+0000] {processor.py:650} INFO - DAG(s) dict_keys(['example_external_task_marker_parent', 'example_external_task_marker_child']) retrieved from /home/airflow/.local/lib/python3.7/site-packages/airflow/example_dags/example_external_task_marker_dag.py
[2022-09-16T07:52:52.104+0000] {logging_mixin.py:115} INFO - [2022-09-16T07:52:52.104+0000] {dag.py:2429} INFO - Sync 2 DAGs
[2022-09-16T07:52:52.122+0000] {logging_mixin.py:115} INFO - [2022-09-16T07:52:52.122+0000] {dag.py:2981} INFO - Setting next_dagrun for example_external_task_marker_child to None, run_after=None
[2022-09-16T07:52:52.122+0000] {logging_mixin.py:115} INFO - [2022-09-16T07:52:52.122+0000] {dag.py:2981} INFO - Setting next_dagrun for example_external_task_marker_parent to None, run_after=None
[2022-09-16T07:52:52.133+0000] {processor.py:161} INFO - Processing /home/airflow/.local/lib/python3.7/site-packages/airflow/example_dags/example_external_task_marker_dag.py took 0.251 seconds
[2022-09-16T07:53:22.820+0000] {processor.py:153} INFO - Started process (PID=108) to work on /home/airflow/.local/lib/python3.7/site-packages/airflow/example_dags/example_external_task_marker_dag.py
[2022-09-16T07:53:22.820+0000] {processor.py:640} INFO - Processing file /home/airflow/.local/lib/python3.7/site-packages/airflow/example_dags/example_external_task_marker_dag.py for tasks to queue
[2022-09-16T07:53:22.821+0000] {logging_mixin.py:115} INFO - [2022-09-16T07:53:22.821+0000] {dagbag.py:508} INFO - Filling up the DagBag from /home/airflow/.local/lib/python3.7/site-packages/airflow/example_dags/example_external_task_marker_dag.py
[2022-09-16T07:53:22.824+0000] {processor.py:650} INFO - DAG(s) dict_keys(['example_external_task_marker_parent', 'example_external_task_marker_child']) retrieved from /home/airflow/.local/lib/python3.7/site-packages/airflow/example_dags/example_external_task_marker_dag.py
[2022-09-16T07:53:22.980+0000] {logging_mixin.py:115} INFO - [2022-09-16T07:53:22.980+0000] {dag.py:2429} INFO - Sync 2 DAGs
[2022-09-16T07:53:22.996+0000] {logging_mixin.py:115} INFO - [2022-09-16T07:53:22.996+0000] {dag.py:2981} INFO - Setting next_dagrun for example_external_task_marker_child to None, run_after=None
[2022-09-16T07:53:22.996+0000] {logging_mixin.py:115} INFO - [2022-09-16T07:53:22.996+0000] {dag.py:2981} INFO - Setting next_dagrun for example_external_task_marker_parent to None, run_after=None
[2022-09-16T07:53:23.006+0000] {processor.py:161} INFO - Processing /home/airflow/.local/lib/python3.7/site-packages/airflow/example_dags/example_external_task_marker_dag.py took 0.188 seconds
[2022-09-16T07:53:53.468+0000] {processor.py:153} INFO - Started process (PID=170) to work on /home/airflow/.local/lib/python3.7/site-packages/airflow/example_dags/example_external_task_marker_dag.py
[2022-09-16T07:53:53.468+0000] {processor.py:640} INFO - Processing file /home/airflow/.local/lib/python3.7/site-packages/airflow/example_dags/example_external_task_marker_dag.py for tasks to queue
[2022-09-16T07:53:53.469+0000] {logging_mixin.py:115} INFO - [2022-09-16T07:53:53.469+0000] {dagbag.py:508} INFO - Filling up the DagBag from /home/airflow/.local/lib/python3.7/site-packages/airflow/example_dags/example_external_task_marker_dag.py
[2022-09-16T07:53:53.471+0000] {processor.py:650} INFO - DAG(s) dict_keys(['example_external_task_marker_parent', 'example_external_task_marker_child']) retrieved from /home/airflow/.local/lib/python3.7/site-packages/airflow/example_dags/example_external_task_marker_dag.py
[2022-09-16T07:53:53.629+0000] {logging_mixin.py:115} INFO - [2022-09-16T07:53:53.629+0000] {dag.py:2429} INFO - Sync 2 DAGs
[2022-09-16T07:53:53.644+0000] {logging_mixin.py:115} INFO - [2022-09-16T07:53:53.644+0000] {dag.py:2981} INFO - Setting next_dagrun for example_external_task_marker_child to None, run_after=None
[2022-09-16T07:53:53.644+0000] {logging_mixin.py:115} INFO - [2022-09-16T07:53:53.644+0000] {dag.py:2981} INFO - Setting next_dagrun for example_external_task_marker_parent to None, run_after=None
[2022-09-16T07:53:53.654+0000] {processor.py:161} INFO - Processing /home/airflow/.local/lib/python3.7/site-packages/airflow/example_dags/example_external_task_marker_dag.py took 0.188 seconds
[2022-09-16T07:54:24.123+0000] {processor.py:153} INFO - Started process (PID=232) to work on /home/airflow/.local/lib/python3.7/site-packages/airflow/example_dags/example_external_task_marker_dag.py
[2022-09-16T07:54:24.124+0000] {processor.py:640} INFO - Processing file /home/airflow/.local/lib/python3.7/site-packages/airflow/example_dags/example_external_task_marker_dag.py for tasks to queue
[2022-09-16T07:54:24.124+0000] {logging_mixin.py:115} INFO - [2022-09-16T07:54:24.124+0000] {dagbag.py:508} INFO - Filling up the DagBag from /home/airflow/.local/lib/python3.7/site-packages/airflow/example_dags/example_external_task_marker_dag.py
[2022-09-16T07:54:24.128+0000] {processor.py:650} INFO - DAG(s) dict_keys(['example_external_task_marker_parent', 'example_external_task_marker_child']) retrieved from /home/airflow/.local/lib/python3.7/site-packages/airflow/example_dags/example_external_task_marker_dag.py
[2022-09-16T07:54:24.489+0000] {logging_mixin.py:115} INFO - [2022-09-16T07:54:24.489+0000] {dag.py:2429} INFO - Sync 2 DAGs
[2022-09-16T07:54:24.508+0000] {logging_mixin.py:115} INFO - [2022-09-16T07:54:24.507+0000] {dag.py:2981} INFO - Setting next_dagrun for example_external_task_marker_child to None, run_after=None
[2022-09-16T07:54:24.508+0000] {logging_mixin.py:115} INFO - [2022-09-16T07:54:24.508+0000] {dag.py:2981} INFO - Setting next_dagrun for example_external_task_marker_parent to None, run_after=None
[2022-09-16T07:54:24.518+0000] {processor.py:161} INFO - Processing /home/airflow/.local/lib/python3.7/site-packages/airflow/example_dags/example_external_task_marker_dag.py took 0.398 seconds
[2022-09-16T07:54:55.052+0000] {processor.py:153} INFO - Started process (PID=285) to work on /home/airflow/.local/lib/python3.7/site-packages/airflow/example_dags/example_external_task_marker_dag.py
[2022-09-16T07:54:55.053+0000] {processor.py:640} INFO - Processing file /home/airflow/.local/lib/python3.7/site-packages/airflow/example_dags/example_external_task_marker_dag.py for tasks to queue
[2022-09-16T07:54:55.053+0000] {logging_mixin.py:115} INFO - [2022-09-16T07:54:55.053+0000] {dagbag.py:508} INFO - Filling up the DagBag from /home/airflow/.local/lib/python3.7/site-packages/airflow/example_dags/example_external_task_marker_dag.py
[2022-09-16T07:54:55.055+0000] {processor.py:650} INFO - DAG(s) dict_keys(['example_external_task_marker_parent', 'example_external_task_marker_child']) retrieved from /home/airflow/.local/lib/python3.7/site-packages/airflow/example_dags/example_external_task_marker_dag.py
[2022-09-16T07:54:55.210+0000] {logging_mixin.py:115} INFO - [2022-09-16T07:54:55.210+0000] {dag.py:2429} INFO - Sync 2 DAGs
[2022-09-16T07:54:55.225+0000] {logging_mixin.py:115} INFO - [2022-09-16T07:54:55.225+0000] {dag.py:2981} INFO - Setting next_dagrun for example_external_task_marker_child to None, run_after=None
[2022-09-16T07:54:55.226+0000] {logging_mixin.py:115} INFO - [2022-09-16T07:54:55.226+0000] {dag.py:2981} INFO - Setting next_dagrun for example_external_task_marker_parent to None, run_after=None
[2022-09-16T07:54:55.236+0000] {processor.py:161} INFO - Processing /home/airflow/.local/lib/python3.7/site-packages/airflow/example_dags/example_external_task_marker_dag.py took 0.186 seconds
[2022-09-16T07:55:25.859+0000] {processor.py:153} INFO - Started process (PID=347) to work on /home/airflow/.local/lib/python3.7/site-packages/airflow/example_dags/example_external_task_marker_dag.py
[2022-09-16T07:55:25.860+0000] {processor.py:640} INFO - Processing file /home/airflow/.local/lib/python3.7/site-packages/airflow/example_dags/example_external_task_marker_dag.py for tasks to queue
[2022-09-16T07:55:25.861+0000] {logging_mixin.py:115} INFO - [2022-09-16T07:55:25.861+0000] {dagbag.py:508} INFO - Filling up the DagBag from /home/airflow/.local/lib/python3.7/site-packages/airflow/example_dags/example_external_task_marker_dag.py
[2022-09-16T07:55:25.864+0000] {processor.py:650} INFO - DAG(s) dict_keys(['example_external_task_marker_parent', 'example_external_task_marker_child']) retrieved from /home/airflow/.local/lib/python3.7/site-packages/airflow/example_dags/example_external_task_marker_dag.py
[2022-09-16T07:55:26.025+0000] {logging_mixin.py:115} INFO - [2022-09-16T07:55:26.025+0000] {dag.py:2429} INFO - Sync 2 DAGs
[2022-09-16T07:55:26.047+0000] {logging_mixin.py:115} INFO - [2022-09-16T07:55:26.047+0000] {dag.py:2981} INFO - Setting next_dagrun for example_external_task_marker_child to None, run_after=None
[2022-09-16T07:55:26.047+0000] {logging_mixin.py:115} INFO - [2022-09-16T07:55:26.047+0000] {dag.py:2981} INFO - Setting next_dagrun for example_external_task_marker_parent to None, run_after=None
[2022-09-16T07:55:26.058+0000] {processor.py:161} INFO - Processing /home/airflow/.local/lib/python3.7/site-packages/airflow/example_dags/example_external_task_marker_dag.py took 0.201 seconds
[2022-09-16T07:55:56.565+0000] {processor.py:153} INFO - Started process (PID=409) to work on /home/airflow/.local/lib/python3.7/site-packages/airflow/example_dags/example_external_task_marker_dag.py
[2022-09-16T07:55:56.566+0000] {processor.py:640} INFO - Processing file /home/airflow/.local/lib/python3.7/site-packages/airflow/example_dags/example_external_task_marker_dag.py for tasks to queue
[2022-09-16T07:55:56.566+0000] {logging_mixin.py:115} INFO - [2022-09-16T07:55:56.566+0000] {dagbag.py:508} INFO - Filling up the DagBag from /home/airflow/.local/lib/python3.7/site-packages/airflow/example_dags/example_external_task_marker_dag.py
[2022-09-16T07:55:56.569+0000] {processor.py:650} INFO - DAG(s) dict_keys(['example_external_task_marker_parent', 'example_external_task_marker_child']) retrieved from /home/airflow/.local/lib/python3.7/site-packages/airflow/example_dags/example_external_task_marker_dag.py
[2022-09-16T07:55:56.723+0000] {logging_mixin.py:115} INFO - [2022-09-16T07:55:56.723+0000] {dag.py:2429} INFO - Sync 2 DAGs
[2022-09-16T07:55:56.738+0000] {logging_mixin.py:115} INFO - [2022-09-16T07:55:56.738+0000] {dag.py:2981} INFO - Setting next_dagrun for example_external_task_marker_child to None, run_after=None
[2022-09-16T07:55:56.738+0000] {logging_mixin.py:115} INFO - [2022-09-16T07:55:56.738+0000] {dag.py:2981} INFO - Setting next_dagrun for example_external_task_marker_parent to None, run_after=None
[2022-09-16T07:55:56.748+0000] {processor.py:161} INFO - Processing /home/airflow/.local/lib/python3.7/site-packages/airflow/example_dags/example_external_task_marker_dag.py took 0.185 seconds
[2022-09-16T07:56:27.168+0000] {processor.py:153} INFO - Started process (PID=461) to work on /home/airflow/.local/lib/python3.7/site-packages/airflow/example_dags/example_external_task_marker_dag.py
[2022-09-16T07:56:27.169+0000] {processor.py:640} INFO - Processing file /home/airflow/.local/lib/python3.7/site-packages/airflow/example_dags/example_external_task_marker_dag.py for tasks to queue
[2022-09-16T07:56:27.169+0000] {logging_mixin.py:115} INFO - [2022-09-16T07:56:27.169+0000] {dagbag.py:508} INFO - Filling up the DagBag from /home/airflow/.local/lib/python3.7/site-packages/airflow/example_dags/example_external_task_marker_dag.py
[2022-09-16T07:56:27.172+0000] {processor.py:650} INFO - DAG(s) dict_keys(['example_external_task_marker_parent', 'example_external_task_marker_child']) retrieved from /home/airflow/.local/lib/python3.7/site-packages/airflow/example_dags/example_external_task_marker_dag.py
[2022-09-16T07:56:27.328+0000] {logging_mixin.py:115} INFO - [2022-09-16T07:56:27.328+0000] {dag.py:2429} INFO - Sync 2 DAGs
[2022-09-16T07:56:27.344+0000] {logging_mixin.py:115} INFO - [2022-09-16T07:56:27.344+0000] {dag.py:2981} INFO - Setting next_dagrun for example_external_task_marker_child to None, run_after=None
[2022-09-16T07:56:27.344+0000] {logging_mixin.py:115} INFO - [2022-09-16T07:56:27.344+0000] {dag.py:2981} INFO - Setting next_dagrun for example_external_task_marker_parent to None, run_after=None
[2022-09-16T07:56:27.354+0000] {processor.py:161} INFO - Processing /home/airflow/.local/lib/python3.7/site-packages/airflow/example_dags/example_external_task_marker_dag.py took 0.187 seconds
[2022-09-16T07:56:57.871+0000] {processor.py:153} INFO - Started process (PID=523) to work on /home/airflow/.local/lib/python3.7/site-packages/airflow/example_dags/example_external_task_marker_dag.py
[2022-09-16T07:56:57.872+0000] {processor.py:640} INFO - Processing file /home/airflow/.local/lib/python3.7/site-packages/airflow/example_dags/example_external_task_marker_dag.py for tasks to queue
[2022-09-16T07:56:57.872+0000] {logging_mixin.py:115} INFO - [2022-09-16T07:56:57.872+0000] {dagbag.py:508} INFO - Filling up the DagBag from /home/airflow/.local/lib/python3.7/site-packages/airflow/example_dags/example_external_task_marker_dag.py
[2022-09-16T07:56:57.875+0000] {processor.py:650} INFO - DAG(s) dict_keys(['example_external_task_marker_parent', 'example_external_task_marker_child']) retrieved from /home/airflow/.local/lib/python3.7/site-packages/airflow/example_dags/example_external_task_marker_dag.py
[2022-09-16T07:56:58.039+0000] {logging_mixin.py:115} INFO - [2022-09-16T07:56:58.039+0000] {dag.py:2429} INFO - Sync 2 DAGs
[2022-09-16T07:56:58.057+0000] {logging_mixin.py:115} INFO - [2022-09-16T07:56:58.057+0000] {dag.py:2981} INFO - Setting next_dagrun for example_external_task_marker_child to None, run_after=None
[2022-09-16T07:56:58.057+0000] {logging_mixin.py:115} INFO - [2022-09-16T07:56:58.057+0000] {dag.py:2981} INFO - Setting next_dagrun for example_external_task_marker_parent to None, run_after=None
[2022-09-16T07:56:58.067+0000] {processor.py:161} INFO - Processing /home/airflow/.local/lib/python3.7/site-packages/airflow/example_dags/example_external_task_marker_dag.py took 0.198 seconds
[2022-09-16T07:57:28.426+0000] {processor.py:153} INFO - Started process (PID=585) to work on /home/airflow/.local/lib/python3.7/site-packages/airflow/example_dags/example_external_task_marker_dag.py
[2022-09-16T07:57:28.426+0000] {processor.py:640} INFO - Processing file /home/airflow/.local/lib/python3.7/site-packages/airflow/example_dags/example_external_task_marker_dag.py for tasks to queue
[2022-09-16T07:57:28.427+0000] {logging_mixin.py:115} INFO - [2022-09-16T07:57:28.427+0000] {dagbag.py:508} INFO - Filling up the DagBag from /home/airflow/.local/lib/python3.7/site-packages/airflow/example_dags/example_external_task_marker_dag.py
[2022-09-16T07:57:28.429+0000] {processor.py:650} INFO - DAG(s) dict_keys(['example_external_task_marker_parent', 'example_external_task_marker_child']) retrieved from /home/airflow/.local/lib/python3.7/site-packages/airflow/example_dags/example_external_task_marker_dag.py
[2022-09-16T07:57:28.586+0000] {logging_mixin.py:115} INFO - [2022-09-16T07:57:28.586+0000] {dag.py:2429} INFO - Sync 2 DAGs
[2022-09-16T07:57:28.602+0000] {logging_mixin.py:115} INFO - [2022-09-16T07:57:28.602+0000] {dag.py:2981} INFO - Setting next_dagrun for example_external_task_marker_child to None, run_after=None
[2022-09-16T07:57:28.602+0000] {logging_mixin.py:115} INFO - [2022-09-16T07:57:28.602+0000] {dag.py:2981} INFO - Setting next_dagrun for example_external_task_marker_parent to None, run_after=None
[2022-09-16T07:57:28.612+0000] {processor.py:161} INFO - Processing /home/airflow/.local/lib/python3.7/site-packages/airflow/example_dags/example_external_task_marker_dag.py took 0.188 seconds
[2022-09-16T07:58:43.379+0000] {processor.py:153} INFO - Started process (PID=79) to work on /home/airflow/.local/lib/python3.7/site-packages/airflow/example_dags/example_external_task_marker_dag.py
[2022-09-16T07:58:43.380+0000] {processor.py:640} INFO - Processing file /home/airflow/.local/lib/python3.7/site-packages/airflow/example_dags/example_external_task_marker_dag.py for tasks to queue
[2022-09-16T07:58:43.380+0000] {logging_mixin.py:115} INFO - [2022-09-16T07:58:43.380+0000] {dagbag.py:508} INFO - Filling up the DagBag from /home/airflow/.local/lib/python3.7/site-packages/airflow/example_dags/example_external_task_marker_dag.py
[2022-09-16T07:58:43.384+0000] {processor.py:650} INFO - DAG(s) dict_keys(['example_external_task_marker_parent', 'example_external_task_marker_child']) retrieved from /home/airflow/.local/lib/python3.7/site-packages/airflow/example_dags/example_external_task_marker_dag.py
[2022-09-16T07:58:43.558+0000] {logging_mixin.py:115} INFO - [2022-09-16T07:58:43.558+0000] {dag.py:2429} INFO - Sync 2 DAGs
[2022-09-16T07:58:43.579+0000] {logging_mixin.py:115} INFO - [2022-09-16T07:58:43.578+0000] {dag.py:2981} INFO - Setting next_dagrun for example_external_task_marker_child to None, run_after=None
[2022-09-16T07:58:43.579+0000] {logging_mixin.py:115} INFO - [2022-09-16T07:58:43.579+0000] {dag.py:2981} INFO - Setting next_dagrun for example_external_task_marker_parent to None, run_after=None
[2022-09-16T07:58:43.589+0000] {processor.py:161} INFO - Processing /home/airflow/.local/lib/python3.7/site-packages/airflow/example_dags/example_external_task_marker_dag.py took 0.212 seconds
[2022-09-16T07:59:14.526+0000] {processor.py:153} INFO - Started process (PID=141) to work on /home/airflow/.local/lib/python3.7/site-packages/airflow/example_dags/example_external_task_marker_dag.py
[2022-09-16T07:59:14.527+0000] {processor.py:640} INFO - Processing file /home/airflow/.local/lib/python3.7/site-packages/airflow/example_dags/example_external_task_marker_dag.py for tasks to queue
[2022-09-16T07:59:14.528+0000] {logging_mixin.py:115} INFO - [2022-09-16T07:59:14.528+0000] {dagbag.py:508} INFO - Filling up the DagBag from /home/airflow/.local/lib/python3.7/site-packages/airflow/example_dags/example_external_task_marker_dag.py
[2022-09-16T07:59:14.531+0000] {processor.py:650} INFO - DAG(s) dict_keys(['example_external_task_marker_parent', 'example_external_task_marker_child']) retrieved from /home/airflow/.local/lib/python3.7/site-packages/airflow/example_dags/example_external_task_marker_dag.py
[2022-09-16T07:59:14.741+0000] {logging_mixin.py:115} INFO - [2022-09-16T07:59:14.740+0000] {dag.py:2429} INFO - Sync 2 DAGs
[2022-09-16T07:59:14.757+0000] {logging_mixin.py:115} INFO - [2022-09-16T07:59:14.757+0000] {dag.py:2981} INFO - Setting next_dagrun for example_external_task_marker_child to None, run_after=None
[2022-09-16T07:59:14.758+0000] {logging_mixin.py:115} INFO - [2022-09-16T07:59:14.758+0000] {dag.py:2981} INFO - Setting next_dagrun for example_external_task_marker_parent to None, run_after=None
[2022-09-16T07:59:14.768+0000] {processor.py:161} INFO - Processing /home/airflow/.local/lib/python3.7/site-packages/airflow/example_dags/example_external_task_marker_dag.py took 0.244 seconds
[2022-09-16T07:59:45.481+0000] {processor.py:153} INFO - Started process (PID=194) to work on /home/airflow/.local/lib/python3.7/site-packages/airflow/example_dags/example_external_task_marker_dag.py
[2022-09-16T07:59:45.481+0000] {processor.py:640} INFO - Processing file /home/airflow/.local/lib/python3.7/site-packages/airflow/example_dags/example_external_task_marker_dag.py for tasks to queue
[2022-09-16T07:59:45.481+0000] {logging_mixin.py:115} INFO - [2022-09-16T07:59:45.481+0000] {dagbag.py:508} INFO - Filling up the DagBag from /home/airflow/.local/lib/python3.7/site-packages/airflow/example_dags/example_external_task_marker_dag.py
[2022-09-16T07:59:45.484+0000] {processor.py:650} INFO - DAG(s) dict_keys(['example_external_task_marker_parent', 'example_external_task_marker_child']) retrieved from /home/airflow/.local/lib/python3.7/site-packages/airflow/example_dags/example_external_task_marker_dag.py
[2022-09-16T07:59:45.647+0000] {logging_mixin.py:115} INFO - [2022-09-16T07:59:45.646+0000] {dag.py:2429} INFO - Sync 2 DAGs
[2022-09-16T07:59:45.663+0000] {logging_mixin.py:115} INFO - [2022-09-16T07:59:45.663+0000] {dag.py:2981} INFO - Setting next_dagrun for example_external_task_marker_child to None, run_after=None
[2022-09-16T07:59:45.663+0000] {logging_mixin.py:115} INFO - [2022-09-16T07:59:45.663+0000] {dag.py:2981} INFO - Setting next_dagrun for example_external_task_marker_parent to None, run_after=None
[2022-09-16T07:59:45.673+0000] {processor.py:161} INFO - Processing /home/airflow/.local/lib/python3.7/site-packages/airflow/example_dags/example_external_task_marker_dag.py took 0.194 seconds
[2022-09-16T08:00:16.258+0000] {processor.py:153} INFO - Started process (PID=256) to work on /home/airflow/.local/lib/python3.7/site-packages/airflow/example_dags/example_external_task_marker_dag.py
[2022-09-16T08:00:16.258+0000] {processor.py:640} INFO - Processing file /home/airflow/.local/lib/python3.7/site-packages/airflow/example_dags/example_external_task_marker_dag.py for tasks to queue
[2022-09-16T08:00:16.259+0000] {logging_mixin.py:115} INFO - [2022-09-16T08:00:16.259+0000] {dagbag.py:508} INFO - Filling up the DagBag from /home/airflow/.local/lib/python3.7/site-packages/airflow/example_dags/example_external_task_marker_dag.py
[2022-09-16T08:00:16.261+0000] {processor.py:650} INFO - DAG(s) dict_keys(['example_external_task_marker_parent', 'example_external_task_marker_child']) retrieved from /home/airflow/.local/lib/python3.7/site-packages/airflow/example_dags/example_external_task_marker_dag.py
[2022-09-16T08:00:16.428+0000] {logging_mixin.py:115} INFO - [2022-09-16T08:00:16.428+0000] {dag.py:2429} INFO - Sync 2 DAGs
[2022-09-16T08:00:16.445+0000] {logging_mixin.py:115} INFO - [2022-09-16T08:00:16.445+0000] {dag.py:2981} INFO - Setting next_dagrun for example_external_task_marker_child to None, run_after=None
[2022-09-16T08:00:16.445+0000] {logging_mixin.py:115} INFO - [2022-09-16T08:00:16.445+0000] {dag.py:2981} INFO - Setting next_dagrun for example_external_task_marker_parent to None, run_after=None
[2022-09-16T08:00:16.455+0000] {processor.py:161} INFO - Processing /home/airflow/.local/lib/python3.7/site-packages/airflow/example_dags/example_external_task_marker_dag.py took 0.199 seconds
[2022-09-16T08:00:47.190+0000] {processor.py:153} INFO - Started process (PID=318) to work on /home/airflow/.local/lib/python3.7/site-packages/airflow/example_dags/example_external_task_marker_dag.py
[2022-09-16T08:00:47.191+0000] {processor.py:640} INFO - Processing file /home/airflow/.local/lib/python3.7/site-packages/airflow/example_dags/example_external_task_marker_dag.py for tasks to queue
[2022-09-16T08:00:47.192+0000] {logging_mixin.py:115} INFO - [2022-09-16T08:00:47.191+0000] {dagbag.py:508} INFO - Filling up the DagBag from /home/airflow/.local/lib/python3.7/site-packages/airflow/example_dags/example_external_task_marker_dag.py
[2022-09-16T08:00:47.194+0000] {processor.py:650} INFO - DAG(s) dict_keys(['example_external_task_marker_parent', 'example_external_task_marker_child']) retrieved from /home/airflow/.local/lib/python3.7/site-packages/airflow/example_dags/example_external_task_marker_dag.py
[2022-09-16T08:00:47.385+0000] {logging_mixin.py:115} INFO - [2022-09-16T08:00:47.385+0000] {dag.py:2429} INFO - Sync 2 DAGs
[2022-09-16T08:00:47.402+0000] {logging_mixin.py:115} INFO - [2022-09-16T08:00:47.402+0000] {dag.py:2981} INFO - Setting next_dagrun for example_external_task_marker_child to None, run_after=None
[2022-09-16T08:00:47.402+0000] {logging_mixin.py:115} INFO - [2022-09-16T08:00:47.402+0000] {dag.py:2981} INFO - Setting next_dagrun for example_external_task_marker_parent to None, run_after=None
[2022-09-16T08:00:47.413+0000] {processor.py:161} INFO - Processing /home/airflow/.local/lib/python3.7/site-packages/airflow/example_dags/example_external_task_marker_dag.py took 0.224 seconds
[2022-09-16T08:01:18.202+0000] {processor.py:153} INFO - Started process (PID=380) to work on /home/airflow/.local/lib/python3.7/site-packages/airflow/example_dags/example_external_task_marker_dag.py
[2022-09-16T08:01:18.203+0000] {processor.py:640} INFO - Processing file /home/airflow/.local/lib/python3.7/site-packages/airflow/example_dags/example_external_task_marker_dag.py for tasks to queue
[2022-09-16T08:01:18.204+0000] {logging_mixin.py:115} INFO - [2022-09-16T08:01:18.204+0000] {dagbag.py:508} INFO - Filling up the DagBag from /home/airflow/.local/lib/python3.7/site-packages/airflow/example_dags/example_external_task_marker_dag.py
[2022-09-16T08:01:18.208+0000] {processor.py:650} INFO - DAG(s) dict_keys(['example_external_task_marker_parent', 'example_external_task_marker_child']) retrieved from /home/airflow/.local/lib/python3.7/site-packages/airflow/example_dags/example_external_task_marker_dag.py
[2022-09-16T08:01:18.395+0000] {logging_mixin.py:115} INFO - [2022-09-16T08:01:18.395+0000] {dag.py:2429} INFO - Sync 2 DAGs
[2022-09-16T08:01:18.413+0000] {logging_mixin.py:115} INFO - [2022-09-16T08:01:18.412+0000] {dag.py:2981} INFO - Setting next_dagrun for example_external_task_marker_child to None, run_after=None
[2022-09-16T08:01:18.413+0000] {logging_mixin.py:115} INFO - [2022-09-16T08:01:18.413+0000] {dag.py:2981} INFO - Setting next_dagrun for example_external_task_marker_parent to None, run_after=None
[2022-09-16T08:01:18.425+0000] {processor.py:161} INFO - Processing /home/airflow/.local/lib/python3.7/site-packages/airflow/example_dags/example_external_task_marker_dag.py took 0.225 seconds
[2022-09-16T08:01:48.461+0000] {processor.py:153} INFO - Started process (PID=434) to work on /home/airflow/.local/lib/python3.7/site-packages/airflow/example_dags/example_external_task_marker_dag.py
[2022-09-16T08:01:48.461+0000] {processor.py:640} INFO - Processing file /home/airflow/.local/lib/python3.7/site-packages/airflow/example_dags/example_external_task_marker_dag.py for tasks to queue
[2022-09-16T08:01:48.462+0000] {logging_mixin.py:115} INFO - [2022-09-16T08:01:48.462+0000] {dagbag.py:508} INFO - Filling up the DagBag from /home/airflow/.local/lib/python3.7/site-packages/airflow/example_dags/example_external_task_marker_dag.py
[2022-09-16T08:01:48.464+0000] {processor.py:650} INFO - DAG(s) dict_keys(['example_external_task_marker_parent', 'example_external_task_marker_child']) retrieved from /home/airflow/.local/lib/python3.7/site-packages/airflow/example_dags/example_external_task_marker_dag.py
[2022-09-16T08:01:48.626+0000] {logging_mixin.py:115} INFO - [2022-09-16T08:01:48.626+0000] {dag.py:2429} INFO - Sync 2 DAGs
[2022-09-16T08:01:48.644+0000] {logging_mixin.py:115} INFO - [2022-09-16T08:01:48.644+0000] {dag.py:2981} INFO - Setting next_dagrun for example_external_task_marker_child to None, run_after=None
[2022-09-16T08:01:48.644+0000] {logging_mixin.py:115} INFO - [2022-09-16T08:01:48.644+0000] {dag.py:2981} INFO - Setting next_dagrun for example_external_task_marker_parent to None, run_after=None
[2022-09-16T08:01:48.654+0000] {processor.py:161} INFO - Processing /home/airflow/.local/lib/python3.7/site-packages/airflow/example_dags/example_external_task_marker_dag.py took 0.195 seconds
[2022-09-16T08:02:18.732+0000] {processor.py:153} INFO - Started process (PID=499) to work on /home/airflow/.local/lib/python3.7/site-packages/airflow/example_dags/example_external_task_marker_dag.py
[2022-09-16T08:02:18.733+0000] {processor.py:640} INFO - Processing file /home/airflow/.local/lib/python3.7/site-packages/airflow/example_dags/example_external_task_marker_dag.py for tasks to queue
[2022-09-16T08:02:18.733+0000] {logging_mixin.py:115} INFO - [2022-09-16T08:02:18.733+0000] {dagbag.py:508} INFO - Filling up the DagBag from /home/airflow/.local/lib/python3.7/site-packages/airflow/example_dags/example_external_task_marker_dag.py
[2022-09-16T08:02:18.736+0000] {processor.py:650} INFO - DAG(s) dict_keys(['example_external_task_marker_parent', 'example_external_task_marker_child']) retrieved from /home/airflow/.local/lib/python3.7/site-packages/airflow/example_dags/example_external_task_marker_dag.py
[2022-09-16T08:02:18.908+0000] {logging_mixin.py:115} INFO - [2022-09-16T08:02:18.908+0000] {dag.py:2429} INFO - Sync 2 DAGs
[2022-09-16T08:02:18.924+0000] {logging_mixin.py:115} INFO - [2022-09-16T08:02:18.924+0000] {dag.py:2981} INFO - Setting next_dagrun for example_external_task_marker_child to None, run_after=None
[2022-09-16T08:02:18.924+0000] {logging_mixin.py:115} INFO - [2022-09-16T08:02:18.924+0000] {dag.py:2981} INFO - Setting next_dagrun for example_external_task_marker_parent to None, run_after=None
[2022-09-16T08:02:18.933+0000] {processor.py:161} INFO - Processing /home/airflow/.local/lib/python3.7/site-packages/airflow/example_dags/example_external_task_marker_dag.py took 0.203 seconds
[2022-09-16T08:02:49.025+0000] {processor.py:153} INFO - Started process (PID=563) to work on /home/airflow/.local/lib/python3.7/site-packages/airflow/example_dags/example_external_task_marker_dag.py
[2022-09-16T08:02:49.026+0000] {processor.py:640} INFO - Processing file /home/airflow/.local/lib/python3.7/site-packages/airflow/example_dags/example_external_task_marker_dag.py for tasks to queue
[2022-09-16T08:02:49.026+0000] {logging_mixin.py:115} INFO - [2022-09-16T08:02:49.026+0000] {dagbag.py:508} INFO - Filling up the DagBag from /home/airflow/.local/lib/python3.7/site-packages/airflow/example_dags/example_external_task_marker_dag.py
[2022-09-16T08:02:49.029+0000] {processor.py:650} INFO - DAG(s) dict_keys(['example_external_task_marker_parent', 'example_external_task_marker_child']) retrieved from /home/airflow/.local/lib/python3.7/site-packages/airflow/example_dags/example_external_task_marker_dag.py
[2022-09-16T08:02:49.188+0000] {logging_mixin.py:115} INFO - [2022-09-16T08:02:49.188+0000] {dag.py:2429} INFO - Sync 2 DAGs
[2022-09-16T08:02:49.204+0000] {logging_mixin.py:115} INFO - [2022-09-16T08:02:49.204+0000] {dag.py:2981} INFO - Setting next_dagrun for example_external_task_marker_child to None, run_after=None
[2022-09-16T08:02:49.205+0000] {logging_mixin.py:115} INFO - [2022-09-16T08:02:49.204+0000] {dag.py:2981} INFO - Setting next_dagrun for example_external_task_marker_parent to None, run_after=None
[2022-09-16T08:02:49.214+0000] {processor.py:161} INFO - Processing /home/airflow/.local/lib/python3.7/site-packages/airflow/example_dags/example_external_task_marker_dag.py took 0.191 seconds
[2022-09-16T08:03:19.251+0000] {processor.py:153} INFO - Started process (PID=617) to work on /home/airflow/.local/lib/python3.7/site-packages/airflow/example_dags/example_external_task_marker_dag.py
[2022-09-16T08:03:19.252+0000] {processor.py:640} INFO - Processing file /home/airflow/.local/lib/python3.7/site-packages/airflow/example_dags/example_external_task_marker_dag.py for tasks to queue
[2022-09-16T08:03:19.252+0000] {logging_mixin.py:115} INFO - [2022-09-16T08:03:19.252+0000] {dagbag.py:508} INFO - Filling up the DagBag from /home/airflow/.local/lib/python3.7/site-packages/airflow/example_dags/example_external_task_marker_dag.py
[2022-09-16T08:03:19.255+0000] {processor.py:650} INFO - DAG(s) dict_keys(['example_external_task_marker_parent', 'example_external_task_marker_child']) retrieved from /home/airflow/.local/lib/python3.7/site-packages/airflow/example_dags/example_external_task_marker_dag.py
[2022-09-16T08:03:19.419+0000] {logging_mixin.py:115} INFO - [2022-09-16T08:03:19.419+0000] {dag.py:2429} INFO - Sync 2 DAGs
[2022-09-16T08:03:19.435+0000] {logging_mixin.py:115} INFO - [2022-09-16T08:03:19.435+0000] {dag.py:2981} INFO - Setting next_dagrun for example_external_task_marker_child to None, run_after=None
[2022-09-16T08:03:19.435+0000] {logging_mixin.py:115} INFO - [2022-09-16T08:03:19.435+0000] {dag.py:2981} INFO - Setting next_dagrun for example_external_task_marker_parent to None, run_after=None
[2022-09-16T08:03:19.445+0000] {processor.py:161} INFO - Processing /home/airflow/.local/lib/python3.7/site-packages/airflow/example_dags/example_external_task_marker_dag.py took 0.196 seconds
[2022-09-16T08:04:02.124+0000] {processor.py:153} INFO - Started process (PID=61) to work on /home/airflow/.local/lib/python3.7/site-packages/airflow/example_dags/example_external_task_marker_dag.py
[2022-09-16T08:04:02.125+0000] {processor.py:640} INFO - Processing file /home/airflow/.local/lib/python3.7/site-packages/airflow/example_dags/example_external_task_marker_dag.py for tasks to queue
[2022-09-16T08:04:02.125+0000] {logging_mixin.py:115} INFO - [2022-09-16T08:04:02.125+0000] {dagbag.py:508} INFO - Filling up the DagBag from /home/airflow/.local/lib/python3.7/site-packages/airflow/example_dags/example_external_task_marker_dag.py
[2022-09-16T08:04:02.132+0000] {processor.py:650} INFO - DAG(s) dict_keys(['example_external_task_marker_parent', 'example_external_task_marker_child']) retrieved from /home/airflow/.local/lib/python3.7/site-packages/airflow/example_dags/example_external_task_marker_dag.py
[2022-09-16T08:04:02.365+0000] {logging_mixin.py:115} INFO - [2022-09-16T08:04:02.365+0000] {dag.py:2429} INFO - Sync 2 DAGs
[2022-09-16T08:04:02.383+0000] {logging_mixin.py:115} INFO - [2022-09-16T08:04:02.383+0000] {dag.py:2981} INFO - Setting next_dagrun for example_external_task_marker_child to None, run_after=None
[2022-09-16T08:04:02.384+0000] {logging_mixin.py:115} INFO - [2022-09-16T08:04:02.384+0000] {dag.py:2981} INFO - Setting next_dagrun for example_external_task_marker_parent to None, run_after=None
[2022-09-16T08:04:02.394+0000] {processor.py:161} INFO - Processing /home/airflow/.local/lib/python3.7/site-packages/airflow/example_dags/example_external_task_marker_dag.py took 0.273 seconds
[2022-09-16T08:04:32.463+0000] {processor.py:153} INFO - Started process (PID=122) to work on /home/airflow/.local/lib/python3.7/site-packages/airflow/example_dags/example_external_task_marker_dag.py
[2022-09-16T08:04:32.463+0000] {processor.py:640} INFO - Processing file /home/airflow/.local/lib/python3.7/site-packages/airflow/example_dags/example_external_task_marker_dag.py for tasks to queue
[2022-09-16T08:04:32.464+0000] {logging_mixin.py:115} INFO - [2022-09-16T08:04:32.464+0000] {dagbag.py:508} INFO - Filling up the DagBag from /home/airflow/.local/lib/python3.7/site-packages/airflow/example_dags/example_external_task_marker_dag.py
[2022-09-16T08:04:32.469+0000] {processor.py:650} INFO - DAG(s) dict_keys(['example_external_task_marker_parent', 'example_external_task_marker_child']) retrieved from /home/airflow/.local/lib/python3.7/site-packages/airflow/example_dags/example_external_task_marker_dag.py
[2022-09-16T08:04:32.661+0000] {logging_mixin.py:115} INFO - [2022-09-16T08:04:32.660+0000] {dag.py:2429} INFO - Sync 2 DAGs
[2022-09-16T08:04:32.679+0000] {logging_mixin.py:115} INFO - [2022-09-16T08:04:32.679+0000] {dag.py:2981} INFO - Setting next_dagrun for example_external_task_marker_child to None, run_after=None
[2022-09-16T08:04:32.679+0000] {logging_mixin.py:115} INFO - [2022-09-16T08:04:32.679+0000] {dag.py:2981} INFO - Setting next_dagrun for example_external_task_marker_parent to None, run_after=None
[2022-09-16T08:04:32.691+0000] {processor.py:161} INFO - Processing /home/airflow/.local/lib/python3.7/site-packages/airflow/example_dags/example_external_task_marker_dag.py took 0.231 seconds
[2022-09-16T08:06:39.906+0000] {processor.py:153} INFO - Started process (PID=61) to work on /home/airflow/.local/lib/python3.7/site-packages/airflow/example_dags/example_external_task_marker_dag.py
[2022-09-16T08:06:39.907+0000] {processor.py:640} INFO - Processing file /home/airflow/.local/lib/python3.7/site-packages/airflow/example_dags/example_external_task_marker_dag.py for tasks to queue
[2022-09-16T08:06:39.908+0000] {logging_mixin.py:115} INFO - [2022-09-16T08:06:39.908+0000] {dagbag.py:508} INFO - Filling up the DagBag from /home/airflow/.local/lib/python3.7/site-packages/airflow/example_dags/example_external_task_marker_dag.py
[2022-09-16T08:06:39.913+0000] {processor.py:650} INFO - DAG(s) dict_keys(['example_external_task_marker_parent', 'example_external_task_marker_child']) retrieved from /home/airflow/.local/lib/python3.7/site-packages/airflow/example_dags/example_external_task_marker_dag.py
[2022-09-16T08:06:40.130+0000] {logging_mixin.py:115} INFO - [2022-09-16T08:06:40.130+0000] {dag.py:2429} INFO - Sync 2 DAGs
[2022-09-16T08:06:40.154+0000] {logging_mixin.py:115} INFO - [2022-09-16T08:06:40.153+0000] {dag.py:2981} INFO - Setting next_dagrun for example_external_task_marker_child to None, run_after=None
[2022-09-16T08:06:40.154+0000] {logging_mixin.py:115} INFO - [2022-09-16T08:06:40.154+0000] {dag.py:2981} INFO - Setting next_dagrun for example_external_task_marker_parent to None, run_after=None
[2022-09-16T08:06:40.165+0000] {processor.py:161} INFO - Processing /home/airflow/.local/lib/python3.7/site-packages/airflow/example_dags/example_external_task_marker_dag.py took 0.261 seconds
[2022-09-16T08:08:03.447+0000] {processor.py:153} INFO - Started process (PID=60) to work on /home/airflow/.local/lib/python3.7/site-packages/airflow/example_dags/example_external_task_marker_dag.py
[2022-09-16T08:08:03.448+0000] {processor.py:640} INFO - Processing file /home/airflow/.local/lib/python3.7/site-packages/airflow/example_dags/example_external_task_marker_dag.py for tasks to queue
[2022-09-16T08:08:03.448+0000] {logging_mixin.py:115} INFO - [2022-09-16T08:08:03.448+0000] {dagbag.py:508} INFO - Filling up the DagBag from /home/airflow/.local/lib/python3.7/site-packages/airflow/example_dags/example_external_task_marker_dag.py
[2022-09-16T08:08:03.452+0000] {processor.py:650} INFO - DAG(s) dict_keys(['example_external_task_marker_parent', 'example_external_task_marker_child']) retrieved from /home/airflow/.local/lib/python3.7/site-packages/airflow/example_dags/example_external_task_marker_dag.py
[2022-09-16T08:08:03.675+0000] {logging_mixin.py:115} INFO - [2022-09-16T08:08:03.675+0000] {dag.py:2429} INFO - Sync 2 DAGs
[2022-09-16T08:08:03.700+0000] {logging_mixin.py:115} INFO - [2022-09-16T08:08:03.700+0000] {dag.py:2981} INFO - Setting next_dagrun for example_external_task_marker_child to None, run_after=None
[2022-09-16T08:08:03.700+0000] {logging_mixin.py:115} INFO - [2022-09-16T08:08:03.700+0000] {dag.py:2981} INFO - Setting next_dagrun for example_external_task_marker_parent to None, run_after=None
[2022-09-16T08:08:03.715+0000] {processor.py:161} INFO - Processing /home/airflow/.local/lib/python3.7/site-packages/airflow/example_dags/example_external_task_marker_dag.py took 0.270 seconds
[2022-09-16T08:10:13.049+0000] {processor.py:153} INFO - Started process (PID=61) to work on /home/airflow/.local/lib/python3.7/site-packages/airflow/example_dags/example_external_task_marker_dag.py
[2022-09-16T08:10:13.050+0000] {processor.py:640} INFO - Processing file /home/airflow/.local/lib/python3.7/site-packages/airflow/example_dags/example_external_task_marker_dag.py for tasks to queue
[2022-09-16T08:10:13.050+0000] {logging_mixin.py:115} INFO - [2022-09-16T08:10:13.050+0000] {dagbag.py:508} INFO - Filling up the DagBag from /home/airflow/.local/lib/python3.7/site-packages/airflow/example_dags/example_external_task_marker_dag.py
[2022-09-16T08:10:13.057+0000] {processor.py:650} INFO - DAG(s) dict_keys(['example_external_task_marker_parent', 'example_external_task_marker_child']) retrieved from /home/airflow/.local/lib/python3.7/site-packages/airflow/example_dags/example_external_task_marker_dag.py
[2022-09-16T08:10:13.284+0000] {logging_mixin.py:115} INFO - [2022-09-16T08:10:13.284+0000] {dag.py:2429} INFO - Sync 2 DAGs
[2022-09-16T08:10:13.304+0000] {logging_mixin.py:115} INFO - [2022-09-16T08:10:13.304+0000] {dag.py:2981} INFO - Setting next_dagrun for example_external_task_marker_child to None, run_after=None
[2022-09-16T08:10:13.305+0000] {logging_mixin.py:115} INFO - [2022-09-16T08:10:13.305+0000] {dag.py:2981} INFO - Setting next_dagrun for example_external_task_marker_parent to None, run_after=None
[2022-09-16T08:10:13.315+0000] {processor.py:161} INFO - Processing /home/airflow/.local/lib/python3.7/site-packages/airflow/example_dags/example_external_task_marker_dag.py took 0.269 seconds
[2022-09-16T08:10:44.153+0000] {processor.py:153} INFO - Started process (PID=123) to work on /home/airflow/.local/lib/python3.7/site-packages/airflow/example_dags/example_external_task_marker_dag.py
[2022-09-16T08:10:44.154+0000] {processor.py:640} INFO - Processing file /home/airflow/.local/lib/python3.7/site-packages/airflow/example_dags/example_external_task_marker_dag.py for tasks to queue
[2022-09-16T08:10:44.154+0000] {logging_mixin.py:115} INFO - [2022-09-16T08:10:44.154+0000] {dagbag.py:508} INFO - Filling up the DagBag from /home/airflow/.local/lib/python3.7/site-packages/airflow/example_dags/example_external_task_marker_dag.py
[2022-09-16T08:10:44.160+0000] {processor.py:650} INFO - DAG(s) dict_keys(['example_external_task_marker_parent', 'example_external_task_marker_child']) retrieved from /home/airflow/.local/lib/python3.7/site-packages/airflow/example_dags/example_external_task_marker_dag.py
[2022-09-16T08:10:44.337+0000] {logging_mixin.py:115} INFO - [2022-09-16T08:10:44.337+0000] {dag.py:2429} INFO - Sync 2 DAGs
[2022-09-16T08:10:44.357+0000] {logging_mixin.py:115} INFO - [2022-09-16T08:10:44.356+0000] {dag.py:2981} INFO - Setting next_dagrun for example_external_task_marker_child to None, run_after=None
[2022-09-16T08:10:44.357+0000] {logging_mixin.py:115} INFO - [2022-09-16T08:10:44.357+0000] {dag.py:2981} INFO - Setting next_dagrun for example_external_task_marker_parent to None, run_after=None
[2022-09-16T08:10:44.368+0000] {processor.py:161} INFO - Processing /home/airflow/.local/lib/python3.7/site-packages/airflow/example_dags/example_external_task_marker_dag.py took 0.218 seconds
[2022-09-16T08:13:51.200+0000] {processor.py:153} INFO - Started process (PID=93) to work on /home/airflow/.local/lib/python3.7/site-packages/airflow/example_dags/example_external_task_marker_dag.py
[2022-09-16T08:13:51.201+0000] {processor.py:640} INFO - Processing file /home/airflow/.local/lib/python3.7/site-packages/airflow/example_dags/example_external_task_marker_dag.py for tasks to queue
[2022-09-16T08:13:51.202+0000] {logging_mixin.py:115} INFO - [2022-09-16T08:13:51.202+0000] {dagbag.py:508} INFO - Filling up the DagBag from /home/airflow/.local/lib/python3.7/site-packages/airflow/example_dags/example_external_task_marker_dag.py
[2022-09-16T08:13:51.205+0000] {processor.py:650} INFO - DAG(s) dict_keys(['example_external_task_marker_parent', 'example_external_task_marker_child']) retrieved from /home/airflow/.local/lib/python3.7/site-packages/airflow/example_dags/example_external_task_marker_dag.py
[2022-09-16T08:13:51.379+0000] {logging_mixin.py:115} INFO - [2022-09-16T08:13:51.379+0000] {dag.py:2429} INFO - Sync 2 DAGs
[2022-09-16T08:13:51.397+0000] {logging_mixin.py:115} INFO - [2022-09-16T08:13:51.397+0000] {dag.py:2981} INFO - Setting next_dagrun for example_external_task_marker_child to None, run_after=None
[2022-09-16T08:13:51.398+0000] {logging_mixin.py:115} INFO - [2022-09-16T08:13:51.398+0000] {dag.py:2981} INFO - Setting next_dagrun for example_external_task_marker_parent to None, run_after=None
[2022-09-16T08:13:51.408+0000] {processor.py:161} INFO - Processing /home/airflow/.local/lib/python3.7/site-packages/airflow/example_dags/example_external_task_marker_dag.py took 0.210 seconds
[2022-09-16T08:15:35.956+0000] {processor.py:153} INFO - Started process (PID=61) to work on /home/airflow/.local/lib/python3.7/site-packages/airflow/example_dags/example_external_task_marker_dag.py
[2022-09-16T08:15:35.957+0000] {processor.py:640} INFO - Processing file /home/airflow/.local/lib/python3.7/site-packages/airflow/example_dags/example_external_task_marker_dag.py for tasks to queue
[2022-09-16T08:15:35.957+0000] {logging_mixin.py:115} INFO - [2022-09-16T08:15:35.957+0000] {dagbag.py:508} INFO - Filling up the DagBag from /home/airflow/.local/lib/python3.7/site-packages/airflow/example_dags/example_external_task_marker_dag.py
[2022-09-16T08:15:35.962+0000] {processor.py:650} INFO - DAG(s) dict_keys(['example_external_task_marker_parent', 'example_external_task_marker_child']) retrieved from /home/airflow/.local/lib/python3.7/site-packages/airflow/example_dags/example_external_task_marker_dag.py
[2022-09-16T08:15:36.142+0000] {logging_mixin.py:115} INFO - [2022-09-16T08:15:36.142+0000] {dag.py:2429} INFO - Sync 2 DAGs
[2022-09-16T08:15:36.161+0000] {logging_mixin.py:115} INFO - [2022-09-16T08:15:36.161+0000] {dag.py:2981} INFO - Setting next_dagrun for example_external_task_marker_child to None, run_after=None
[2022-09-16T08:15:36.161+0000] {logging_mixin.py:115} INFO - [2022-09-16T08:15:36.161+0000] {dag.py:2981} INFO - Setting next_dagrun for example_external_task_marker_parent to None, run_after=None
[2022-09-16T08:15:36.174+0000] {processor.py:161} INFO - Processing /home/airflow/.local/lib/python3.7/site-packages/airflow/example_dags/example_external_task_marker_dag.py took 0.220 seconds
[2022-09-16T08:18:33.896+0000] {processor.py:153} INFO - Started process (PID=104) to work on /home/airflow/.local/lib/python3.7/site-packages/airflow/example_dags/example_external_task_marker_dag.py
[2022-09-16T08:18:33.896+0000] {processor.py:640} INFO - Processing file /home/airflow/.local/lib/python3.7/site-packages/airflow/example_dags/example_external_task_marker_dag.py for tasks to queue
[2022-09-16T08:18:33.897+0000] {logging_mixin.py:115} INFO - [2022-09-16T08:18:33.897+0000] {dagbag.py:508} INFO - Filling up the DagBag from /home/airflow/.local/lib/python3.7/site-packages/airflow/example_dags/example_external_task_marker_dag.py
[2022-09-16T08:18:33.900+0000] {processor.py:650} INFO - DAG(s) dict_keys(['example_external_task_marker_parent', 'example_external_task_marker_child']) retrieved from /home/airflow/.local/lib/python3.7/site-packages/airflow/example_dags/example_external_task_marker_dag.py
[2022-09-16T08:18:34.070+0000] {logging_mixin.py:115} INFO - [2022-09-16T08:18:34.070+0000] {dag.py:2429} INFO - Sync 2 DAGs
[2022-09-16T08:18:34.086+0000] {logging_mixin.py:115} INFO - [2022-09-16T08:18:34.086+0000] {dag.py:2981} INFO - Setting next_dagrun for example_external_task_marker_child to None, run_after=None
[2022-09-16T08:18:34.086+0000] {logging_mixin.py:115} INFO - [2022-09-16T08:18:34.086+0000] {dag.py:2981} INFO - Setting next_dagrun for example_external_task_marker_parent to None, run_after=None
[2022-09-16T08:18:34.096+0000] {processor.py:161} INFO - Processing /home/airflow/.local/lib/python3.7/site-packages/airflow/example_dags/example_external_task_marker_dag.py took 0.203 seconds
[2022-09-16T08:19:04.963+0000] {processor.py:153} INFO - Started process (PID=166) to work on /home/airflow/.local/lib/python3.7/site-packages/airflow/example_dags/example_external_task_marker_dag.py
[2022-09-16T08:19:04.963+0000] {processor.py:640} INFO - Processing file /home/airflow/.local/lib/python3.7/site-packages/airflow/example_dags/example_external_task_marker_dag.py for tasks to queue
[2022-09-16T08:19:04.964+0000] {logging_mixin.py:115} INFO - [2022-09-16T08:19:04.964+0000] {dagbag.py:508} INFO - Filling up the DagBag from /home/airflow/.local/lib/python3.7/site-packages/airflow/example_dags/example_external_task_marker_dag.py
[2022-09-16T08:19:04.967+0000] {processor.py:650} INFO - DAG(s) dict_keys(['example_external_task_marker_parent', 'example_external_task_marker_child']) retrieved from /home/airflow/.local/lib/python3.7/site-packages/airflow/example_dags/example_external_task_marker_dag.py
[2022-09-16T08:19:05.201+0000] {logging_mixin.py:115} INFO - [2022-09-16T08:19:05.201+0000] {dag.py:2429} INFO - Sync 2 DAGs
[2022-09-16T08:19:05.218+0000] {logging_mixin.py:115} INFO - [2022-09-16T08:19:05.218+0000] {dag.py:2981} INFO - Setting next_dagrun for example_external_task_marker_child to None, run_after=None
[2022-09-16T08:19:05.219+0000] {logging_mixin.py:115} INFO - [2022-09-16T08:19:05.219+0000] {dag.py:2981} INFO - Setting next_dagrun for example_external_task_marker_parent to None, run_after=None
[2022-09-16T08:19:05.229+0000] {processor.py:161} INFO - Processing /home/airflow/.local/lib/python3.7/site-packages/airflow/example_dags/example_external_task_marker_dag.py took 0.269 seconds
