[2022-09-16T07:52:52.783+0000] {processor.py:153} INFO - Started process (PID=63) to work on /home/airflow/.local/lib/python3.7/site-packages/airflow/example_dags/tutorial.py
[2022-09-16T07:52:52.783+0000] {processor.py:640} INFO - Processing file /home/airflow/.local/lib/python3.7/site-packages/airflow/example_dags/tutorial.py for tasks to queue
[2022-09-16T07:52:52.784+0000] {logging_mixin.py:115} INFO - [2022-09-16T07:52:52.784+0000] {dagbag.py:508} INFO - Filling up the DagBag from /home/airflow/.local/lib/python3.7/site-packages/airflow/example_dags/tutorial.py
[2022-09-16T07:52:52.787+0000] {processor.py:650} INFO - DAG(s) dict_keys(['tutorial']) retrieved from /home/airflow/.local/lib/python3.7/site-packages/airflow/example_dags/tutorial.py
[2022-09-16T07:52:52.811+0000] {logging_mixin.py:115} INFO - [2022-09-16T07:52:52.811+0000] {dag.py:2429} INFO - Sync 1 DAGs
[2022-09-16T07:52:52.832+0000] {logging_mixin.py:115} INFO - [2022-09-16T07:52:52.832+0000] {dag.py:2981} INFO - Setting next_dagrun for tutorial to 2022-09-15T07:52:52.832230+00:00, run_after=2022-09-16T07:52:52.832230+00:00
[2022-09-16T07:52:52.844+0000] {processor.py:161} INFO - Processing /home/airflow/.local/lib/python3.7/site-packages/airflow/example_dags/tutorial.py took 0.063 seconds
[2022-09-16T07:53:23.594+0000] {processor.py:153} INFO - Started process (PID=124) to work on /home/airflow/.local/lib/python3.7/site-packages/airflow/example_dags/tutorial.py
[2022-09-16T07:53:23.595+0000] {processor.py:640} INFO - Processing file /home/airflow/.local/lib/python3.7/site-packages/airflow/example_dags/tutorial.py for tasks to queue
[2022-09-16T07:53:23.595+0000] {logging_mixin.py:115} INFO - [2022-09-16T07:53:23.595+0000] {dagbag.py:508} INFO - Filling up the DagBag from /home/airflow/.local/lib/python3.7/site-packages/airflow/example_dags/tutorial.py
[2022-09-16T07:53:23.598+0000] {processor.py:650} INFO - DAG(s) dict_keys(['tutorial']) retrieved from /home/airflow/.local/lib/python3.7/site-packages/airflow/example_dags/tutorial.py
[2022-09-16T07:53:23.615+0000] {logging_mixin.py:115} INFO - [2022-09-16T07:53:23.615+0000] {dag.py:2429} INFO - Sync 1 DAGs
[2022-09-16T07:53:23.631+0000] {logging_mixin.py:115} INFO - [2022-09-16T07:53:23.631+0000] {dag.py:2981} INFO - Setting next_dagrun for tutorial to 2022-09-15T07:53:23.631223+00:00, run_after=2022-09-16T07:53:23.631223+00:00
[2022-09-16T07:53:23.641+0000] {processor.py:161} INFO - Processing /home/airflow/.local/lib/python3.7/site-packages/airflow/example_dags/tutorial.py took 0.050 seconds
[2022-09-16T07:53:54.278+0000] {processor.py:153} INFO - Started process (PID=186) to work on /home/airflow/.local/lib/python3.7/site-packages/airflow/example_dags/tutorial.py
[2022-09-16T07:53:54.279+0000] {processor.py:640} INFO - Processing file /home/airflow/.local/lib/python3.7/site-packages/airflow/example_dags/tutorial.py for tasks to queue
[2022-09-16T07:53:54.279+0000] {logging_mixin.py:115} INFO - [2022-09-16T07:53:54.279+0000] {dagbag.py:508} INFO - Filling up the DagBag from /home/airflow/.local/lib/python3.7/site-packages/airflow/example_dags/tutorial.py
[2022-09-16T07:53:54.283+0000] {processor.py:650} INFO - DAG(s) dict_keys(['tutorial']) retrieved from /home/airflow/.local/lib/python3.7/site-packages/airflow/example_dags/tutorial.py
[2022-09-16T07:53:54.302+0000] {logging_mixin.py:115} INFO - [2022-09-16T07:53:54.302+0000] {dag.py:2429} INFO - Sync 1 DAGs
[2022-09-16T07:53:54.319+0000] {logging_mixin.py:115} INFO - [2022-09-16T07:53:54.319+0000] {dag.py:2981} INFO - Setting next_dagrun for tutorial to 2022-09-15T07:53:54.318971+00:00, run_after=2022-09-16T07:53:54.318971+00:00
[2022-09-16T07:53:54.329+0000] {processor.py:161} INFO - Processing /home/airflow/.local/lib/python3.7/site-packages/airflow/example_dags/tutorial.py took 0.052 seconds
[2022-09-16T07:54:25.129+0000] {processor.py:153} INFO - Started process (PID=248) to work on /home/airflow/.local/lib/python3.7/site-packages/airflow/example_dags/tutorial.py
[2022-09-16T07:54:25.131+0000] {processor.py:640} INFO - Processing file /home/airflow/.local/lib/python3.7/site-packages/airflow/example_dags/tutorial.py for tasks to queue
[2022-09-16T07:54:25.132+0000] {logging_mixin.py:115} INFO - [2022-09-16T07:54:25.132+0000] {dagbag.py:508} INFO - Filling up the DagBag from /home/airflow/.local/lib/python3.7/site-packages/airflow/example_dags/tutorial.py
[2022-09-16T07:54:25.136+0000] {processor.py:650} INFO - DAG(s) dict_keys(['tutorial']) retrieved from /home/airflow/.local/lib/python3.7/site-packages/airflow/example_dags/tutorial.py
[2022-09-16T07:54:25.161+0000] {logging_mixin.py:115} INFO - [2022-09-16T07:54:25.161+0000] {dag.py:2429} INFO - Sync 1 DAGs
[2022-09-16T07:54:25.184+0000] {logging_mixin.py:115} INFO - [2022-09-16T07:54:25.184+0000] {dag.py:2981} INFO - Setting next_dagrun for tutorial to 2022-09-15T07:54:25.184467+00:00, run_after=2022-09-16T07:54:25.184467+00:00
[2022-09-16T07:54:25.197+0000] {processor.py:161} INFO - Processing /home/airflow/.local/lib/python3.7/site-packages/airflow/example_dags/tutorial.py took 0.071 seconds
[2022-09-16T07:54:56.018+0000] {processor.py:153} INFO - Started process (PID=301) to work on /home/airflow/.local/lib/python3.7/site-packages/airflow/example_dags/tutorial.py
[2022-09-16T07:54:56.019+0000] {processor.py:640} INFO - Processing file /home/airflow/.local/lib/python3.7/site-packages/airflow/example_dags/tutorial.py for tasks to queue
[2022-09-16T07:54:56.019+0000] {logging_mixin.py:115} INFO - [2022-09-16T07:54:56.019+0000] {dagbag.py:508} INFO - Filling up the DagBag from /home/airflow/.local/lib/python3.7/site-packages/airflow/example_dags/tutorial.py
[2022-09-16T07:54:56.023+0000] {processor.py:650} INFO - DAG(s) dict_keys(['tutorial']) retrieved from /home/airflow/.local/lib/python3.7/site-packages/airflow/example_dags/tutorial.py
[2022-09-16T07:54:56.044+0000] {logging_mixin.py:115} INFO - [2022-09-16T07:54:56.043+0000] {dag.py:2429} INFO - Sync 1 DAGs
[2022-09-16T07:54:56.061+0000] {logging_mixin.py:115} INFO - [2022-09-16T07:54:56.060+0000] {dag.py:2981} INFO - Setting next_dagrun for tutorial to 2022-09-15T07:54:56.060647+00:00, run_after=2022-09-16T07:54:56.060647+00:00
[2022-09-16T07:54:56.070+0000] {processor.py:161} INFO - Processing /home/airflow/.local/lib/python3.7/site-packages/airflow/example_dags/tutorial.py took 0.055 seconds
[2022-09-16T07:55:26.753+0000] {processor.py:153} INFO - Started process (PID=363) to work on /home/airflow/.local/lib/python3.7/site-packages/airflow/example_dags/tutorial.py
[2022-09-16T07:55:26.754+0000] {processor.py:640} INFO - Processing file /home/airflow/.local/lib/python3.7/site-packages/airflow/example_dags/tutorial.py for tasks to queue
[2022-09-16T07:55:26.754+0000] {logging_mixin.py:115} INFO - [2022-09-16T07:55:26.754+0000] {dagbag.py:508} INFO - Filling up the DagBag from /home/airflow/.local/lib/python3.7/site-packages/airflow/example_dags/tutorial.py
[2022-09-16T07:55:26.758+0000] {processor.py:650} INFO - DAG(s) dict_keys(['tutorial']) retrieved from /home/airflow/.local/lib/python3.7/site-packages/airflow/example_dags/tutorial.py
[2022-09-16T07:55:26.776+0000] {logging_mixin.py:115} INFO - [2022-09-16T07:55:26.776+0000] {dag.py:2429} INFO - Sync 1 DAGs
[2022-09-16T07:55:26.793+0000] {logging_mixin.py:115} INFO - [2022-09-16T07:55:26.793+0000] {dag.py:2981} INFO - Setting next_dagrun for tutorial to 2022-09-15T07:55:26.792891+00:00, run_after=2022-09-16T07:55:26.792891+00:00
[2022-09-16T07:55:26.803+0000] {processor.py:161} INFO - Processing /home/airflow/.local/lib/python3.7/site-packages/airflow/example_dags/tutorial.py took 0.052 seconds
[2022-09-16T07:55:57.406+0000] {processor.py:153} INFO - Started process (PID=425) to work on /home/airflow/.local/lib/python3.7/site-packages/airflow/example_dags/tutorial.py
[2022-09-16T07:55:57.406+0000] {processor.py:640} INFO - Processing file /home/airflow/.local/lib/python3.7/site-packages/airflow/example_dags/tutorial.py for tasks to queue
[2022-09-16T07:55:57.407+0000] {logging_mixin.py:115} INFO - [2022-09-16T07:55:57.407+0000] {dagbag.py:508} INFO - Filling up the DagBag from /home/airflow/.local/lib/python3.7/site-packages/airflow/example_dags/tutorial.py
[2022-09-16T07:55:57.410+0000] {processor.py:650} INFO - DAG(s) dict_keys(['tutorial']) retrieved from /home/airflow/.local/lib/python3.7/site-packages/airflow/example_dags/tutorial.py
[2022-09-16T07:55:57.429+0000] {logging_mixin.py:115} INFO - [2022-09-16T07:55:57.429+0000] {dag.py:2429} INFO - Sync 1 DAGs
[2022-09-16T07:55:57.449+0000] {logging_mixin.py:115} INFO - [2022-09-16T07:55:57.449+0000] {dag.py:2981} INFO - Setting next_dagrun for tutorial to 2022-09-15T07:55:57.448923+00:00, run_after=2022-09-16T07:55:57.448923+00:00
[2022-09-16T07:55:57.459+0000] {processor.py:161} INFO - Processing /home/airflow/.local/lib/python3.7/site-packages/airflow/example_dags/tutorial.py took 0.056 seconds
[2022-09-16T07:56:27.962+0000] {processor.py:153} INFO - Started process (PID=486) to work on /home/airflow/.local/lib/python3.7/site-packages/airflow/example_dags/tutorial.py
[2022-09-16T07:56:27.963+0000] {processor.py:640} INFO - Processing file /home/airflow/.local/lib/python3.7/site-packages/airflow/example_dags/tutorial.py for tasks to queue
[2022-09-16T07:56:27.964+0000] {logging_mixin.py:115} INFO - [2022-09-16T07:56:27.964+0000] {dagbag.py:508} INFO - Filling up the DagBag from /home/airflow/.local/lib/python3.7/site-packages/airflow/example_dags/tutorial.py
[2022-09-16T07:56:27.968+0000] {processor.py:650} INFO - DAG(s) dict_keys(['tutorial']) retrieved from /home/airflow/.local/lib/python3.7/site-packages/airflow/example_dags/tutorial.py
[2022-09-16T07:56:27.986+0000] {logging_mixin.py:115} INFO - [2022-09-16T07:56:27.986+0000] {dag.py:2429} INFO - Sync 1 DAGs
[2022-09-16T07:56:28.005+0000] {logging_mixin.py:115} INFO - [2022-09-16T07:56:28.005+0000] {dag.py:2981} INFO - Setting next_dagrun for tutorial to 2022-09-15T07:56:28.005023+00:00, run_after=2022-09-16T07:56:28.005023+00:00
[2022-09-16T07:56:28.017+0000] {processor.py:161} INFO - Processing /home/airflow/.local/lib/python3.7/site-packages/airflow/example_dags/tutorial.py took 0.057 seconds
[2022-09-16T07:56:58.673+0000] {processor.py:153} INFO - Started process (PID=539) to work on /home/airflow/.local/lib/python3.7/site-packages/airflow/example_dags/tutorial.py
[2022-09-16T07:56:58.674+0000] {processor.py:640} INFO - Processing file /home/airflow/.local/lib/python3.7/site-packages/airflow/example_dags/tutorial.py for tasks to queue
[2022-09-16T07:56:58.675+0000] {logging_mixin.py:115} INFO - [2022-09-16T07:56:58.674+0000] {dagbag.py:508} INFO - Filling up the DagBag from /home/airflow/.local/lib/python3.7/site-packages/airflow/example_dags/tutorial.py
[2022-09-16T07:56:58.678+0000] {processor.py:650} INFO - DAG(s) dict_keys(['tutorial']) retrieved from /home/airflow/.local/lib/python3.7/site-packages/airflow/example_dags/tutorial.py
[2022-09-16T07:56:58.696+0000] {logging_mixin.py:115} INFO - [2022-09-16T07:56:58.696+0000] {dag.py:2429} INFO - Sync 1 DAGs
[2022-09-16T07:56:58.713+0000] {logging_mixin.py:115} INFO - [2022-09-16T07:56:58.713+0000] {dag.py:2981} INFO - Setting next_dagrun for tutorial to 2022-09-15T07:56:58.713368+00:00, run_after=2022-09-16T07:56:58.713368+00:00
[2022-09-16T07:56:58.723+0000] {processor.py:161} INFO - Processing /home/airflow/.local/lib/python3.7/site-packages/airflow/example_dags/tutorial.py took 0.052 seconds
[2022-09-16T07:57:29.106+0000] {processor.py:153} INFO - Started process (PID=601) to work on /home/airflow/.local/lib/python3.7/site-packages/airflow/example_dags/tutorial.py
[2022-09-16T07:57:29.107+0000] {processor.py:640} INFO - Processing file /home/airflow/.local/lib/python3.7/site-packages/airflow/example_dags/tutorial.py for tasks to queue
[2022-09-16T07:57:29.108+0000] {logging_mixin.py:115} INFO - [2022-09-16T07:57:29.107+0000] {dagbag.py:508} INFO - Filling up the DagBag from /home/airflow/.local/lib/python3.7/site-packages/airflow/example_dags/tutorial.py
[2022-09-16T07:57:29.111+0000] {processor.py:650} INFO - DAG(s) dict_keys(['tutorial']) retrieved from /home/airflow/.local/lib/python3.7/site-packages/airflow/example_dags/tutorial.py
[2022-09-16T07:57:29.128+0000] {logging_mixin.py:115} INFO - [2022-09-16T07:57:29.128+0000] {dag.py:2429} INFO - Sync 1 DAGs
[2022-09-16T07:57:29.152+0000] {logging_mixin.py:115} INFO - [2022-09-16T07:57:29.152+0000] {dag.py:2981} INFO - Setting next_dagrun for tutorial to 2022-09-15T07:57:29.152103+00:00, run_after=2022-09-16T07:57:29.152103+00:00
[2022-09-16T07:57:29.166+0000] {processor.py:161} INFO - Processing /home/airflow/.local/lib/python3.7/site-packages/airflow/example_dags/tutorial.py took 0.062 seconds
[2022-09-16T07:58:44.338+0000] {processor.py:153} INFO - Started process (PID=95) to work on /home/airflow/.local/lib/python3.7/site-packages/airflow/example_dags/tutorial.py
[2022-09-16T07:58:44.339+0000] {processor.py:640} INFO - Processing file /home/airflow/.local/lib/python3.7/site-packages/airflow/example_dags/tutorial.py for tasks to queue
[2022-09-16T07:58:44.339+0000] {logging_mixin.py:115} INFO - [2022-09-16T07:58:44.339+0000] {dagbag.py:508} INFO - Filling up the DagBag from /home/airflow/.local/lib/python3.7/site-packages/airflow/example_dags/tutorial.py
[2022-09-16T07:58:44.343+0000] {processor.py:650} INFO - DAG(s) dict_keys(['tutorial']) retrieved from /home/airflow/.local/lib/python3.7/site-packages/airflow/example_dags/tutorial.py
[2022-09-16T07:58:44.361+0000] {logging_mixin.py:115} INFO - [2022-09-16T07:58:44.361+0000] {dag.py:2429} INFO - Sync 1 DAGs
[2022-09-16T07:58:44.377+0000] {logging_mixin.py:115} INFO - [2022-09-16T07:58:44.377+0000] {dag.py:2981} INFO - Setting next_dagrun for tutorial to 2022-09-15T07:58:44.377161+00:00, run_after=2022-09-16T07:58:44.377161+00:00
[2022-09-16T07:58:44.386+0000] {processor.py:161} INFO - Processing /home/airflow/.local/lib/python3.7/site-packages/airflow/example_dags/tutorial.py took 0.050 seconds
[2022-09-16T07:59:15.468+0000] {processor.py:153} INFO - Started process (PID=157) to work on /home/airflow/.local/lib/python3.7/site-packages/airflow/example_dags/tutorial.py
[2022-09-16T07:59:15.468+0000] {processor.py:640} INFO - Processing file /home/airflow/.local/lib/python3.7/site-packages/airflow/example_dags/tutorial.py for tasks to queue
[2022-09-16T07:59:15.469+0000] {logging_mixin.py:115} INFO - [2022-09-16T07:59:15.469+0000] {dagbag.py:508} INFO - Filling up the DagBag from /home/airflow/.local/lib/python3.7/site-packages/airflow/example_dags/tutorial.py
[2022-09-16T07:59:15.473+0000] {processor.py:650} INFO - DAG(s) dict_keys(['tutorial']) retrieved from /home/airflow/.local/lib/python3.7/site-packages/airflow/example_dags/tutorial.py
[2022-09-16T07:59:15.492+0000] {logging_mixin.py:115} INFO - [2022-09-16T07:59:15.491+0000] {dag.py:2429} INFO - Sync 1 DAGs
[2022-09-16T07:59:15.509+0000] {logging_mixin.py:115} INFO - [2022-09-16T07:59:15.509+0000] {dag.py:2981} INFO - Setting next_dagrun for tutorial to 2022-09-15T07:59:15.509311+00:00, run_after=2022-09-16T07:59:15.509311+00:00
[2022-09-16T07:59:15.519+0000] {processor.py:161} INFO - Processing /home/airflow/.local/lib/python3.7/site-packages/airflow/example_dags/tutorial.py took 0.053 seconds
[2022-09-16T07:59:46.272+0000] {processor.py:153} INFO - Started process (PID=210) to work on /home/airflow/.local/lib/python3.7/site-packages/airflow/example_dags/tutorial.py
[2022-09-16T07:59:46.272+0000] {processor.py:640} INFO - Processing file /home/airflow/.local/lib/python3.7/site-packages/airflow/example_dags/tutorial.py for tasks to queue
[2022-09-16T07:59:46.273+0000] {logging_mixin.py:115} INFO - [2022-09-16T07:59:46.273+0000] {dagbag.py:508} INFO - Filling up the DagBag from /home/airflow/.local/lib/python3.7/site-packages/airflow/example_dags/tutorial.py
[2022-09-16T07:59:46.276+0000] {processor.py:650} INFO - DAG(s) dict_keys(['tutorial']) retrieved from /home/airflow/.local/lib/python3.7/site-packages/airflow/example_dags/tutorial.py
[2022-09-16T07:59:46.295+0000] {logging_mixin.py:115} INFO - [2022-09-16T07:59:46.295+0000] {dag.py:2429} INFO - Sync 1 DAGs
[2022-09-16T07:59:46.313+0000] {logging_mixin.py:115} INFO - [2022-09-16T07:59:46.313+0000] {dag.py:2981} INFO - Setting next_dagrun for tutorial to 2022-09-15T07:59:46.313560+00:00, run_after=2022-09-16T07:59:46.313560+00:00
[2022-09-16T07:59:46.324+0000] {processor.py:161} INFO - Processing /home/airflow/.local/lib/python3.7/site-packages/airflow/example_dags/tutorial.py took 0.054 seconds
[2022-09-16T08:00:17.161+0000] {processor.py:153} INFO - Started process (PID=272) to work on /home/airflow/.local/lib/python3.7/site-packages/airflow/example_dags/tutorial.py
[2022-09-16T08:00:17.162+0000] {processor.py:640} INFO - Processing file /home/airflow/.local/lib/python3.7/site-packages/airflow/example_dags/tutorial.py for tasks to queue
[2022-09-16T08:00:17.162+0000] {logging_mixin.py:115} INFO - [2022-09-16T08:00:17.162+0000] {dagbag.py:508} INFO - Filling up the DagBag from /home/airflow/.local/lib/python3.7/site-packages/airflow/example_dags/tutorial.py
[2022-09-16T08:00:17.166+0000] {processor.py:650} INFO - DAG(s) dict_keys(['tutorial']) retrieved from /home/airflow/.local/lib/python3.7/site-packages/airflow/example_dags/tutorial.py
[2022-09-16T08:00:17.183+0000] {logging_mixin.py:115} INFO - [2022-09-16T08:00:17.183+0000] {dag.py:2429} INFO - Sync 1 DAGs
[2022-09-16T08:00:17.200+0000] {logging_mixin.py:115} INFO - [2022-09-16T08:00:17.200+0000] {dag.py:2981} INFO - Setting next_dagrun for tutorial to 2022-09-15T08:00:17.200215+00:00, run_after=2022-09-16T08:00:17.200215+00:00
[2022-09-16T08:00:17.210+0000] {processor.py:161} INFO - Processing /home/airflow/.local/lib/python3.7/site-packages/airflow/example_dags/tutorial.py took 0.051 seconds
[2022-09-16T08:00:48.070+0000] {processor.py:153} INFO - Started process (PID=334) to work on /home/airflow/.local/lib/python3.7/site-packages/airflow/example_dags/tutorial.py
[2022-09-16T08:00:48.071+0000] {processor.py:640} INFO - Processing file /home/airflow/.local/lib/python3.7/site-packages/airflow/example_dags/tutorial.py for tasks to queue
[2022-09-16T08:00:48.071+0000] {logging_mixin.py:115} INFO - [2022-09-16T08:00:48.071+0000] {dagbag.py:508} INFO - Filling up the DagBag from /home/airflow/.local/lib/python3.7/site-packages/airflow/example_dags/tutorial.py
[2022-09-16T08:00:48.074+0000] {processor.py:650} INFO - DAG(s) dict_keys(['tutorial']) retrieved from /home/airflow/.local/lib/python3.7/site-packages/airflow/example_dags/tutorial.py
[2022-09-16T08:00:48.093+0000] {logging_mixin.py:115} INFO - [2022-09-16T08:00:48.093+0000] {dag.py:2429} INFO - Sync 1 DAGs
[2022-09-16T08:00:48.112+0000] {logging_mixin.py:115} INFO - [2022-09-16T08:00:48.112+0000] {dag.py:2981} INFO - Setting next_dagrun for tutorial to 2022-09-15T08:00:48.111826+00:00, run_after=2022-09-16T08:00:48.111826+00:00
[2022-09-16T08:00:48.123+0000] {processor.py:161} INFO - Processing /home/airflow/.local/lib/python3.7/site-packages/airflow/example_dags/tutorial.py took 0.056 seconds
[2022-09-16T08:01:19.081+0000] {processor.py:153} INFO - Started process (PID=396) to work on /home/airflow/.local/lib/python3.7/site-packages/airflow/example_dags/tutorial.py
[2022-09-16T08:01:19.082+0000] {processor.py:640} INFO - Processing file /home/airflow/.local/lib/python3.7/site-packages/airflow/example_dags/tutorial.py for tasks to queue
[2022-09-16T08:01:19.082+0000] {logging_mixin.py:115} INFO - [2022-09-16T08:01:19.082+0000] {dagbag.py:508} INFO - Filling up the DagBag from /home/airflow/.local/lib/python3.7/site-packages/airflow/example_dags/tutorial.py
[2022-09-16T08:01:19.086+0000] {processor.py:650} INFO - DAG(s) dict_keys(['tutorial']) retrieved from /home/airflow/.local/lib/python3.7/site-packages/airflow/example_dags/tutorial.py
[2022-09-16T08:01:19.104+0000] {logging_mixin.py:115} INFO - [2022-09-16T08:01:19.104+0000] {dag.py:2429} INFO - Sync 1 DAGs
[2022-09-16T08:01:19.121+0000] {logging_mixin.py:115} INFO - [2022-09-16T08:01:19.121+0000] {dag.py:2981} INFO - Setting next_dagrun for tutorial to 2022-09-15T08:01:19.121270+00:00, run_after=2022-09-16T08:01:19.121270+00:00
[2022-09-16T08:01:19.131+0000] {processor.py:161} INFO - Processing /home/airflow/.local/lib/python3.7/site-packages/airflow/example_dags/tutorial.py took 0.052 seconds
[2022-09-16T08:01:50.138+0000] {processor.py:153} INFO - Started process (PID=449) to work on /home/airflow/.local/lib/python3.7/site-packages/airflow/example_dags/tutorial.py
[2022-09-16T08:01:50.139+0000] {processor.py:640} INFO - Processing file /home/airflow/.local/lib/python3.7/site-packages/airflow/example_dags/tutorial.py for tasks to queue
[2022-09-16T08:01:50.139+0000] {logging_mixin.py:115} INFO - [2022-09-16T08:01:50.139+0000] {dagbag.py:508} INFO - Filling up the DagBag from /home/airflow/.local/lib/python3.7/site-packages/airflow/example_dags/tutorial.py
[2022-09-16T08:01:50.143+0000] {processor.py:650} INFO - DAG(s) dict_keys(['tutorial']) retrieved from /home/airflow/.local/lib/python3.7/site-packages/airflow/example_dags/tutorial.py
[2022-09-16T08:01:50.161+0000] {logging_mixin.py:115} INFO - [2022-09-16T08:01:50.161+0000] {dag.py:2429} INFO - Sync 1 DAGs
[2022-09-16T08:01:50.180+0000] {logging_mixin.py:115} INFO - [2022-09-16T08:01:50.180+0000] {dag.py:2981} INFO - Setting next_dagrun for tutorial to 2022-09-15T08:01:50.179574+00:00, run_after=2022-09-16T08:01:50.179574+00:00
[2022-09-16T08:01:50.190+0000] {processor.py:161} INFO - Processing /home/airflow/.local/lib/python3.7/site-packages/airflow/example_dags/tutorial.py took 0.053 seconds
[2022-09-16T08:02:20.272+0000] {processor.py:153} INFO - Started process (PID=512) to work on /home/airflow/.local/lib/python3.7/site-packages/airflow/example_dags/tutorial.py
[2022-09-16T08:02:20.272+0000] {processor.py:640} INFO - Processing file /home/airflow/.local/lib/python3.7/site-packages/airflow/example_dags/tutorial.py for tasks to queue
[2022-09-16T08:02:20.273+0000] {logging_mixin.py:115} INFO - [2022-09-16T08:02:20.273+0000] {dagbag.py:508} INFO - Filling up the DagBag from /home/airflow/.local/lib/python3.7/site-packages/airflow/example_dags/tutorial.py
[2022-09-16T08:02:20.276+0000] {processor.py:650} INFO - DAG(s) dict_keys(['tutorial']) retrieved from /home/airflow/.local/lib/python3.7/site-packages/airflow/example_dags/tutorial.py
[2022-09-16T08:02:20.296+0000] {logging_mixin.py:115} INFO - [2022-09-16T08:02:20.296+0000] {dag.py:2429} INFO - Sync 1 DAGs
[2022-09-16T08:02:20.313+0000] {logging_mixin.py:115} INFO - [2022-09-16T08:02:20.313+0000] {dag.py:2981} INFO - Setting next_dagrun for tutorial to 2022-09-15T08:02:20.313298+00:00, run_after=2022-09-16T08:02:20.313298+00:00
[2022-09-16T08:02:20.323+0000] {processor.py:161} INFO - Processing /home/airflow/.local/lib/python3.7/site-packages/airflow/example_dags/tutorial.py took 0.053 seconds
[2022-09-16T08:02:50.526+0000] {processor.py:153} INFO - Started process (PID=574) to work on /home/airflow/.local/lib/python3.7/site-packages/airflow/example_dags/tutorial.py
[2022-09-16T08:02:50.526+0000] {processor.py:640} INFO - Processing file /home/airflow/.local/lib/python3.7/site-packages/airflow/example_dags/tutorial.py for tasks to queue
[2022-09-16T08:02:50.527+0000] {logging_mixin.py:115} INFO - [2022-09-16T08:02:50.527+0000] {dagbag.py:508} INFO - Filling up the DagBag from /home/airflow/.local/lib/python3.7/site-packages/airflow/example_dags/tutorial.py
[2022-09-16T08:02:50.531+0000] {processor.py:650} INFO - DAG(s) dict_keys(['tutorial']) retrieved from /home/airflow/.local/lib/python3.7/site-packages/airflow/example_dags/tutorial.py
[2022-09-16T08:02:50.549+0000] {logging_mixin.py:115} INFO - [2022-09-16T08:02:50.549+0000] {dag.py:2429} INFO - Sync 1 DAGs
[2022-09-16T08:02:50.566+0000] {logging_mixin.py:115} INFO - [2022-09-16T08:02:50.566+0000] {dag.py:2981} INFO - Setting next_dagrun for tutorial to 2022-09-15T08:02:50.565939+00:00, run_after=2022-09-16T08:02:50.565939+00:00
[2022-09-16T08:02:50.575+0000] {processor.py:161} INFO - Processing /home/airflow/.local/lib/python3.7/site-packages/airflow/example_dags/tutorial.py took 0.051 seconds
[2022-09-16T08:03:20.748+0000] {processor.py:153} INFO - Started process (PID=627) to work on /home/airflow/.local/lib/python3.7/site-packages/airflow/example_dags/tutorial.py
[2022-09-16T08:03:20.749+0000] {processor.py:640} INFO - Processing file /home/airflow/.local/lib/python3.7/site-packages/airflow/example_dags/tutorial.py for tasks to queue
[2022-09-16T08:03:20.749+0000] {logging_mixin.py:115} INFO - [2022-09-16T08:03:20.749+0000] {dagbag.py:508} INFO - Filling up the DagBag from /home/airflow/.local/lib/python3.7/site-packages/airflow/example_dags/tutorial.py
[2022-09-16T08:03:20.753+0000] {processor.py:650} INFO - DAG(s) dict_keys(['tutorial']) retrieved from /home/airflow/.local/lib/python3.7/site-packages/airflow/example_dags/tutorial.py
[2022-09-16T08:03:20.772+0000] {logging_mixin.py:115} INFO - [2022-09-16T08:03:20.771+0000] {dag.py:2429} INFO - Sync 1 DAGs
[2022-09-16T08:03:20.788+0000] {logging_mixin.py:115} INFO - [2022-09-16T08:03:20.788+0000] {dag.py:2981} INFO - Setting next_dagrun for tutorial to 2022-09-15T08:03:20.787800+00:00, run_after=2022-09-16T08:03:20.787800+00:00
[2022-09-16T08:03:20.797+0000] {processor.py:161} INFO - Processing /home/airflow/.local/lib/python3.7/site-packages/airflow/example_dags/tutorial.py took 0.051 seconds
[2022-09-16T08:04:03.245+0000] {processor.py:153} INFO - Started process (PID=77) to work on /home/airflow/.local/lib/python3.7/site-packages/airflow/example_dags/tutorial.py
[2022-09-16T08:04:03.246+0000] {processor.py:640} INFO - Processing file /home/airflow/.local/lib/python3.7/site-packages/airflow/example_dags/tutorial.py for tasks to queue
[2022-09-16T08:04:03.246+0000] {logging_mixin.py:115} INFO - [2022-09-16T08:04:03.246+0000] {dagbag.py:508} INFO - Filling up the DagBag from /home/airflow/.local/lib/python3.7/site-packages/airflow/example_dags/tutorial.py
[2022-09-16T08:04:03.253+0000] {processor.py:650} INFO - DAG(s) dict_keys(['tutorial']) retrieved from /home/airflow/.local/lib/python3.7/site-packages/airflow/example_dags/tutorial.py
[2022-09-16T08:04:03.274+0000] {logging_mixin.py:115} INFO - [2022-09-16T08:04:03.274+0000] {dag.py:2429} INFO - Sync 1 DAGs
[2022-09-16T08:04:03.295+0000] {logging_mixin.py:115} INFO - [2022-09-16T08:04:03.295+0000] {dag.py:2981} INFO - Setting next_dagrun for tutorial to 2022-09-15T08:04:03.294833+00:00, run_after=2022-09-16T08:04:03.294833+00:00
[2022-09-16T08:04:03.308+0000] {processor.py:161} INFO - Processing /home/airflow/.local/lib/python3.7/site-packages/airflow/example_dags/tutorial.py took 0.065 seconds
[2022-09-16T08:04:33.680+0000] {processor.py:153} INFO - Started process (PID=139) to work on /home/airflow/.local/lib/python3.7/site-packages/airflow/example_dags/tutorial.py
[2022-09-16T08:04:33.680+0000] {processor.py:640} INFO - Processing file /home/airflow/.local/lib/python3.7/site-packages/airflow/example_dags/tutorial.py for tasks to queue
[2022-09-16T08:04:33.681+0000] {logging_mixin.py:115} INFO - [2022-09-16T08:04:33.681+0000] {dagbag.py:508} INFO - Filling up the DagBag from /home/airflow/.local/lib/python3.7/site-packages/airflow/example_dags/tutorial.py
[2022-09-16T08:04:33.686+0000] {processor.py:650} INFO - DAG(s) dict_keys(['tutorial']) retrieved from /home/airflow/.local/lib/python3.7/site-packages/airflow/example_dags/tutorial.py
[2022-09-16T08:04:33.705+0000] {logging_mixin.py:115} INFO - [2022-09-16T08:04:33.705+0000] {dag.py:2429} INFO - Sync 1 DAGs
[2022-09-16T08:04:33.723+0000] {logging_mixin.py:115} INFO - [2022-09-16T08:04:33.722+0000] {dag.py:2981} INFO - Setting next_dagrun for tutorial to 2022-09-15T08:04:33.722750+00:00, run_after=2022-09-16T08:04:33.722750+00:00
[2022-09-16T08:04:33.732+0000] {processor.py:161} INFO - Processing /home/airflow/.local/lib/python3.7/site-packages/airflow/example_dags/tutorial.py took 0.054 seconds
[2022-09-16T08:06:41.003+0000] {processor.py:153} INFO - Started process (PID=77) to work on /home/airflow/.local/lib/python3.7/site-packages/airflow/example_dags/tutorial.py
[2022-09-16T08:06:41.003+0000] {processor.py:640} INFO - Processing file /home/airflow/.local/lib/python3.7/site-packages/airflow/example_dags/tutorial.py for tasks to queue
[2022-09-16T08:06:41.004+0000] {logging_mixin.py:115} INFO - [2022-09-16T08:06:41.004+0000] {dagbag.py:508} INFO - Filling up the DagBag from /home/airflow/.local/lib/python3.7/site-packages/airflow/example_dags/tutorial.py
[2022-09-16T08:06:41.010+0000] {processor.py:650} INFO - DAG(s) dict_keys(['tutorial']) retrieved from /home/airflow/.local/lib/python3.7/site-packages/airflow/example_dags/tutorial.py
[2022-09-16T08:06:41.028+0000] {logging_mixin.py:115} INFO - [2022-09-16T08:06:41.028+0000] {dag.py:2429} INFO - Sync 1 DAGs
[2022-09-16T08:06:41.046+0000] {logging_mixin.py:115} INFO - [2022-09-16T08:06:41.046+0000] {dag.py:2981} INFO - Setting next_dagrun for tutorial to 2022-09-15T08:06:41.045825+00:00, run_after=2022-09-16T08:06:41.045825+00:00
[2022-09-16T08:06:41.056+0000] {processor.py:161} INFO - Processing /home/airflow/.local/lib/python3.7/site-packages/airflow/example_dags/tutorial.py took 0.056 seconds
[2022-09-16T08:08:04.605+0000] {processor.py:153} INFO - Started process (PID=76) to work on /home/airflow/.local/lib/python3.7/site-packages/airflow/example_dags/tutorial.py
[2022-09-16T08:08:04.606+0000] {processor.py:640} INFO - Processing file /home/airflow/.local/lib/python3.7/site-packages/airflow/example_dags/tutorial.py for tasks to queue
[2022-09-16T08:08:04.607+0000] {logging_mixin.py:115} INFO - [2022-09-16T08:08:04.606+0000] {dagbag.py:508} INFO - Filling up the DagBag from /home/airflow/.local/lib/python3.7/site-packages/airflow/example_dags/tutorial.py
[2022-09-16T08:08:04.612+0000] {processor.py:650} INFO - DAG(s) dict_keys(['tutorial']) retrieved from /home/airflow/.local/lib/python3.7/site-packages/airflow/example_dags/tutorial.py
[2022-09-16T08:08:04.633+0000] {logging_mixin.py:115} INFO - [2022-09-16T08:08:04.633+0000] {dag.py:2429} INFO - Sync 1 DAGs
[2022-09-16T08:08:04.658+0000] {logging_mixin.py:115} INFO - [2022-09-16T08:08:04.658+0000] {dag.py:2981} INFO - Setting next_dagrun for tutorial to 2022-09-15T08:08:04.658246+00:00, run_after=2022-09-16T08:08:04.658246+00:00
[2022-09-16T08:08:04.671+0000] {processor.py:161} INFO - Processing /home/airflow/.local/lib/python3.7/site-packages/airflow/example_dags/tutorial.py took 0.068 seconds
[2022-09-16T08:10:14.142+0000] {processor.py:153} INFO - Started process (PID=77) to work on /home/airflow/.local/lib/python3.7/site-packages/airflow/example_dags/tutorial.py
[2022-09-16T08:10:14.143+0000] {processor.py:640} INFO - Processing file /home/airflow/.local/lib/python3.7/site-packages/airflow/example_dags/tutorial.py for tasks to queue
[2022-09-16T08:10:14.143+0000] {logging_mixin.py:115} INFO - [2022-09-16T08:10:14.143+0000] {dagbag.py:508} INFO - Filling up the DagBag from /home/airflow/.local/lib/python3.7/site-packages/airflow/example_dags/tutorial.py
[2022-09-16T08:10:14.150+0000] {processor.py:650} INFO - DAG(s) dict_keys(['tutorial']) retrieved from /home/airflow/.local/lib/python3.7/site-packages/airflow/example_dags/tutorial.py
[2022-09-16T08:10:14.171+0000] {logging_mixin.py:115} INFO - [2022-09-16T08:10:14.171+0000] {dag.py:2429} INFO - Sync 1 DAGs
[2022-09-16T08:10:14.195+0000] {logging_mixin.py:115} INFO - [2022-09-16T08:10:14.195+0000] {dag.py:2981} INFO - Setting next_dagrun for tutorial to 2022-09-15T08:10:14.195241+00:00, run_after=2022-09-16T08:10:14.195241+00:00
[2022-09-16T08:10:14.207+0000] {processor.py:161} INFO - Processing /home/airflow/.local/lib/python3.7/site-packages/airflow/example_dags/tutorial.py took 0.068 seconds
[2022-09-16T08:10:45.259+0000] {processor.py:153} INFO - Started process (PID=139) to work on /home/airflow/.local/lib/python3.7/site-packages/airflow/example_dags/tutorial.py
[2022-09-16T08:10:45.260+0000] {processor.py:640} INFO - Processing file /home/airflow/.local/lib/python3.7/site-packages/airflow/example_dags/tutorial.py for tasks to queue
[2022-09-16T08:10:45.260+0000] {logging_mixin.py:115} INFO - [2022-09-16T08:10:45.260+0000] {dagbag.py:508} INFO - Filling up the DagBag from /home/airflow/.local/lib/python3.7/site-packages/airflow/example_dags/tutorial.py
[2022-09-16T08:10:45.265+0000] {processor.py:650} INFO - DAG(s) dict_keys(['tutorial']) retrieved from /home/airflow/.local/lib/python3.7/site-packages/airflow/example_dags/tutorial.py
[2022-09-16T08:10:45.281+0000] {logging_mixin.py:115} INFO - [2022-09-16T08:10:45.281+0000] {dag.py:2429} INFO - Sync 1 DAGs
[2022-09-16T08:10:45.297+0000] {logging_mixin.py:115} INFO - [2022-09-16T08:10:45.297+0000] {dag.py:2981} INFO - Setting next_dagrun for tutorial to 2022-09-15T08:10:45.297531+00:00, run_after=2022-09-16T08:10:45.297531+00:00
[2022-09-16T08:10:45.307+0000] {processor.py:161} INFO - Processing /home/airflow/.local/lib/python3.7/site-packages/airflow/example_dags/tutorial.py took 0.049 seconds
[2022-09-16T08:13:52.276+0000] {processor.py:153} INFO - Started process (PID=109) to work on /home/airflow/.local/lib/python3.7/site-packages/airflow/example_dags/tutorial.py
[2022-09-16T08:13:52.277+0000] {processor.py:640} INFO - Processing file /home/airflow/.local/lib/python3.7/site-packages/airflow/example_dags/tutorial.py for tasks to queue
[2022-09-16T08:13:52.277+0000] {logging_mixin.py:115} INFO - [2022-09-16T08:13:52.277+0000] {dagbag.py:508} INFO - Filling up the DagBag from /home/airflow/.local/lib/python3.7/site-packages/airflow/example_dags/tutorial.py
[2022-09-16T08:13:52.282+0000] {processor.py:650} INFO - DAG(s) dict_keys(['tutorial']) retrieved from /home/airflow/.local/lib/python3.7/site-packages/airflow/example_dags/tutorial.py
[2022-09-16T08:13:52.301+0000] {logging_mixin.py:115} INFO - [2022-09-16T08:13:52.301+0000] {dag.py:2429} INFO - Sync 1 DAGs
[2022-09-16T08:13:52.319+0000] {logging_mixin.py:115} INFO - [2022-09-16T08:13:52.319+0000] {dag.py:2981} INFO - Setting next_dagrun for tutorial to 2022-09-15T08:13:52.319418+00:00, run_after=2022-09-16T08:13:52.319418+00:00
[2022-09-16T08:13:52.330+0000] {processor.py:161} INFO - Processing /home/airflow/.local/lib/python3.7/site-packages/airflow/example_dags/tutorial.py took 0.056 seconds
[2022-09-16T08:15:37.000+0000] {processor.py:153} INFO - Started process (PID=77) to work on /home/airflow/.local/lib/python3.7/site-packages/airflow/example_dags/tutorial.py
[2022-09-16T08:15:37.001+0000] {processor.py:640} INFO - Processing file /home/airflow/.local/lib/python3.7/site-packages/airflow/example_dags/tutorial.py for tasks to queue
[2022-09-16T08:15:37.001+0000] {logging_mixin.py:115} INFO - [2022-09-16T08:15:37.001+0000] {dagbag.py:508} INFO - Filling up the DagBag from /home/airflow/.local/lib/python3.7/site-packages/airflow/example_dags/tutorial.py
[2022-09-16T08:15:37.006+0000] {processor.py:650} INFO - DAG(s) dict_keys(['tutorial']) retrieved from /home/airflow/.local/lib/python3.7/site-packages/airflow/example_dags/tutorial.py
[2022-09-16T08:15:37.023+0000] {logging_mixin.py:115} INFO - [2022-09-16T08:15:37.023+0000] {dag.py:2429} INFO - Sync 1 DAGs
[2022-09-16T08:15:37.044+0000] {logging_mixin.py:115} INFO - [2022-09-16T08:15:37.044+0000] {dag.py:2981} INFO - Setting next_dagrun for tutorial to 2022-09-15T08:15:37.043769+00:00, run_after=2022-09-16T08:15:37.043769+00:00
[2022-09-16T08:15:37.056+0000] {processor.py:161} INFO - Processing /home/airflow/.local/lib/python3.7/site-packages/airflow/example_dags/tutorial.py took 0.058 seconds
[2022-09-16T08:18:34.909+0000] {processor.py:153} INFO - Started process (PID=129) to work on /home/airflow/.local/lib/python3.7/site-packages/airflow/example_dags/tutorial.py
[2022-09-16T08:18:34.914+0000] {processor.py:640} INFO - Processing file /home/airflow/.local/lib/python3.7/site-packages/airflow/example_dags/tutorial.py for tasks to queue
[2022-09-16T08:18:34.914+0000] {logging_mixin.py:115} INFO - [2022-09-16T08:18:34.914+0000] {dagbag.py:508} INFO - Filling up the DagBag from /home/airflow/.local/lib/python3.7/site-packages/airflow/example_dags/tutorial.py
[2022-09-16T08:18:34.920+0000] {processor.py:650} INFO - DAG(s) dict_keys(['tutorial']) retrieved from /home/airflow/.local/lib/python3.7/site-packages/airflow/example_dags/tutorial.py
[2022-09-16T08:18:34.945+0000] {logging_mixin.py:115} INFO - [2022-09-16T08:18:34.945+0000] {dag.py:2429} INFO - Sync 1 DAGs
[2022-09-16T08:18:34.964+0000] {logging_mixin.py:115} INFO - [2022-09-16T08:18:34.963+0000] {dag.py:2981} INFO - Setting next_dagrun for tutorial to 2022-09-15T08:18:34.963714+00:00, run_after=2022-09-16T08:18:34.963714+00:00
[2022-09-16T08:18:34.975+0000] {processor.py:161} INFO - Processing /home/airflow/.local/lib/python3.7/site-packages/airflow/example_dags/tutorial.py took 0.069 seconds
[2022-09-16T08:19:06.122+0000] {processor.py:153} INFO - Started process (PID=182) to work on /home/airflow/.local/lib/python3.7/site-packages/airflow/example_dags/tutorial.py
[2022-09-16T08:19:06.123+0000] {processor.py:640} INFO - Processing file /home/airflow/.local/lib/python3.7/site-packages/airflow/example_dags/tutorial.py for tasks to queue
[2022-09-16T08:19:06.124+0000] {logging_mixin.py:115} INFO - [2022-09-16T08:19:06.123+0000] {dagbag.py:508} INFO - Filling up the DagBag from /home/airflow/.local/lib/python3.7/site-packages/airflow/example_dags/tutorial.py
[2022-09-16T08:19:06.127+0000] {processor.py:650} INFO - DAG(s) dict_keys(['tutorial']) retrieved from /home/airflow/.local/lib/python3.7/site-packages/airflow/example_dags/tutorial.py
[2022-09-16T08:19:06.146+0000] {logging_mixin.py:115} INFO - [2022-09-16T08:19:06.146+0000] {dag.py:2429} INFO - Sync 1 DAGs
[2022-09-16T08:19:06.164+0000] {logging_mixin.py:115} INFO - [2022-09-16T08:19:06.164+0000] {dag.py:2981} INFO - Setting next_dagrun for tutorial to 2022-09-15T08:19:06.163850+00:00, run_after=2022-09-16T08:19:06.163850+00:00
[2022-09-16T08:19:06.175+0000] {processor.py:161} INFO - Processing /home/airflow/.local/lib/python3.7/site-packages/airflow/example_dags/tutorial.py took 0.055 seconds
