[2022-09-21T21:24:11.764+0000] {taskinstance.py:1171} INFO - Dependencies all met for <TaskInstance: match_assembler.odds_collector_task manual__2022-09-21T21:24:05.466070+00:00 [queued]>
[2022-09-21T21:24:11.771+0000] {taskinstance.py:1171} INFO - Dependencies all met for <TaskInstance: match_assembler.odds_collector_task manual__2022-09-21T21:24:05.466070+00:00 [queued]>
[2022-09-21T21:24:11.771+0000] {taskinstance.py:1368} INFO - 
--------------------------------------------------------------------------------
[2022-09-21T21:24:11.771+0000] {taskinstance.py:1369} INFO - Starting attempt 1 of 1
[2022-09-21T21:24:11.771+0000] {taskinstance.py:1370} INFO - 
--------------------------------------------------------------------------------
[2022-09-21T21:24:11.783+0000] {taskinstance.py:1389} INFO - Executing <Task(OddsCollectorOperator): odds_collector_task> on 2022-09-21 21:24:05.466070+00:00
[2022-09-21T21:24:11.788+0000] {standard_task_runner.py:52} INFO - Started process 203 to run task
[2022-09-21T21:24:11.789+0000] {standard_task_runner.py:79} INFO - Running: ['***', 'tasks', 'run', 'match_assembler', 'odds_collector_task', 'manual__2022-09-21T21:24:05.466070+00:00', '--job-id', '368', '--raw', '--subdir', 'DAGS_FOLDER/snitch/dag_builder.py', '--cfg-path', '/tmp/tmpk6gv7hs_', '--error-file', '/tmp/tmpe7mzy5m5']
[2022-09-21T21:24:11.790+0000] {standard_task_runner.py:80} INFO - Job 368: Subtask odds_collector_task
[2022-09-21T21:24:11.845+0000] {task_command.py:371} INFO - Running <TaskInstance: match_assembler.odds_collector_task manual__2022-09-21T21:24:05.466070+00:00 [running]> on host b54a50e1bd9a
[2022-09-21T21:24:11.903+0000] {taskinstance.py:1583} INFO - Exporting the following env vars:
AIRFLOW_CTX_DAG_EMAIL=bookly.beekly@gmail.com
AIRFLOW_CTX_DAG_OWNER=bookly
AIRFLOW_CTX_DAG_ID=match_assembler
AIRFLOW_CTX_TASK_ID=odds_collector_task
AIRFLOW_CTX_EXECUTION_DATE=2022-09-21T21:24:05.466070+00:00
AIRFLOW_CTX_TRY_NUMBER=1
AIRFLOW_CTX_DAG_RUN_ID=manual__2022-09-21T21:24:05.466070+00:00
[2022-09-21T21:24:11.910+0000] {log.py:148} INFO - Scrapy 2.6.2 started (bot: scrapybot)
[2022-09-21T21:24:11.910+0000] {logging_mixin.py:115} WARNING - 2022-09-21 21:24:11 [scrapy.utils.log] INFO: Scrapy 2.6.2 started (bot: scrapybot)
[2022-09-21T21:24:11.910+0000] {log.py:154} INFO - Versions: lxml 4.9.1.0, libxml2 2.9.14, cssselect 1.1.0, parsel 1.6.0, w3lib 2.0.1, Twisted 22.8.0, Python 3.7.13 (default, Aug 23 2022, 10:09:20) - [GCC 10.2.1 20210110], pyOpenSSL 22.0.0 (OpenSSL 1.1.1n  15 Mar 2022), cryptography 36.0.2, Platform Linux-5.15.0-47-generic-x86_64-with-debian-11.4
[2022-09-21T21:24:11.910+0000] {logging_mixin.py:115} WARNING - 2022-09-21 21:24:11 [scrapy.utils.log] INFO: Versions: lxml 4.9.1.0, libxml2 2.9.14, cssselect 1.1.0, parsel 1.6.0, w3lib 2.0.1, Twisted 22.8.0, Python 3.7.13 (default, Aug 23 2022, 10:09:20) - [GCC 10.2.1 20210110], pyOpenSSL 22.0.0 (OpenSSL 1.1.1n  15 Mar 2022), cryptography 36.0.2, Platform Linux-5.15.0-47-generic-x86_64-with-debian-11.4
[2022-09-21T21:24:11.913+0000] {crawler.py:61} INFO - Overridden settings:
{'CONCURRENT_REQUESTS': 1}
[2022-09-21T21:24:11.913+0000] {logging_mixin.py:115} WARNING - 2022-09-21 21:24:11 [scrapy.crawler] INFO: Overridden settings:
{'CONCURRENT_REQUESTS': 1}
[2022-09-21T21:24:11.915+0000] {log.py:159} DEBUG - Using reactor: twisted.internet.epollreactor.EPollReactor
[2022-09-21T21:24:11.915+0000] {logging_mixin.py:115} WARNING - 2022-09-21 21:24:11 [scrapy.utils.log] DEBUG: Using reactor: twisted.internet.epollreactor.EPollReactor
[2022-09-21T21:24:11.924+0000] {telnet.py:55} INFO - Telnet Password: 7f393f9e7251935b
[2022-09-21T21:24:11.924+0000] {logging_mixin.py:115} WARNING - 2022-09-21 21:24:11 [scrapy.extensions.telnet] INFO: Telnet Password: 7f393f9e7251935b
[2022-09-21T21:24:11.932+0000] {middleware.py:54} INFO - Enabled extensions:
['scrapy.extensions.corestats.CoreStats',
 'scrapy.extensions.telnet.TelnetConsole',
 'scrapy.extensions.memusage.MemoryUsage',
 'scrapy.extensions.logstats.LogStats']
[2022-09-21T21:24:11.932+0000] {logging_mixin.py:115} WARNING - 2022-09-21 21:24:11 [scrapy.middleware] INFO: Enabled extensions:
['scrapy.extensions.corestats.CoreStats',
 'scrapy.extensions.telnet.TelnetConsole',
 'scrapy.extensions.memusage.MemoryUsage',
 'scrapy.extensions.logstats.LogStats']
[2022-09-21T21:24:11.960+0000] {middleware.py:54} INFO - Enabled downloader middlewares:
['scrapy.downloadermiddlewares.httpauth.HttpAuthMiddleware',
 'scrapy.downloadermiddlewares.downloadtimeout.DownloadTimeoutMiddleware',
 'scrapy.downloadermiddlewares.defaultheaders.DefaultHeadersMiddleware',
 'scrapy.downloadermiddlewares.useragent.UserAgentMiddleware',
 'scrapy.downloadermiddlewares.retry.RetryMiddleware',
 'scrapy.downloadermiddlewares.redirect.MetaRefreshMiddleware',
 'scrapy.downloadermiddlewares.httpcompression.HttpCompressionMiddleware',
 'scrapy.downloadermiddlewares.redirect.RedirectMiddleware',
 'scrapy.downloadermiddlewares.cookies.CookiesMiddleware',
 'scrapy.downloadermiddlewares.httpproxy.HttpProxyMiddleware',
 'scrapy.downloadermiddlewares.stats.DownloaderStats']
[2022-09-21T21:24:11.960+0000] {logging_mixin.py:115} WARNING - 2022-09-21 21:24:11 [scrapy.middleware] INFO: Enabled downloader middlewares:
['scrapy.downloadermiddlewares.httpauth.HttpAuthMiddleware',
 'scrapy.downloadermiddlewares.downloadtimeout.DownloadTimeoutMiddleware',
 'scrapy.downloadermiddlewares.defaultheaders.DefaultHeadersMiddleware',
 'scrapy.downloadermiddlewares.useragent.UserAgentMiddleware',
 'scrapy.downloadermiddlewares.retry.RetryMiddleware',
 'scrapy.downloadermiddlewares.redirect.MetaRefreshMiddleware',
 'scrapy.downloadermiddlewares.httpcompression.HttpCompressionMiddleware',
 'scrapy.downloadermiddlewares.redirect.RedirectMiddleware',
 'scrapy.downloadermiddlewares.cookies.CookiesMiddleware',
 'scrapy.downloadermiddlewares.httpproxy.HttpProxyMiddleware',
 'scrapy.downloadermiddlewares.stats.DownloaderStats']
[2022-09-21T21:24:11.962+0000] {middleware.py:54} INFO - Enabled spider middlewares:
['scrapy.spidermiddlewares.httperror.HttpErrorMiddleware',
 'scrapy.spidermiddlewares.offsite.OffsiteMiddleware',
 'scrapy.spidermiddlewares.referer.RefererMiddleware',
 'scrapy.spidermiddlewares.urllength.UrlLengthMiddleware',
 'scrapy.spidermiddlewares.depth.DepthMiddleware']
[2022-09-21T21:24:11.962+0000] {logging_mixin.py:115} WARNING - 2022-09-21 21:24:11 [scrapy.middleware] INFO: Enabled spider middlewares:
['scrapy.spidermiddlewares.httperror.HttpErrorMiddleware',
 'scrapy.spidermiddlewares.offsite.OffsiteMiddleware',
 'scrapy.spidermiddlewares.referer.RefererMiddleware',
 'scrapy.spidermiddlewares.urllength.UrlLengthMiddleware',
 'scrapy.spidermiddlewares.depth.DepthMiddleware']
[2022-09-21T21:24:11.962+0000] {middleware.py:54} INFO - Enabled item pipelines:
[]
[2022-09-21T21:24:11.962+0000] {logging_mixin.py:115} WARNING - 2022-09-21 21:24:11 [scrapy.middleware] INFO: Enabled item pipelines:
[]
[2022-09-21T21:24:11.963+0000] {engine.py:316} INFO - Spider opened
[2022-09-21T21:24:11.963+0000] {logging_mixin.py:115} WARNING - 2022-09-21 21:24:11 [scrapy.core.engine] INFO: Spider opened
[2022-09-21T21:24:12.156+0000] {logstats.py:48} INFO - Crawled 0 pages (at 0 pages/min), scraped 0 items (at 0 items/min)
[2022-09-21T21:24:12.156+0000] {logging_mixin.py:115} WARNING - 2022-09-21 21:24:12 [scrapy.extensions.logstats] INFO: Crawled 0 pages (at 0 pages/min), scraped 0 items (at 0 items/min)
[2022-09-21T21:24:12.157+0000] {telnet.py:69} INFO - Telnet console listening on 127.0.0.1:6023
[2022-09-21T21:24:12.157+0000] {logging_mixin.py:115} WARNING - 2022-09-21 21:24:12 [scrapy.extensions.telnet] INFO: Telnet console listening on 127.0.0.1:6023
[2022-09-21T21:24:12.398+0000] {engine.py:294} DEBUG - Crawled (200) <GET http://www.flashscore.mobi/match/25QwjJwe/?d=3&s=5> (referer: None)
[2022-09-21T21:24:12.398+0000] {logging_mixin.py:115} WARNING - 2022-09-21 21:24:12 [scrapy.core.engine] DEBUG: Crawled (200) <GET http://www.flashscore.mobi/match/25QwjJwe/?d=3&s=5> (referer: None)
[2022-09-21T21:24:12.505+0000] {engine.py:294} DEBUG - Crawled (200) <GET http://www.flashscore.mobi/match/2ReZKKsn/?d=3&s=5> (referer: None)
[2022-09-21T21:24:12.506+0000] {logging_mixin.py:115} WARNING - 2022-09-21 21:24:12 [scrapy.core.engine] DEBUG: Crawled (200) <GET http://www.flashscore.mobi/match/2ReZKKsn/?d=3&s=5> (referer: None)
[2022-09-21T21:24:12.618+0000] {engine.py:294} DEBUG - Crawled (200) <GET http://www.flashscore.mobi/match/821wBKFK/?d=3&s=5> (referer: None)
[2022-09-21T21:24:12.618+0000] {logging_mixin.py:115} WARNING - 2022-09-21 21:24:12 [scrapy.core.engine] DEBUG: Crawled (200) <GET http://www.flashscore.mobi/match/821wBKFK/?d=3&s=5> (referer: None)
[2022-09-21T21:24:12.728+0000] {engine.py:294} DEBUG - Crawled (200) <GET http://www.flashscore.mobi/match/CjIJnaRt/?d=3&s=5> (referer: None)
[2022-09-21T21:24:12.728+0000] {logging_mixin.py:115} WARNING - 2022-09-21 21:24:12 [scrapy.core.engine] DEBUG: Crawled (200) <GET http://www.flashscore.mobi/match/CjIJnaRt/?d=3&s=5> (referer: None)
[2022-09-21T21:24:12.848+0000] {engine.py:294} DEBUG - Crawled (200) <GET http://www.flashscore.mobi/match/KtLrkwg1/?d=3&s=5> (referer: None)
[2022-09-21T21:24:12.849+0000] {logging_mixin.py:115} WARNING - 2022-09-21 21:24:12 [scrapy.core.engine] DEBUG: Crawled (200) <GET http://www.flashscore.mobi/match/KtLrkwg1/?d=3&s=5> (referer: None)
[2022-09-21T21:24:12.971+0000] {engine.py:294} DEBUG - Crawled (200) <GET http://www.flashscore.mobi/match/OERZjaOl/?d=3&s=5> (referer: None)
[2022-09-21T21:24:12.972+0000] {logging_mixin.py:115} WARNING - 2022-09-21 21:24:12 [scrapy.core.engine] DEBUG: Crawled (200) <GET http://www.flashscore.mobi/match/OERZjaOl/?d=3&s=5> (referer: None)
[2022-09-21T21:24:13.088+0000] {engine.py:294} DEBUG - Crawled (200) <GET http://www.flashscore.mobi/match/UiSViu9r/?d=3&s=5> (referer: None)
[2022-09-21T21:24:13.089+0000] {logging_mixin.py:115} WARNING - 2022-09-21 21:24:13 [scrapy.core.engine] DEBUG: Crawled (200) <GET http://www.flashscore.mobi/match/UiSViu9r/?d=3&s=5> (referer: None)
[2022-09-21T21:24:13.225+0000] {engine.py:294} DEBUG - Crawled (200) <GET http://www.flashscore.mobi/match/Y56Spwdg/?d=3&s=5> (referer: None)
[2022-09-21T21:24:13.226+0000] {logging_mixin.py:115} WARNING - 2022-09-21 21:24:13 [scrapy.core.engine] DEBUG: Crawled (200) <GET http://www.flashscore.mobi/match/Y56Spwdg/?d=3&s=5> (referer: None)
[2022-09-21T21:24:13.346+0000] {engine.py:294} DEBUG - Crawled (200) <GET http://www.flashscore.mobi/match/YPdfGddH/?d=3&s=5> (referer: None)
[2022-09-21T21:24:13.347+0000] {logging_mixin.py:115} WARNING - 2022-09-21 21:24:13 [scrapy.core.engine] DEBUG: Crawled (200) <GET http://www.flashscore.mobi/match/YPdfGddH/?d=3&s=5> (referer: None)
[2022-09-21T21:24:13.434+0000] {engine.py:294} DEBUG - Crawled (200) <GET http://www.flashscore.mobi/match/YqmebsWE/?d=3&s=5> (referer: None)
[2022-09-21T21:24:13.435+0000] {logging_mixin.py:115} WARNING - 2022-09-21 21:24:13 [scrapy.core.engine] DEBUG: Crawled (200) <GET http://www.flashscore.mobi/match/YqmebsWE/?d=3&s=5> (referer: None)
[2022-09-21T21:24:13.524+0000] {engine.py:294} DEBUG - Crawled (200) <GET http://www.flashscore.mobi/match/hGlnIIR4/?d=3&s=5> (referer: None)
[2022-09-21T21:24:13.525+0000] {logging_mixin.py:115} WARNING - 2022-09-21 21:24:13 [scrapy.core.engine] DEBUG: Crawled (200) <GET http://www.flashscore.mobi/match/hGlnIIR4/?d=3&s=5> (referer: None)
[2022-09-21T21:24:13.645+0000] {engine.py:294} DEBUG - Crawled (200) <GET http://www.flashscore.mobi/match/n9AWqcBa/?d=3&s=5> (referer: None)
[2022-09-21T21:24:13.646+0000] {logging_mixin.py:115} WARNING - 2022-09-21 21:24:13 [scrapy.core.engine] DEBUG: Crawled (200) <GET http://www.flashscore.mobi/match/n9AWqcBa/?d=3&s=5> (referer: None)
[2022-09-21T21:24:13.777+0000] {engine.py:294} DEBUG - Crawled (200) <GET http://www.flashscore.mobi/match/tW9zqHQ5/?d=3&s=5> (referer: None)
[2022-09-21T21:24:13.778+0000] {logging_mixin.py:115} WARNING - 2022-09-21 21:24:13 [scrapy.core.engine] DEBUG: Crawled (200) <GET http://www.flashscore.mobi/match/tW9zqHQ5/?d=3&s=5> (referer: None)
[2022-09-21T21:24:13.875+0000] {engine.py:294} DEBUG - Crawled (200) <GET http://www.flashscore.mobi/match/tj02EzRT/?d=3&s=5> (referer: None)
[2022-09-21T21:24:13.876+0000] {logging_mixin.py:115} WARNING - 2022-09-21 21:24:13 [scrapy.core.engine] DEBUG: Crawled (200) <GET http://www.flashscore.mobi/match/tj02EzRT/?d=3&s=5> (referer: None)
[2022-09-21T21:24:13.981+0000] {engine.py:361} INFO - Closing spider (finished)
[2022-09-21T21:24:13.981+0000] {logging_mixin.py:115} WARNING - 2022-09-21 21:24:13 [scrapy.core.engine] INFO: Closing spider (finished)
[2022-09-21T21:24:13.984+0000] {statscollectors.py:47} INFO - Dumping Scrapy stats:
{'downloader/request_bytes': 3388,
 'downloader/request_count': 14,
 'downloader/request_method_count/GET': 14,
 'downloader/response_bytes': 38640,
 'downloader/response_count': 14,
 'downloader/response_status_count/200': 14,
 'elapsed_time_seconds': 1.825446,
 'finish_reason': 'finished',
 'finish_time': datetime.datetime(2022, 9, 21, 21, 24, 13, 981758),
 'httpcompression/response_bytes': 80972,
 'httpcompression/response_count': 14,
 'log_count/DEBUG': 15,
 'log_count/INFO': 10,
 'memusage/max': 265244672,
 'memusage/startup': 265244672,
 'response_received_count': 14,
 'scheduler/dequeued': 14,
 'scheduler/dequeued/memory': 14,
 'scheduler/enqueued': 14,
 'scheduler/enqueued/memory': 14,
 'start_time': datetime.datetime(2022, 9, 21, 21, 24, 12, 156312)}
[2022-09-21T21:24:13.984+0000] {logging_mixin.py:115} WARNING - 2022-09-21 21:24:13 [scrapy.statscollectors] INFO: Dumping Scrapy stats:
{'downloader/request_bytes': 3388,
 'downloader/request_count': 14,
 'downloader/request_method_count/GET': 14,
 'downloader/response_bytes': 38640,
 'downloader/response_count': 14,
 'downloader/response_status_count/200': 14,
 'elapsed_time_seconds': 1.825446,
 'finish_reason': 'finished',
 'finish_time': datetime.datetime(2022, 9, 21, 21, 24, 13, 981758),
 'httpcompression/response_bytes': 80972,
 'httpcompression/response_count': 14,
 'log_count/DEBUG': 15,
 'log_count/INFO': 10,
 'memusage/max': 265244672,
 'memusage/startup': 265244672,
 'response_received_count': 14,
 'scheduler/dequeued': 14,
 'scheduler/dequeued/memory': 14,
 'scheduler/enqueued': 14,
 'scheduler/enqueued/memory': 14,
 'start_time': datetime.datetime(2022, 9, 21, 21, 24, 12, 156312)}
[2022-09-21T21:24:13.984+0000] {engine.py:388} INFO - Spider closed (finished)
[2022-09-21T21:24:13.984+0000] {logging_mixin.py:115} WARNING - 2022-09-21 21:24:13 [scrapy.core.engine] INFO: Spider closed (finished)
[2022-09-21T21:24:13.986+0000] {python.py:173} INFO - Done. Returned value was: None
[2022-09-21T21:24:13.995+0000] {taskinstance.py:1412} INFO - Marking task as SUCCESS. dag_id=match_assembler, task_id=odds_collector_task, execution_date=20220921T212405, start_date=20220921T212411, end_date=20220921T212413
[2022-09-21T21:24:14.047+0000] {local_task_job.py:156} INFO - Task exited with return code 0
[2022-09-21T21:24:14.139+0000] {local_task_job.py:279} INFO - 1 downstream tasks scheduled from follow-on schedule check
