[2022-09-20T06:52:55.279+0000] {taskinstance.py:1171} INFO - Dependencies all met for <TaskInstance: match_assembler.odds_collector_task scheduled__2022-09-18T00:05:00+00:00 [queued]>
[2022-09-20T06:52:55.286+0000] {taskinstance.py:1171} INFO - Dependencies all met for <TaskInstance: match_assembler.odds_collector_task scheduled__2022-09-18T00:05:00+00:00 [queued]>
[2022-09-20T06:52:55.286+0000] {taskinstance.py:1368} INFO - 
--------------------------------------------------------------------------------
[2022-09-20T06:52:55.287+0000] {taskinstance.py:1369} INFO - Starting attempt 1 of 1
[2022-09-20T06:52:55.287+0000] {taskinstance.py:1370} INFO - 
--------------------------------------------------------------------------------
[2022-09-20T06:52:55.299+0000] {taskinstance.py:1389} INFO - Executing <Task(OddsCollectorOperator): odds_collector_task> on 2022-09-18 00:05:00+00:00
[2022-09-20T06:52:55.302+0000] {standard_task_runner.py:52} INFO - Started process 86 to run task
[2022-09-20T06:52:55.304+0000] {standard_task_runner.py:79} INFO - Running: ['***', 'tasks', 'run', 'match_assembler', 'odds_collector_task', 'scheduled__2022-09-18T00:05:00+00:00', '--job-id', '350', '--raw', '--subdir', 'DAGS_FOLDER/snitch/dag_builder.py', '--cfg-path', '/tmp/tmpxwedos_b', '--error-file', '/tmp/tmpma37_tog']
[2022-09-20T06:52:55.305+0000] {standard_task_runner.py:80} INFO - Job 350: Subtask odds_collector_task
[2022-09-20T06:52:55.349+0000] {task_command.py:371} INFO - Running <TaskInstance: match_assembler.odds_collector_task scheduled__2022-09-18T00:05:00+00:00 [running]> on host 67276c1e1e3d
[2022-09-20T06:52:55.416+0000] {taskinstance.py:1583} INFO - Exporting the following env vars:
AIRFLOW_CTX_DAG_EMAIL=bookly.beekly@gmail.com
AIRFLOW_CTX_DAG_OWNER=bookly
AIRFLOW_CTX_DAG_ID=match_assembler
AIRFLOW_CTX_TASK_ID=odds_collector_task
AIRFLOW_CTX_EXECUTION_DATE=2022-09-18T00:05:00+00:00
AIRFLOW_CTX_TRY_NUMBER=1
AIRFLOW_CTX_DAG_RUN_ID=scheduled__2022-09-18T00:05:00+00:00
[2022-09-20T06:52:55.423+0000] {log.py:148} INFO - Scrapy 2.6.2 started (bot: scrapybot)
[2022-09-20T06:52:55.424+0000] {logging_mixin.py:115} WARNING - 2022-09-20 06:52:55 [scrapy.utils.log] INFO: Scrapy 2.6.2 started (bot: scrapybot)
[2022-09-20T06:52:55.424+0000] {log.py:154} INFO - Versions: lxml 4.9.1.0, libxml2 2.9.14, cssselect 1.1.0, parsel 1.6.0, w3lib 2.0.1, Twisted 22.8.0, Python 3.7.13 (default, Aug 23 2022, 10:09:20) - [GCC 10.2.1 20210110], pyOpenSSL 22.0.0 (OpenSSL 1.1.1n  15 Mar 2022), cryptography 36.0.2, Platform Linux-5.15.0-47-generic-x86_64-with-debian-11.4
[2022-09-20T06:52:55.424+0000] {logging_mixin.py:115} WARNING - 2022-09-20 06:52:55 [scrapy.utils.log] INFO: Versions: lxml 4.9.1.0, libxml2 2.9.14, cssselect 1.1.0, parsel 1.6.0, w3lib 2.0.1, Twisted 22.8.0, Python 3.7.13 (default, Aug 23 2022, 10:09:20) - [GCC 10.2.1 20210110], pyOpenSSL 22.0.0 (OpenSSL 1.1.1n  15 Mar 2022), cryptography 36.0.2, Platform Linux-5.15.0-47-generic-x86_64-with-debian-11.4
[2022-09-20T06:52:55.427+0000] {crawler.py:61} INFO - Overridden settings:
{'CONCURRENT_REQUESTS': 1}
[2022-09-20T06:52:55.427+0000] {logging_mixin.py:115} WARNING - 2022-09-20 06:52:55 [scrapy.crawler] INFO: Overridden settings:
{'CONCURRENT_REQUESTS': 1}
[2022-09-20T06:52:55.429+0000] {log.py:159} DEBUG - Using reactor: twisted.internet.epollreactor.EPollReactor
[2022-09-20T06:52:55.429+0000] {logging_mixin.py:115} WARNING - 2022-09-20 06:52:55 [scrapy.utils.log] DEBUG: Using reactor: twisted.internet.epollreactor.EPollReactor
[2022-09-20T06:52:55.440+0000] {telnet.py:55} INFO - Telnet Password: 4814ef10a7d0af26
[2022-09-20T06:52:55.441+0000] {logging_mixin.py:115} WARNING - 2022-09-20 06:52:55 [scrapy.extensions.telnet] INFO: Telnet Password: 4814ef10a7d0af26
[2022-09-20T06:52:55.451+0000] {middleware.py:54} INFO - Enabled extensions:
['scrapy.extensions.corestats.CoreStats',
 'scrapy.extensions.telnet.TelnetConsole',
 'scrapy.extensions.memusage.MemoryUsage',
 'scrapy.extensions.logstats.LogStats']
[2022-09-20T06:52:55.452+0000] {logging_mixin.py:115} WARNING - 2022-09-20 06:52:55 [scrapy.middleware] INFO: Enabled extensions:
['scrapy.extensions.corestats.CoreStats',
 'scrapy.extensions.telnet.TelnetConsole',
 'scrapy.extensions.memusage.MemoryUsage',
 'scrapy.extensions.logstats.LogStats']
[2022-09-20T06:52:55.496+0000] {middleware.py:54} INFO - Enabled downloader middlewares:
['scrapy.downloadermiddlewares.httpauth.HttpAuthMiddleware',
 'scrapy.downloadermiddlewares.downloadtimeout.DownloadTimeoutMiddleware',
 'scrapy.downloadermiddlewares.defaultheaders.DefaultHeadersMiddleware',
 'scrapy.downloadermiddlewares.useragent.UserAgentMiddleware',
 'scrapy.downloadermiddlewares.retry.RetryMiddleware',
 'scrapy.downloadermiddlewares.redirect.MetaRefreshMiddleware',
 'scrapy.downloadermiddlewares.httpcompression.HttpCompressionMiddleware',
 'scrapy.downloadermiddlewares.redirect.RedirectMiddleware',
 'scrapy.downloadermiddlewares.cookies.CookiesMiddleware',
 'scrapy.downloadermiddlewares.httpproxy.HttpProxyMiddleware',
 'scrapy.downloadermiddlewares.stats.DownloaderStats']
[2022-09-20T06:52:55.496+0000] {logging_mixin.py:115} WARNING - 2022-09-20 06:52:55 [scrapy.middleware] INFO: Enabled downloader middlewares:
['scrapy.downloadermiddlewares.httpauth.HttpAuthMiddleware',
 'scrapy.downloadermiddlewares.downloadtimeout.DownloadTimeoutMiddleware',
 'scrapy.downloadermiddlewares.defaultheaders.DefaultHeadersMiddleware',
 'scrapy.downloadermiddlewares.useragent.UserAgentMiddleware',
 'scrapy.downloadermiddlewares.retry.RetryMiddleware',
 'scrapy.downloadermiddlewares.redirect.MetaRefreshMiddleware',
 'scrapy.downloadermiddlewares.httpcompression.HttpCompressionMiddleware',
 'scrapy.downloadermiddlewares.redirect.RedirectMiddleware',
 'scrapy.downloadermiddlewares.cookies.CookiesMiddleware',
 'scrapy.downloadermiddlewares.httpproxy.HttpProxyMiddleware',
 'scrapy.downloadermiddlewares.stats.DownloaderStats']
[2022-09-20T06:52:55.499+0000] {middleware.py:54} INFO - Enabled spider middlewares:
['scrapy.spidermiddlewares.httperror.HttpErrorMiddleware',
 'scrapy.spidermiddlewares.offsite.OffsiteMiddleware',
 'scrapy.spidermiddlewares.referer.RefererMiddleware',
 'scrapy.spidermiddlewares.urllength.UrlLengthMiddleware',
 'scrapy.spidermiddlewares.depth.DepthMiddleware']
[2022-09-20T06:52:55.499+0000] {logging_mixin.py:115} WARNING - 2022-09-20 06:52:55 [scrapy.middleware] INFO: Enabled spider middlewares:
['scrapy.spidermiddlewares.httperror.HttpErrorMiddleware',
 'scrapy.spidermiddlewares.offsite.OffsiteMiddleware',
 'scrapy.spidermiddlewares.referer.RefererMiddleware',
 'scrapy.spidermiddlewares.urllength.UrlLengthMiddleware',
 'scrapy.spidermiddlewares.depth.DepthMiddleware']
[2022-09-20T06:52:55.500+0000] {middleware.py:54} INFO - Enabled item pipelines:
[]
[2022-09-20T06:52:55.500+0000] {logging_mixin.py:115} WARNING - 2022-09-20 06:52:55 [scrapy.middleware] INFO: Enabled item pipelines:
[]
[2022-09-20T06:52:55.500+0000] {engine.py:316} INFO - Spider opened
[2022-09-20T06:52:55.500+0000] {logging_mixin.py:115} WARNING - 2022-09-20 06:52:55 [scrapy.core.engine] INFO: Spider opened
[2022-09-20T06:52:55.793+0000] {logstats.py:48} INFO - Crawled 0 pages (at 0 pages/min), scraped 0 items (at 0 items/min)
[2022-09-20T06:52:55.793+0000] {logging_mixin.py:115} WARNING - 2022-09-20 06:52:55 [scrapy.extensions.logstats] INFO: Crawled 0 pages (at 0 pages/min), scraped 0 items (at 0 items/min)
[2022-09-20T06:52:55.794+0000] {telnet.py:69} INFO - Telnet console listening on 127.0.0.1:6023
[2022-09-20T06:52:55.794+0000] {logging_mixin.py:115} WARNING - 2022-09-20 06:52:55 [scrapy.extensions.telnet] INFO: Telnet console listening on 127.0.0.1:6023
[2022-09-20T06:52:55.929+0000] {engine.py:294} DEBUG - Crawled (200) <GET http://www.flashscore.mobi/match/8rF2hird/?d=1&s=5> (referer: None)
[2022-09-20T06:52:55.930+0000] {logging_mixin.py:115} WARNING - 2022-09-20 06:52:55 [scrapy.core.engine] DEBUG: Crawled (200) <GET http://www.flashscore.mobi/match/8rF2hird/?d=1&s=5> (referer: None)
[2022-09-20T06:52:56.028+0000] {engine.py:294} DEBUG - Crawled (200) <GET http://www.flashscore.mobi/match/zFSWvYDd/?d=1&s=5> (referer: None)
[2022-09-20T06:52:56.028+0000] {logging_mixin.py:115} WARNING - 2022-09-20 06:52:56 [scrapy.core.engine] DEBUG: Crawled (200) <GET http://www.flashscore.mobi/match/zFSWvYDd/?d=1&s=5> (referer: None)
[2022-09-20T06:52:56.135+0000] {engine.py:361} INFO - Closing spider (finished)
[2022-09-20T06:52:56.136+0000] {logging_mixin.py:115} WARNING - 2022-09-20 06:52:56 [scrapy.core.engine] INFO: Closing spider (finished)
[2022-09-20T06:52:56.137+0000] {statscollectors.py:47} INFO - Dumping Scrapy stats:
{'downloader/request_bytes': 484,
 'downloader/request_count': 2,
 'downloader/request_method_count/GET': 2,
 'downloader/response_bytes': 5519,
 'downloader/response_count': 2,
 'downloader/response_status_count/200': 2,
 'elapsed_time_seconds': 0.343546,
 'finish_reason': 'finished',
 'finish_time': datetime.datetime(2022, 9, 20, 6, 52, 56, 136642),
 'httpcompression/response_bytes': 11586,
 'httpcompression/response_count': 2,
 'log_count/DEBUG': 3,
 'log_count/INFO': 10,
 'memusage/max': 265564160,
 'memusage/startup': 265564160,
 'response_received_count': 2,
 'scheduler/dequeued': 2,
 'scheduler/dequeued/memory': 2,
 'scheduler/enqueued': 2,
 'scheduler/enqueued/memory': 2,
 'start_time': datetime.datetime(2022, 9, 20, 6, 52, 55, 793096)}
[2022-09-20T06:52:56.137+0000] {logging_mixin.py:115} WARNING - 2022-09-20 06:52:56 [scrapy.statscollectors] INFO: Dumping Scrapy stats:
{'downloader/request_bytes': 484,
 'downloader/request_count': 2,
 'downloader/request_method_count/GET': 2,
 'downloader/response_bytes': 5519,
 'downloader/response_count': 2,
 'downloader/response_status_count/200': 2,
 'elapsed_time_seconds': 0.343546,
 'finish_reason': 'finished',
 'finish_time': datetime.datetime(2022, 9, 20, 6, 52, 56, 136642),
 'httpcompression/response_bytes': 11586,
 'httpcompression/response_count': 2,
 'log_count/DEBUG': 3,
 'log_count/INFO': 10,
 'memusage/max': 265564160,
 'memusage/startup': 265564160,
 'response_received_count': 2,
 'scheduler/dequeued': 2,
 'scheduler/dequeued/memory': 2,
 'scheduler/enqueued': 2,
 'scheduler/enqueued/memory': 2,
 'start_time': datetime.datetime(2022, 9, 20, 6, 52, 55, 793096)}
[2022-09-20T06:52:56.137+0000] {engine.py:388} INFO - Spider closed (finished)
[2022-09-20T06:52:56.137+0000] {logging_mixin.py:115} WARNING - 2022-09-20 06:52:56 [scrapy.core.engine] INFO: Spider closed (finished)
[2022-09-20T06:52:56.138+0000] {python.py:173} INFO - Done. Returned value was: None
[2022-09-20T06:52:56.148+0000] {taskinstance.py:1412} INFO - Marking task as SUCCESS. dag_id=match_assembler, task_id=odds_collector_task, execution_date=20220918T000500, start_date=20220920T065255, end_date=20220920T065256
[2022-09-20T06:52:56.201+0000] {local_task_job.py:156} INFO - Task exited with return code 0
[2022-09-20T06:52:56.234+0000] {local_task_job.py:279} INFO - 0 downstream tasks scheduled from follow-on schedule check
