[2022-09-21T23:18:19.671+0000] {taskinstance.py:1171} INFO - Dependencies all met for <TaskInstance: match_assembler.telegram_post_task manual__2022-09-21T23:18:09.958152+00:00 [queued]>
[2022-09-21T23:18:19.678+0000] {taskinstance.py:1171} INFO - Dependencies all met for <TaskInstance: match_assembler.telegram_post_task manual__2022-09-21T23:18:09.958152+00:00 [queued]>
[2022-09-21T23:18:19.679+0000] {taskinstance.py:1368} INFO - 
--------------------------------------------------------------------------------
[2022-09-21T23:18:19.679+0000] {taskinstance.py:1369} INFO - Starting attempt 1 of 1
[2022-09-21T23:18:19.679+0000] {taskinstance.py:1370} INFO - 
--------------------------------------------------------------------------------
[2022-09-21T23:18:19.690+0000] {taskinstance.py:1389} INFO - Executing <Task(TelegramPostOperator): telegram_post_task> on 2022-09-21 23:18:09.958152+00:00
[2022-09-21T23:18:19.696+0000] {standard_task_runner.py:52} INFO - Started process 184 to run task
[2022-09-21T23:18:19.698+0000] {standard_task_runner.py:79} INFO - Running: ['***', 'tasks', 'run', 'match_assembler', 'telegram_post_task', 'manual__2022-09-21T23:18:09.958152+00:00', '--job-id', '379', '--raw', '--subdir', 'DAGS_FOLDER/snitch/dag_builder.py', '--cfg-path', '/tmp/tmp96q0ncqk', '--error-file', '/tmp/tmpb2ocifm9']
[2022-09-21T23:18:19.699+0000] {standard_task_runner.py:80} INFO - Job 379: Subtask telegram_post_task
[2022-09-21T23:18:19.742+0000] {task_command.py:371} INFO - Running <TaskInstance: match_assembler.telegram_post_task manual__2022-09-21T23:18:09.958152+00:00 [running]> on host 0f5dc8100c36
[2022-09-21T23:18:19.798+0000] {taskinstance.py:1583} INFO - Exporting the following env vars:
AIRFLOW_CTX_DAG_EMAIL=bookly.beekly@gmail.com
AIRFLOW_CTX_DAG_OWNER=bookly
AIRFLOW_CTX_DAG_ID=match_assembler
AIRFLOW_CTX_TASK_ID=telegram_post_task
AIRFLOW_CTX_EXECUTION_DATE=2022-09-21T23:18:09.958152+00:00
AIRFLOW_CTX_TRY_NUMBER=1
AIRFLOW_CTX_DAG_RUN_ID=manual__2022-09-21T23:18:09.958152+00:00
[2022-09-21T23:18:19.799+0000] {operators.py:92} INFO - Opening matches file at vars/final_data.yml
[2022-09-21T23:18:19.914+0000] {operators.py:95} INFO - {'K2jvKvch': {'fav': 'Home', 'league_name': 'CHINA: Super League', 'link': 'http://www.flashscore.mobi/match/K2jvKvch/?d=3&s=5', 'name': 'Shanghai Port - Guangzhou City', 'time': '11:30'}, 'QJqm0312': {'fav': 'Home', 'league_name': 'ARGENTINA: Liga Profesional', 'link': 'http://www.flashscore.mobi/match/QJqm0312/?d=3&s=5', 'name': 'Racing Club - Union de Santa Fe', 'time': '23:00'}, 'UiSViu9r': {'fav': 'Home', 'league_name': 'ARGENTINA: Liga Profesional', 'link': 'http://www.flashscore.mobi/match/UiSViu9r/?d=3&s=5', 'name': 'River Plate - Talleres Cordoba', 'time': '23:00'}, 'lA6KnZpN': {'fav': 'Home', 'league_name': 'SPAIN: LaLiga2', 'link': 'http://www.flashscore.mobi/match/lA6KnZpN/?d=3&s=5', 'name': 'Albacete - Andorra', 'time': '18:30'}, 'ng0sAvVQ': {'fav': 'Home', 'league_name': 'ARGENTINA: Liga Profesional', 'link': 'http://www.flashscore.mobi/match/ng0sAvVQ/?d=3&s=5', 'name': 'Independiente - Newells Old Boys', 'time': '01:30'}, 'prkj4RdE': {'fav': 'Home', 'league_name': 'SPAIN: LaLiga2', 'link': 'http://www.flashscore.mobi/match/prkj4RdE/?d=3&s=5', 'name': 'Eibar - Racing Santander', 'time': '18:30'}}
[2022-09-21T23:18:19.914+0000] {operators.py:97} INFO - Sending message...
[2022-09-21T23:18:20.237+0000] {operators.py:97} INFO - Sending message...
[2022-09-21T23:18:20.345+0000] {operators.py:97} INFO - Sending message...
[2022-09-21T23:18:20.471+0000] {operators.py:97} INFO - Sending message...
[2022-09-21T23:18:20.574+0000] {operators.py:97} INFO - Sending message...
[2022-09-21T23:18:20.683+0000] {operators.py:97} INFO - Sending message...
[2022-09-21T23:18:20.786+0000] {python.py:173} INFO - Done. Returned value was: None
[2022-09-21T23:18:20.795+0000] {taskinstance.py:1412} INFO - Marking task as SUCCESS. dag_id=match_assembler, task_id=telegram_post_task, execution_date=20220921T231809, start_date=20220921T231819, end_date=20220921T231820
[2022-09-21T23:18:20.832+0000] {local_task_job.py:156} INFO - Task exited with return code 0
[2022-09-21T23:18:20.861+0000] {local_task_job.py:279} INFO - 1 downstream tasks scheduled from follow-on schedule check
