[2022-09-21T21:24:15.725+0000] {taskinstance.py:1171} INFO - Dependencies all met for <TaskInstance: match_assembler.telegram_post_task manual__2022-09-21T21:24:05.466070+00:00 [queued]>
[2022-09-21T21:24:15.732+0000] {taskinstance.py:1171} INFO - Dependencies all met for <TaskInstance: match_assembler.telegram_post_task manual__2022-09-21T21:24:05.466070+00:00 [queued]>
[2022-09-21T21:24:15.732+0000] {taskinstance.py:1368} INFO - 
--------------------------------------------------------------------------------
[2022-09-21T21:24:15.732+0000] {taskinstance.py:1369} INFO - Starting attempt 1 of 1
[2022-09-21T21:24:15.732+0000] {taskinstance.py:1370} INFO - 
--------------------------------------------------------------------------------
[2022-09-21T21:24:15.743+0000] {taskinstance.py:1389} INFO - Executing <Task(TelegramPostOperator): telegram_post_task> on 2022-09-21 21:24:05.466070+00:00
[2022-09-21T21:24:15.748+0000] {standard_task_runner.py:52} INFO - Started process 206 to run task
[2022-09-21T21:24:15.749+0000] {standard_task_runner.py:79} INFO - Running: ['***', 'tasks', 'run', 'match_assembler', 'telegram_post_task', 'manual__2022-09-21T21:24:05.466070+00:00', '--job-id', '369', '--raw', '--subdir', 'DAGS_FOLDER/snitch/dag_builder.py', '--cfg-path', '/tmp/tmpxjwb9ro2', '--error-file', '/tmp/tmpedng9ysf']
[2022-09-21T21:24:15.750+0000] {standard_task_runner.py:80} INFO - Job 369: Subtask telegram_post_task
[2022-09-21T21:24:15.791+0000] {task_command.py:371} INFO - Running <TaskInstance: match_assembler.telegram_post_task manual__2022-09-21T21:24:05.466070+00:00 [running]> on host b54a50e1bd9a
[2022-09-21T21:24:15.846+0000] {taskinstance.py:1583} INFO - Exporting the following env vars:
AIRFLOW_CTX_DAG_EMAIL=bookly.beekly@gmail.com
AIRFLOW_CTX_DAG_OWNER=bookly
AIRFLOW_CTX_DAG_ID=match_assembler
AIRFLOW_CTX_TASK_ID=telegram_post_task
AIRFLOW_CTX_EXECUTION_DATE=2022-09-21T21:24:05.466070+00:00
AIRFLOW_CTX_TRY_NUMBER=1
AIRFLOW_CTX_DAG_RUN_ID=manual__2022-09-21T21:24:05.466070+00:00
[2022-09-21T21:24:15.847+0000] {operators.py:88} INFO - Opening matches file at vars/final_data.yml
[2022-09-21T21:24:15.851+0000] {operators.py:91} INFO - {'25QwjJwe': {'fav': 'Home', 'league_name': 'ARGENTINA: Liga Profesional', 'link': 'http://www.flashscore.mobi/match/25QwjJwe/?d=3&s=5', 'name': 'Huracan - Banfield', 'time': '00:00'}, '2ReZKKsn': {'fav': 'Away', 'league_name': 'CHINA: Super League', 'link': 'http://www.flashscore.mobi/match/2ReZKKsn/?d=3&s=5', 'name': 'Shenzhen - Shandong Taishan', 'time': '14:00'}, 'UiSViu9r': {'fav': 'Home', 'league_name': 'ARGENTINA: Liga Profesional', 'link': 'http://www.flashscore.mobi/match/UiSViu9r/?d=3&s=5', 'name': 'River Plate - Talleres Cordoba', 'time': '23:00'}, 'YPdfGddH': {'fav': 'Home', 'league_name': 'CHINA: Super League', 'link': 'http://www.flashscore.mobi/match/YPdfGddH/?d=3&s=5', 'name': 'Wuhan Three Towns - Cangzhou', 'time': '13:30'}, 'hGlnIIR4': {'fav': 'Home', 'league_name': 'CHINA: Super League', 'link': 'http://www.flashscore.mobi/match/hGlnIIR4/?d=3&s=5', 'name': 'Changchun Yatai - Wuhan FC', 'time': '11:30'}}
[2022-09-21T21:24:15.851+0000] {operators.py:93} INFO - Sending message...
[2022-09-21T21:24:16.127+0000] {operators.py:93} INFO - Sending message...
[2022-09-21T21:24:16.272+0000] {operators.py:93} INFO - Sending message...
[2022-09-21T21:24:16.439+0000] {operators.py:93} INFO - Sending message...
[2022-09-21T21:24:16.585+0000] {operators.py:93} INFO - Sending message...
[2022-09-21T21:24:16.719+0000] {python.py:173} INFO - Done. Returned value was: None
[2022-09-21T21:24:16.728+0000] {taskinstance.py:1412} INFO - Marking task as SUCCESS. dag_id=match_assembler, task_id=telegram_post_task, execution_date=20220921T212405, start_date=20220921T212415, end_date=20220921T212416
[2022-09-21T21:24:16.764+0000] {local_task_job.py:156} INFO - Task exited with return code 0
[2022-09-21T21:24:16.794+0000] {local_task_job.py:279} INFO - 0 downstream tasks scheduled from follow-on schedule check
