[2022-09-17T09:12:30.644+0000] {taskinstance.py:1171} INFO - Dependencies all met for <TaskInstance: match_collector.dummy_task manual__2022-09-17T09:12:21.176661+00:00 [queued]>
[2022-09-17T09:12:30.651+0000] {taskinstance.py:1171} INFO - Dependencies all met for <TaskInstance: match_collector.dummy_task manual__2022-09-17T09:12:21.176661+00:00 [queued]>
[2022-09-17T09:12:30.651+0000] {taskinstance.py:1368} INFO - 
--------------------------------------------------------------------------------
[2022-09-17T09:12:30.651+0000] {taskinstance.py:1369} INFO - Starting attempt 1 of 1
[2022-09-17T09:12:30.652+0000] {taskinstance.py:1370} INFO - 
--------------------------------------------------------------------------------
[2022-09-17T09:12:30.662+0000] {taskinstance.py:1389} INFO - Executing <Task(DummyOperator): dummy_task> on 2022-09-17 09:12:21.176661+00:00
[2022-09-17T09:12:30.667+0000] {standard_task_runner.py:52} INFO - Started process 401 to run task
[2022-09-17T09:12:30.669+0000] {standard_task_runner.py:79} INFO - Running: ['***', 'tasks', 'run', 'match_collector', 'dummy_task', 'manual__2022-09-17T09:12:21.176661+00:00', '--job-id', '314', '--raw', '--subdir', 'DAGS_FOLDER/snitch/dag_builder.py', '--cfg-path', '/tmp/tmpj50plart', '--error-file', '/tmp/tmp4rra6mdo']
[2022-09-17T09:12:30.669+0000] {standard_task_runner.py:80} INFO - Job 314: Subtask dummy_task
[2022-09-17T09:12:30.731+0000] {task_command.py:371} INFO - Running <TaskInstance: match_collector.dummy_task manual__2022-09-17T09:12:21.176661+00:00 [running]> on host e3d693691eb3
[2022-09-17T09:12:30.789+0000] {taskinstance.py:1583} INFO - Exporting the following env vars:
AIRFLOW_CTX_DAG_EMAIL=bookly.beekly@gmail.com
AIRFLOW_CTX_DAG_OWNER=bookly
AIRFLOW_CTX_DAG_ID=match_collector
AIRFLOW_CTX_TASK_ID=dummy_task
AIRFLOW_CTX_EXECUTION_DATE=2022-09-17T09:12:21.176661+00:00
AIRFLOW_CTX_TRY_NUMBER=1
AIRFLOW_CTX_DAG_RUN_ID=manual__2022-09-17T09:12:21.176661+00:00
[2022-09-17T09:12:30.790+0000] {operators.py:76} INFO - Test message
[2022-09-17T09:12:30.790+0000] {python.py:173} INFO - Done. Returned value was: None
[2022-09-17T09:12:30.800+0000] {taskinstance.py:1412} INFO - Marking task as SUCCESS. dag_id=match_collector, task_id=dummy_task, execution_date=20220917T091221, start_date=20220917T091230, end_date=20220917T091230
[2022-09-17T09:12:30.841+0000] {local_task_job.py:156} INFO - Task exited with return code 0
[2022-09-17T09:12:30.864+0000] {local_task_job.py:279} INFO - 0 downstream tasks scheduled from follow-on schedule check
