[2022-09-18T22:03:58.059+0000] {taskinstance.py:1171} INFO - Dependencies all met for <TaskInstance: match_assembler.match_collector_task manual__2022-09-18T22:03:56.629559+00:00 [queued]>
[2022-09-18T22:03:58.067+0000] {taskinstance.py:1171} INFO - Dependencies all met for <TaskInstance: match_assembler.match_collector_task manual__2022-09-18T22:03:56.629559+00:00 [queued]>
[2022-09-18T22:03:58.067+0000] {taskinstance.py:1368} INFO - 
--------------------------------------------------------------------------------
[2022-09-18T22:03:58.067+0000] {taskinstance.py:1369} INFO - Starting attempt 1 of 1
[2022-09-18T22:03:58.067+0000] {taskinstance.py:1370} INFO - 
--------------------------------------------------------------------------------
[2022-09-18T22:03:58.079+0000] {taskinstance.py:1389} INFO - Executing <Task(MatchCollectorOperator): match_collector_task> on 2022-09-18 22:03:56.629559+00:00
[2022-09-18T22:03:58.083+0000] {standard_task_runner.py:52} INFO - Started process 92 to run task
[2022-09-18T22:03:58.085+0000] {standard_task_runner.py:79} INFO - Running: ['***', 'tasks', 'run', 'match_assembler', 'match_collector_task', 'manual__2022-09-18T22:03:56.629559+00:00', '--job-id', '341', '--raw', '--subdir', 'DAGS_FOLDER/snitch/dag_builder.py', '--cfg-path', '/tmp/tmpqea7_4xu', '--error-file', '/tmp/tmpatkopjte']
[2022-09-18T22:03:58.086+0000] {standard_task_runner.py:80} INFO - Job 341: Subtask match_collector_task
[2022-09-18T22:03:58.130+0000] {task_command.py:371} INFO - Running <TaskInstance: match_assembler.match_collector_task manual__2022-09-18T22:03:56.629559+00:00 [running]> on host e3d693691eb3
[2022-09-18T22:03:58.190+0000] {taskinstance.py:1583} INFO - Exporting the following env vars:
AIRFLOW_CTX_DAG_EMAIL=bookly.beekly@gmail.com
AIRFLOW_CTX_DAG_OWNER=bookly
AIRFLOW_CTX_DAG_ID=match_assembler
AIRFLOW_CTX_TASK_ID=match_collector_task
AIRFLOW_CTX_EXECUTION_DATE=2022-09-18T22:03:56.629559+00:00
AIRFLOW_CTX_TRY_NUMBER=1
AIRFLOW_CTX_DAG_RUN_ID=manual__2022-09-18T22:03:56.629559+00:00
[2022-09-18T22:03:58.198+0000] {log.py:148} INFO - Scrapy 2.6.2 started (bot: scrapybot)
[2022-09-18T22:03:58.198+0000] {logging_mixin.py:115} WARNING - 2022-09-18 22:03:58 [scrapy.utils.log] INFO: Scrapy 2.6.2 started (bot: scrapybot)
[2022-09-18T22:03:58.199+0000] {log.py:154} INFO - Versions: lxml 4.9.1.0, libxml2 2.9.14, cssselect 1.1.0, parsel 1.6.0, w3lib 2.0.1, Twisted 22.8.0, Python 3.7.13 (default, Aug 23 2022, 10:09:20) - [GCC 10.2.1 20210110], pyOpenSSL 22.0.0 (OpenSSL 1.1.1n  15 Mar 2022), cryptography 36.0.2, Platform Linux-5.15.0-47-generic-x86_64-with-debian-11.4
[2022-09-18T22:03:58.199+0000] {logging_mixin.py:115} WARNING - 2022-09-18 22:03:58 [scrapy.utils.log] INFO: Versions: lxml 4.9.1.0, libxml2 2.9.14, cssselect 1.1.0, parsel 1.6.0, w3lib 2.0.1, Twisted 22.8.0, Python 3.7.13 (default, Aug 23 2022, 10:09:20) - [GCC 10.2.1 20210110], pyOpenSSL 22.0.0 (OpenSSL 1.1.1n  15 Mar 2022), cryptography 36.0.2, Platform Linux-5.15.0-47-generic-x86_64-with-debian-11.4
[2022-09-18T22:03:58.202+0000] {crawler.py:61} INFO - Overridden settings:
{'CONCURRENT_REQUESTS': 1}
[2022-09-18T22:03:58.202+0000] {logging_mixin.py:115} WARNING - 2022-09-18 22:03:58 [scrapy.crawler] INFO: Overridden settings:
{'CONCURRENT_REQUESTS': 1}
[2022-09-18T22:03:58.205+0000] {log.py:159} DEBUG - Using reactor: twisted.internet.epollreactor.EPollReactor
[2022-09-18T22:03:58.205+0000] {logging_mixin.py:115} WARNING - 2022-09-18 22:03:58 [scrapy.utils.log] DEBUG: Using reactor: twisted.internet.epollreactor.EPollReactor
[2022-09-18T22:03:58.220+0000] {telnet.py:55} INFO - Telnet Password: dd7d5f4b1b701490
[2022-09-18T22:03:58.220+0000] {logging_mixin.py:115} WARNING - 2022-09-18 22:03:58 [scrapy.extensions.telnet] INFO: Telnet Password: dd7d5f4b1b701490
[2022-09-18T22:03:58.229+0000] {middleware.py:54} INFO - Enabled extensions:
['scrapy.extensions.corestats.CoreStats',
 'scrapy.extensions.telnet.TelnetConsole',
 'scrapy.extensions.memusage.MemoryUsage',
 'scrapy.extensions.logstats.LogStats']
[2022-09-18T22:03:58.229+0000] {logging_mixin.py:115} WARNING - 2022-09-18 22:03:58 [scrapy.middleware] INFO: Enabled extensions:
['scrapy.extensions.corestats.CoreStats',
 'scrapy.extensions.telnet.TelnetConsole',
 'scrapy.extensions.memusage.MemoryUsage',
 'scrapy.extensions.logstats.LogStats']
[2022-09-18T22:03:58.262+0000] {middleware.py:54} INFO - Enabled downloader middlewares:
['scrapy.downloadermiddlewares.httpauth.HttpAuthMiddleware',
 'scrapy.downloadermiddlewares.downloadtimeout.DownloadTimeoutMiddleware',
 'scrapy.downloadermiddlewares.defaultheaders.DefaultHeadersMiddleware',
 'scrapy.downloadermiddlewares.useragent.UserAgentMiddleware',
 'scrapy.downloadermiddlewares.retry.RetryMiddleware',
 'scrapy.downloadermiddlewares.redirect.MetaRefreshMiddleware',
 'scrapy.downloadermiddlewares.httpcompression.HttpCompressionMiddleware',
 'scrapy.downloadermiddlewares.redirect.RedirectMiddleware',
 'scrapy.downloadermiddlewares.cookies.CookiesMiddleware',
 'scrapy.downloadermiddlewares.httpproxy.HttpProxyMiddleware',
 'scrapy.downloadermiddlewares.stats.DownloaderStats']
[2022-09-18T22:03:58.263+0000] {logging_mixin.py:115} WARNING - 2022-09-18 22:03:58 [scrapy.middleware] INFO: Enabled downloader middlewares:
['scrapy.downloadermiddlewares.httpauth.HttpAuthMiddleware',
 'scrapy.downloadermiddlewares.downloadtimeout.DownloadTimeoutMiddleware',
 'scrapy.downloadermiddlewares.defaultheaders.DefaultHeadersMiddleware',
 'scrapy.downloadermiddlewares.useragent.UserAgentMiddleware',
 'scrapy.downloadermiddlewares.retry.RetryMiddleware',
 'scrapy.downloadermiddlewares.redirect.MetaRefreshMiddleware',
 'scrapy.downloadermiddlewares.httpcompression.HttpCompressionMiddleware',
 'scrapy.downloadermiddlewares.redirect.RedirectMiddleware',
 'scrapy.downloadermiddlewares.cookies.CookiesMiddleware',
 'scrapy.downloadermiddlewares.httpproxy.HttpProxyMiddleware',
 'scrapy.downloadermiddlewares.stats.DownloaderStats']
[2022-09-18T22:03:58.265+0000] {middleware.py:54} INFO - Enabled spider middlewares:
['scrapy.spidermiddlewares.httperror.HttpErrorMiddleware',
 'scrapy.spidermiddlewares.offsite.OffsiteMiddleware',
 'scrapy.spidermiddlewares.referer.RefererMiddleware',
 'scrapy.spidermiddlewares.urllength.UrlLengthMiddleware',
 'scrapy.spidermiddlewares.depth.DepthMiddleware']
[2022-09-18T22:03:58.265+0000] {logging_mixin.py:115} WARNING - 2022-09-18 22:03:58 [scrapy.middleware] INFO: Enabled spider middlewares:
['scrapy.spidermiddlewares.httperror.HttpErrorMiddleware',
 'scrapy.spidermiddlewares.offsite.OffsiteMiddleware',
 'scrapy.spidermiddlewares.referer.RefererMiddleware',
 'scrapy.spidermiddlewares.urllength.UrlLengthMiddleware',
 'scrapy.spidermiddlewares.depth.DepthMiddleware']
[2022-09-18T22:03:58.266+0000] {middleware.py:54} INFO - Enabled item pipelines:
[]
[2022-09-18T22:03:58.266+0000] {logging_mixin.py:115} WARNING - 2022-09-18 22:03:58 [scrapy.middleware] INFO: Enabled item pipelines:
[]
[2022-09-18T22:03:58.266+0000] {engine.py:316} INFO - Spider opened
[2022-09-18T22:03:58.266+0000] {logging_mixin.py:115} WARNING - 2022-09-18 22:03:58 [scrapy.core.engine] INFO: Spider opened
[2022-09-18T22:03:58.476+0000] {logstats.py:48} INFO - Crawled 0 pages (at 0 pages/min), scraped 0 items (at 0 items/min)
[2022-09-18T22:03:58.476+0000] {logging_mixin.py:115} WARNING - 2022-09-18 22:03:58 [scrapy.extensions.logstats] INFO: Crawled 0 pages (at 0 pages/min), scraped 0 items (at 0 items/min)
[2022-09-18T22:03:58.477+0000] {telnet.py:69} INFO - Telnet console listening on 127.0.0.1:6023
[2022-09-18T22:03:58.477+0000] {logging_mixin.py:115} WARNING - 2022-09-18 22:03:58 [scrapy.extensions.telnet] INFO: Telnet console listening on 127.0.0.1:6023
[2022-09-18T22:03:58.626+0000] {engine.py:294} DEBUG - Crawled (200) <GET http://www.flashscore.mobi/?d=1&s=5> (referer: None)
[2022-09-18T22:03:58.627+0000] {logging_mixin.py:115} WARNING - 2022-09-18 22:03:58 [scrapy.core.engine] DEBUG: Crawled (200) <GET http://www.flashscore.mobi/?d=1&s=5> (referer: None)
[2022-09-18T22:03:58.744+0000] {match_collector.py:98} INFO - ['logs', 'dags', 'www', '***-worker.pid', 'plugins', '***.cfg', 'webserver_config.py']
[2022-09-18T22:03:58.744+0000] {logging_mixin.py:115} WARNING - 2022-09-18 22:03:58 [root] INFO: ['logs', 'dags', 'www', '***-worker.pid', 'plugins', '***.cfg', 'webserver_config.py']
[2022-09-18T22:03:58.744+0000] {match_collector.py:101} INFO - []
[2022-09-18T22:03:58.744+0000] {logging_mixin.py:115} WARNING - 2022-09-18 22:03:58 [root] INFO: []
[2022-09-18T22:03:58.745+0000] {match_collector.py:108} INFO - [Errno 2] No such file or directory: '/www/vars'
[2022-09-18T22:03:58.745+0000] {logging_mixin.py:115} WARNING - 2022-09-18 22:03:58 [root] INFO: [Errno 2] No such file or directory: '/www/vars'
[2022-09-18T22:03:58.745+0000] {scraper.py:176} ERROR - Spider error processing <GET http://www.flashscore.mobi/?d=1&s=5> (referer: None)
Traceback (most recent call last):
  File "/home/airflow/.local/lib/python3.7/site-packages/twisted/internet/defer.py", line 892, in _runCallbacks
    current.result, *args, **kwargs
  File "/home/airflow/.local/lib/python3.7/site-packages/scrapy/spiders/__init__.py", line 67, in _parse
    return self.parse(response, **kwargs)
  File "/opt/airflow/dags/snitch/scrapers/match_collector.py", line 110, in parse
    with open(f"{self.file_path}/{self.matches_filename}", 'w') as outfile:
PermissionError: [Errno 13] Permission denied: 'www/vars/data.yml'
[2022-09-18T22:03:58.746+0000] {logging_mixin.py:115} WARNING - 2022-09-18 22:03:58 [scrapy.core.scraper] ERROR: Spider error processing <GET http://www.flashscore.mobi/?d=1&s=5> (referer: None)
Traceback (most recent call last):
  File "/home/***/.local/lib/python3.7/site-packages/twisted/internet/defer.py", line 892, in _runCallbacks
    current.result, *args, **kwargs
  File "/home/***/.local/lib/python3.7/site-packages/scrapy/spiders/__init__.py", line 67, in _parse
    return self.parse(response, **kwargs)
  File "/opt/***/dags/snitch/scrapers/match_collector.py", line 110, in parse
    with open(f"{self.file_path}/{self.matches_filename}", 'w') as outfile:
PermissionError: [Errno 13] Permission denied: 'www/vars/data.yml'
[2022-09-18T22:03:58.847+0000] {engine.py:361} INFO - Closing spider (finished)
[2022-09-18T22:03:58.848+0000] {logging_mixin.py:115} WARNING - 2022-09-18 22:03:58 [scrapy.core.engine] INFO: Closing spider (finished)
[2022-09-18T22:03:58.851+0000] {statscollectors.py:47} INFO - Dumping Scrapy stats:
{'downloader/request_bytes': 227,
 'downloader/request_count': 1,
 'downloader/request_method_count/GET': 1,
 'downloader/response_bytes': 9511,
 'downloader/response_count': 1,
 'downloader/response_status_count/200': 1,
 'elapsed_time_seconds': 0.372944,
 'finish_reason': 'finished',
 'finish_time': datetime.datetime(2022, 9, 18, 22, 3, 58, 849225),
 'httpcompression/response_bytes': 60406,
 'httpcompression/response_count': 1,
 'log_count/DEBUG': 2,
 'log_count/ERROR': 1,
 'log_count/INFO': 13,
 'memusage/max': 265469952,
 'memusage/startup': 265469952,
 'response_received_count': 1,
 'scheduler/dequeued': 1,
 'scheduler/dequeued/memory': 1,
 'scheduler/enqueued': 1,
 'scheduler/enqueued/memory': 1,
 'spider_exceptions/PermissionError': 1,
 'start_time': datetime.datetime(2022, 9, 18, 22, 3, 58, 476281)}
[2022-09-18T22:03:58.851+0000] {logging_mixin.py:115} WARNING - 2022-09-18 22:03:58 [scrapy.statscollectors] INFO: Dumping Scrapy stats:
{'downloader/request_bytes': 227,
 'downloader/request_count': 1,
 'downloader/request_method_count/GET': 1,
 'downloader/response_bytes': 9511,
 'downloader/response_count': 1,
 'downloader/response_status_count/200': 1,
 'elapsed_time_seconds': 0.372944,
 'finish_reason': 'finished',
 'finish_time': datetime.datetime(2022, 9, 18, 22, 3, 58, 849225),
 'httpcompression/response_bytes': 60406,
 'httpcompression/response_count': 1,
 'log_count/DEBUG': 2,
 'log_count/ERROR': 1,
 'log_count/INFO': 13,
 'memusage/max': 265469952,
 'memusage/startup': 265469952,
 'response_received_count': 1,
 'scheduler/dequeued': 1,
 'scheduler/dequeued/memory': 1,
 'scheduler/enqueued': 1,
 'scheduler/enqueued/memory': 1,
 'spider_exceptions/PermissionError': 1,
 'start_time': datetime.datetime(2022, 9, 18, 22, 3, 58, 476281)}
[2022-09-18T22:03:58.852+0000] {engine.py:388} INFO - Spider closed (finished)
[2022-09-18T22:03:58.852+0000] {logging_mixin.py:115} WARNING - 2022-09-18 22:03:58 [scrapy.core.engine] INFO: Spider closed (finished)
[2022-09-18T22:03:58.857+0000] {python.py:173} INFO - Done. Returned value was: None
[2022-09-18T22:03:59.000+0000] {taskinstance.py:1412} INFO - Marking task as SUCCESS. dag_id=match_assembler, task_id=match_collector_task, execution_date=20220918T220356, start_date=20220918T220358, end_date=20220918T220359
[2022-09-18T22:03:59.019+0000] {local_task_job.py:156} INFO - Task exited with return code 0
[2022-09-18T22:03:59.043+0000] {local_task_job.py:279} INFO - 0 downstream tasks scheduled from follow-on schedule check
