[2022-09-21T06:02:34.424+0000] {taskinstance.py:1171} INFO - Dependencies all met for <TaskInstance: match_assembler.match_collector_task scheduled__2022-09-20T00:05:00+00:00 [queued]>
[2022-09-21T06:02:34.434+0000] {taskinstance.py:1171} INFO - Dependencies all met for <TaskInstance: match_assembler.match_collector_task scheduled__2022-09-20T00:05:00+00:00 [queued]>
[2022-09-21T06:02:34.435+0000] {taskinstance.py:1368} INFO - 
--------------------------------------------------------------------------------
[2022-09-21T06:02:34.435+0000] {taskinstance.py:1369} INFO - Starting attempt 1 of 1
[2022-09-21T06:02:34.435+0000] {taskinstance.py:1370} INFO - 
--------------------------------------------------------------------------------
[2022-09-21T06:02:34.449+0000] {taskinstance.py:1389} INFO - Executing <Task(MatchCollectorOperator): match_collector_task> on 2022-09-20 00:05:00+00:00
[2022-09-21T06:02:34.453+0000] {standard_task_runner.py:52} INFO - Started process 39671 to run task
[2022-09-21T06:02:34.455+0000] {standard_task_runner.py:79} INFO - Running: ['***', 'tasks', 'run', 'match_assembler', 'match_collector_task', 'scheduled__2022-09-20T00:05:00+00:00', '--job-id', '353', '--raw', '--subdir', 'DAGS_FOLDER/snitch/dag_builder.py', '--cfg-path', '/tmp/tmpatq40myw', '--error-file', '/tmp/tmpbs45m6az']
[2022-09-21T06:02:34.456+0000] {standard_task_runner.py:80} INFO - Job 353: Subtask match_collector_task
[2022-09-21T06:02:34.545+0000] {task_command.py:371} INFO - Running <TaskInstance: match_assembler.match_collector_task scheduled__2022-09-20T00:05:00+00:00 [running]> on host 67276c1e1e3d
[2022-09-21T06:02:34.626+0000] {taskinstance.py:1583} INFO - Exporting the following env vars:
AIRFLOW_CTX_DAG_EMAIL=bookly.beekly@gmail.com
AIRFLOW_CTX_DAG_OWNER=bookly
AIRFLOW_CTX_DAG_ID=match_assembler
AIRFLOW_CTX_TASK_ID=match_collector_task
AIRFLOW_CTX_EXECUTION_DATE=2022-09-20T00:05:00+00:00
AIRFLOW_CTX_TRY_NUMBER=1
AIRFLOW_CTX_DAG_RUN_ID=scheduled__2022-09-20T00:05:00+00:00
[2022-09-21T06:02:34.637+0000] {log.py:148} INFO - Scrapy 2.6.2 started (bot: scrapybot)
[2022-09-21T06:02:34.638+0000] {logging_mixin.py:115} WARNING - 2022-09-21 06:02:34 [scrapy.utils.log] INFO: Scrapy 2.6.2 started (bot: scrapybot)
[2022-09-21T06:02:34.638+0000] {log.py:154} INFO - Versions: lxml 4.9.1.0, libxml2 2.9.14, cssselect 1.1.0, parsel 1.6.0, w3lib 2.0.1, Twisted 22.8.0, Python 3.7.13 (default, Aug 23 2022, 10:09:20) - [GCC 10.2.1 20210110], pyOpenSSL 22.0.0 (OpenSSL 1.1.1n  15 Mar 2022), cryptography 36.0.2, Platform Linux-5.15.0-47-generic-x86_64-with-debian-11.4
[2022-09-21T06:02:34.638+0000] {logging_mixin.py:115} WARNING - 2022-09-21 06:02:34 [scrapy.utils.log] INFO: Versions: lxml 4.9.1.0, libxml2 2.9.14, cssselect 1.1.0, parsel 1.6.0, w3lib 2.0.1, Twisted 22.8.0, Python 3.7.13 (default, Aug 23 2022, 10:09:20) - [GCC 10.2.1 20210110], pyOpenSSL 22.0.0 (OpenSSL 1.1.1n  15 Mar 2022), cryptography 36.0.2, Platform Linux-5.15.0-47-generic-x86_64-with-debian-11.4
[2022-09-21T06:02:34.643+0000] {crawler.py:61} INFO - Overridden settings:
{'CONCURRENT_REQUESTS': 1}
[2022-09-21T06:02:34.643+0000] {logging_mixin.py:115} WARNING - 2022-09-21 06:02:34 [scrapy.crawler] INFO: Overridden settings:
{'CONCURRENT_REQUESTS': 1}
[2022-09-21T06:02:34.648+0000] {log.py:159} DEBUG - Using reactor: twisted.internet.epollreactor.EPollReactor
[2022-09-21T06:02:34.648+0000] {logging_mixin.py:115} WARNING - 2022-09-21 06:02:34 [scrapy.utils.log] DEBUG: Using reactor: twisted.internet.epollreactor.EPollReactor
[2022-09-21T06:02:34.670+0000] {telnet.py:55} INFO - Telnet Password: 2442428ce2a0d9ec
[2022-09-21T06:02:34.670+0000] {logging_mixin.py:115} WARNING - 2022-09-21 06:02:34 [scrapy.extensions.telnet] INFO: Telnet Password: 2442428ce2a0d9ec
[2022-09-21T06:02:34.686+0000] {middleware.py:54} INFO - Enabled extensions:
['scrapy.extensions.corestats.CoreStats',
 'scrapy.extensions.telnet.TelnetConsole',
 'scrapy.extensions.memusage.MemoryUsage',
 'scrapy.extensions.logstats.LogStats']
[2022-09-21T06:02:34.686+0000] {logging_mixin.py:115} WARNING - 2022-09-21 06:02:34 [scrapy.middleware] INFO: Enabled extensions:
['scrapy.extensions.corestats.CoreStats',
 'scrapy.extensions.telnet.TelnetConsole',
 'scrapy.extensions.memusage.MemoryUsage',
 'scrapy.extensions.logstats.LogStats']
[2022-09-21T06:02:34.747+0000] {middleware.py:54} INFO - Enabled downloader middlewares:
['scrapy.downloadermiddlewares.httpauth.HttpAuthMiddleware',
 'scrapy.downloadermiddlewares.downloadtimeout.DownloadTimeoutMiddleware',
 'scrapy.downloadermiddlewares.defaultheaders.DefaultHeadersMiddleware',
 'scrapy.downloadermiddlewares.useragent.UserAgentMiddleware',
 'scrapy.downloadermiddlewares.retry.RetryMiddleware',
 'scrapy.downloadermiddlewares.redirect.MetaRefreshMiddleware',
 'scrapy.downloadermiddlewares.httpcompression.HttpCompressionMiddleware',
 'scrapy.downloadermiddlewares.redirect.RedirectMiddleware',
 'scrapy.downloadermiddlewares.cookies.CookiesMiddleware',
 'scrapy.downloadermiddlewares.httpproxy.HttpProxyMiddleware',
 'scrapy.downloadermiddlewares.stats.DownloaderStats']
[2022-09-21T06:02:34.748+0000] {logging_mixin.py:115} WARNING - 2022-09-21 06:02:34 [scrapy.middleware] INFO: Enabled downloader middlewares:
['scrapy.downloadermiddlewares.httpauth.HttpAuthMiddleware',
 'scrapy.downloadermiddlewares.downloadtimeout.DownloadTimeoutMiddleware',
 'scrapy.downloadermiddlewares.defaultheaders.DefaultHeadersMiddleware',
 'scrapy.downloadermiddlewares.useragent.UserAgentMiddleware',
 'scrapy.downloadermiddlewares.retry.RetryMiddleware',
 'scrapy.downloadermiddlewares.redirect.MetaRefreshMiddleware',
 'scrapy.downloadermiddlewares.httpcompression.HttpCompressionMiddleware',
 'scrapy.downloadermiddlewares.redirect.RedirectMiddleware',
 'scrapy.downloadermiddlewares.cookies.CookiesMiddleware',
 'scrapy.downloadermiddlewares.httpproxy.HttpProxyMiddleware',
 'scrapy.downloadermiddlewares.stats.DownloaderStats']
[2022-09-21T06:02:34.753+0000] {middleware.py:54} INFO - Enabled spider middlewares:
['scrapy.spidermiddlewares.httperror.HttpErrorMiddleware',
 'scrapy.spidermiddlewares.offsite.OffsiteMiddleware',
 'scrapy.spidermiddlewares.referer.RefererMiddleware',
 'scrapy.spidermiddlewares.urllength.UrlLengthMiddleware',
 'scrapy.spidermiddlewares.depth.DepthMiddleware']
[2022-09-21T06:02:34.754+0000] {logging_mixin.py:115} WARNING - 2022-09-21 06:02:34 [scrapy.middleware] INFO: Enabled spider middlewares:
['scrapy.spidermiddlewares.httperror.HttpErrorMiddleware',
 'scrapy.spidermiddlewares.offsite.OffsiteMiddleware',
 'scrapy.spidermiddlewares.referer.RefererMiddleware',
 'scrapy.spidermiddlewares.urllength.UrlLengthMiddleware',
 'scrapy.spidermiddlewares.depth.DepthMiddleware']
[2022-09-21T06:02:34.755+0000] {middleware.py:54} INFO - Enabled item pipelines:
[]
[2022-09-21T06:02:34.755+0000] {logging_mixin.py:115} WARNING - 2022-09-21 06:02:34 [scrapy.middleware] INFO: Enabled item pipelines:
[]
[2022-09-21T06:02:34.755+0000] {engine.py:316} INFO - Spider opened
[2022-09-21T06:02:34.755+0000] {logging_mixin.py:115} WARNING - 2022-09-21 06:02:34 [scrapy.core.engine] INFO: Spider opened
[2022-09-21T06:02:35.091+0000] {logstats.py:48} INFO - Crawled 0 pages (at 0 pages/min), scraped 0 items (at 0 items/min)
[2022-09-21T06:02:35.091+0000] {logging_mixin.py:115} WARNING - 2022-09-21 06:02:35 [scrapy.extensions.logstats] INFO: Crawled 0 pages (at 0 pages/min), scraped 0 items (at 0 items/min)
[2022-09-21T06:02:35.092+0000] {telnet.py:69} INFO - Telnet console listening on 127.0.0.1:6023
[2022-09-21T06:02:35.092+0000] {logging_mixin.py:115} WARNING - 2022-09-21 06:02:35 [scrapy.extensions.telnet] INFO: Telnet console listening on 127.0.0.1:6023
[2022-09-21T06:02:35.100+0000] {retry.py:99} DEBUG - Retrying <GET http://www.flashscore.mobi/?d=1&s=5> (failed 1 times): DNS lookup failed: no results for hostname lookup: www.flashscore.mobi.
[2022-09-21T06:02:35.100+0000] {logging_mixin.py:115} WARNING - 2022-09-21 06:02:35 [scrapy.downloadermiddlewares.retry] DEBUG: Retrying <GET http://www.flashscore.mobi/?d=1&s=5> (failed 1 times): DNS lookup failed: no results for hostname lookup: www.flashscore.mobi.
[2022-09-21T06:02:35.102+0000] {retry.py:99} DEBUG - Retrying <GET http://www.flashscore.mobi/?d=1&s=5> (failed 2 times): DNS lookup failed: no results for hostname lookup: www.flashscore.mobi.
[2022-09-21T06:02:35.103+0000] {logging_mixin.py:115} WARNING - 2022-09-21 06:02:35 [scrapy.downloadermiddlewares.retry] DEBUG: Retrying <GET http://www.flashscore.mobi/?d=1&s=5> (failed 2 times): DNS lookup failed: no results for hostname lookup: www.flashscore.mobi.
[2022-09-21T06:02:35.245+0000] {retry.py:122} ERROR - Gave up retrying <GET http://www.flashscore.mobi/?d=1&s=5> (failed 3 times): DNS lookup failed: no results for hostname lookup: www.flashscore.mobi.
[2022-09-21T06:02:35.246+0000] {logging_mixin.py:115} WARNING - 2022-09-21 06:02:35 [scrapy.downloadermiddlewares.retry] ERROR: Gave up retrying <GET http://www.flashscore.mobi/?d=1&s=5> (failed 3 times): DNS lookup failed: no results for hostname lookup: www.flashscore.mobi.
[2022-09-21T06:02:35.347+0000] {scraper.py:235} ERROR - Error downloading <GET http://www.flashscore.mobi/?d=1&s=5>
Traceback (most recent call last):
  File "/home/airflow/.local/lib/python3.7/site-packages/twisted/internet/defer.py", line 1693, in _inlineCallbacks
    cast(Failure, result).throwExceptionIntoGenerator, gen
  File "/home/airflow/.local/lib/python3.7/site-packages/twisted/python/failure.py", line 518, in throwExceptionIntoGenerator
    return g.throw(self.type, self.value, self.tb)
  File "/home/airflow/.local/lib/python3.7/site-packages/scrapy/core/downloader/middleware.py", line 49, in process_request
    return (yield download_func(request=request, spider=spider))
  File "/home/airflow/.local/lib/python3.7/site-packages/twisted/internet/defer.py", line 892, in _runCallbacks
    current.result, *args, **kwargs
  File "/home/airflow/.local/lib/python3.7/site-packages/twisted/internet/endpoints.py", line 1021, in startConnectionAttempts
    f"no results for hostname lookup: {self._hostStr}"
twisted.internet.error.DNSLookupError: DNS lookup failed: no results for hostname lookup: www.flashscore.mobi.
[2022-09-21T06:02:35.349+0000] {logging_mixin.py:115} WARNING - 2022-09-21 06:02:35 [scrapy.core.scraper] ERROR: Error downloading <GET http://www.flashscore.mobi/?d=1&s=5>
Traceback (most recent call last):
  File "/home/***/.local/lib/python3.7/site-packages/twisted/internet/defer.py", line 1693, in _inlineCallbacks
    cast(Failure, result).throwExceptionIntoGenerator, gen
  File "/home/***/.local/lib/python3.7/site-packages/twisted/python/failure.py", line 518, in throwExceptionIntoGenerator
    return g.throw(self.type, self.value, self.tb)
  File "/home/***/.local/lib/python3.7/site-packages/scrapy/core/downloader/middleware.py", line 49, in process_request
    return (yield download_func(request=request, spider=spider))
  File "/home/***/.local/lib/python3.7/site-packages/twisted/internet/defer.py", line 892, in _runCallbacks
    current.result, *args, **kwargs
  File "/home/***/.local/lib/python3.7/site-packages/twisted/internet/endpoints.py", line 1021, in startConnectionAttempts
    f"no results for hostname lookup: {self._hostStr}"
twisted.internet.error.DNSLookupError: DNS lookup failed: no results for hostname lookup: www.flashscore.mobi.
[2022-09-21T06:02:35.450+0000] {engine.py:361} INFO - Closing spider (finished)
[2022-09-21T06:02:35.450+0000] {logging_mixin.py:115} WARNING - 2022-09-21 06:02:35 [scrapy.core.engine] INFO: Closing spider (finished)
[2022-09-21T06:02:35.451+0000] {statscollectors.py:47} INFO - Dumping Scrapy stats:
{'downloader/exception_count': 3,
 'downloader/exception_type_count/twisted.internet.error.DNSLookupError': 3,
 'downloader/request_bytes': 681,
 'downloader/request_count': 3,
 'downloader/request_method_count/GET': 3,
 'elapsed_time_seconds': 0.360034,
 'finish_reason': 'finished',
 'finish_time': datetime.datetime(2022, 9, 21, 6, 2, 35, 450984),
 'log_count/DEBUG': 3,
 'log_count/ERROR': 2,
 'log_count/INFO': 10,
 'memusage/max': 264728576,
 'memusage/startup': 264728576,
 'retry/count': 2,
 'retry/max_reached': 1,
 'retry/reason_count/twisted.internet.error.DNSLookupError': 2,
 'scheduler/dequeued': 3,
 'scheduler/dequeued/memory': 3,
 'scheduler/enqueued': 3,
 'scheduler/enqueued/memory': 3,
 'start_time': datetime.datetime(2022, 9, 21, 6, 2, 35, 90950)}
[2022-09-21T06:02:35.451+0000] {logging_mixin.py:115} WARNING - 2022-09-21 06:02:35 [scrapy.statscollectors] INFO: Dumping Scrapy stats:
{'downloader/exception_count': 3,
 'downloader/exception_type_count/twisted.internet.error.DNSLookupError': 3,
 'downloader/request_bytes': 681,
 'downloader/request_count': 3,
 'downloader/request_method_count/GET': 3,
 'elapsed_time_seconds': 0.360034,
 'finish_reason': 'finished',
 'finish_time': datetime.datetime(2022, 9, 21, 6, 2, 35, 450984),
 'log_count/DEBUG': 3,
 'log_count/ERROR': 2,
 'log_count/INFO': 10,
 'memusage/max': 264728576,
 'memusage/startup': 264728576,
 'retry/count': 2,
 'retry/max_reached': 1,
 'retry/reason_count/twisted.internet.error.DNSLookupError': 2,
 'scheduler/dequeued': 3,
 'scheduler/dequeued/memory': 3,
 'scheduler/enqueued': 3,
 'scheduler/enqueued/memory': 3,
 'start_time': datetime.datetime(2022, 9, 21, 6, 2, 35, 90950)}
[2022-09-21T06:02:35.451+0000] {engine.py:388} INFO - Spider closed (finished)
[2022-09-21T06:02:35.451+0000] {logging_mixin.py:115} WARNING - 2022-09-21 06:02:35 [scrapy.core.engine] INFO: Spider closed (finished)
[2022-09-21T06:02:35.452+0000] {python.py:173} INFO - Done. Returned value was: None
[2022-09-21T06:02:35.465+0000] {taskinstance.py:1412} INFO - Marking task as SUCCESS. dag_id=match_assembler, task_id=match_collector_task, execution_date=20220920T000500, start_date=20220921T060234, end_date=20220921T060235
[2022-09-21T06:02:35.509+0000] {local_task_job.py:156} INFO - Task exited with return code 0
[2022-09-21T06:02:35.541+0000] {local_task_job.py:279} INFO - 1 downstream tasks scheduled from follow-on schedule check
