[2022-09-21T06:02:37.347+0000] {taskinstance.py:1171} INFO - Dependencies all met for <TaskInstance: match_assembler.odds_collector_task scheduled__2022-09-20T00:05:00+00:00 [queued]>
[2022-09-21T06:02:37.354+0000] {taskinstance.py:1171} INFO - Dependencies all met for <TaskInstance: match_assembler.odds_collector_task scheduled__2022-09-20T00:05:00+00:00 [queued]>
[2022-09-21T06:02:37.354+0000] {taskinstance.py:1368} INFO - 
--------------------------------------------------------------------------------
[2022-09-21T06:02:37.354+0000] {taskinstance.py:1369} INFO - Starting attempt 1 of 1
[2022-09-21T06:02:37.354+0000] {taskinstance.py:1370} INFO - 
--------------------------------------------------------------------------------
[2022-09-21T06:02:37.365+0000] {taskinstance.py:1389} INFO - Executing <Task(OddsCollectorOperator): odds_collector_task> on 2022-09-20 00:05:00+00:00
[2022-09-21T06:02:37.369+0000] {standard_task_runner.py:52} INFO - Started process 39674 to run task
[2022-09-21T06:02:37.371+0000] {standard_task_runner.py:79} INFO - Running: ['***', 'tasks', 'run', 'match_assembler', 'odds_collector_task', 'scheduled__2022-09-20T00:05:00+00:00', '--job-id', '354', '--raw', '--subdir', 'DAGS_FOLDER/snitch/dag_builder.py', '--cfg-path', '/tmp/tmpiav45571', '--error-file', '/tmp/tmp8_ghhpi3']
[2022-09-21T06:02:37.371+0000] {standard_task_runner.py:80} INFO - Job 354: Subtask odds_collector_task
[2022-09-21T06:02:37.414+0000] {task_command.py:371} INFO - Running <TaskInstance: match_assembler.odds_collector_task scheduled__2022-09-20T00:05:00+00:00 [running]> on host 67276c1e1e3d
[2022-09-21T06:02:37.478+0000] {taskinstance.py:1583} INFO - Exporting the following env vars:
AIRFLOW_CTX_DAG_EMAIL=bookly.beekly@gmail.com
AIRFLOW_CTX_DAG_OWNER=bookly
AIRFLOW_CTX_DAG_ID=match_assembler
AIRFLOW_CTX_TASK_ID=odds_collector_task
AIRFLOW_CTX_EXECUTION_DATE=2022-09-20T00:05:00+00:00
AIRFLOW_CTX_TRY_NUMBER=1
AIRFLOW_CTX_DAG_RUN_ID=scheduled__2022-09-20T00:05:00+00:00
[2022-09-21T06:02:37.488+0000] {log.py:148} INFO - Scrapy 2.6.2 started (bot: scrapybot)
[2022-09-21T06:02:37.488+0000] {logging_mixin.py:115} WARNING - 2022-09-21 06:02:37 [scrapy.utils.log] INFO: Scrapy 2.6.2 started (bot: scrapybot)
[2022-09-21T06:02:37.488+0000] {log.py:154} INFO - Versions: lxml 4.9.1.0, libxml2 2.9.14, cssselect 1.1.0, parsel 1.6.0, w3lib 2.0.1, Twisted 22.8.0, Python 3.7.13 (default, Aug 23 2022, 10:09:20) - [GCC 10.2.1 20210110], pyOpenSSL 22.0.0 (OpenSSL 1.1.1n  15 Mar 2022), cryptography 36.0.2, Platform Linux-5.15.0-47-generic-x86_64-with-debian-11.4
[2022-09-21T06:02:37.488+0000] {logging_mixin.py:115} WARNING - 2022-09-21 06:02:37 [scrapy.utils.log] INFO: Versions: lxml 4.9.1.0, libxml2 2.9.14, cssselect 1.1.0, parsel 1.6.0, w3lib 2.0.1, Twisted 22.8.0, Python 3.7.13 (default, Aug 23 2022, 10:09:20) - [GCC 10.2.1 20210110], pyOpenSSL 22.0.0 (OpenSSL 1.1.1n  15 Mar 2022), cryptography 36.0.2, Platform Linux-5.15.0-47-generic-x86_64-with-debian-11.4
[2022-09-21T06:02:37.493+0000] {crawler.py:61} INFO - Overridden settings:
{'CONCURRENT_REQUESTS': 1}
[2022-09-21T06:02:37.493+0000] {logging_mixin.py:115} WARNING - 2022-09-21 06:02:37 [scrapy.crawler] INFO: Overridden settings:
{'CONCURRENT_REQUESTS': 1}
[2022-09-21T06:02:37.496+0000] {log.py:159} DEBUG - Using reactor: twisted.internet.epollreactor.EPollReactor
[2022-09-21T06:02:37.496+0000] {logging_mixin.py:115} WARNING - 2022-09-21 06:02:37 [scrapy.utils.log] DEBUG: Using reactor: twisted.internet.epollreactor.EPollReactor
[2022-09-21T06:02:37.505+0000] {telnet.py:55} INFO - Telnet Password: 2d92dd60ae486522
[2022-09-21T06:02:37.505+0000] {logging_mixin.py:115} WARNING - 2022-09-21 06:02:37 [scrapy.extensions.telnet] INFO: Telnet Password: 2d92dd60ae486522
[2022-09-21T06:02:37.512+0000] {middleware.py:54} INFO - Enabled extensions:
['scrapy.extensions.corestats.CoreStats',
 'scrapy.extensions.telnet.TelnetConsole',
 'scrapy.extensions.memusage.MemoryUsage',
 'scrapy.extensions.logstats.LogStats']
[2022-09-21T06:02:37.513+0000] {logging_mixin.py:115} WARNING - 2022-09-21 06:02:37 [scrapy.middleware] INFO: Enabled extensions:
['scrapy.extensions.corestats.CoreStats',
 'scrapy.extensions.telnet.TelnetConsole',
 'scrapy.extensions.memusage.MemoryUsage',
 'scrapy.extensions.logstats.LogStats']
[2022-09-21T06:02:37.541+0000] {middleware.py:54} INFO - Enabled downloader middlewares:
['scrapy.downloadermiddlewares.httpauth.HttpAuthMiddleware',
 'scrapy.downloadermiddlewares.downloadtimeout.DownloadTimeoutMiddleware',
 'scrapy.downloadermiddlewares.defaultheaders.DefaultHeadersMiddleware',
 'scrapy.downloadermiddlewares.useragent.UserAgentMiddleware',
 'scrapy.downloadermiddlewares.retry.RetryMiddleware',
 'scrapy.downloadermiddlewares.redirect.MetaRefreshMiddleware',
 'scrapy.downloadermiddlewares.httpcompression.HttpCompressionMiddleware',
 'scrapy.downloadermiddlewares.redirect.RedirectMiddleware',
 'scrapy.downloadermiddlewares.cookies.CookiesMiddleware',
 'scrapy.downloadermiddlewares.httpproxy.HttpProxyMiddleware',
 'scrapy.downloadermiddlewares.stats.DownloaderStats']
[2022-09-21T06:02:37.541+0000] {logging_mixin.py:115} WARNING - 2022-09-21 06:02:37 [scrapy.middleware] INFO: Enabled downloader middlewares:
['scrapy.downloadermiddlewares.httpauth.HttpAuthMiddleware',
 'scrapy.downloadermiddlewares.downloadtimeout.DownloadTimeoutMiddleware',
 'scrapy.downloadermiddlewares.defaultheaders.DefaultHeadersMiddleware',
 'scrapy.downloadermiddlewares.useragent.UserAgentMiddleware',
 'scrapy.downloadermiddlewares.retry.RetryMiddleware',
 'scrapy.downloadermiddlewares.redirect.MetaRefreshMiddleware',
 'scrapy.downloadermiddlewares.httpcompression.HttpCompressionMiddleware',
 'scrapy.downloadermiddlewares.redirect.RedirectMiddleware',
 'scrapy.downloadermiddlewares.cookies.CookiesMiddleware',
 'scrapy.downloadermiddlewares.httpproxy.HttpProxyMiddleware',
 'scrapy.downloadermiddlewares.stats.DownloaderStats']
[2022-09-21T06:02:37.543+0000] {middleware.py:54} INFO - Enabled spider middlewares:
['scrapy.spidermiddlewares.httperror.HttpErrorMiddleware',
 'scrapy.spidermiddlewares.offsite.OffsiteMiddleware',
 'scrapy.spidermiddlewares.referer.RefererMiddleware',
 'scrapy.spidermiddlewares.urllength.UrlLengthMiddleware',
 'scrapy.spidermiddlewares.depth.DepthMiddleware']
[2022-09-21T06:02:37.543+0000] {logging_mixin.py:115} WARNING - 2022-09-21 06:02:37 [scrapy.middleware] INFO: Enabled spider middlewares:
['scrapy.spidermiddlewares.httperror.HttpErrorMiddleware',
 'scrapy.spidermiddlewares.offsite.OffsiteMiddleware',
 'scrapy.spidermiddlewares.referer.RefererMiddleware',
 'scrapy.spidermiddlewares.urllength.UrlLengthMiddleware',
 'scrapy.spidermiddlewares.depth.DepthMiddleware']
[2022-09-21T06:02:37.543+0000] {middleware.py:54} INFO - Enabled item pipelines:
[]
[2022-09-21T06:02:37.544+0000] {logging_mixin.py:115} WARNING - 2022-09-21 06:02:37 [scrapy.middleware] INFO: Enabled item pipelines:
[]
[2022-09-21T06:02:37.544+0000] {engine.py:316} INFO - Spider opened
[2022-09-21T06:02:37.544+0000] {logging_mixin.py:115} WARNING - 2022-09-21 06:02:37 [scrapy.core.engine] INFO: Spider opened
[2022-09-21T06:02:37.723+0000] {logstats.py:48} INFO - Crawled 0 pages (at 0 pages/min), scraped 0 items (at 0 items/min)
[2022-09-21T06:02:37.723+0000] {logging_mixin.py:115} WARNING - 2022-09-21 06:02:37 [scrapy.extensions.logstats] INFO: Crawled 0 pages (at 0 pages/min), scraped 0 items (at 0 items/min)
[2022-09-21T06:02:37.724+0000] {telnet.py:69} INFO - Telnet console listening on 127.0.0.1:6023
[2022-09-21T06:02:37.724+0000] {logging_mixin.py:115} WARNING - 2022-09-21 06:02:37 [scrapy.extensions.telnet] INFO: Telnet console listening on 127.0.0.1:6023
[2022-09-21T06:02:37.731+0000] {retry.py:99} DEBUG - Retrying <GET http://www.flashscore.mobi/match/8rF2hird/?d=1&s=5> (failed 1 times): DNS lookup failed: no results for hostname lookup: www.flashscore.mobi.
[2022-09-21T06:02:37.731+0000] {logging_mixin.py:115} WARNING - 2022-09-21 06:02:37 [scrapy.downloadermiddlewares.retry] DEBUG: Retrying <GET http://www.flashscore.mobi/match/8rF2hird/?d=1&s=5> (failed 1 times): DNS lookup failed: no results for hostname lookup: www.flashscore.mobi.
[2022-09-21T06:02:37.733+0000] {retry.py:99} DEBUG - Retrying <GET http://www.flashscore.mobi/match/8rF2hird/?d=1&s=5> (failed 2 times): DNS lookup failed: no results for hostname lookup: www.flashscore.mobi.
[2022-09-21T06:02:37.733+0000] {logging_mixin.py:115} WARNING - 2022-09-21 06:02:37 [scrapy.downloadermiddlewares.retry] DEBUG: Retrying <GET http://www.flashscore.mobi/match/8rF2hird/?d=1&s=5> (failed 2 times): DNS lookup failed: no results for hostname lookup: www.flashscore.mobi.
[2022-09-21T06:02:37.833+0000] {retry.py:122} ERROR - Gave up retrying <GET http://www.flashscore.mobi/match/8rF2hird/?d=1&s=5> (failed 3 times): DNS lookup failed: no results for hostname lookup: www.flashscore.mobi.
[2022-09-21T06:02:37.833+0000] {logging_mixin.py:115} WARNING - 2022-09-21 06:02:37 [scrapy.downloadermiddlewares.retry] ERROR: Gave up retrying <GET http://www.flashscore.mobi/match/8rF2hird/?d=1&s=5> (failed 3 times): DNS lookup failed: no results for hostname lookup: www.flashscore.mobi.
[2022-09-21T06:02:37.835+0000] {retry.py:99} DEBUG - Retrying <GET http://www.flashscore.mobi/match/zFSWvYDd/?d=1&s=5> (failed 1 times): DNS lookup failed: no results for hostname lookup: www.flashscore.mobi.
[2022-09-21T06:02:37.836+0000] {logging_mixin.py:115} WARNING - 2022-09-21 06:02:37 [scrapy.downloadermiddlewares.retry] DEBUG: Retrying <GET http://www.flashscore.mobi/match/zFSWvYDd/?d=1&s=5> (failed 1 times): DNS lookup failed: no results for hostname lookup: www.flashscore.mobi.
[2022-09-21T06:02:37.837+0000] {retry.py:99} DEBUG - Retrying <GET http://www.flashscore.mobi/match/zFSWvYDd/?d=1&s=5> (failed 2 times): DNS lookup failed: no results for hostname lookup: www.flashscore.mobi.
[2022-09-21T06:02:37.837+0000] {logging_mixin.py:115} WARNING - 2022-09-21 06:02:37 [scrapy.downloadermiddlewares.retry] DEBUG: Retrying <GET http://www.flashscore.mobi/match/zFSWvYDd/?d=1&s=5> (failed 2 times): DNS lookup failed: no results for hostname lookup: www.flashscore.mobi.
[2022-09-21T06:02:37.839+0000] {retry.py:122} ERROR - Gave up retrying <GET http://www.flashscore.mobi/match/zFSWvYDd/?d=1&s=5> (failed 3 times): DNS lookup failed: no results for hostname lookup: www.flashscore.mobi.
[2022-09-21T06:02:37.839+0000] {logging_mixin.py:115} WARNING - 2022-09-21 06:02:37 [scrapy.downloadermiddlewares.retry] ERROR: Gave up retrying <GET http://www.flashscore.mobi/match/zFSWvYDd/?d=1&s=5> (failed 3 times): DNS lookup failed: no results for hostname lookup: www.flashscore.mobi.
[2022-09-21T06:02:37.937+0000] {scraper.py:235} ERROR - Error downloading <GET http://www.flashscore.mobi/match/8rF2hird/?d=1&s=5>
Traceback (most recent call last):
  File "/home/airflow/.local/lib/python3.7/site-packages/twisted/internet/defer.py", line 1693, in _inlineCallbacks
    cast(Failure, result).throwExceptionIntoGenerator, gen
  File "/home/airflow/.local/lib/python3.7/site-packages/twisted/python/failure.py", line 518, in throwExceptionIntoGenerator
    return g.throw(self.type, self.value, self.tb)
  File "/home/airflow/.local/lib/python3.7/site-packages/scrapy/core/downloader/middleware.py", line 49, in process_request
    return (yield download_func(request=request, spider=spider))
  File "/home/airflow/.local/lib/python3.7/site-packages/twisted/internet/defer.py", line 892, in _runCallbacks
    current.result, *args, **kwargs
  File "/home/airflow/.local/lib/python3.7/site-packages/twisted/internet/endpoints.py", line 1021, in startConnectionAttempts
    f"no results for hostname lookup: {self._hostStr}"
twisted.internet.error.DNSLookupError: DNS lookup failed: no results for hostname lookup: www.flashscore.mobi.
[2022-09-21T06:02:37.941+0000] {logging_mixin.py:115} WARNING - 2022-09-21 06:02:37 [scrapy.core.scraper] ERROR: Error downloading <GET http://www.flashscore.mobi/match/8rF2hird/?d=1&s=5>
Traceback (most recent call last):
  File "/home/***/.local/lib/python3.7/site-packages/twisted/internet/defer.py", line 1693, in _inlineCallbacks
    cast(Failure, result).throwExceptionIntoGenerator, gen
  File "/home/***/.local/lib/python3.7/site-packages/twisted/python/failure.py", line 518, in throwExceptionIntoGenerator
    return g.throw(self.type, self.value, self.tb)
  File "/home/***/.local/lib/python3.7/site-packages/scrapy/core/downloader/middleware.py", line 49, in process_request
    return (yield download_func(request=request, spider=spider))
  File "/home/***/.local/lib/python3.7/site-packages/twisted/internet/defer.py", line 892, in _runCallbacks
    current.result, *args, **kwargs
  File "/home/***/.local/lib/python3.7/site-packages/twisted/internet/endpoints.py", line 1021, in startConnectionAttempts
    f"no results for hostname lookup: {self._hostStr}"
twisted.internet.error.DNSLookupError: DNS lookup failed: no results for hostname lookup: www.flashscore.mobi.
[2022-09-21T06:02:37.943+0000] {scraper.py:235} ERROR - Error downloading <GET http://www.flashscore.mobi/match/zFSWvYDd/?d=1&s=5>
Traceback (most recent call last):
  File "/home/airflow/.local/lib/python3.7/site-packages/twisted/internet/defer.py", line 1693, in _inlineCallbacks
    cast(Failure, result).throwExceptionIntoGenerator, gen
  File "/home/airflow/.local/lib/python3.7/site-packages/twisted/python/failure.py", line 518, in throwExceptionIntoGenerator
    return g.throw(self.type, self.value, self.tb)
  File "/home/airflow/.local/lib/python3.7/site-packages/scrapy/core/downloader/middleware.py", line 49, in process_request
    return (yield download_func(request=request, spider=spider))
  File "/home/airflow/.local/lib/python3.7/site-packages/twisted/internet/defer.py", line 892, in _runCallbacks
    current.result, *args, **kwargs
  File "/home/airflow/.local/lib/python3.7/site-packages/twisted/internet/endpoints.py", line 1021, in startConnectionAttempts
    f"no results for hostname lookup: {self._hostStr}"
twisted.internet.error.DNSLookupError: DNS lookup failed: no results for hostname lookup: www.flashscore.mobi.
[2022-09-21T06:02:37.945+0000] {logging_mixin.py:115} WARNING - 2022-09-21 06:02:37 [scrapy.core.scraper] ERROR: Error downloading <GET http://www.flashscore.mobi/match/zFSWvYDd/?d=1&s=5>
Traceback (most recent call last):
  File "/home/***/.local/lib/python3.7/site-packages/twisted/internet/defer.py", line 1693, in _inlineCallbacks
    cast(Failure, result).throwExceptionIntoGenerator, gen
  File "/home/***/.local/lib/python3.7/site-packages/twisted/python/failure.py", line 518, in throwExceptionIntoGenerator
    return g.throw(self.type, self.value, self.tb)
  File "/home/***/.local/lib/python3.7/site-packages/scrapy/core/downloader/middleware.py", line 49, in process_request
    return (yield download_func(request=request, spider=spider))
  File "/home/***/.local/lib/python3.7/site-packages/twisted/internet/defer.py", line 892, in _runCallbacks
    current.result, *args, **kwargs
  File "/home/***/.local/lib/python3.7/site-packages/twisted/internet/endpoints.py", line 1021, in startConnectionAttempts
    f"no results for hostname lookup: {self._hostStr}"
twisted.internet.error.DNSLookupError: DNS lookup failed: no results for hostname lookup: www.flashscore.mobi.
[2022-09-21T06:02:38.047+0000] {engine.py:361} INFO - Closing spider (finished)
[2022-09-21T06:02:38.048+0000] {logging_mixin.py:115} WARNING - 2022-09-21 06:02:38 [scrapy.core.engine] INFO: Closing spider (finished)
[2022-09-21T06:02:38.057+0000] {statscollectors.py:47} INFO - Dumping Scrapy stats:
{'downloader/exception_count': 6,
 'downloader/exception_type_count/twisted.internet.error.DNSLookupError': 6,
 'downloader/request_bytes': 1452,
 'downloader/request_count': 6,
 'downloader/request_method_count/GET': 6,
 'elapsed_time_seconds': 0.326803,
 'finish_reason': 'finished',
 'finish_time': datetime.datetime(2022, 9, 21, 6, 2, 38, 49749),
 'log_count/DEBUG': 5,
 'log_count/ERROR': 4,
 'log_count/INFO': 10,
 'memusage/max': 264732672,
 'memusage/startup': 264732672,
 'retry/count': 4,
 'retry/max_reached': 2,
 'retry/reason_count/twisted.internet.error.DNSLookupError': 4,
 'scheduler/dequeued': 6,
 'scheduler/dequeued/memory': 6,
 'scheduler/enqueued': 6,
 'scheduler/enqueued/memory': 6,
 'start_time': datetime.datetime(2022, 9, 21, 6, 2, 37, 722946)}
[2022-09-21T06:02:38.058+0000] {logging_mixin.py:115} WARNING - 2022-09-21 06:02:38 [scrapy.statscollectors] INFO: Dumping Scrapy stats:
{'downloader/exception_count': 6,
 'downloader/exception_type_count/twisted.internet.error.DNSLookupError': 6,
 'downloader/request_bytes': 1452,
 'downloader/request_count': 6,
 'downloader/request_method_count/GET': 6,
 'elapsed_time_seconds': 0.326803,
 'finish_reason': 'finished',
 'finish_time': datetime.datetime(2022, 9, 21, 6, 2, 38, 49749),
 'log_count/DEBUG': 5,
 'log_count/ERROR': 4,
 'log_count/INFO': 10,
 'memusage/max': 264732672,
 'memusage/startup': 264732672,
 'retry/count': 4,
 'retry/max_reached': 2,
 'retry/reason_count/twisted.internet.error.DNSLookupError': 4,
 'scheduler/dequeued': 6,
 'scheduler/dequeued/memory': 6,
 'scheduler/enqueued': 6,
 'scheduler/enqueued/memory': 6,
 'start_time': datetime.datetime(2022, 9, 21, 6, 2, 37, 722946)}
[2022-09-21T06:02:38.059+0000] {engine.py:388} INFO - Spider closed (finished)
[2022-09-21T06:02:38.059+0000] {logging_mixin.py:115} WARNING - 2022-09-21 06:02:38 [scrapy.core.engine] INFO: Spider closed (finished)
[2022-09-21T06:02:38.063+0000] {python.py:173} INFO - Done. Returned value was: None
[2022-09-21T06:02:38.105+0000] {taskinstance.py:1412} INFO - Marking task as SUCCESS. dag_id=match_assembler, task_id=odds_collector_task, execution_date=20220920T000500, start_date=20220921T060237, end_date=20220921T060238
[2022-09-21T06:02:38.184+0000] {local_task_job.py:156} INFO - Task exited with return code 0
[2022-09-21T06:02:38.208+0000] {local_task_job.py:279} INFO - 0 downstream tasks scheduled from follow-on schedule check
