[2022-09-21T23:25:14.065+0000] {taskinstance.py:1171} INFO - Dependencies all met for <TaskInstance: match_assembler.match_collector_task manual__2022-09-21T23:25:12.736040+00:00 [queued]>
[2022-09-21T23:25:14.073+0000] {taskinstance.py:1171} INFO - Dependencies all met for <TaskInstance: match_assembler.match_collector_task manual__2022-09-21T23:25:12.736040+00:00 [queued]>
[2022-09-21T23:25:14.073+0000] {taskinstance.py:1368} INFO - 
--------------------------------------------------------------------------------
[2022-09-21T23:25:14.073+0000] {taskinstance.py:1369} INFO - Starting attempt 1 of 1
[2022-09-21T23:25:14.073+0000] {taskinstance.py:1370} INFO - 
--------------------------------------------------------------------------------
[2022-09-21T23:25:14.086+0000] {taskinstance.py:1389} INFO - Executing <Task(MatchCollectorOperator): match_collector_task> on 2022-09-21 23:25:12.736040+00:00
[2022-09-21T23:25:14.090+0000] {standard_task_runner.py:52} INFO - Started process 91 to run task
[2022-09-21T23:25:14.092+0000] {standard_task_runner.py:79} INFO - Running: ['***', 'tasks', 'run', 'match_assembler', 'match_collector_task', 'manual__2022-09-21T23:25:12.736040+00:00', '--job-id', '389', '--raw', '--subdir', 'DAGS_FOLDER/snitch/dag_builder.py', '--cfg-path', '/tmp/tmpak822koo', '--error-file', '/tmp/tmpp2z6ly0l']
[2022-09-21T23:25:14.093+0000] {standard_task_runner.py:80} INFO - Job 389: Subtask match_collector_task
[2022-09-21T23:25:14.136+0000] {task_command.py:371} INFO - Running <TaskInstance: match_assembler.match_collector_task manual__2022-09-21T23:25:12.736040+00:00 [running]> on host 0f5dc8100c36
[2022-09-21T23:25:14.196+0000] {taskinstance.py:1583} INFO - Exporting the following env vars:
AIRFLOW_CTX_DAG_EMAIL=bookly.beekly@gmail.com
AIRFLOW_CTX_DAG_OWNER=bookly
AIRFLOW_CTX_DAG_ID=match_assembler
AIRFLOW_CTX_TASK_ID=match_collector_task
AIRFLOW_CTX_EXECUTION_DATE=2022-09-21T23:25:12.736040+00:00
AIRFLOW_CTX_TRY_NUMBER=1
AIRFLOW_CTX_DAG_RUN_ID=manual__2022-09-21T23:25:12.736040+00:00
[2022-09-21T23:25:14.312+0000] {log.py:148} INFO - Scrapy 2.6.2 started (bot: scrapybot)
[2022-09-21T23:25:14.312+0000] {logging_mixin.py:115} WARNING - 2022-09-21 23:25:14 [scrapy.utils.log] INFO: Scrapy 2.6.2 started (bot: scrapybot)
[2022-09-21T23:25:14.313+0000] {log.py:154} INFO - Versions: lxml 4.9.1.0, libxml2 2.9.14, cssselect 1.1.0, parsel 1.6.0, w3lib 2.0.1, Twisted 22.8.0, Python 3.7.13 (default, Aug 23 2022, 10:09:20) - [GCC 10.2.1 20210110], pyOpenSSL 22.0.0 (OpenSSL 1.1.1n  15 Mar 2022), cryptography 36.0.2, Platform Linux-5.15.0-47-generic-x86_64-with-debian-11.4
[2022-09-21T23:25:14.313+0000] {logging_mixin.py:115} WARNING - 2022-09-21 23:25:14 [scrapy.utils.log] INFO: Versions: lxml 4.9.1.0, libxml2 2.9.14, cssselect 1.1.0, parsel 1.6.0, w3lib 2.0.1, Twisted 22.8.0, Python 3.7.13 (default, Aug 23 2022, 10:09:20) - [GCC 10.2.1 20210110], pyOpenSSL 22.0.0 (OpenSSL 1.1.1n  15 Mar 2022), cryptography 36.0.2, Platform Linux-5.15.0-47-generic-x86_64-with-debian-11.4
[2022-09-21T23:25:14.316+0000] {crawler.py:61} INFO - Overridden settings:
{'CONCURRENT_REQUESTS': 1}
[2022-09-21T23:25:14.316+0000] {logging_mixin.py:115} WARNING - 2022-09-21 23:25:14 [scrapy.crawler] INFO: Overridden settings:
{'CONCURRENT_REQUESTS': 1}
[2022-09-21T23:25:14.320+0000] {log.py:159} DEBUG - Using reactor: twisted.internet.epollreactor.EPollReactor
[2022-09-21T23:25:14.320+0000] {logging_mixin.py:115} WARNING - 2022-09-21 23:25:14 [scrapy.utils.log] DEBUG: Using reactor: twisted.internet.epollreactor.EPollReactor
[2022-09-21T23:25:14.333+0000] {telnet.py:55} INFO - Telnet Password: 75d4267ee354287f
[2022-09-21T23:25:14.333+0000] {logging_mixin.py:115} WARNING - 2022-09-21 23:25:14 [scrapy.extensions.telnet] INFO: Telnet Password: 75d4267ee354287f
[2022-09-21T23:25:14.343+0000] {middleware.py:54} INFO - Enabled extensions:
['scrapy.extensions.corestats.CoreStats',
 'scrapy.extensions.telnet.TelnetConsole',
 'scrapy.extensions.memusage.MemoryUsage',
 'scrapy.extensions.logstats.LogStats']
[2022-09-21T23:25:14.344+0000] {logging_mixin.py:115} WARNING - 2022-09-21 23:25:14 [scrapy.middleware] INFO: Enabled extensions:
['scrapy.extensions.corestats.CoreStats',
 'scrapy.extensions.telnet.TelnetConsole',
 'scrapy.extensions.memusage.MemoryUsage',
 'scrapy.extensions.logstats.LogStats']
[2022-09-21T23:25:14.389+0000] {middleware.py:54} INFO - Enabled downloader middlewares:
['scrapy.downloadermiddlewares.httpauth.HttpAuthMiddleware',
 'scrapy.downloadermiddlewares.downloadtimeout.DownloadTimeoutMiddleware',
 'scrapy.downloadermiddlewares.defaultheaders.DefaultHeadersMiddleware',
 'scrapy.downloadermiddlewares.useragent.UserAgentMiddleware',
 'scrapy.downloadermiddlewares.retry.RetryMiddleware',
 'scrapy.downloadermiddlewares.redirect.MetaRefreshMiddleware',
 'scrapy.downloadermiddlewares.httpcompression.HttpCompressionMiddleware',
 'scrapy.downloadermiddlewares.redirect.RedirectMiddleware',
 'scrapy.downloadermiddlewares.cookies.CookiesMiddleware',
 'scrapy.downloadermiddlewares.httpproxy.HttpProxyMiddleware',
 'scrapy.downloadermiddlewares.stats.DownloaderStats']
[2022-09-21T23:25:14.389+0000] {logging_mixin.py:115} WARNING - 2022-09-21 23:25:14 [scrapy.middleware] INFO: Enabled downloader middlewares:
['scrapy.downloadermiddlewares.httpauth.HttpAuthMiddleware',
 'scrapy.downloadermiddlewares.downloadtimeout.DownloadTimeoutMiddleware',
 'scrapy.downloadermiddlewares.defaultheaders.DefaultHeadersMiddleware',
 'scrapy.downloadermiddlewares.useragent.UserAgentMiddleware',
 'scrapy.downloadermiddlewares.retry.RetryMiddleware',
 'scrapy.downloadermiddlewares.redirect.MetaRefreshMiddleware',
 'scrapy.downloadermiddlewares.httpcompression.HttpCompressionMiddleware',
 'scrapy.downloadermiddlewares.redirect.RedirectMiddleware',
 'scrapy.downloadermiddlewares.cookies.CookiesMiddleware',
 'scrapy.downloadermiddlewares.httpproxy.HttpProxyMiddleware',
 'scrapy.downloadermiddlewares.stats.DownloaderStats']
[2022-09-21T23:25:14.392+0000] {middleware.py:54} INFO - Enabled spider middlewares:
['scrapy.spidermiddlewares.httperror.HttpErrorMiddleware',
 'scrapy.spidermiddlewares.offsite.OffsiteMiddleware',
 'scrapy.spidermiddlewares.referer.RefererMiddleware',
 'scrapy.spidermiddlewares.urllength.UrlLengthMiddleware',
 'scrapy.spidermiddlewares.depth.DepthMiddleware']
[2022-09-21T23:25:14.392+0000] {logging_mixin.py:115} WARNING - 2022-09-21 23:25:14 [scrapy.middleware] INFO: Enabled spider middlewares:
['scrapy.spidermiddlewares.httperror.HttpErrorMiddleware',
 'scrapy.spidermiddlewares.offsite.OffsiteMiddleware',
 'scrapy.spidermiddlewares.referer.RefererMiddleware',
 'scrapy.spidermiddlewares.urllength.UrlLengthMiddleware',
 'scrapy.spidermiddlewares.depth.DepthMiddleware']
[2022-09-21T23:25:14.393+0000] {middleware.py:54} INFO - Enabled item pipelines:
[]
[2022-09-21T23:25:14.393+0000] {logging_mixin.py:115} WARNING - 2022-09-21 23:25:14 [scrapy.middleware] INFO: Enabled item pipelines:
[]
[2022-09-21T23:25:14.393+0000] {engine.py:316} INFO - Spider opened
[2022-09-21T23:25:14.393+0000] {logging_mixin.py:115} WARNING - 2022-09-21 23:25:14 [scrapy.core.engine] INFO: Spider opened
[2022-09-21T23:25:14.615+0000] {logstats.py:48} INFO - Crawled 0 pages (at 0 pages/min), scraped 0 items (at 0 items/min)
[2022-09-21T23:25:14.615+0000] {logging_mixin.py:115} WARNING - 2022-09-21 23:25:14 [scrapy.extensions.logstats] INFO: Crawled 0 pages (at 0 pages/min), scraped 0 items (at 0 items/min)
[2022-09-21T23:25:14.616+0000] {telnet.py:69} INFO - Telnet console listening on 127.0.0.1:6023
[2022-09-21T23:25:14.616+0000] {logging_mixin.py:115} WARNING - 2022-09-21 23:25:14 [scrapy.extensions.telnet] INFO: Telnet console listening on 127.0.0.1:6023
[2022-09-21T23:25:15.871+0000] {engine.py:294} DEBUG - Crawled (200) <GET http://www.flashscore.mobi/?d=3&s=5> (referer: None)
[2022-09-21T23:25:15.871+0000] {logging_mixin.py:115} WARNING - 2022-09-21 23:25:15 [scrapy.core.engine] DEBUG: Crawled (200) <GET http://www.flashscore.mobi/?d=3&s=5> (referer: None)
[2022-09-21T23:25:16.512+0000] {match_collector.py:80} INFO - ['logs', 'dags', '***-worker.pid', 'vars', 'plugins', '***.cfg', 'webserver_config.py']
[2022-09-21T23:25:16.513+0000] {logging_mixin.py:115} WARNING - 2022-09-21 23:25:16 [root] INFO: ['logs', 'dags', '***-worker.pid', 'vars', 'plugins', '***.cfg', 'webserver_config.py']
[2022-09-21T23:25:16.513+0000] {match_collector.py:83} INFO - ['data.yml', 'final_data.yml']
[2022-09-21T23:25:16.513+0000] {logging_mixin.py:115} WARNING - 2022-09-21 23:25:16 [root] INFO: ['data.yml', 'final_data.yml']
[2022-09-21T23:25:16.518+0000] {match_collector.py:89} INFO - Sleeping for 2 secs...
[2022-09-21T23:25:16.519+0000] {logging_mixin.py:115} WARNING - 2022-09-21 23:25:16 [root] INFO: Sleeping for 2 secs...
[2022-09-21T23:25:18.524+0000] {scraper.py:275} DEBUG - Scraped from <200 http://www.flashscore.mobi/?d=3&s=5>
{'ng0sAvVQ': {'league_name': 'ARGENTINA: Liga Profesional', 'time': '01:30', 'name': 'Independiente - Newells Old Boys', 'link': 'http://www.flashscore.mobi/match/ng0sAvVQ/?d=3&s=5'}, 'hUgwnguA': {'league_name': 'USA: MLS', 'time': '04:00', 'name': 'San Jose Earthquakes - Los Angeles Galaxy', 'link': 'http://www.flashscore.mobi/match/hUgwnguA/?d=3&s=5'}, 'K2jvKvch': {'league_name': 'CHINA: Super League', 'time': '11:30', 'name': 'Shanghai Port - Guangzhou City', 'link': 'http://www.flashscore.mobi/match/K2jvKvch/?d=3&s=5'}, 'fu3JGSDd': {'league_name': 'UKRAINE: Premier League', 'time': '12:00', 'name': 'Minaj - Lviv', 'link': 'http://www.flashscore.mobi/match/fu3JGSDd/?d=3&s=5'}, 'bgkrJbCb': {'league_name': 'CHINA: Super League', 'time': '14:00', 'name': 'Chengdu Rongcheng - Henan Songshan Longmen', 'link': 'http://www.flashscore.mobi/match/bgkrJbCb/?d=3&s=5'}, '6ijn57s8': {'league_name': 'SPAIN: LaLiga2', 'time': '14:00', 'name': 'Burgos CF - Levante', 'link': 'http://www.flashscore.mobi/match/6ijn57s8/?d=3&s=5'}, 'jsHNoJtm': {'league_name': 'SPAIN: LaLiga2', 'time': '16:15', 'name': 'Lugo - R. Oviedo', 'link': 'http://www.flashscore.mobi/match/jsHNoJtm/?d=3&s=5'}, 'lA6KnZpN': {'league_name': 'SPAIN: LaLiga2', 'time': '18:30', 'name': 'Albacete - Andorra', 'link': 'http://www.flashscore.mobi/match/lA6KnZpN/?d=3&s=5'}, 'prkj4RdE': {'league_name': 'SPAIN: LaLiga2', 'time': '18:30', 'name': 'Eibar - Racing Santander', 'link': 'http://www.flashscore.mobi/match/prkj4RdE/?d=3&s=5'}, 'Cz8UCto8': {'league_name': 'ARGENTINA: Liga Profesional', 'time': '20:30', 'name': 'Gimnasia L.P. - Tigre', 'link': 'http://www.flashscore.mobi/match/Cz8UCto8/?d=3&s=5'}, '4AriaNG8': {'league_name': 'ARGENTINA: Liga Profesional', 'time': '20:30', 'name': 'Rosario Central - Platense', 'link': 'http://www.flashscore.mobi/match/4AriaNG8/?d=3&s=5'}, '0YPyseeI': {'league_name': 'SPAIN: LaLiga2', 'time': '21:00', 'name': 'Las Palmas - Granada CF', 'link': 'http://www.flashscore.mobi/match/0YPyseeI/?d=3&s=5'}, 'UiSViu9r': {'league_name': 'ARGENTINA: Liga Profesional', 'time': '23:00', 'name': 'River Plate - Talleres Cordoba', 'link': 'http://www.flashscore.mobi/match/UiSViu9r/?d=3&s=5'}, 'QJqm0312': {'league_name': 'ARGENTINA: Liga Profesional', 'time': '23:00', 'name': 'Racing Club - Union de Santa Fe', 'link': 'http://www.flashscore.mobi/match/QJqm0312/?d=3&s=5'}}
[2022-09-21T23:25:18.525+0000] {logging_mixin.py:115} WARNING - 2022-09-21 23:25:18 [scrapy.core.scraper] DEBUG: Scraped from <200 http://www.flashscore.mobi/?d=3&s=5>
{'ng0sAvVQ': {'league_name': 'ARGENTINA: Liga Profesional', 'time': '01:30', 'name': 'Independiente - Newells Old Boys', 'link': 'http://www.flashscore.mobi/match/ng0sAvVQ/?d=3&s=5'}, 'hUgwnguA': {'league_name': 'USA: MLS', 'time': '04:00', 'name': 'San Jose Earthquakes - Los Angeles Galaxy', 'link': 'http://www.flashscore.mobi/match/hUgwnguA/?d=3&s=5'}, 'K2jvKvch': {'league_name': 'CHINA: Super League', 'time': '11:30', 'name': 'Shanghai Port - Guangzhou City', 'link': 'http://www.flashscore.mobi/match/K2jvKvch/?d=3&s=5'}, 'fu3JGSDd': {'league_name': 'UKRAINE: Premier League', 'time': '12:00', 'name': 'Minaj - Lviv', 'link': 'http://www.flashscore.mobi/match/fu3JGSDd/?d=3&s=5'}, 'bgkrJbCb': {'league_name': 'CHINA: Super League', 'time': '14:00', 'name': 'Chengdu Rongcheng - Henan Songshan Longmen', 'link': 'http://www.flashscore.mobi/match/bgkrJbCb/?d=3&s=5'}, '6ijn57s8': {'league_name': 'SPAIN: LaLiga2', 'time': '14:00', 'name': 'Burgos CF - Levante', 'link': 'http://www.flashscore.mobi/match/6ijn57s8/?d=3&s=5'}, 'jsHNoJtm': {'league_name': 'SPAIN: LaLiga2', 'time': '16:15', 'name': 'Lugo - R. Oviedo', 'link': 'http://www.flashscore.mobi/match/jsHNoJtm/?d=3&s=5'}, 'lA6KnZpN': {'league_name': 'SPAIN: LaLiga2', 'time': '18:30', 'name': 'Albacete - Andorra', 'link': 'http://www.flashscore.mobi/match/lA6KnZpN/?d=3&s=5'}, 'prkj4RdE': {'league_name': 'SPAIN: LaLiga2', 'time': '18:30', 'name': 'Eibar - Racing Santander', 'link': 'http://www.flashscore.mobi/match/prkj4RdE/?d=3&s=5'}, 'Cz8UCto8': {'league_name': 'ARGENTINA: Liga Profesional', 'time': '20:30', 'name': 'Gimnasia L.P. - Tigre', 'link': 'http://www.flashscore.mobi/match/Cz8UCto8/?d=3&s=5'}, '4AriaNG8': {'league_name': 'ARGENTINA: Liga Profesional', 'time': '20:30', 'name': 'Rosario Central - Platense', 'link': 'http://www.flashscore.mobi/match/4AriaNG8/?d=3&s=5'}, '0YPyseeI': {'league_name': 'SPAIN: LaLiga2', 'time': '21:00', 'name': 'Las Palmas - Granada CF', 'link': 'http://www.flashscore.mobi/match/0YPyseeI/?d=3&s=5'}, 'UiSViu9r': {'league_name': 'ARGENTINA: Liga Profesional', 'time': '23:00', 'name': 'River Plate - Talleres Cordoba', 'link': 'http://www.flashscore.mobi/match/UiSViu9r/?d=3&s=5'}, 'QJqm0312': {'league_name': 'ARGENTINA: Liga Profesional', 'time': '23:00', 'name': 'Racing Club - Union de Santa Fe', 'link': 'http://www.flashscore.mobi/match/QJqm0312/?d=3&s=5'}}
[2022-09-21T23:25:18.526+0000] {engine.py:361} INFO - Closing spider (finished)
[2022-09-21T23:25:18.526+0000] {logging_mixin.py:115} WARNING - 2022-09-21 23:25:18 [scrapy.core.engine] INFO: Closing spider (finished)
[2022-09-21T23:25:18.527+0000] {statscollectors.py:47} INFO - Dumping Scrapy stats:
{'downloader/request_bytes': 227,
 'downloader/request_count': 1,
 'downloader/request_method_count/GET': 1,
 'downloader/response_bytes': 32687,
 'downloader/response_count': 1,
 'downloader/response_status_count/200': 1,
 'elapsed_time_seconds': 3.911674,
 'finish_reason': 'finished',
 'finish_time': datetime.datetime(2022, 9, 21, 23, 25, 18, 527093),
 'httpcompression/response_bytes': 183438,
 'httpcompression/response_count': 1,
 'item_scraped_count': 1,
 'log_count/DEBUG': 3,
 'log_count/INFO': 13,
 'memusage/max': 271863808,
 'memusage/startup': 271863808,
 'response_received_count': 1,
 'scheduler/dequeued': 1,
 'scheduler/dequeued/memory': 1,
 'scheduler/enqueued': 1,
 'scheduler/enqueued/memory': 1,
 'start_time': datetime.datetime(2022, 9, 21, 23, 25, 14, 615419)}
[2022-09-21T23:25:18.527+0000] {logging_mixin.py:115} WARNING - 2022-09-21 23:25:18 [scrapy.statscollectors] INFO: Dumping Scrapy stats:
{'downloader/request_bytes': 227,
 'downloader/request_count': 1,
 'downloader/request_method_count/GET': 1,
 'downloader/response_bytes': 32687,
 'downloader/response_count': 1,
 'downloader/response_status_count/200': 1,
 'elapsed_time_seconds': 3.911674,
 'finish_reason': 'finished',
 'finish_time': datetime.datetime(2022, 9, 21, 23, 25, 18, 527093),
 'httpcompression/response_bytes': 183438,
 'httpcompression/response_count': 1,
 'item_scraped_count': 1,
 'log_count/DEBUG': 3,
 'log_count/INFO': 13,
 'memusage/max': 271863808,
 'memusage/startup': 271863808,
 'response_received_count': 1,
 'scheduler/dequeued': 1,
 'scheduler/dequeued/memory': 1,
 'scheduler/enqueued': 1,
 'scheduler/enqueued/memory': 1,
 'start_time': datetime.datetime(2022, 9, 21, 23, 25, 14, 615419)}
[2022-09-21T23:25:18.527+0000] {engine.py:388} INFO - Spider closed (finished)
[2022-09-21T23:25:18.527+0000] {logging_mixin.py:115} WARNING - 2022-09-21 23:25:18 [scrapy.core.engine] INFO: Spider closed (finished)
[2022-09-21T23:25:18.528+0000] {python.py:173} INFO - Done. Returned value was: None
[2022-09-21T23:25:18.538+0000] {taskinstance.py:1412} INFO - Marking task as SUCCESS. dag_id=match_assembler, task_id=match_collector_task, execution_date=20220921T232512, start_date=20220921T232514, end_date=20220921T232518
[2022-09-21T23:25:18.592+0000] {local_task_job.py:156} INFO - Task exited with return code 0
[2022-09-21T23:25:18.625+0000] {local_task_job.py:279} INFO - 1 downstream tasks scheduled from follow-on schedule check
