[2022-09-20T06:52:58.252+0000] {taskinstance.py:1171} INFO - Dependencies all met for <TaskInstance: match_assembler.match_collector_task scheduled__2022-09-19T00:05:00+00:00 [queued]>
[2022-09-20T06:52:58.260+0000] {taskinstance.py:1171} INFO - Dependencies all met for <TaskInstance: match_assembler.match_collector_task scheduled__2022-09-19T00:05:00+00:00 [queued]>
[2022-09-20T06:52:58.260+0000] {taskinstance.py:1368} INFO - 
--------------------------------------------------------------------------------
[2022-09-20T06:52:58.260+0000] {taskinstance.py:1369} INFO - Starting attempt 1 of 1
[2022-09-20T06:52:58.260+0000] {taskinstance.py:1370} INFO - 
--------------------------------------------------------------------------------
[2022-09-20T06:52:58.273+0000] {taskinstance.py:1389} INFO - Executing <Task(MatchCollectorOperator): match_collector_task> on 2022-09-19 00:05:00+00:00
[2022-09-20T06:52:58.277+0000] {standard_task_runner.py:52} INFO - Started process 89 to run task
[2022-09-20T06:52:58.279+0000] {standard_task_runner.py:79} INFO - Running: ['***', 'tasks', 'run', 'match_assembler', 'match_collector_task', 'scheduled__2022-09-19T00:05:00+00:00', '--job-id', '351', '--raw', '--subdir', 'DAGS_FOLDER/snitch/dag_builder.py', '--cfg-path', '/tmp/tmp5sfpjqso', '--error-file', '/tmp/tmp_tzx76fh']
[2022-09-20T06:52:58.279+0000] {standard_task_runner.py:80} INFO - Job 351: Subtask match_collector_task
[2022-09-20T06:52:58.341+0000] {task_command.py:371} INFO - Running <TaskInstance: match_assembler.match_collector_task scheduled__2022-09-19T00:05:00+00:00 [running]> on host 67276c1e1e3d
[2022-09-20T06:52:58.416+0000] {taskinstance.py:1583} INFO - Exporting the following env vars:
AIRFLOW_CTX_DAG_EMAIL=bookly.beekly@gmail.com
AIRFLOW_CTX_DAG_OWNER=bookly
AIRFLOW_CTX_DAG_ID=match_assembler
AIRFLOW_CTX_TASK_ID=match_collector_task
AIRFLOW_CTX_EXECUTION_DATE=2022-09-19T00:05:00+00:00
AIRFLOW_CTX_TRY_NUMBER=1
AIRFLOW_CTX_DAG_RUN_ID=scheduled__2022-09-19T00:05:00+00:00
[2022-09-20T06:52:58.424+0000] {log.py:148} INFO - Scrapy 2.6.2 started (bot: scrapybot)
[2022-09-20T06:52:58.424+0000] {logging_mixin.py:115} WARNING - 2022-09-20 06:52:58 [scrapy.utils.log] INFO: Scrapy 2.6.2 started (bot: scrapybot)
[2022-09-20T06:52:58.425+0000] {log.py:154} INFO - Versions: lxml 4.9.1.0, libxml2 2.9.14, cssselect 1.1.0, parsel 1.6.0, w3lib 2.0.1, Twisted 22.8.0, Python 3.7.13 (default, Aug 23 2022, 10:09:20) - [GCC 10.2.1 20210110], pyOpenSSL 22.0.0 (OpenSSL 1.1.1n  15 Mar 2022), cryptography 36.0.2, Platform Linux-5.15.0-47-generic-x86_64-with-debian-11.4
[2022-09-20T06:52:58.425+0000] {logging_mixin.py:115} WARNING - 2022-09-20 06:52:58 [scrapy.utils.log] INFO: Versions: lxml 4.9.1.0, libxml2 2.9.14, cssselect 1.1.0, parsel 1.6.0, w3lib 2.0.1, Twisted 22.8.0, Python 3.7.13 (default, Aug 23 2022, 10:09:20) - [GCC 10.2.1 20210110], pyOpenSSL 22.0.0 (OpenSSL 1.1.1n  15 Mar 2022), cryptography 36.0.2, Platform Linux-5.15.0-47-generic-x86_64-with-debian-11.4
[2022-09-20T06:52:58.428+0000] {crawler.py:61} INFO - Overridden settings:
{'CONCURRENT_REQUESTS': 1}
[2022-09-20T06:52:58.428+0000] {logging_mixin.py:115} WARNING - 2022-09-20 06:52:58 [scrapy.crawler] INFO: Overridden settings:
{'CONCURRENT_REQUESTS': 1}
[2022-09-20T06:52:58.430+0000] {log.py:159} DEBUG - Using reactor: twisted.internet.epollreactor.EPollReactor
[2022-09-20T06:52:58.430+0000] {logging_mixin.py:115} WARNING - 2022-09-20 06:52:58 [scrapy.utils.log] DEBUG: Using reactor: twisted.internet.epollreactor.EPollReactor
[2022-09-20T06:52:58.439+0000] {telnet.py:55} INFO - Telnet Password: 6eeff840f2d0e497
[2022-09-20T06:52:58.439+0000] {logging_mixin.py:115} WARNING - 2022-09-20 06:52:58 [scrapy.extensions.telnet] INFO: Telnet Password: 6eeff840f2d0e497
[2022-09-20T06:52:58.448+0000] {middleware.py:54} INFO - Enabled extensions:
['scrapy.extensions.corestats.CoreStats',
 'scrapy.extensions.telnet.TelnetConsole',
 'scrapy.extensions.memusage.MemoryUsage',
 'scrapy.extensions.logstats.LogStats']
[2022-09-20T06:52:58.448+0000] {logging_mixin.py:115} WARNING - 2022-09-20 06:52:58 [scrapy.middleware] INFO: Enabled extensions:
['scrapy.extensions.corestats.CoreStats',
 'scrapy.extensions.telnet.TelnetConsole',
 'scrapy.extensions.memusage.MemoryUsage',
 'scrapy.extensions.logstats.LogStats']
[2022-09-20T06:52:58.486+0000] {middleware.py:54} INFO - Enabled downloader middlewares:
['scrapy.downloadermiddlewares.httpauth.HttpAuthMiddleware',
 'scrapy.downloadermiddlewares.downloadtimeout.DownloadTimeoutMiddleware',
 'scrapy.downloadermiddlewares.defaultheaders.DefaultHeadersMiddleware',
 'scrapy.downloadermiddlewares.useragent.UserAgentMiddleware',
 'scrapy.downloadermiddlewares.retry.RetryMiddleware',
 'scrapy.downloadermiddlewares.redirect.MetaRefreshMiddleware',
 'scrapy.downloadermiddlewares.httpcompression.HttpCompressionMiddleware',
 'scrapy.downloadermiddlewares.redirect.RedirectMiddleware',
 'scrapy.downloadermiddlewares.cookies.CookiesMiddleware',
 'scrapy.downloadermiddlewares.httpproxy.HttpProxyMiddleware',
 'scrapy.downloadermiddlewares.stats.DownloaderStats']
[2022-09-20T06:52:58.486+0000] {logging_mixin.py:115} WARNING - 2022-09-20 06:52:58 [scrapy.middleware] INFO: Enabled downloader middlewares:
['scrapy.downloadermiddlewares.httpauth.HttpAuthMiddleware',
 'scrapy.downloadermiddlewares.downloadtimeout.DownloadTimeoutMiddleware',
 'scrapy.downloadermiddlewares.defaultheaders.DefaultHeadersMiddleware',
 'scrapy.downloadermiddlewares.useragent.UserAgentMiddleware',
 'scrapy.downloadermiddlewares.retry.RetryMiddleware',
 'scrapy.downloadermiddlewares.redirect.MetaRefreshMiddleware',
 'scrapy.downloadermiddlewares.httpcompression.HttpCompressionMiddleware',
 'scrapy.downloadermiddlewares.redirect.RedirectMiddleware',
 'scrapy.downloadermiddlewares.cookies.CookiesMiddleware',
 'scrapy.downloadermiddlewares.httpproxy.HttpProxyMiddleware',
 'scrapy.downloadermiddlewares.stats.DownloaderStats']
[2022-09-20T06:52:58.488+0000] {middleware.py:54} INFO - Enabled spider middlewares:
['scrapy.spidermiddlewares.httperror.HttpErrorMiddleware',
 'scrapy.spidermiddlewares.offsite.OffsiteMiddleware',
 'scrapy.spidermiddlewares.referer.RefererMiddleware',
 'scrapy.spidermiddlewares.urllength.UrlLengthMiddleware',
 'scrapy.spidermiddlewares.depth.DepthMiddleware']
[2022-09-20T06:52:58.489+0000] {logging_mixin.py:115} WARNING - 2022-09-20 06:52:58 [scrapy.middleware] INFO: Enabled spider middlewares:
['scrapy.spidermiddlewares.httperror.HttpErrorMiddleware',
 'scrapy.spidermiddlewares.offsite.OffsiteMiddleware',
 'scrapy.spidermiddlewares.referer.RefererMiddleware',
 'scrapy.spidermiddlewares.urllength.UrlLengthMiddleware',
 'scrapy.spidermiddlewares.depth.DepthMiddleware']
[2022-09-20T06:52:58.489+0000] {middleware.py:54} INFO - Enabled item pipelines:
[]
[2022-09-20T06:52:58.489+0000] {logging_mixin.py:115} WARNING - 2022-09-20 06:52:58 [scrapy.middleware] INFO: Enabled item pipelines:
[]
[2022-09-20T06:52:58.489+0000] {engine.py:316} INFO - Spider opened
[2022-09-20T06:52:58.489+0000] {logging_mixin.py:115} WARNING - 2022-09-20 06:52:58 [scrapy.core.engine] INFO: Spider opened
[2022-09-20T06:52:58.745+0000] {logstats.py:48} INFO - Crawled 0 pages (at 0 pages/min), scraped 0 items (at 0 items/min)
[2022-09-20T06:52:58.745+0000] {logging_mixin.py:115} WARNING - 2022-09-20 06:52:58 [scrapy.extensions.logstats] INFO: Crawled 0 pages (at 0 pages/min), scraped 0 items (at 0 items/min)
[2022-09-20T06:52:58.746+0000] {telnet.py:69} INFO - Telnet console listening on 127.0.0.1:6023
[2022-09-20T06:52:58.746+0000] {logging_mixin.py:115} WARNING - 2022-09-20 06:52:58 [scrapy.extensions.telnet] INFO: Telnet console listening on 127.0.0.1:6023
[2022-09-20T06:52:58.847+0000] {engine.py:294} DEBUG - Crawled (200) <GET http://www.flashscore.mobi/?d=1&s=5> (referer: None)
[2022-09-20T06:52:58.847+0000] {logging_mixin.py:115} WARNING - 2022-09-20 06:52:58 [scrapy.core.engine] DEBUG: Crawled (200) <GET http://www.flashscore.mobi/?d=1&s=5> (referer: None)
[2022-09-20T06:52:58.959+0000] {match_collector.py:80} INFO - ['logs', 'dags', '***-worker.pid', 'vars', 'plugins', '***.cfg', 'webserver_config.py']
[2022-09-20T06:52:58.959+0000] {logging_mixin.py:115} WARNING - 2022-09-20 06:52:58 [root] INFO: ['logs', 'dags', '***-worker.pid', 'vars', 'plugins', '***.cfg', 'webserver_config.py']
[2022-09-20T06:52:58.959+0000] {match_collector.py:83} INFO - ['data.yml', 'final_data.yml']
[2022-09-20T06:52:58.959+0000] {logging_mixin.py:115} WARNING - 2022-09-20 06:52:58 [root] INFO: ['data.yml', 'final_data.yml']
[2022-09-20T06:52:58.961+0000] {match_collector.py:89} INFO - Sleeping for 2 secs...
[2022-09-20T06:52:58.961+0000] {logging_mixin.py:115} WARNING - 2022-09-20 06:52:58 [root] INFO: Sleeping for 2 secs...
[2022-09-20T06:53:01.067+0000] {scraper.py:275} DEBUG - Scraped from <200 http://www.flashscore.mobi/?d=1&s=5>
{'zFSWvYDd': {'league_name': 'ARGENTINA: Liga Profesional', 'time': '01:30', 'name': 'Central Cordoba - Gimnasia L.P.', 'link': 'http://www.flashscore.mobi/match/zFSWvYDd/?d=1&s=5'}, '8rF2hird': {'league_name': 'ARGENTINA: Liga Profesional', 'time': '23:00', 'name': 'Patronato - Rosario Central', 'link': 'http://www.flashscore.mobi/match/8rF2hird/?d=1&s=5'}}
[2022-09-20T06:53:01.067+0000] {logging_mixin.py:115} WARNING - 2022-09-20 06:53:01 [scrapy.core.scraper] DEBUG: Scraped from <200 http://www.flashscore.mobi/?d=1&s=5>
{'zFSWvYDd': {'league_name': 'ARGENTINA: Liga Profesional', 'time': '01:30', 'name': 'Central Cordoba - Gimnasia L.P.', 'link': 'http://www.flashscore.mobi/match/zFSWvYDd/?d=1&s=5'}, '8rF2hird': {'league_name': 'ARGENTINA: Liga Profesional', 'time': '23:00', 'name': 'Patronato - Rosario Central', 'link': 'http://www.flashscore.mobi/match/8rF2hird/?d=1&s=5'}}
[2022-09-20T06:53:01.069+0000] {engine.py:361} INFO - Closing spider (finished)
[2022-09-20T06:53:01.069+0000] {logging_mixin.py:115} WARNING - 2022-09-20 06:53:01 [scrapy.core.engine] INFO: Closing spider (finished)
[2022-09-20T06:53:01.069+0000] {statscollectors.py:47} INFO - Dumping Scrapy stats:
{'downloader/request_bytes': 227,
 'downloader/request_count': 1,
 'downloader/request_method_count/GET': 1,
 'downloader/response_bytes': 11383,
 'downloader/response_count': 1,
 'downloader/response_status_count/200': 1,
 'elapsed_time_seconds': 2.324164,
 'finish_reason': 'finished',
 'finish_time': datetime.datetime(2022, 9, 20, 6, 53, 1, 69625),
 'httpcompression/response_bytes': 69321,
 'httpcompression/response_count': 1,
 'item_scraped_count': 1,
 'log_count/DEBUG': 3,
 'log_count/INFO': 13,
 'memusage/max': 265555968,
 'memusage/startup': 265555968,
 'response_received_count': 1,
 'scheduler/dequeued': 1,
 'scheduler/dequeued/memory': 1,
 'scheduler/enqueued': 1,
 'scheduler/enqueued/memory': 1,
 'start_time': datetime.datetime(2022, 9, 20, 6, 52, 58, 745461)}
[2022-09-20T06:53:01.070+0000] {logging_mixin.py:115} WARNING - 2022-09-20 06:53:01 [scrapy.statscollectors] INFO: Dumping Scrapy stats:
{'downloader/request_bytes': 227,
 'downloader/request_count': 1,
 'downloader/request_method_count/GET': 1,
 'downloader/response_bytes': 11383,
 'downloader/response_count': 1,
 'downloader/response_status_count/200': 1,
 'elapsed_time_seconds': 2.324164,
 'finish_reason': 'finished',
 'finish_time': datetime.datetime(2022, 9, 20, 6, 53, 1, 69625),
 'httpcompression/response_bytes': 69321,
 'httpcompression/response_count': 1,
 'item_scraped_count': 1,
 'log_count/DEBUG': 3,
 'log_count/INFO': 13,
 'memusage/max': 265555968,
 'memusage/startup': 265555968,
 'response_received_count': 1,
 'scheduler/dequeued': 1,
 'scheduler/dequeued/memory': 1,
 'scheduler/enqueued': 1,
 'scheduler/enqueued/memory': 1,
 'start_time': datetime.datetime(2022, 9, 20, 6, 52, 58, 745461)}
[2022-09-20T06:53:01.070+0000] {engine.py:388} INFO - Spider closed (finished)
[2022-09-20T06:53:01.070+0000] {logging_mixin.py:115} WARNING - 2022-09-20 06:53:01 [scrapy.core.engine] INFO: Spider closed (finished)
[2022-09-20T06:53:01.071+0000] {python.py:173} INFO - Done. Returned value was: None
[2022-09-20T06:53:01.081+0000] {taskinstance.py:1412} INFO - Marking task as SUCCESS. dag_id=match_assembler, task_id=match_collector_task, execution_date=20220919T000500, start_date=20220920T065258, end_date=20220920T065301
[2022-09-20T06:53:01.136+0000] {local_task_job.py:156} INFO - Task exited with return code 0
[2022-09-20T06:53:01.165+0000] {local_task_job.py:279} INFO - 1 downstream tasks scheduled from follow-on schedule check
